0.0 3.741747770236501e-3
1.0e-3 3.7481825242534775e-3
2.0e-3 3.7605396851800193e-3
3.0e-3 3.778807384465205e-3
4.0e-3 3.8029737535581133e-3
5.0e-3 3.8330269239078237e-3
6.0e-3 3.8689550269634153e-3
7.0e-3 3.910746194173966e-3
8.0e-3 3.958388556988557e-3
9.000000000000001e-3 4.011870246856265e-3
1.0e-2 4.071179395226171e-3
1.1e-2 4.136304133547352e-3
1.2e-2 4.20723259326889e-3
1.3000000000000001e-2 4.28395290583986e-3
1.4e-2 4.366453202709344e-3
1.5e-2 4.454721615326421e-3
1.6e-2 4.5487462751401695e-3
1.7e-2 4.648515313599667e-3
1.8000000000000002e-2 4.7540168621539956e-3
1.9e-2 4.865239052252231e-3
2.0e-2 4.982170015343453e-3
2.1e-2 5.1047978828767425e-3
2.2e-2 5.233110786301178e-3
2.3e-2 5.367096857065838e-3
2.4e-2 5.506744226619799e-3
2.5e-2 5.652041026412145e-3
2.6000000000000002e-2 5.802975387891953e-3
2.7e-2 5.959535442508299e-3
2.8e-2 6.121709321710266e-3
2.9e-2 6.289485156946933e-3
3.0e-2 6.462851079667376e-3
3.1e-2 6.641795221320677e-3
3.2e-2 6.826305713355912e-3
3.3e-2 7.016370687222163e-3
3.4e-2 7.211978274368507e-3
3.5e-2 7.413116606244025e-3
3.6000000000000004e-2 7.619773814297794e-3
3.7e-2 7.831938029978891e-3
3.8e-2 8.049597384736403e-3
3.9e-2 8.272740010019401e-3
4.0e-2 8.501354037276967e-3
4.1e-2 8.735427597958182e-3
4.2e-2 8.974948823512121e-3
4.3000000000000003e-2 9.219905845387864e-3
4.4e-2 9.470286795034494e-3
4.5e-2 9.726079803901087e-3
4.6e-2 9.98727300343672e-3
4.7e-2 1.0253854525090474e-2
4.8e-2 1.0525812500311428e-2
4.9e-2 1.0803135060548663e-2
5.0e-2 1.1085810337251256e-2
5.1000000000000004e-2 1.1373826461868288e-2
5.2000000000000005e-2 1.1667171565848835e-2
5.3e-2 1.1965833780641972e-2
5.4e-2 1.2269801237696788e-2
5.5e-2 1.257906206846236e-2
5.6e-2 1.289360440438776e-2
5.7e-2 1.3213416376922074e-2
5.8e-2 1.3538486117514377e-2
5.9000000000000004e-2 1.3868801757613746e-2
6.0e-2 1.4204351428669265e-2
6.1e-2 1.454512326213002e-2
6.2e-2 1.4891105389445072e-2
6.3e-2 1.5242285942063519e-2
6.4e-2 1.5598653051434423e-2
6.5e-2 1.5960194849006876e-2
6.6e-2 1.6326899466229946e-2
6.7e-2 1.6698755034552717e-2
6.8e-2 1.7075749685424267e-2
6.9e-2 1.7457871550293692e-2
7.0e-2 1.7845108760610042e-2
7.100000000000001e-2 1.8237449447822414e-2
7.200000000000001e-2 1.863488174337988e-2
7.3e-2 1.903739377873152e-2
7.4e-2 1.9444973685326425e-2
7.5e-2 1.9857609594613652e-2
7.6e-2 2.0275289638042295e-2
7.7e-2 2.069800194706143e-2
7.8e-2 2.112573465312014e-2
7.9e-2 2.1558475887667503e-2
8.0e-2 2.1996213782152586e-2
8.1e-2 2.2438936468024487e-2
8.2e-2 2.2886632076732274e-2
8.3e-2 2.333928873972502e-2
8.4e-2 2.3796894588451818e-2
8.5e-2 2.4259437754361738e-2
8.600000000000001e-2 2.4726906368903855e-2
8.700000000000001e-2 2.5199288563527256e-2
8.8e-2 2.5676572469681018e-2
8.9e-2 2.6158746218814217e-2
9.0e-2 2.6645797942375957e-2
9.1e-2 2.713771577181528e-2
9.2e-2 2.7634487838581284e-2
9.3e-2 2.8136102274123033e-2
9.4e-2 2.8642547209889627e-2
9.5e-2 2.9153810777330133e-2
9.6e-2 2.9669881107893634e-2
9.7e-2 3.019074633302921e-2
9.8e-2 3.071639458418593e-2
9.9e-2 3.1246813992812893e-2
0.1 3.178199269035917e-2
0.101 3.2321918808273814e-2
0.10200000000000001 3.286658047800593e-2
0.10300000000000001 3.3415965831004604e-2
0.10400000000000001 3.3970062998718895e-2
0.105 3.452886011259788e-2
0.106 3.509234530409067e-2
0.107 3.566050670464632e-2
0.108 3.623333244571391e-2
0.109 3.681081065874251e-2
0.11 3.739292947518122e-2
0.111 3.7979677026479114e-2
0.112 3.857104144408525e-2
0.113 3.9167010859448737e-2
0.114 3.976757340401863e-2
0.115 4.037271720924402e-2
0.116 4.0982430406574e-2
0.117 4.1596701127457614e-2
0.11800000000000001 4.221551750334396e-2
0.11900000000000001 4.283886766568212e-2
0.12 4.346673974592117e-2
0.121 4.4099121875510204e-2
0.122 4.4736002185898266e-2
0.123 4.537736880853447e-2
0.124 4.6023209874867875e-2
0.125 4.667351351634757e-2
0.126 4.7328267864422624e-2
0.127 4.798746105054212e-2
0.128 4.865108120615513e-2
0.129 4.9319116462710776e-2
0.13 4.9991554951658086e-2
0.131 5.0668384804446125e-2
0.132 5.1349594152524033e-2
0.133 5.2035171127340844e-2
0.134 5.272510386034566e-2
0.135 5.341938048298756e-2
0.136 5.41179891267156e-2
0.137 5.482091792297889e-2
0.138 5.552815500322647e-2
0.139 5.623968849890745e-2
0.14 5.69555065414709e-2
0.14100000000000001 5.767559726236592e-2
0.14200000000000002 5.839994879304155e-2
0.14300000000000002 5.91285492649469e-2
0.14400000000000002 5.9861386809531014e-2
0.145 6.059844955824299e-2
0.146 6.133972564253193e-2
0.147 6.20852031938469e-2
0.148 6.283487034363697e-2
0.149 6.358871522335122e-2
0.15 6.434672596443872e-2
0.151 6.510889069834856e-2
0.152 6.587519755652982e-2
0.153 6.66456346704316e-2
0.154 6.742019017150296e-2
0.155 6.819885219119294e-2
0.156 6.898160886095069e-2
0.157 6.976844831222523e-2
0.158 7.055935867646566e-2
0.159 7.135432808512107e-2
0.16 7.215334466964055e-2
0.161 7.295639656147314e-2
0.162 7.376347189206796e-2
0.163 7.457455879287404e-2
0.164 7.538964539534052e-2
0.165 7.620871983091644e-2
0.166 7.703177023105086e-2
0.167 7.785878472719289e-2
0.168 7.868975145079164e-2
0.169 7.95246585332961e-2
0.17 8.036349410615543e-2
0.171 8.120624630081869e-2
0.17200000000000001 8.205290324873492e-2
0.17300000000000001 8.290345308135323e-2
0.17400000000000002 8.375788393012272e-2
0.17500000000000002 8.461618392649245e-2
0.176 8.547834120191147e-2
0.177 8.634434388782888e-2
0.178 8.72141801156938e-2
0.179 8.808783801695526e-2
0.18 8.896530572306234e-2
0.181 8.984657136546413e-2
0.182 9.073162307560974e-2
0.183 9.16204489849482e-2
0.184 9.251303722492861e-2
0.185 9.340937592700004e-2
0.186 9.430945322261157e-2
0.187 9.521325724321231e-2
0.188 9.61207761202513e-2
0.189 9.703199798517759e-2
0.19 9.79469109694404e-2
0.191 9.886550320448861e-2
0.192 9.978776282177147e-2
0.193 0.10071367795273793
0.194 0.1016432367288372
0.195 0.10257642728151824
0.196 0.1035132377422302
0.197 0.10445365624242212
0.198 0.1053976709135431
0.199 0.10634526988704218
0.2 0.10729644129436855
0.201 0.10825117326697115
0.202 0.10920945393629909
0.203 0.11017127143380157
0.20400000000000001 0.11113661389092754
0.20500000000000002 0.11210546943912608
0.20600000000000002 0.11307782620984635
0.20700000000000002 0.11405367233453735
0.20800000000000002 0.11503299594464826
0.209 0.11601578517162801
0.21 0.11700202814692581
0.211 0.1179917130019907
0.212 0.11898482786827172
0.213 0.11998136087721797
0.214 0.1209813001602786
0.215 0.12198463384890258
0.216 0.12299135007453907
0.217 0.12400143696863708
0.218 0.12501488266264574
0.219 0.12603167528801412
0.22 0.12705180297619129
0.221 0.12807525385862634
0.222 0.12910201606676833
0.223 0.13013207773206636
0.224 0.13116542698596947
0.225 0.13220205195992682
0.226 0.1332419407853874
0.227 0.13428508159380034
0.228 0.13533146251661468
0.229 0.13638107168527952
0.23 0.13743389723124397
0.231 0.13848992728595708
0.232 0.13954914998086793
0.233 0.1406115534474256
0.234 0.1416771258170792
0.23500000000000001 0.14274585522127772
0.23600000000000002 0.14381772979147028
0.23700000000000002 0.14489273765910607
0.23800000000000002 0.1459708669556341
0.23900000000000002 0.14705210581250333
0.24 0.14813644236116288
0.241 0.14922386473306193
0.242 0.15031436105964957
0.243 0.15140791947237484
0.244 0.15250452810268667
0.245 0.1536041750820344
0.246 0.15470684854186695
0.247 0.15581253661363334
0.248 0.15692122742878278
0.249 0.15803290911876433
0.25 0.15914756981502703
0.251 0.16026519764902003
0.252 0.16138578075219231
0.253 0.16250930725599294
0.254 0.1636357652918711
0.255 0.1647651429912758
0.256 0.16589742848565622
0.257 0.16703260990646127
0.258 0.16817067538514008
0.259 0.1693116130531419
0.26 0.17045541104191556
0.261 0.17160205748291027
0.262 0.17275154050757516
0.263 0.1739038482473592
0.264 0.17505896883371147
0.265 0.17621689039808108
0.266 0.17737760107191716
0.267 0.17854108898666876
0.268 0.1797073422737849
0.269 0.18087634906471478
0.27 0.18204809749090733
0.271 0.18322257568381176
0.272 0.1843997717748771
0.273 0.18557967389555233
0.274 0.18676227017728675
0.275 0.18794754875152922
0.276 0.18913549774972888
0.277 0.1903261053033349
0.278 0.19151935954379629
0.279 0.19271524860256217
0.28 0.1939137606110815
0.281 0.1951148837008035
0.28200000000000003 0.19631860600317716
0.28300000000000003 0.19752491564965158
0.28400000000000003 0.19873380077167593
0.28500000000000003 0.19994524950069914
0.28600000000000003 0.20115924996817042
0.28700000000000003 0.20237579030553873
0.28800000000000003 0.2035948586442532
0.289 0.20481644311576294
0.29 0.20604053185151702
0.291 0.2072671129829645
0.292 0.20849617464155437
0.293 0.2097277049587359
0.294 0.21096169206595808
0.295 0.21219812409466995
0.296 0.21343698917632065
0.297 0.21467827544235918
0.298 0.21592197102423472
0.299 0.21716806405339625
0.3 0.21841654266129287
0.301 0.2196673949793738
0.302 0.2209206091390879
0.303 0.2221761732718844
0.304 0.22343407550921224
0.305 0.22469430398252072
0.306 0.2259568468232587
0.307 0.22722169216287544
0.308 0.22848882813281982
0.309 0.2297582428645411
0.31 0.23102992448948828
0.311 0.23230386113911042
0.312 0.23358004094485657
0.313 0.234858452038176
0.314 0.23613908255051752
0.315 0.23742192061333048
0.316 0.2387069543580637
0.317 0.23999417191616645
0.318 0.24128356141908763
0.319 0.2425751109982766
0.32 0.24386880878518208
0.321 0.24516464291125345
0.322 0.2464626015079396
0.323 0.24776267270668978
0.324 0.2490648446389529
0.325 0.25036910543617813
0.326 0.2516754432298145
0.327 0.25298384615131125
0.328 0.2542943023321172
0.329 0.25560679990368157
0.33 0.2569213269974534
0.331 0.2582378717448819
0.332 0.25955642227741593
0.333 0.26087696672650473
0.334 0.2621994932235974
0.335 0.26352398990014286
0.336 0.26485044488759024
0.337 0.26617884631738875
0.338 0.26750918232098736
0.339 0.2688414410298352
0.34 0.2701756105753812
0.341 0.27151167908907464
0.342 0.27284963470236456
0.343 0.2741894655467
0.34400000000000003 0.27553115975352993
0.34500000000000003 0.2768747054543036
0.34600000000000003 0.27822009078046994
0.34700000000000003 0.27956730386347817
0.34800000000000003 0.28091633283477735
0.34900000000000003 0.28226716582581646
0.35000000000000003 0.28361979096804457
0.35100000000000003 0.284974196392911
0.352 0.2863303702318645
0.353 0.2876883006163543
0.354 0.2890479756778296
0.355 0.29040938354773926
0.356 0.29177251235753254
0.357 0.29313735023865833
0.358 0.29450388532256594
0.359 0.29587210574070427
0.36 0.2972419996245226
0.361 0.2986135551054696
0.362 0.2999867603149948
0.363 0.30136160338454704
0.364 0.30273807244557555
0.365 0.30411615562952915
0.366 0.3054958410678572
0.367 0.3068771168920087
0.368 0.3082599712334325
0.369 0.30964439222357804
0.37 0.3110303679938942
0.371 0.31241788667583
0.372 0.3138069364008346
0.373 0.3151975053003572
0.374 0.31658958150584665
0.375 0.31798315314875214
0.376 0.31937820836052283
0.377 0.3207747352726077
0.378 0.32217272201645586
0.379 0.3235721567235164
0.38 0.32497302752523827
0.381 0.3263753225530708
0.382 0.3277790299384628
0.383 0.32918413781286354
0.384 0.330590634307722
0.385 0.33199850755448734
0.386 0.3334077456846086
0.387 0.33481833682953477
0.388 0.3362302691207151
0.389 0.3376435306895985
0.39 0.33905810966763417
0.391 0.34047399418627106
0.392 0.3418911723769585
0.393 0.3433096323711453
0.394 0.34472936230028073
0.395 0.3461503502958137
0.396 0.34757258448919326
0.397 0.34899605301186876
0.398 0.3504207439952892
0.399 0.35184664557090345
0.4 0.35327374587016075
0.401 0.35470203302451014
0.402 0.3561314951654007
0.403 0.3575621204242815
0.404 0.3589938969326016
0.405 0.36042681282181016
0.406 0.3618608562233563
0.40700000000000003 0.3632960152686889
0.40800000000000003 0.3647322780892571
0.40900000000000003 0.3661696328165101
0.41000000000000003 0.3676080675818969
0.41100000000000003 0.36904757051686676
0.41200000000000003 0.3704881297528684
0.41300000000000003 0.3719297334213511
0.41400000000000003 0.3733723696537639
0.41500000000000004 0.374816026581556
0.41600000000000004 0.37626069233617626
0.417 0.37770635504907385
0.418 0.379153002851698
0.419 0.38060062387549765
0.42 0.3820492062519219
0.421 0.3834987381124197
0.422 0.38494920758844053
0.423 0.38640060281143307
0.424 0.38785291191284665
0.425 0.3893061230241299
0.426 0.39076022427673257
0.427 0.392215203802103
0.428 0.393671049731691
0.429 0.3951277501969452
0.43 0.3965852933293147
0.431 0.39804366726024887
0.432 0.3995028601211964
0.433 0.40096286004360654
0.434 0.4024236551589285
0.435 0.4038852335986111
0.436 0.40534758349410377
0.437 0.40681069297685524
0.438 0.4082745501783149
0.439 0.40973914322993144
0.44 0.41120446026315444
0.441 0.4126704894094324
0.442 0.4141372188002148
0.443 0.4156046365669507
0.444 0.41707273084108903
0.445 0.4185414897540789
0.446 0.4200109014373694
0.447 0.4214809540224096
0.448 0.42295163564064875
0.449 0.4244229344235358
0.45 0.42589483850251986
0.451 0.4273673360090497
0.452 0.4288404150745749
0.453 0.43031406383054416
0.454 0.43178827040840684
0.455 0.43326302293961166
0.456 0.4347383095556083
0.457 0.4362141183878452
0.458 0.4376904375677718
0.459 0.439167255226837
0.46 0.44064455949649006
0.461 0.4421223385081797
0.462 0.44360058039335565
0.463 0.4450792732834663
0.464 0.44655840530996116
0.465 0.4480379646042891
0.466 0.4495179392978994
0.467 0.4509983175222409
0.468 0.4524790874087629
0.46900000000000003 0.45396023708891414
0.47000000000000003 0.4554417546941443
0.47100000000000003 0.45692362835590167
0.47200000000000003 0.458405846205636
0.47300000000000003 0.459888396374796
0.47400000000000003 0.4613712669948311
0.47500000000000003 0.46285444619718985
0.47600000000000003 0.4643379221133218
0.47700000000000004 0.4658216828746758
0.47800000000000004 0.46730571661270104
0.47900000000000004 0.46879001145884636
0.48 0.47027455554456116
0.481 0.47175933700129424
0.482 0.473244343960495
0.483 0.47472956455361237
0.484 0.4762149869120952
0.485 0.4777005991673928
0.486 0.47918638945095443
0.487 0.4806723458942289
0.488 0.48215845662866524
0.489 0.4836447097857126
0.49 0.48513109349682004
0.491 0.4866175958934369
0.492 0.48810420510701186
0.493 0.4895909092689944
0.494 0.4910776965108332
0.495 0.4925645549639775
0.496 0.4940514727598766
0.497 0.4955384380299791
0.498 0.4970254389057347
0.499 0.49851246351859185
0.5 0.49999950000000015
0.501 0.5014865364814082
0.502 0.5029735610942656
0.503 0.504460561970021
0.504 0.5059475272401236
0.505 0.5074344450360224
0.506 0.5089213034891669
0.507 0.5104080907310058
0.508 0.5118947948929883
0.509 0.5133814041065635
0.51 0.5148679065031802
0.511 0.5163542902142876
0.512 0.517840543371335
0.513 0.5193266541057715
0.514 0.5208126105490457
0.515 0.5222984008326071
0.516 0.5237840130879048
0.517 0.5252694354463878
0.518 0.5267546560395053
0.519 0.5282396629987061
0.52 0.5297244444554391
0.521 0.5312089885411541
0.522 0.5326932833872994
0.523 0.5341773171253246
0.524 0.5356610778866785
0.525 0.5371445538028105
0.526 0.5386277330051692
0.527 0.5401106036252042
0.528 0.5415931537943643
0.529 0.5430753716440988
0.53 0.5445572453058563
0.531 0.5460387629110862
0.532 0.5475199125912376
0.533 0.5490006824777595
0.534 0.5504810607021007
0.535 0.5519610353957111
0.536 0.5534405946900393
0.537 0.5549197267165338
0.538 0.5563984196066448
0.539 0.5578766614918204
0.54 0.5593544405035104
0.541 0.5608317447731633
0.542 0.5623085624322286
0.543 0.5637848816121551
0.544 0.565260690444392
0.545 0.5667359770603885
0.546 0.5682107295915936
0.547 0.5696849361694561
0.548 0.5711585849254255
0.549 0.5726316639909508
0.55 0.5741041614974808
0.551 0.5755760655764646
0.552 0.5770473643593516
0.553 0.5785180459775906
0.554 0.579988098562631
0.555 0.5814575102459214
0.556 0.5829262691589115
0.557 0.5843943634330495
0.558 0.5858617811997855
0.559 0.5873285105905679
0.56 0.588794539736846
0.561 0.5902598567700689
0.562 0.5917244498216854
0.5630000000000001 0.5931883070231451
0.5640000000000001 0.5946514165058966
0.5650000000000001 0.596113766401389
0.5660000000000001 0.5975753448410718
0.5670000000000001 0.5990361399563937
0.5680000000000001 0.6004961398788039
0.5690000000000001 0.6019553327397515
0.5700000000000001 0.6034137066706856
0.5710000000000001 0.6048712498030552
0.5720000000000001 0.6063279502683092
0.5730000000000001 0.6077837961978972
0.5740000000000001 0.609238775723268
0.5750000000000001 0.6106928769758703
0.5760000000000001 0.6121460880871539
0.577 0.6135983971885672
0.578 0.6150497924115598
0.579 0.6165002618875802
0.58 0.617949793748078
0.581 0.6193983761245024
0.582 0.6208459971483021
0.583 0.6222926449509262
0.584 0.623738307663824
0.585 0.6251829734184442
0.586 0.6266266303462362
0.587 0.6280692665786491
0.588 0.6295108702471319
0.589 0.6309514294831337
0.59 0.632390932418103
0.591 0.6338293671834899
0.592 0.635266721910743
0.593 0.6367029847313113
0.594 0.6381381437766439
0.595 0.6395721871781901
0.596 0.6410051030673984
0.597 0.6424368795757188
0.598 0.6438675048345994
0.599 0.6452969669754901
0.6 0.6467252541298395
0.601 0.6481523544290966
0.602 0.6495782560047111
0.603 0.6510029469881312
0.604 0.6524264155108068
0.605 0.6538486497041865
0.606 0.6552696376997195
0.607 0.6566893676288548
0.608 0.6581078276230418
0.609 0.6595250058137291
0.61 0.6609408903323661
0.611 0.6623554693104017
0.612 0.6637687308792851
0.613 0.6651806631704655
0.614 0.6665912543153917
0.615 0.668000492445513
0.616 0.669408365692278
0.617 0.6708148621871367
0.618 0.6722199700615372
0.619 0.6736236774469294
0.62 0.675025972474762
0.621 0.6764268432764837
0.622 0.6778262779835446
0.623 0.6792242647273926
0.624 0.6806207916394773
0.625 0.6820158468512482
0.626 0.6834094184941537
0.627 0.684801494699643
0.628 0.6861920635991656
0.629 0.6875811133241703
0.63 0.6889686320061059
0.631 0.6903546077764223
0.632 0.6917390287665678
0.633 0.6931218831079917
0.634 0.6945031589321431
0.635 0.695882844370471
0.636 0.6972609275544247
0.637 0.6986373966154532
0.638 0.7000122396850055
0.639 0.7013854448945307
0.64 0.7027570003754778
0.641 0.7041268942592959
0.642 0.7054951146774343
0.643 0.7068616497613417
0.644 0.7082264876424678
0.645 0.7095896164522609
0.646 0.7109510243221707
0.647 0.7123106993836457
0.648 0.7136686297681357
0.649 0.7150248036070891
0.65 0.7163792090319555
0.651 0.717731834174184
0.652 0.7190826671652231
0.653 0.7204316961365219
0.654 0.7217789092195304
0.655 0.7231242945456967
0.656 0.7244678402464704
0.657 0.7258095344533002
0.658 0.7271493652976357
0.659 0.7284873209109256
0.66 0.729823389424619
0.661 0.731157558970165
0.662 0.7324898176790129
0.663 0.7338201536826116
0.664 0.7351485551124102
0.665 0.7364750100998575
0.666 0.737799506776403
0.667 0.7391220332734955
0.668 0.740442577722584
0.669 0.7417611282551182
0.67 0.7430776730025468
0.671 0.7443922000963187
0.672 0.745704697667883
0.673 0.7470151538486891
0.674 0.7483235567701858
0.675 0.7496298945638222
0.676 0.7509341553610472
0.677 0.7522363272933107
0.678 0.7535363984920607
0.679 0.7548343570887467
0.68 0.7561301912148182
0.681 0.7574238890017237
0.682 0.7587154385809127
0.683 0.7600048280838338
0.684 0.7612920456419365
0.685 0.76257707938667
0.686 0.7638599174494827
0.687 0.7651405479618244
0.6880000000000001 0.7664189590551436
0.6890000000000001 0.7676951388608899
0.6900000000000001 0.7689690755105122
0.6910000000000001 0.7702407571354591
0.6920000000000001 0.7715101718671803
0.6930000000000001 0.7727773078371246
0.6940000000000001 0.7740421531767417
0.6950000000000001 0.7753046960174794
0.6960000000000001 0.776564924490788
0.6970000000000001 0.777822826728116
0.6980000000000001 0.7790783908609126
0.6990000000000001 0.7803316050206267
0.7000000000000001 0.7815824573387071
0.7010000000000001 0.7828309359466039
0.7020000000000001 0.7840770289757656
0.7030000000000001 0.7853207245576409
0.704 0.7865620108236797
0.705 0.78780087590533
0.706 0.7890373079340419
0.707 0.7902712950412645
0.708 0.7915028253584456
0.709 0.7927318870170357
0.71 0.7939584681484833
0.711 0.7951825568842374
0.712 0.796404141355747
0.713 0.7976232096944618
0.714 0.79883975003183
0.715 0.8000537504993012
0.716 0.8012651992283245
0.717 0.8024740843503486
0.718 0.8036803939968231
0.719 0.8048841162991968
0.72 0.8060852393889187
0.721 0.807283751397438
0.722 0.808479640456204
0.723 0.8096728946966655
0.724 0.8108635022502712
0.725 0.8120514512484712
0.726 0.8132367298227133
0.727 0.8144193261044478
0.728 0.8155992282251233
0.729 0.8167764243161886
0.73 0.8179509025090926
0.731 0.8191226509352855
0.732 0.8202916577262152
0.733 0.8214579110133314
0.734 0.8226213989280833
0.735 0.8237821096019189
0.736 0.8249400311662886
0.737 0.8260951517526408
0.738 0.8272474594924248
0.739 0.8283969425170897
0.74 0.8295435889580844
0.741 0.8306873869468582
0.742 0.8318283246148598
0.743 0.8329663900935387
0.744 0.8341015715143439
0.745 0.8352338570087242
0.746 0.8363632347081291
0.747 0.8374896927440071
0.748 0.8386132192478081
0.749 0.83973380235098
0.75 0.840851430184973
0.751 0.8419660908812358
0.752 0.8430777725712172
0.753 0.8441864633863667
0.754 0.845292151458133
0.755 0.8463948249179657
0.756 0.8474944718973134
0.757 0.8485910805276252
0.758 0.8496846389403503
0.759 0.8507751352669383
0.76 0.8518625576388373
0.761 0.8529468941874968
0.762 0.854028133044366
0.763 0.855106262340894
0.764 0.85618127020853
0.765 0.8572531447787225
0.766 0.858321874182921
0.767 0.8593874465525744
0.768 0.8604498500191321
0.769 0.8615090727140431
0.77 0.8625651027687561
0.771 0.8636179283147207
0.772 0.8646675374833852
0.773 0.8657139184061999
0.774 0.8667570592146127
0.775 0.8677969480400735
0.776 0.8688335730140305
0.777 0.8698669222679337
0.778 0.870896983933232
0.779 0.8719237461413737
0.78 0.8729471970238089
0.781 0.8739673247119861
0.782 0.8749841173373544
0.783 0.8759975630313629
0.784 0.8770076499254611
0.785 0.8780143661510975
0.786 0.8790176998397214
0.787 0.8800176391227822
0.788 0.8810141721317284
0.789 0.8820072869980097
0.79 0.8829969718530744
0.791 0.8839832148283722
0.792 0.8849660040553516
0.793 0.885945327665463
0.794 0.8869211737901538
0.795 0.8878935305608742
0.796 0.8888623861090725
0.797 0.8898277285661985
0.798 0.890789546063701
0.799 0.8917478267330289
0.8 0.8927025587056316
0.801 0.8936537301129581
0.802 0.8946013290864572
0.803 0.8955453437575779
0.804 0.8964857622577701
0.805 0.897422572718482
0.806 0.8983557632711631
0.807 0.8992853220472624
0.808 0.9002112371782288
0.809 0.9011334967955119
0.81 0.9020520890305598
0.811 0.9029670020148228
0.812 0.903878223879749
0.8130000000000001 0.904785742756788
0.8140000000000001 0.9056895467773888
0.8150000000000001 0.9065896240729999
0.8160000000000001 0.9074859627750717
0.8170000000000001 0.9083785510150519
0.8180000000000001 0.9092673769243906
0.8190000000000001 0.9101524286345362
0.8200000000000001 0.9110336942769377
0.8210000000000001 0.9119111619830449
0.8220000000000001 0.9127848198843064
0.8230000000000001 0.9136546561121712
0.8240000000000001 0.914520658798089
0.8250000000000001 0.9153828160735075
0.8260000000000001 0.9162411160698776
0.8270000000000001 0.9170955469186468
0.8280000000000001 0.9179460967512653
0.8290000000000001 0.9187927536991819
0.8300000000000001 0.9196355058938447
0.8310000000000001 0.920474341466704
0.8320000000000001 0.9213092485492088
0.833 0.9221402152728072
0.834 0.9229672297689491
0.835 0.923790280169084
0.836 0.9246093546046594
0.837 0.9254244412071256
0.838 0.9262355281079325
0.839 0.927042603438527
0.84 0.9278456553303598
0.841 0.928644671914879
0.842 0.9294396413235347
0.843 0.9302305516877749
0.844 0.9310173911390494
0.845 0.9318001478088072
0.846 0.9325788098284972
0.847 0.9333533653295684
0.848 0.9341238024434702
0.849 0.9348901093016515
0.85 0.9356522740355614
0.851 0.936410284776649
0.852 0.9371641296563632
0.853 0.9379137968061532
0.854 0.938659274357468
0.855 0.9394005504417573
0.856 0.9401376131904691
0.857 0.9408704507350534
0.858 0.9415990512069589
0.859 0.9423234027376343
0.86 0.9430434934585293
0.861 0.9437593115010928
0.862 0.9444708449967736
0.863 0.9451780820770209
0.864 0.9458810108732847
0.865 0.9465796195170122
0.866 0.9472738961396543
0.867 0.9479638288726595
0.868 0.948649405847476
0.869 0.9493306151955538
0.87 0.950007445048342
0.871 0.9506798835372889
0.872 0.951347918793845
0.873 0.9520115389494581
0.874 0.9526707321355776
0.875 0.9533254864836528
0.876 0.953975790125132
0.877 0.9546216311914655
0.878 0.9552629978141018
0.879 0.9558998781244901
0.88 0.9565322602540791
0.881 0.957160132334318
0.882 0.9577834824966565
0.883 0.9584022988725427
0.884 0.9590165695934262
0.885 0.9596262827907559
0.886 0.9602314265959814
0.887 0.9608319891405512
0.888 0.9614279585559149
0.889 0.9620193229735209
0.89 0.962606070524819
0.891 0.9631881893412582
0.892 0.9637656675542867
0.893 0.9643384932953541
0.894 0.9649066546959096
0.895 0.9654701398874024
0.896 0.966028937001281
0.897 0.9665830341689952
0.898 0.9671324195219944
0.899 0.9676770811917262
0.9 0.9682170073096409
0.901 0.9687521860071874
0.902 0.9692826054158143
0.903 0.9698082536669707
0.904 0.9703291188921065
0.905 0.9708451892226698
0.906 0.9713564527901105
0.907 0.9718628977258772
0.908 0.9723645121614188
0.909 0.972861284228185
0.91 0.9733532020576239
0.911 0.9738402537811857
0.912 0.9743224275303194
0.913 0.9747997114364727
0.914 0.9752720936310962
0.915 0.9757395622456382
0.916 0.9762021054115484
0.917 0.9766597112602751
0.918 0.9771123679232678
0.919 0.9775600635319756
0.92 0.9780027862178476
0.921 0.9784405241123328
0.922 0.9788732653468801
0.923 0.9793009980529387
0.924 0.979723710361958
0.925 0.9801413904053865
0.926 0.9805540263146735
0.927 0.9809616062212685
0.928 0.9813641182566202
0.929 0.9817615505521778
0.93 0.9821538912393899
0.931 0.9825411284497066
0.932 0.9829232503145756
0.933 0.9833002449654473
0.934 0.98367210053377
0.935 0.9840388051509933
0.936 0.9844003469485654
0.937 0.984756714057937
0.9380000000000001 0.9851078946105554
0.9390000000000001 0.98545387673787
0.9400000000000001 0.9857946485713308
0.9410000000000001 0.9861301982423865
0.9420000000000001 0.9864605138824862
0.9430000000000001 0.9867855836230782
0.9440000000000001 0.9871053955956122
0.9450000000000001 0.9874199379315377
0.9460000000000001 0.9877291987623035
0.9470000000000001 0.9880331662193582
0.9480000000000001 0.9883318284341513
0.9490000000000001 0.9886251735381322
0.9500000000000001 0.9889131896627493
0.9510000000000001 0.9891958649394513
0.9520000000000001 0.9894731874996889
0.9530000000000001 0.9897451454749098
0.9540000000000001 0.9900117269965637
0.9550000000000001 0.990272920196099
0.9560000000000001 0.9905287132049657
0.9570000000000001 0.990779094154612
0.9580000000000001 0.9910240511764882
0.9590000000000001 0.9912635724020417
0.96 0.9914976459627233
0.961 0.9917262599899807
0.962 0.9919494026152638
0.963 0.9921670619700211
0.964 0.9923792261857023
0.965 0.9925858833937559
0.966 0.9927870217256315
0.967 0.9929826293127777
0.968 0.9931726942866442
0.969 0.9933572047786793
0.97 0.9935361489203334
0.971 0.9937095148430531
0.972 0.9938772906782898
0.973 0.9940394645574918
0.974 0.9941960246121079
0.975 0.9943469589735879
0.976 0.9944922557733803
0.977 0.9946319031429343
0.978 0.9947658892136992
0.979 0.9948942021171235
0.98 0.9950168299846568
0.981 0.9951337609477476
0.982 0.9952449831378462
0.983 0.9953504846864003
0.984 0.9954502537248598
0.985 0.995544278384674
0.986 0.9956325467972905
0.987 0.9957150470941599
0.988 0.9957917674067311
0.989 0.9958626958664532
0.99 0.995927820604774
0.991 0.9959871297531437
0.992 0.9960406114430115
0.993 0.9960882538058259
0.994 0.9961300449730366
0.995 0.9961659730760923
0.996 0.9961960262464421
0.997 0.9962201926155347
0.998 0.99623846031482
0.999 0.9962508174757467
1.0 0.9962572522297636
