0.0 8.33742303369632e-3
1.0e-3 8.347644104154043e-3
2.0e-3 8.358013282144944e-3
3.0e-3 8.368587406786946e-3
4.0e-3 8.379422973070021e-3
5.0e-3 8.390576132547591e-3
6.0e-3 8.402102694027897e-3
7.0e-3 8.414058124265412e-3
8.0e-3 8.42649754865223e-3
9.000000000000001e-3 8.439475751909441e-3
1.0e-2 8.453047178778542e-3
1.1e-2 8.467265934712816e-3
1.2e-2 8.482185786568727e-3
1.3000000000000001e-2 8.497860163297313e-3
1.4e-2 8.51434215663558e-3
1.5e-2 8.531684521797889e-3
1.6e-2 8.54993967816734e-3
1.7e-2 8.56915970998718e-3
1.8000000000000002e-2 8.589396367052188e-3
1.9e-2 8.610701065400059e-3
2.0e-2 8.633124888002799e-3
2.1e-2 8.656718585458129e-3
2.2e-2 8.681532576680855e-3
2.3e-2 8.707616949594276e-3
2.4e-2 8.735021461821571e-3
2.5e-2 8.763795541377187e-3
2.6000000000000002e-2 8.793988287358234e-3
2.7e-2 8.82564847063587e-3
2.8e-2 8.85882453454671e-3
2.9e-2 8.893564595584193e-3
3.0e-2 8.92991644408999e-3
3.1e-2 8.967927544945391e-3
3.2e-2 9.007645038262702e-3
3.3e-2 9.04911574007662e-3
3.4e-2 9.092386143035643e-3
3.5e-2 9.137502417093454e-3
3.6000000000000004e-2 9.184510410200308e-3
3.7e-2 9.233455648994433e-3
3.8e-2 9.284383339493415e-3
3.9e-2 9.337338367785582e-3
4.0e-2 9.392365300721421e-3
4.1e-2 9.449508386604936e-3
4.2e-2 9.508811555885064e-3
4.3000000000000003e-2 9.570318421847062e-3
4.4e-2 9.634072281303889e-3
4.5e-2 9.700116115287602e-3
4.6e-2 9.768492589740753e-3
4.7e-2 9.83924405620778e-3
4.8e-2 9.912412552526383e-3
4.9e-2 9.98803980351894e-3
5.0e-2 1.0066167221683879e-2
5.1000000000000004e-2 1.014683590788707e-2
5.2000000000000005e-2 1.0230086652053237e-2
5.3e-2 1.0315959933857326e-2
5.4e-2 1.0404495923415906e-2
5.5e-2 1.0495734481978559e-2
5.6e-2 1.058971516261928e-2
5.7e-2 1.0686477210927851e-2
5.8e-2 1.0786059565701245e-2
5.9000000000000004e-2 1.0888500859635018e-2
6.0e-2 1.0993839420014698e-2
6.1e-2 1.1102113269407174e-2
6.2e-2 1.1213360126352073e-2
6.3e-2 1.1327617406053208e-2
6.4e-2 1.1444922221069874e-2
6.5e-2 1.1565311382008352e-2
6.6e-2 1.1688821398213188e-2
6.7e-2 1.181548847845869e-2
6.8e-2 1.1945348531640226e-2
6.9e-2 1.2078437167465702e-2
7.0e-2 1.2214789697146849e-2
7.100000000000001e-2 1.2354441134090746e-2
7.200000000000001e-2 1.2497426194591075e-2
7.3e-2 1.2643779298519632e-2
7.4e-2 1.279353457001763e-2
7.5e-2 1.2946725838187135e-2
7.6e-2 1.3103386637782453e-2
7.7e-2 1.326355020990151e-2
7.8e-2 1.342724950267725e-2
7.9e-2 1.3594517171969021e-2
8.0e-2 1.3765385582053985e-2
8.1e-2 1.3939886806318483e-2
8.2e-2 1.411805262794944e-2
8.3e-2 1.4299914540625762e-2
8.4e-2 1.4485503749209712e-2
8.5e-2 1.4674851170438326e-2
8.600000000000001e-2 1.4867987433614772e-2
8.700000000000001e-2 1.5064942881299765e-2
8.8e-2 1.5265747570002947e-2
8.9e-2 1.5470431270874302e-2
9.0e-2 1.5679023470395508e-2
9.1e-2 1.589155337107135e-2
9.2e-2 1.610804989212113e-2
9.3e-2 1.6328541670170012e-2
9.4e-2 1.655305705994046e-2
9.5e-2 1.6781624134943603e-2
9.6e-2 1.701427068817064e-2
9.7e-2 1.725102423278421e-2
9.8e-2 1.749191200280981e-2
9.9e-2 1.773696095382718e-2
0.1 1.7986197763661678e-2
0.101 1.823964883307567e-2
0.10200000000000001 1.8497340286459975e-2
0.10300000000000001 1.8759297972525183e-2
0.10400000000000001 1.902554746499308e-2
0.105 1.929611406328804e-2
0.106 1.9571022793228445e-2
0.107 1.9850298407717997e-2
0.108 2.0133965387437197e-2
0.109 2.0422047941534675e-2
0.11 2.0714570008318618e-2
0.111 2.1011555255948153e-2
0.112 2.1313027083124707e-2
0.113 2.1619008619783466e-2
0.114 2.1929522727784687e-2
0.115 2.224459200160514e-2
0.116 2.2564238769029507e-2
0.117 2.288848509184172e-2
0.11800000000000001 2.321735276651642e-2
0.11900000000000001 2.3550863324910278e-2
0.12 2.388903803495347e-2
0.121 2.4231897901340983e-2
0.122 2.4579463666224058e-2
0.123 2.493175580990157e-2
0.124 2.5288794551511406e-2
0.125 2.56505998497219e-2
0.126 2.6017191403423165e-2
0.127 2.63885886524185e-2
0.128 2.6764810778115825e-2
0.129 2.7145876704219047e-2
0.13 2.7531805097419405e-2
0.131 2.792261436808692e-2
0.132 2.8318322670961803e-2
0.133 2.8718947905845758e-2
0.134 2.9124507718293467e-2
0.135 2.9535019500303912e-2
0.136 2.9950500391011818e-2
0.137 3.037096727737904e-2
0.138 3.0796436794885872e-2
0.139 3.122692532822258e-2
0.14 3.166244901198066e-2
0.14100000000000001 3.2103023731344334e-2
0.14200000000000002 3.254866512278184e-2
0.14300000000000002 3.299938857473693e-2
0.14400000000000002 3.345520922832016e-2
0.145 3.39161419780004e-2
0.146 3.438220147229608e-2
0.147 3.485340211446669e-2
0.148 3.5329758063204174e-2
0.149 3.5811283233324206e-2
0.15 3.629799129645772e-2
0.151 3.678989568174222e-2
0.152 3.7287009576513264e-2
0.153 3.7789345926995656e-2
0.154 3.8296917438995076e-2
0.155 3.88097365785893e-2
0.156 3.932781557281972e-2
0.157 3.98511664103826e-2
0.158 4.037980084232056e-2
0.159 4.091373038271395e-2
0.16 4.1452966309372286e-2
0.161 4.199751966452549e-2
0.162 4.254740125551546e-2
0.163 4.3102621655487366e-2
0.164 4.366319120408104e-2
0.165 4.422912000812241e-2
0.166 4.480041794231484e-2
0.167 4.537709464993062e-2
0.168 4.595915954350222e-2
0.169 4.6546621805513756e-2
0.17 4.713949038909239e-2
0.171 4.7737774018699705e-2
0.17200000000000001 4.834148119082314e-2
0.17300000000000001 4.895062017466722e-2
0.17400000000000002 4.956519901284519e-2
0.17500000000000002 5.0185225522070234e-2
0.176 5.08107072938469e-2
0.177 5.144165169516254e-2
0.178 5.207806586917866e-2
0.179 5.271995673592228e-2
0.18 5.3367330992977434e-2
0.181 5.402019511617644e-2
0.182 5.4678555360291356e-2
0.183 5.534241775972536e-2
0.184 5.6011788129204154e-2
0.185 5.668667206446733e-2
0.186 5.7367074942959805e-2
0.187 5.805300192452308e-2
0.188 5.87444579520869e-2
0.189 5.944144775236029e-2
0.19 6.014397583652336e-2
0.191 6.085204650091815e-2
0.192 6.156566382774075e-2
0.193 6.228483168573191e-2
0.194 6.300955373086904e-2
0.195 6.373983340705722e-2
0.196 6.447567394682091e-2
0.197 6.521707837199497e-2
0.198 6.596404949441645e-2
0.199 6.671658991661555e-2
0.2 6.747470203250752e-2
0.201 6.82383880280835e-2
0.202 6.900764988210242e-2
0.203 6.978248936678205e-2
0.20400000000000001 7.056290804849047e-2
0.20500000000000002 7.134890728843751e-2
0.20600000000000002 7.214048824336623e-2
0.20700000000000002 7.293765186624399e-2
0.20800000000000002 7.374039890695433e-2
0.209 7.454872991298783e-2
0.21 7.536264523013393e-2
0.211 7.618214500317208e-2
0.212 7.700722917656315e-2
0.213 7.7837897495141e-2
0.214 7.867414950480368e-2
0.215 7.951598455320488e-2
0.216 8.036340179044531e-2
0.217 8.121640016976413e-2
0.218 8.207497844823036e-2
0.219 8.293913518743418e-2
0.22 8.380886875417834e-2
0.221 8.46841773211697e-2
0.222 8.556505886771036e-2
0.223 8.645151118038939e-2
0.224 8.734353185377373e-2
0.225 8.824111829110033e-2
0.226 8.914426770496656e-2
0.227 9.005297711802256e-2
0.228 9.096724336366205e-2
0.229 9.188706308671374e-2
0.23 9.281243274413312e-2
0.231 9.374334860569346e-2
0.232 9.467980675467721e-2
0.233 9.562180308856778e-2
0.234 9.656933331974042e-2
0.23500000000000001 9.752239297615393e-2
0.23600000000000002 9.848097740204204e-2
0.23700000000000002 9.944508175860478e-2
0.23800000000000002 0.10041470102469961
0.23900000000000002 0.10138982999753321
0.24 0.10237046329335259
0.241 0.10335659534813676
0.242 0.10434822041828777
0.243 0.10534533258132238
0.244 0.10634792573656318
0.245 0.10735599360583035
0.246 0.10836952973413282
0.247 0.1093885274903595
0.248 0.11041298006797115
0.249 0.1114428804856913
0.25 0.11247822158819784
0.251 0.11351899604681448
0.252 0.11456519636020197
0.253 0.11561681485504958
0.254 0.11667384368676664
0.255 0.11773627484017357
0.256 0.11880410013019371
0.257 0.11987731120254419
0.258 0.12095589953442792
0.259 0.12203985643522462
0.26 0.12312917304718202
0.261 0.12422384034610782
0.262 0.12532384914206068
0.263 0.12642919008004153
0.264 0.12753985364068524
0.265 0.128655830140952
0.266 0.12977710973481854
0.267 0.13090368241396946
0.268 0.1320355380084889
0.269 0.1331726661875518
0.27 0.1343150564601151
0.271 0.13546269817560957
0.272 0.13661558052463077
0.273 0.13777369253963045
0.274 0.13893702309560857
0.275 0.14010556091080373
0.276 0.1412792945473854
0.277 0.14245821241214474
0.278 0.14364230275718634
0.279 0.14483155368061948
0.28 0.14602595312724945
0.281 0.14722548888926917
0.28200000000000003 0.14843014860695028
0.28300000000000003 0.1496399197693347
0.28400000000000003 0.15085478971492627
0.28500000000000003 0.15207474563238133
0.28600000000000003 0.1532997745612013
0.28700000000000003 0.15452986339242294
0.28800000000000003 0.15576499886931047
0.289 0.15700516758804664
0.29 0.15825035599842427
0.291 0.1595005504045376
0.292 0.16075573696547332
0.293 0.16201590169600302
0.294 0.16328103046727302
0.295 0.16455110900749723
0.296 0.1658261229026475
0.297 0.16710605759714584
0.298 0.1683908983945549
0.299 0.1696806304582703
0.3 0.1709752388122113
0.301 0.1722747083415127
0.302 0.17357902379321566
0.303 0.17488816977695995
0.304 0.1762021307656742
0.305 0.17752089109626845
0.306 0.1788444349703247
0.307 0.18017274645478884
0.308 0.18150580948266143
0.309 0.18284360785368994
0.31 0.18418612523505937
0.311 0.18553334516208403
0.312 0.18688525103889886
0.313 0.1882418261391508
0.314 0.18960305360669003
0.315 0.1909689164562621
0.316 0.19233939757419774
0.317 0.1937144797191063
0.318 0.19509414552256527
0.319 0.1964783774898132
0.32 0.19786715800043975
0.321 0.1992604693090783
0.322 0.20065829354609602
0.323 0.20206061271828699
0.324 0.20346740870956165
0.325 0.2048786632816398
0.326 0.20629435807474092
0.327 0.2077144746082765
0.328 0.20913899428154017
0.329 0.21056789837440051
0.33 0.21200116804799124
0.331 0.2134387843454036
0.332 0.21488072819237689
0.333 0.2163269803979906
0.334 0.21777752165535513
0.335 0.21923233254230368
0.336 0.2206913935220832
0.337 0.22215468494404658
0.338 0.22362218704434303
0.339 0.2250938799466102
0.34 0.22656974366266494
0.341 0.22804975809319564
0.342 0.22953390302845253
0.343 0.23102215814894012
0.34400000000000003 0.2325145030261073
0.34500000000000003 0.23401091712304037
0.34600000000000003 0.23551137979515283
0.34700000000000003 0.2370158702908781
0.34800000000000003 0.2385243677523597
0.34900000000000003 0.24003685121614396
0.35000000000000003 0.24155329961386968
0.35100000000000003 0.24307369177296206
0.352 0.24459800641732068
0.353 0.24612622216801455
0.354 0.24765831754397072
0.355 0.24919427096266694
0.356 0.2507340607408228
0.357 0.2522776650950911
0.358 0.2538250621427494
0.359 0.25537622990239117
0.36 0.2569311462946171
0.361 0.25848978914272697
0.362 0.26005213617341083
0.363 0.2616181650174398
0.364 0.2631878532103586
0.365 0.2647611781931757
0.366 0.26633811731305584
0.367 0.26791864782401076
0.368 0.26950274688759035
0.369 0.2710903915735751
0.37 0.27268155886066636
0.371 0.27427622563717824
0.372 0.27587436870172904
0.373 0.2774759647639328
0.374 0.2790809904450897
0.375 0.2806894222788791
0.376 0.28230123671204943
0.377 0.28391641010511054
0.378 0.2855349187330243
0.379 0.28715673878589687
0.38 0.2887818463696693
0.381 0.29041021750680945
0.382 0.29204182813700336
0.383 0.29367665411784627
0.384 0.295314671225534
0.385 0.296955855155555
0.386 0.298600181523381
0.387 0.3002476258651588
0.388 0.30189816363840194
0.389 0.3035517702226808
0.39 0.30520842092031586
0.391 0.30686809095706746
0.392 0.3085307554828286
0.393 0.3101963895723148
0.394 0.311864968225757
0.395 0.31353646636959126
0.396 0.3152108588571524
0.397 0.3168881204693634
0.398 0.31856822591542766
0.399 0.3202511498335201
0.4 0.32193686679147887
0.401 0.3236253512874966
0.402 0.32531657775081163
0.403 0.32701052054239954
0.404 0.3287071539556648
0.405 0.3304064522171319
0.406 0.33210838948713634
0.40700000000000003 0.3338129398605165
0.40800000000000003 0.3355200773673052
0.40900000000000003 0.33722977597342096
0.41000000000000003 0.3389420095813588
0.41100000000000003 0.34065675203088286
0.41200000000000003 0.3423739770997159
0.41300000000000003 0.34409365850423296
0.41400000000000003 0.34581576990015095
0.41500000000000004 0.3475402848832211
0.41600000000000004 0.34926717698991944
0.417 0.35099641969813944
0.418 0.3527279864278824
0.419 0.35446185054194856
0.42 0.35619798534663016
0.421 0.3579363640924005
0.422 0.3596769599746077
0.423 0.36141974613416383
0.424 0.36316469565823845
0.425 0.3649117815809482
0.426 0.3666609768840496
0.427 0.3684122544976288
0.428 0.37016558730079574
0.429 0.37192094812237186
0.43 0.37367830974158456
0.431 0.37543764488875675
0.432 0.37719892624599977
0.433 0.3789621264479032
0.434 0.3807272180822274
0.435 0.3824941736905941
0.436 0.3842629657691788
0.437 0.386033566769401
0.438 0.38780594909861643
0.439 0.38958008512080766
0.44 0.3913559471572771
0.441 0.39313350748733583
0.442 0.3949127383489978
0.443 0.39669361193966846
0.444 0.3984761004168391
0.445 0.40026017589877516
0.446 0.4020458104652105
0.447 0.4038329761580362
0.448 0.40562164498199454
0.449 0.4074117889053679
0.45 0.40920337986067157
0.451 0.41099638974534525
0.452 0.41279079042244404
0.453 0.414586553721329
0.454 0.41638365143836065
0.455 0.4181820553375881
0.456 0.4199817371514424
0.457 0.4217826685814255
0.458 0.42358482129880476
0.459 0.4253881669453017
0.46 0.4271926771337848
0.461 0.4289983234489599
0.462 0.43080507744806334
0.463 0.4326129106615508
0.464 0.4344217945937912
0.465 0.43623170072375617
0.466 0.43804260050571286
0.467 0.43985446536991407
0.468 0.44166726672329126
0.46900000000000003 0.4434809759501435
0.47000000000000003 0.445295564412832
0.47100000000000003 0.4471110034524681
0.47200000000000003 0.44892726438960845
0.47300000000000003 0.45074431852494184
0.47400000000000003 0.452562137139986
0.47500000000000003 0.45438069149777294
0.47600000000000003 0.45619995284354636
0.47700000000000004 0.45801989240544766
0.47800000000000004 0.459840481395212
0.47900000000000004 0.4616616910088559
0.48 0.4634834924273717
0.481 0.465305856817416
0.482 0.4671287553320037
0.483 0.4689521591111978
0.484 0.47077603928280143
0.485 0.4726003669630484
0.486 0.4744251132572965
0.487 0.4762502492607167
0.488 0.4780757460589854
0.489 0.4799015747289765
0.49 0.48172770633945156
0.491 0.48355411195175285
0.492 0.48538076262049223
0.493 0.48720762939424567
0.494 0.4890346833162414
0.495 0.490861895425054
0.496 0.49268923675529447
0.497 0.49451667833830176
0.498 0.4963441912028341
0.499 0.49817174637576067
0.5 0.49999931488275284
0.501 0.5018268677489757
0.502 0.5036543759997792
0.503 0.5054818106613896
0.504 0.5073091427616008
0.505 0.5091363433304665
0.506 0.5109633834009909
0.507 0.5127902340098192
0.508 0.5146168661979305
0.509 0.5164432510113293
0.51 0.5182693595017348
0.511 0.5200951627272752
0.512 0.5219206317531767
0.513 0.5237457376524559
0.514 0.5255704515066114
0.515 0.5273947444063147
0.516 0.5292185874521017
0.517 0.5310419517550645
0.518 0.5328648084375417
0.519 0.5346871286338114
0.52 0.5365088834907813
0.521 0.5383300441686806
0.522 0.540150581841751
0.523 0.5419704676989391
0.524 0.5437896729445871
0.525 0.5456081687991234
0.526 0.5474259264997546
0.527 0.5492429173011595
0.528 0.5510591124761745
0.529 0.5528744833164912
0.53 0.5546890011333441
0.531 0.5565026372582031
0.532 0.5583153630434652
0.533 0.5601271498631454
0.534 0.5619379691135674
0.535 0.5637477922140579
0.536 0.5655565906076334
0.537 0.5673643357616955
0.538 0.5691709991687208
0.539 0.5709765523469515
0.54 0.5727809668410894
0.541 0.5745842142229843
0.542 0.5763862660923261
0.543 0.578187094077338
0.544 0.5799866698354662
0.545 0.5817849650540716
0.546 0.5835819514511217
0.547 0.5853776007758805
0.548 0.5871718848096019
0.549 0.5889647753662214
0.55 0.5907562442930434
0.551 0.5925462634714375
0.552 0.5943348048175279
0.553 0.5961218402828835
0.554 0.5979073418552121
0.555 0.5996912815590484
0.556 0.6014736314564495
0.557 0.6032543636476817
0.558 0.605033450271916
0.559 0.6068108635079168
0.56 0.6085865755747343
0.561 0.6103605587323963
0.562 0.6121327852825981
0.5630000000000001 0.6139032275693957
0.5640000000000001 0.6156718579798961
0.5650000000000001 0.6174386489449493
0.5660000000000001 0.6192035729398382
0.5670000000000001 0.620966602484973
0.5680000000000001 0.622727710146579
0.5690000000000001 0.6244868685373902
0.5700000000000001 0.6262440503173411
0.5710000000000001 0.6279992281942559
0.5720000000000001 0.6297523749245423
0.5730000000000001 0.631503463313881
0.5740000000000001 0.6332524662179179
0.5750000000000001 0.634999356542956
0.5760000000000001 0.6367441072466461
0.577 0.6384866913386783
0.578 0.6402270818814731
0.579 0.6419652519908734
0.58 0.643701174836836
0.581 0.6454348236441221
0.582 0.6471661716929892
0.583 0.6488951923198829
0.584 0.6506218589181278
0.585 0.6523461449386179
0.586 0.6540680238905112
0.587 0.6557874693419171
0.588 0.657504454920591
0.589 0.6592189543146229
0.59 0.6609309412731311
0.591 0.6626403896069533
0.592 0.6643472731893365
0.593 0.6660515659566293
0.594 0.6677532419089739
0.595 0.6694522751109965
0.596 0.6711486396924988
0.597 0.6728423098491514
0.598 0.6745332598431801
0.599 0.6762214640040647
0.6 0.677906896729223
0.601 0.6795895324847073
0.602 0.681269345805894
0.603 0.6829463112981745
0.604 0.6846204036376469
0.605 0.6862915975718088
0.606 0.6879598679202455
0.607 0.6896251895753255
0.608 0.6912875375028894
0.609 0.6929468867429396
0.61 0.6946032124103366
0.611 0.6962564896954858
0.612 0.6979066938650313
0.613 0.6995538002625464
0.614 0.7011977843092253
0.615 0.7028386215045744
0.616 0.704476287427104
0.617 0.7061107577350193
0.618 0.7077420081669112
0.619 0.7093700145424494
0.62 0.7109947527630726
0.621 0.7126161988126786
0.622 0.7142343287583205
0.623 0.7158491187508906
0.624 0.717460545025819
0.625 0.7190685839037609
0.626 0.7206732117912887
0.627 0.7222744051815848
0.628 0.7238721406551306
0.629 0.7254663948804
0.63 0.7270571446145495
0.631 0.7286443667041117
0.632 0.7302280380856819
0.633 0.7318081357866157
0.634 0.7333846369257161
0.635 0.734957518713926
0.636 0.7365267584550206
0.637 0.7380923335462969
0.638 0.7396542214792667
0.639 0.7412123998403474
0.64 0.7427668463115531
0.641 0.7443175386711867
0.642 0.7458644547945309
0.643 0.7474075726545387
0.644 0.7489468703225276
0.645 0.750482325968867
0.646 0.7520139178636726
0.647 0.7535416243774966
0.648 0.7550654239820203
0.649 0.7565852952507434
0.65 0.7581012168596765
0.651 0.7596131675880331
0.652 0.7611211263189206
0.653 0.7626250720400303
0.654 0.7641249838443316
0.655 0.7656208409307609
0.656 0.7671126226049135
0.657 0.768600308279736
0.658 0.7700838774762175
0.659 0.771563309824079
0.66 0.773038585062468
0.661 0.7745096830406475
0.662 0.7759765837186875
0.663 0.777439267168158
0.664 0.7788977135728195
0.665 0.7803519032293134
0.666 0.7818018165478547
0.667 0.7832474340529233
0.668 0.7846887363839545
0.669 0.7861257042960317
0.67 0.7875583186605769
0.671 0.7889865604660408
0.672 0.7904104108185983
0.673 0.7918298509428344
0.674 0.7932448621824403
0.675 0.7946554260009029
0.676 0.7960615239821945
0.677 0.7974631378314686
0.678 0.7988602493757458
0.679 0.8002528405646092
0.68 0.8016408934708962
0.681 0.803024390291385
0.682 0.8044033133474923
0.683 0.8057776450859586
0.684 0.8071473680795461
0.685 0.808512465027724
0.686 0.8098729187573629
0.687 0.8112287122234271
0.6880000000000001 0.8125798285096635
0.6890000000000001 0.8139262508292946
0.6900000000000001 0.8152679625257097
0.6910000000000001 0.8166049470731553
0.6920000000000001 0.8179371880774278
0.6930000000000001 0.8192646692765656
0.6940000000000001 0.820587374541537
0.6950000000000001 0.8219052878769345
0.6960000000000001 0.8232183934216667
0.6970000000000001 0.8245266754496473
0.6980000000000001 0.8258301183704886
0.6990000000000001 0.8271287067301903
0.7000000000000001 0.828422425211835
0.7010000000000001 0.8297112586362758
0.7020000000000001 0.8309951919628293
0.7030000000000001 0.8322742102899666
0.704 0.8335482988560056
0.705 0.8348174430398
0.706 0.8360816283614345
0.707 0.8373408404829129
0.708 0.83859506520885
0.709 0.8398442884871653
0.71 0.8410884964097716
0.711 0.8423276752132666
0.712 0.843561811279627
0.713 0.8447908911368981
0.714 0.8460149014598833
0.715 0.8472338290708389
0.716 0.8484476609401636
0.717 0.8496563841870906
0.718 0.8508599860803774
0.719 0.8520584540390002
0.72 0.8532517756328417
0.721 0.8544399385833866
0.722 0.8556229307644083
0.723 0.856800740202664
0.724 0.8579733550785843
0.725 0.8591407637269662
0.726 0.8603029546376616
0.727 0.8614599164562722
0.728 0.8626116379848376
0.729 0.8637581081825292
0.73 0.8648993161663407
0.731 0.8660352512117802
0.732 0.8671659027535573
0.733 0.8682912603862828
0.734 0.8694113138651524
0.735 0.8705260531066403
0.736 0.8716354681891946
0.737 0.8727395493539221
0.738 0.8738382870052853
0.739 0.8749316717117898
0.74 0.8760196942066779
0.741 0.8771023453886201
0.742 0.878179616322405
0.743 0.8792514982396316
0.744 0.8803179825394015
0.745 0.8813790607890081
0.746 0.8824347247246305
0.747 0.8834849662520226
0.748 0.8845297774472068
0.749 0.8855691505571633
0.75 0.8866030780005225
0.751 0.8876315523682564
0.752 0.8886545664243697
0.753 0.8896721131065922
0.754 0.8906841855270676
0.755 0.8916907769730485
0.756 0.8926918809075849
0.757 0.8936874909702163
0.758 0.8946776009776644
0.759 0.895662204924523
0.76 0.8966412969839496
0.761 0.8976148715083572
0.762 0.8985829230301059
0.763 0.8995454462621936
0.764 0.9005024360989488
0.765 0.9014538876167193
0.766 0.9023997960745661
0.767 0.9033401569149533
0.768 0.9042749657644421
0.769 0.9052042184343776
0.77 0.906127910921584
0.771 0.9070460394090557
0.772 0.9079586002666454
0.773 0.9088655900517612
0.774 0.9097670055100505
0.775 0.9106628435760998
0.776 0.911553101374119
0.777 0.9124377762186366
0.778 0.9133168656151903
0.779 0.9141903672610173
0.78 0.9150582790457488
0.781 0.9159205990520964
0.782 0.9167773255565475
0.783 0.9176284570300558
0.784 0.9184739921387336
0.785 0.9193139297445392
0.786 0.9201482689059719
0.787 0.9209770088787648
0.788 0.9218001491165706
0.789 0.9226176892716591
0.79 0.9234296291956041
0.791 0.9242359689399772
0.792 0.9250367087570383
0.793 0.9258318491004279
0.794 0.9266213906258566
0.795 0.9274053341917987
0.796 0.9281836808601818
0.797 0.92895643189708
0.798 0.9297235887734032
0.799 0.9304851531655898
0.8 0.9312411269562981
0.801 0.9319915122350987
0.802 0.9327363112991613
0.803 0.9334755266539518
0.804 0.9342091610139225
0.805 0.9349372173031986
0.806 0.9356596986562766
0.807 0.9363766084187115
0.808 0.9370879501478078
0.809 0.9377937276133137
0.81 0.9384939447981101
0.811 0.9391886058989046
0.812 0.9398777153269173
0.8130000000000001 0.9405612777085799
0.8140000000000001 0.9412392978862216
0.8150000000000001 0.9419117809187619
0.8160000000000001 0.9425787320824032
0.8170000000000001 0.9432401568713198
0.8180000000000001 0.9438960609983524
0.8190000000000001 0.9445464503956957
0.8200000000000001 0.945191331215594
0.8210000000000001 0.9458307098310291
0.8220000000000001 0.9464645928364138
0.8230000000000001 0.9470929870482816
0.8240000000000001 0.9477158995059802
0.8250000000000001 0.9483333374723603
0.8260000000000001 0.9489453084344706
0.8270000000000001 0.9495518201042442
0.8280000000000001 0.9501528804191959
0.8290000000000001 0.9507484975431083
0.8300000000000001 0.9513386798667243
0.8310000000000001 0.9519234360084444
0.8320000000000001 0.952502774815008
0.833 0.9530767053621917
0.834 0.9536452369555019
0.835 0.9542083791308597
0.836 0.9547661416552962
0.837 0.9553185345276463
0.838 0.9558655679792356
0.839 0.9564072524745727
0.84 0.956943598712044
0.841 0.9574746176245995
0.842 0.958000320380451
0.843 0.958520718383756
0.844 0.9590358232753157
0.845 0.959545646933262
0.846 0.9600502014737516
0.847 0.9605494992516544
0.848 0.961043552861249
0.849 0.9615323751369105
0.85 0.9620159791538034
0.851 0.9624943782285722
0.852 0.9629675859200355
0.853 0.9634356160298717
0.854 0.9638984826033185
0.855 0.9643561999298567
0.856 0.9648087825439042
0.857 0.9652562452255106
0.858 0.9656986030010433
0.859 0.9661358711438826
0.86 0.9665680651751118
0.861 0.9669952008642095
0.862 0.9674172942297378
0.863 0.9678343615400391
0.864 0.9682464193139227
0.865 0.9686534843213576
0.866 0.9690555735841667
0.867 0.9694527043767134
0.868 0.9698448942265948
0.869 0.9702321609153368
0.87 0.9706145224790794
0.871 0.9709919972092729
0.872 0.9713646036533667
0.873 0.9717323606155007
0.874 0.9720952871571985
0.875 0.9724534025980568
0.876 0.9728067265164387
0.877 0.9731552787501638
0.878 0.9734990793971999
0.879 0.9738381488163532
0.88 0.9741725076279626
0.881 0.9745021767145878
0.882 0.974827177221704
0.883 0.9751475305583894
0.884 0.9754632583980206
0.885 0.975774382678961
0.886 0.9760809256052543
0.887 0.9763829096473137
0.888 0.9766803575426157
0.889 0.9769732922963884
0.89 0.9772617371823077
0.891 0.9775457157431834
0.892 0.9778252517916531
0.893 0.9781003694108743
0.894 0.9783710929552151
0.895 0.9786374470509442
0.896 0.9788994565969247
0.897 0.9791571467653045
0.898 0.9794105430022071
0.899 0.9796596710284219
0.9 0.9799045568400987
0.901 0.9801452267094393
0.902 0.980381707185382
0.903 0.9806140250943021
0.904 0.9808422075406992
0.905 0.9810662819078864
0.906 0.9812862758586864
0.907 0.9815022173361178
0.908 0.9817141345640915
0.909 0.9819220560480985
0.91 0.9821260105759023
0.911 0.9823260272182321
0.912 0.9825221353294704
0.913 0.9827143645483477
0.914 0.9829027447986329
0.915 0.9830873062898241
0.916 0.9832680795178422
0.917 0.9834450952657168
0.918 0.9836183846042845
0.919 0.9837879788928762
0.92 0.9839539097800101
0.921 0.984116209204081
0.922 0.9842749093940534
0.923 0.9844300428701535
0.924 0.9845816424445597
0.925 0.984729741222093
0.926 0.9848743726009096
0.927 0.9850155702731933
0.928 0.9851533682258438
0.929 0.9852878007411707
0.93 0.9854189023975847
0.931 0.9855467080702881
0.932 0.9856712529319657
0.933 0.9857925724534778
0.934 0.985910702404551
0.935 0.98602567885447
0.936 0.9861375381727657
0.937 0.9862463170299127
0.9380000000000001 0.9863520523980135
0.9390000000000001 0.9864547815514975
0.9400000000000001 0.9865545420678065
0.9410000000000001 0.9866513718280884
0.9420000000000001 0.9867453090178885
0.9430000000000001 0.9868363921278395
0.9440000000000001 0.9869246599543559
0.9450000000000001 0.9870101516003233
0.9460000000000001 0.9870929064757904
0.9470000000000001 0.9871729642986572
0.9480000000000001 0.9872503650953732
0.9490000000000001 0.9873251492016231
0.9500000000000001 0.9873973572630197
0.9510000000000001 0.9874670302357943
0.9520000000000001 0.9875342093874938
0.9530000000000001 0.9875989362976623
0.9540000000000001 0.9876612528585416
0.9550000000000001 0.987721201275757
0.9560000000000001 0.9877788240690119
0.9570000000000001 0.9878341640727749
0.9580000000000001 0.987887264436979
0.9590000000000001 0.9879381686277021
0.96 0.9879869204278701
0.961 0.9880335639379377
0.962 0.9880781435765885
0.963 0.9881207040814206
0.964 0.9881612905096397
0.965 0.9881999482387515
0.966 0.988236722967253
0.967 0.9882716607153214
0.968 0.9883048078255086
0.969 0.9883362109634302
0.97 0.9883659171184609
0.971 0.9883939736044178
0.972 0.9884204280602628
0.973 0.9884453284507841
0.974 0.9884687230672926
0.975 0.9884906605283139
0.976 0.9885111897802753
0.977 0.9885303600982028
0.978 0.9885482210864097
0.979 0.988564822679184
0.98 0.9885802151414892
0.981 0.988594449069646
0.982 0.9886075753920311
0.983 0.9886196453697633
0.984 0.9886307105973987
0.985 0.9886408230036196
0.986 0.9886500348519256
0.987 0.9886583987413291
0.988 0.9886659676070414
0.989 0.9886727947211675
0.99 0.9886789336933945
0.991 0.988684438471688
0.992 0.9886893633429784
0.993 0.9886937629338538
0.994 0.9886976922112541
0.995 0.9887012064831588
0.996 0.9887043613992782
0.997 0.9887072129517493
0.998 0.9887098174758234
0.999 0.9887122316505569
1.0 0.9887145124995054
