0.0 3.7626497606156333e-3
1.0e-3 3.776448661915591e-3
2.0e-3 3.792270969626424e-3
3.0e-3 3.8101512513199817e-3
4.0e-3 3.830123842135851e-3
5.0e-3 3.852222845248086e-3
6.0e-3 3.8764821323319385e-3
7.0e-3 3.90293534403059e-3
8.0e-3 3.931615890421887e-3
9.000000000000001e-3 3.962556951485069e-3
1.0e-2 3.995791477567496e-3
1.1e-2 4.031352189851391e-3
1.2e-2 4.0692715808205585e-3
1.3000000000000001e-2 4.109581914727125e-3
1.4e-2 4.152315228058268e-3
1.5e-2 4.197503330002947e-3
1.6e-2 4.245177802918634e-3
1.7e-2 4.295370002798046e-3
1.8000000000000002e-2 4.348111059735879e-3
1.9e-2 4.403431878395535e-3
2.0e-2 4.461363138475852e-3
2.1e-2 4.521935295177847e-3
2.2e-2 4.585178579671429e-3
2.3e-2 4.6511229995621515e-3
2.4e-2 4.7197983393579244e-3
2.5e-2 4.791234160935759e-3
2.6000000000000002e-2 4.8654598040084925e-3
2.7e-2 4.942504386591522e-3
2.8e-2 5.022396805469539e-3
2.9e-2 5.105165736663252e-3
3.0e-2 5.1908396358961275e-3
3.1e-2 5.279446739061114e-3
3.2e-2 5.3710150626873785e-3
3.3e-2 5.46557240440704e-3
3.4e-2 5.563146343421889e-3
3.5e-2 5.663764240970134e-3
3.6000000000000004e-2 5.767453240793124e-3
3.7e-2 5.874240269602081e-3
3.8e-2 5.984152037544835e-3
3.9e-2 6.09721503867255e-3
4.0e-2 6.213455551406462e-3
4.1e-2 6.3328996390046004e-3
4.2e-2 6.455573150028533e-3
4.3000000000000003e-2 6.581501718810089e-3
4.4e-2 6.71071076591809e-3
4.5e-2 6.843225498625084e-3
4.6e-2 6.979070911374072e-3
4.7e-2 7.118271786245254e-3
4.8e-2 7.260852693422739e-3
4.9e-2 7.406837991661295e-3
5.0e-2 7.5562518287530704e-3
5.1000000000000004e-2 7.709118141994324e-3
5.2000000000000005e-2 7.865460658652169e-3
5.3e-2 8.025302896431285e-3
5.4e-2 8.188668163940675e-3
5.5e-2 8.355579561160368e-3
5.6e-2 8.526059979908173e-3
5.7e-2 8.700132104306398e-3
5.8e-2 8.87781841124859e-3
5.9000000000000004e-2 9.059141170866253e-3
6.0e-2 9.244122446995602e-3
6.1e-2 9.432784097644278e-3
6.2e-2 9.62514777545806e-3
6.3e-2 9.821234928187662e-3
6.4e-2 1.0021066799155369e-2
6.5e-2 1.0224664427721875e-2
6.6e-2 1.0432048649752909e-2
6.7e-2 1.0643240098086064e-2
6.8e-2 1.0858259202997439e-2
6.9e-2 1.1077126192668466e-2
7.0e-2 1.1299861093652516e-2
7.100000000000001e-2 1.1526483731341781e-2
7.200000000000001e-2 1.175701373043387e-2
7.3e-2 1.1991470515398636e-2
7.4e-2 1.2229873310944847e-2
7.5e-2 1.2472241142486944e-2
7.6e-2 1.2718592836611784e-2
7.7e-2 1.2968947021545336e-2
7.8e-2 1.3223322127619445e-2
7.9e-2 1.3481736387738547e-2
8.0e-2 1.3744207837846405e-2
8.1e-2 1.4010754317392843e-2
8.2e-2 1.4281393469800466e-2
8.3e-2 1.4556142742931414e-2
8.4e-2 1.4835019389554062e-2
8.5e-2 1.5118040467809787e-2
8.600000000000001e-2 1.5405222841679661e-2
8.700000000000001e-2 1.569658318145123e-2
8.8e-2 1.5992137964185176e-2
8.9e-2 1.6291903474182145e-2
9.0e-2 1.659589580344939e-2
9.1e-2 1.690413085216753e-2
9.2e-2 1.7216624329157316e-2
9.3e-2 1.7533391752346306e-2
9.4e-2 1.7854448449235644e-2
9.5e-2 1.8179809557366765e-2
9.6e-2 1.8509490024788144e-2
9.7e-2 1.884350461052199e-2
9.8e-2 1.9181867885031036e-2
9.9e-2 1.952459423068523e-2
0.1 1.9871697842228475e-2
0.101 2.022319272724533e-2
0.10200000000000001 2.057909270662783e-2
0.10300000000000001 2.0939411415042127e-2
0.10400000000000001 2.130416230139525e-2
0.105 2.1673358629301837e-2
0.106 2.2047013477550923e-2
0.107 2.242513974057254e-2
0.108 2.2807750128904587e-2
0.109 2.3194857169659463e-2
0.11 2.3586473206990862e-2
0.111 2.3982610402560486e-2
0.112 2.4383280736004726e-2
0.113 2.4788496005401506e-2
0.114 2.519826782773689e-2
0.115 2.561260763937187e-2
0.116 2.6031526696509145e-2
0.117 2.6455036075659754e-2
0.11800000000000001 2.6883146674109886e-2
0.11900000000000001 2.731586921038755e-2
0.12 2.7753214224729407e-2
0.121 2.8195192079547366e-2
0.122 2.8641812959895416e-2
0.123 2.909308687393631e-2
0.124 2.9549023653408325e-2
0.125 3.0009632954091984e-2
0.126 3.0474924256276775e-2
0.127 3.094490686522786e-2
0.128 3.14195899116529e-2
0.129 3.189898235216868e-2
0.13 3.23830929697679e-2
0.131 3.287193037428587e-2
0.132 3.3365503002867294e-2
0.133 3.386381912043295e-2
0.134 3.436688682014645e-2
0.135 3.487471402388096e-2
0.136 3.538730848268592e-2
0.137 3.590467777725381e-2
0.138 3.642682931838684e-2
0.139 3.6953770347463735e-2
0.14 3.74855079369064e-2
0.14100000000000001 3.8022048990646706e-2
0.14200000000000002 3.856340024459318e-2
0.14300000000000002 3.910956826709778e-2
0.14400000000000002 3.9660559459422574e-2
0.145 4.021638005620654e-2
0.146 4.077703612593226e-2
0.147 4.134253357139259e-2
0.148 4.191287813015753e-2
0.149 4.248807537504081e-2
0.15 4.306813071456671e-2
0.151 4.3653049393436776e-2
0.152 4.424283649299659e-2
0.153 4.4837496931702366e-2
0.154 4.543703546558783e-2
0.155 4.604145668873087e-2
0.156 4.665076503372035e-2
0.157 4.7264964772122685e-2
0.158 4.7884060014948736e-2
0.159 4.850805471312044e-2
0.16 4.9136952657937646e-2
0.161 4.9770757481544685e-2
0.162 5.040947265739725e-2
0.163 5.105310150072906e-2
0.164 5.1701647169018594e-2
0.165 5.235511266245584e-2
0.166 5.3013500824409004e-2
0.167 5.3676814341891296e-2
0.168 5.434505574602756e-2
0.169 5.501822741252112e-2
0.17 5.5696331562120414e-2
0.171 5.63793702610858e-2
0.17200000000000001 5.7067345421656264e-2
0.17300000000000001 5.7760258802516076e-2
0.17400000000000002 5.845811200926167e-2
0.17500000000000002 5.916090649486828e-2
0.176 5.9868643560156615e-2
0.177 6.058132435425977e-2
0.178 6.129894987508979e-2
0.179 6.202152096980439e-2
0.18 6.2749038335274e-2
0.181 6.348150251854788e-2
0.182 6.421891391732155e-2
0.183 6.496127278040308e-2
0.184 6.570857920817989e-2
0.185 6.646083315308557e-2
0.186 6.721803442006662e-2
0.187 6.798018266704905e-2
0.188 6.874727740540526e-2
0.189 6.95193180004206e-2
0.19 7.029630367176042e-2
0.191 7.10782334939363e-2
0.192 7.186510639677335e-2
0.193 7.26569211658764e-2
0.194 7.345367644309725e-2
0.195 7.425537072700088e-2
0.196 7.506200237333273e-2
0.197 7.587356959548484e-2
0.198 7.669007046496319e-2
0.199 7.751150291185387e-2
0.2 7.833786472529033e-2
0.201 7.916915355391951e-2
0.202 8.000536690636925e-2
0.203 8.084650215171456e-2
0.20400000000000001 8.169255651994439e-2
0.20500000000000002 8.254352710242852e-2
0.20600000000000002 8.339941085238434e-2
0.20700000000000002 8.426020458534315e-2
0.20800000000000002 8.512590497961763e-2
0.209 8.599650857676769e-2
0.21 8.687201178206799e-2
0.211 8.775241086497425e-2
0.212 8.863770195958993e-2
0.213 8.952788106513333e-2
0.214 9.042294404640391e-2
0.215 9.132288663424931e-2
0.216 9.22277044260319e-2
0.217 9.313739288609554e-2
0.218 9.405194734623257e-2
0.219 9.497136300615015e-2
0.22 9.589563493393713e-2
0.221 9.6824758066531e-2
0.222 9.775872721018428e-2
0.223 9.869753704093157e-2
0.224 9.964118210505588e-2
0.225 0.10058965681955598
0.226 0.10154295547261233
0.227 0.10250107222405457
0.228 0.1034640011058278
0.229 0.10443173602245935
0.23 0.10540427075152581
0.231 0.10638159894411943
0.232 0.10736371412531474
0.233 0.10835060969463597
0.234 0.10934227892652297
0.23500000000000001 0.11033871497079836
0.23600000000000002 0.11133991085313427
0.23700000000000002 0.112345859475519
0.23800000000000002 0.11335655361672367
0.23900000000000002 0.11437198593276902
0.24 0.11539214895739217
0.241 0.11641703510251346
0.242 0.11744663665870285
0.243 0.11848094579564704
0.244 0.11951995456261577
0.245 0.12056365488892906
0.246 0.1216120385844236
0.247 0.12266509733991934
0.248 0.1237228227276868
0.249 0.12478520620191319
0.25 0.1258522390991695
0.251 0.12692391263887712
0.252 0.1280002179237745
0.253 0.12908114594038397
0.254 0.13016668755947863
0.255 0.13125683353654863
0.256 0.1323515745122685
0.257 0.1334509010129632
0.258 0.13455480345107554
0.259 0.1356632721256325
0.26 0.13677629722271187
0.261 0.13789386881590937
0.262 0.13901597686680517
0.263 0.1401426112254304
0.264 0.14127376163073432
0.265 0.14240941771105078
0.266 0.14354956898456508
0.267 0.1446942048597804
0.268 0.145843314635985
0.269 0.14699688750371856
0.27 0.14815491254523908
0.271 0.14931737873498976
0.272 0.15048427494006547
0.273 0.15165558992067926
0.274 0.15283131233063002
0.275 0.1540114307177681
0.276 0.15519593352446276
0.277 0.15638480908806865
0.278 0.15757804564139252
0.279 0.1587756313131601
0.28 0.15997755412848272
0.281 0.1611838020093239
0.28200000000000003 0.16239436277496644
0.28300000000000003 0.1636092241424788
0.28400000000000003 0.16482837372718231
0.28500000000000003 0.166051799043117
0.28600000000000003 0.1672794875035095
0.28700000000000003 0.16851142642123873
0.28800000000000003 0.16974760300930328
0.289 0.170988004381288
0.29 0.1722326175518305
0.291 0.17348142943708825
0.292 0.17473442685520488
0.293 0.17599159652677746
0.294 0.17725292507532245
0.295 0.17851839902774344
0.296 0.179788004814797
0.297 0.1810617287715598
0.298 0.18233955713789535
0.299 0.18362147605892065
0.3 0.18490747158547285
0.301 0.18619752967457645
0.302 0.18749163618990897
0.303 0.18878977690226925
0.304 0.1900919374900424
0.305 0.1913981035396682
0.306 0.1927082605461066
0.307 0.19402239391330514
0.308 0.19534048895466513
0.309 0.19666253089350927
0.31 0.1979885048635473
0.311 0.19931839590934353
0.312 0.20065218898678316
0.313 0.2019898689635393
0.314 0.2033314206195392
0.315 0.20467682864743209
0.316 0.20602607765305403
0.317 0.2073791521558969
0.318 0.20873603658957293
0.319 0.21009671530228355
0.32 0.21146117255728414
0.321 0.21282939253335242
0.322 0.2142013593252537
0.323 0.21557705694420926
0.324 0.2169564693183613
0.325 0.2183395802932412
0.326 0.21972637363223513
0.327 0.2211168330170518
0.328 0.22251094204818797
0.329 0.2239086842453966
0.33 0.22531004304815197
0.331 0.22671500181611817
0.332 0.22812354382961436
0.333 0.22953565229008235
0.334 0.2309513103205529
0.335 0.23237050096611284
0.336 0.2337932071943711
0.337 0.23521941189592666
0.338 0.23664909788483388
0.339 0.2380822478990704
0.34 0.23951884460100276
0.341 0.24095887057785434
0.342 0.2424023083421712
0.343 0.2438491403322892
0.34400000000000003 0.24529934891280022
0.34500000000000003 0.24675291637502011
0.34600000000000003 0.2482098249374538
0.34700000000000003 0.24967005674626358
0.34800000000000003 0.2511335938757343
0.34900000000000003 0.2526004183287417
0.35000000000000003 0.2540705120372174
0.35100000000000003 0.25554385686261794
0.352 0.25702043459638824
0.353 0.25850022696043234
0.354 0.25998321560757653
0.355 0.2614693821220381
0.356 0.2629587080198914
0.357 0.2644511747495349
0.358 0.26594676369215775
0.359 0.2674454561622064
0.36 0.2689472334078512
0.361 0.2704520766114538
0.362 0.27195996689003327
0.363 0.2734708852957329
0.364 0.27498481281628734
0.365 0.2765017303754884
0.366 0.27802161883365323
0.367 0.2795444589880897
0.368 0.28107023157356364
0.369 0.2825989172627661
0.37 0.284130496666779
0.371 0.2856649503355426
0.372 0.2872022587583222
0.373 0.28874240236417503
0.374 0.29028536152241585
0.375 0.2918311165430853
0.376 0.29337964767741553
0.377 0.29493093511829754
0.378 0.296484959000747
0.379 0.29804169940237224
0.38 0.29960113634384006
0.381 0.3011632497893428
0.382 0.3027280196470653
0.383 0.3042954257696508
0.384 0.3058654479546687
0.385 0.3074380659450805
0.386 0.3090132594297072
0.387 0.31059100804369505
0.388 0.31217129136898414
0.389 0.3137540889347724
0.39 0.31533938021798485
0.391 0.31692714464373895
0.392 0.3185173615858119
0.393 0.3201100103671069
0.394 0.3217050702601206
0.395 0.3233025204874085
0.396 0.32490234022205355
0.397 0.32650450858813146
0.398 0.3281090046611779
0.399 0.32971580746865525
0.4 0.33132489599041903
0.401 0.3329362491591853
0.402 0.3345498458609966
0.403 0.3361656649356893
0.404 0.33778368517736
0.405 0.33940388533483246
0.406 0.3410262441121242
0.40700000000000003 0.34265074016891267
0.40800000000000003 0.3442773521210034
0.40900000000000003 0.34590605854079554
0.41000000000000003 0.34753683795774903
0.41100000000000003 0.3491696688588514
0.41200000000000003 0.35080452968908343
0.41300000000000003 0.35244139885188813
0.41400000000000003 0.3540802547096353
0.41500000000000004 0.3557210755840893
0.41600000000000004 0.3573638397568755
0.417 0.3590085254699473
0.418 0.3606551109260528
0.419 0.3623035742892006
0.42 0.3639538936851286
0.421 0.3656060472017679
0.422 0.36726001288971266
0.423 0.36891576876268395
0.424 0.3705732927979985
0.425 0.3722325629370346
0.426 0.37389355708569905
0.427 0.375556253114893
0.428 0.3772206288609811
0.429 0.3788866621262548
0.43 0.3805543306794022
0.431 0.38222361225597257
0.432 0.38389448455884473
0.433 0.3855669252586924
0.434 0.38724091199445226
0.435 0.388916422373789
0.436 0.3905934339735639
0.437 0.39227192434030034
0.438 0.39395187099065127
0.439 0.39563325141186434
0.44 0.3973160430622519
0.441 0.39900022337165364
0.442 0.4006857697419067
0.443 0.40237265954731016
0.444 0.40406087013509384
0.445 0.4057503788258822
0.446 0.40744116291416466
0.447 0.40913319966875855
0.448 0.41082646633327946
0.449 0.4125209401266047
0.45 0.4142165982433423
0.451 0.415913417854297
0.452 0.417611376106937
0.453 0.4193104501258599
0.454 0.4210106170132614
0.455 0.42271185384939997
0.456 0.42441413769306485
0.457 0.42611744558204173
0.458 0.427821754533581
0.459 0.42952704154486304
0.46 0.4312332835934659
0.461 0.4329404576378306
0.462 0.43464854061773067
0.463 0.4363575094547354
0.464 0.43806734105267947
0.465 0.43977801229812763
0.466 0.4414895000608433
0.467 0.4432017811942528
0.468 0.4449148325359155
0.46900000000000003 0.44662863090798666
0.47000000000000003 0.448343153117688
0.47100000000000003 0.4500583759577706
0.47200000000000003 0.4517742762069858
0.47300000000000003 0.45349083063054757
0.47400000000000003 0.4552080159806035
0.47500000000000003 0.4569258089966971
0.47600000000000003 0.45864418640623933
0.47700000000000004 0.4603631249249704
0.47800000000000004 0.46208260125743117
0.47900000000000004 0.4638025920974259
0.48 0.46552307412849253
0.481 0.4672440240243659
0.482 0.4689654184494473
0.483 0.47068723405926977
0.484 0.4724094475009654
0.485 0.47413203541373106
0.486 0.4758549744292975
0.487 0.47757824117239284
0.488 0.47930181226121177
0.489 0.48102566430788135
0.49 0.48274977391892787
0.491 0.48447411769574394
0.492 0.4861986722350538
0.493 0.48792341412938245
0.494 0.48964831996751984
0.495 0.49137336633498957
0.496 0.49309852981451474
0.497 0.49482378698648444
0.498 0.4965491144294214
0.499 0.49827448872044744
0.5 0.4999998864357516
0.501 0.5017252841510558
0.502 0.5034506584420818
0.503 0.5051759858850188
0.504 0.5069012430569882
0.505 0.5086264065365134
0.506 0.5103514529039834
0.507 0.5120763587421209
0.508 0.5138011006364491
0.509 0.5155256551757595
0.51 0.5172499989525753
0.511 0.5189741085636217
0.512 0.5206979606102915
0.513 0.5224215316991102
0.514 0.5241447984422055
0.515 0.5258677374577718
0.516 0.5275903253705377
0.517 0.5293125388122333
0.518 0.5310343544220559
0.519 0.5327557488471374
0.52 0.5344766987430108
0.521 0.5361971807740773
0.522 0.5379171716140724
0.523 0.5396366479465328
0.524 0.541355586465264
0.525 0.5430739638748061
0.526 0.5447917568908998
0.527 0.5465089422409557
0.528 0.5482254966645176
0.529 0.5499413969137326
0.53 0.5516566197538156
0.531 0.5533711419635166
0.532 0.5550849403355879
0.533 0.5567979916772505
0.534 0.5585102728106599
0.535 0.5602217605733756
0.536 0.5619324318188239
0.537 0.5636422634167677
0.538 0.5653512322537727
0.539 0.5670593152336724
0.54 0.5687664892780374
0.541 0.5704727313266402
0.542 0.5721780183379224
0.543 0.5738823272894616
0.544 0.5755856351784384
0.545 0.5772879190221031
0.546 0.578989155858242
0.547 0.5806893227456434
0.548 0.5823883967645663
0.549 0.5840863550172063
0.55 0.585783174628161
0.551 0.5874788327448986
0.552 0.5891733065382239
0.553 0.5908665732027446
0.554 0.592558609957339
0.555 0.5942493940456207
0.556 0.5959389027364097
0.557 0.5976271133241928
0.558 0.5993140031295967
0.559 0.6009995494998498
0.56 0.6026837298092514
0.561 0.6043665214596389
0.562 0.6060479018808523
0.5630000000000001 0.607727848531203
0.5640000000000001 0.6094063388979393
0.5650000000000001 0.6110833504977145
0.5660000000000001 0.612758860877051
0.5670000000000001 0.6144328476128109
0.5680000000000001 0.6161052883126586
0.5690000000000001 0.6177761606155306
0.5700000000000001 0.6194454421921013
0.5710000000000001 0.6211131107452486
0.5720000000000001 0.6227791440105223
0.5730000000000001 0.6244435197566102
0.5740000000000001 0.6261062157858045
0.5750000000000001 0.6277672099344686
0.5760000000000001 0.629426480073505
0.577 0.6310840041088194
0.578 0.6327397599817907
0.579 0.6343937256697351
0.58 0.6360458791863746
0.581 0.6376961985823023
0.582 0.6393446619454504
0.583 0.6409912474015559
0.584 0.642635933114628
0.585 0.6442786972874138
0.586 0.6459195181618679
0.587 0.6475583740196149
0.588 0.6491952431824197
0.589 0.650830104012652
0.59 0.652462934913754
0.591 0.6540937143307072
0.592 0.6557224207504997
0.593 0.6573490327025907
0.594 0.6589735287593793
0.595 0.6605958875366709
0.596 0.6622160876941432
0.597 0.6638341079358141
0.598 0.6654499270105066
0.599 0.6670635237123181
0.6 0.6686748768810844
0.601 0.6702839654028478
0.602 0.6718907682103253
0.603 0.6734952642833717
0.604 0.6750974326494495
0.605 0.6766972523840948
0.606 0.6782947026113827
0.607 0.6798897625043961
0.608 0.6814824112856914
0.609 0.6830726282277642
0.61 0.6846603926535186
0.611 0.6862456839367307
0.612 0.6878284815025191
0.613 0.6894087648278081
0.614 0.6909865134417963
0.615 0.6925617069264226
0.616 0.6941343249168342
0.617 0.6957043471018524
0.618 0.6972717532244377
0.619 0.6988365230821603
0.62 0.700398636527663
0.621 0.7019580734691307
0.622 0.7035148138707565
0.623 0.705068837753206
0.624 0.7066201251940875
0.625 0.708168656328418
0.626 0.7097144113490873
0.627 0.7112573705073284
0.628 0.7127975141131812
0.629 0.7143348225359606
0.63 0.7158692762047242
0.631 0.7174008556087375
0.632 0.7189295412979396
0.633 0.7204553138834136
0.634 0.7219781540378502
0.635 0.7234980424960146
0.636 0.7250149600552159
0.637 0.7265288875757703
0.638 0.7280398059814698
0.639 0.7295476962600494
0.64 0.7310525394636519
0.641 0.7325543167092969
0.642 0.7340530091793455
0.643 0.7355485981219678
0.644 0.7370410648516118
0.645 0.7385303907494651
0.646 0.7400165572639266
0.647 0.7414995459110705
0.648 0.7429793382751146
0.649 0.7444559160088855
0.65 0.7459292608342859
0.651 0.7473993545427616
0.652 0.748866178995769
0.653 0.7503297161252395
0.654 0.7517899479340492
0.655 0.7532468564964829
0.656 0.754700423958703
0.657 0.756150632539214
0.658 0.7575974645293321
0.659 0.7590409022936487
0.66 0.7604809282705004
0.661 0.7619175249724329
0.662 0.7633506749866692
0.663 0.7647803609755764
0.664 0.7662065656771317
0.665 0.7676292719053905
0.666 0.7690484625509502
0.667 0.7704641205814208
0.668 0.7718762290418885
0.669 0.7732847710553847
0.67 0.7746897298233514
0.671 0.7760910886261063
0.672 0.7774888308233153
0.673 0.7788829398544513
0.674 0.7802733992392681
0.675 0.7816601925782621
0.676 0.7830433035531418
0.677 0.7844227159272941
0.678 0.7857984135462497
0.679 0.7871703803381506
0.68 0.788538600314219
0.681 0.7899030575692193
0.682 0.7912637362819303
0.683 0.7926206207156061
0.684 0.7939736952184492
0.685 0.7953229442240715
0.686 0.796668352251964
0.687 0.798009903907964
0.6880000000000001 0.79934758388472
0.6890000000000001 0.8006813769621599
0.6900000000000001 0.802011268007956
0.6910000000000001 0.8033372419779942
0.6920000000000001 0.8046592839168379
0.6930000000000001 0.8059773789581981
0.6940000000000001 0.8072915123253971
0.6950000000000001 0.8086016693318351
0.6960000000000001 0.809907835381461
0.6970000000000001 0.8112099959692343
0.6980000000000001 0.8125081366815948
0.6990000000000001 0.8138022431969271
0.7000000000000001 0.8150923012860303
0.7010000000000001 0.8163782968125827
0.7020000000000001 0.8176602157336079
0.7030000000000001 0.8189380440999433
0.704 0.8202117680567065
0.705 0.8214813738437595
0.706 0.8227468477961802
0.707 0.8240081763447258
0.708 0.825265346016298
0.709 0.8265183434344151
0.71 0.827767155319673
0.711 0.8290117684902154
0.712 0.8302521698621999
0.713 0.831488346450265
0.714 0.8327202853679939
0.715 0.8339479738283865
0.716 0.835171399144321
0.717 0.8363905487290246
0.718 0.8376054100965367
0.719 0.8388159708621794
0.72 0.8400222187430205
0.721 0.8412241415583432
0.722 0.8424217272301111
0.723 0.8436149637834348
0.724 0.8448038393470403
0.725 0.8459883421537352
0.726 0.847168460540873
0.727 0.8483441829508239
0.728 0.8495154979314378
0.729 0.8506823941365131
0.73 0.8518448603262636
0.731 0.8530028853677849
0.732 0.8541564582355181
0.733 0.8553055680117227
0.734 0.8564502038869385
0.735 0.8575903551604522
0.736 0.8587260112407689
0.737 0.8598571616460725
0.738 0.8609837960046979
0.739 0.8621059040555937
0.74 0.8632234756487912
0.741 0.8643365007458705
0.742 0.8654449694204271
0.743 0.8665488718585399
0.744 0.8676481983592348
0.745 0.8687429393349543
0.746 0.8698330853120247
0.747 0.8709186269311188
0.748 0.8719995549477288
0.749 0.8730758602326262
0.75 0.8741475337723336
0.751 0.8752145666695902
0.752 0.8762769501438161
0.753 0.8773346755315841
0.754 0.8783877342870794
0.755 0.879436117982574
0.756 0.8804798183088873
0.757 0.8815188270758558
0.758 0.8825531362128002
0.759 0.88358273776899
0.76 0.8846076239141113
0.761 0.8856277869387343
0.762 0.8866432192547793
0.763 0.8876539133959839
0.764 0.8886598620183688
0.765 0.8896610579007048
0.766 0.8906574939449803
0.767 0.8916491631768666
0.768 0.8926360587461882
0.769 0.8936181739273839
0.77 0.8945955021199771
0.771 0.8955680368490437
0.772 0.8965357717656751
0.773 0.8974987006474486
0.774 0.8984568173988903
0.775 0.8994101160519471
0.776 0.9003585907664474
0.777 0.9013022358305716
0.778 0.9022410456613189
0.779 0.903175014804972
0.78 0.9041041379375659
0.781 0.905028409865353
0.782 0.9059478255252705
0.783 0.9068623799854072
0.784 0.9077720684454713
0.785 0.908676886237254
0.786 0.9095768288250993
0.787 0.9104718918063698
0.788 0.9113620709119135
0.789 0.912247362006529
0.79 0.9131277610894353
0.791 0.9140032642947356
0.792 0.9148738678918852
0.793 0.9157395682861601
0.794 0.9166003620191185
0.795 0.9174562457690746
0.796 0.9183072163515587
0.797 0.9191532707197887
0.798 0.9199944059651339
0.799 0.9208306193175834
0.8 0.9216619081462124
0.801 0.9224882699596497
0.802 0.9233097024065401
0.803 0.9241262032760181
0.804 0.9249377704981707
0.805 0.9257444021445024
0.806 0.9265460964284058
0.807 0.9273428517056271
0.808 0.9281346664747298
0.809 0.9289215393775669
0.81 0.9297034691997424
0.811 0.930480454871083
0.812 0.9312524954660981
0.8130000000000001 0.9320195902044544
0.8140000000000001 0.9327817384514364
0.8150000000000001 0.9335389397184175
0.8160000000000001 0.9342911936633234
0.8170000000000001 0.9350385000910998
0.8180000000000001 0.9357808589541816
0.8190000000000001 0.9365182703529555
0.8200000000000001 0.9372507345362289
0.8210000000000001 0.9379782519016987
0.8220000000000001 0.9387008229964134
0.8230000000000001 0.939418448517243
0.8240000000000001 0.9401311293113466
0.8250000000000001 0.9408388663766345
0.8260000000000001 0.9415416608622416
0.8270000000000001 0.9422395140689871
0.8280000000000001 0.942932427449847
0.8290000000000001 0.9436204026104177
0.8300000000000001 0.9443034413093825
0.8310000000000001 0.9449815454589823
0.8320000000000001 0.9456547171254759
0.833 0.9463229585296115
0.834 0.9469862720470941
0.835 0.9476446602090477
0.836 0.948298125702484
0.837 0.9489466713707737
0.838 0.9495903002141061
0.839 0.9502290153899581
0.84 0.9508628202135659
0.841 0.9514917181583824
0.842 0.9521157128565548
0.843 0.9527348080993802
0.844 0.9533490078377825
0.845 0.953958316182772
0.846 0.9545627374059157
0.847 0.9551622759398005
0.848 0.9557569363785061
0.849 0.9563467234780663
0.85 0.9569316421569366
0.851 0.9575116974964623
0.852 0.958086894741346
0.853 0.9586572393001105
0.854 0.9592227367455707
0.855 0.9597833928152969
0.856 0.9603392134120805
0.857 0.9608902046044056
0.858 0.9614363726269101
0.859 0.9619777238808562
0.86 0.9625142649345967
0.861 0.9630460025240398
0.862 0.9635729435531162
0.863 0.9640950950942493
0.864 0.9646124643888173
0.865 0.9651250588476218
0.866 0.9656328860513566
0.867 0.9661359537510704
0.868 0.9666342698686357
0.869 0.9671278424972172
0.87 0.9676166799017349
0.871 0.9681007905193343
0.872 0.9685801829598502
0.873 0.9690548660062754
0.874 0.9695248486152267
0.875 0.9699901399174112
0.876 0.9704507492180943
0.877 0.9709066859975665
0.878 0.9713579599116074
0.879 0.9718045807919555
0.88 0.9722465586467737
0.881 0.9726839036611153
0.882 0.9731166261973933
0.883 0.9735447367958431
0.884 0.9739682461749939
0.885 0.9743871652321309
0.886 0.9748015050437661
0.887 0.9752112768661012
0.888 0.9756164921354984
0.889 0.976017162468942
0.89 0.9764132996645121
0.891 0.9768049157018439
0.892 0.9771920227425991
0.893 0.9775746331309311
0.894 0.9779527593939529
0.895 0.9783264142422016
0.896 0.978695610570108
0.897 0.9790603614564605
0.898 0.9794206801648758
0.899 0.9797765801442581
0.9 0.9801280750292743
0.901 0.9804751786408183
0.902 0.9808179049864727
0.903 0.9811562682609813
0.904 0.9814902828467155
0.905 0.9818199633141363
0.906 0.9821453244222679
0.907 0.9824663811191567
0.908 0.9827831485423458
0.909 0.9830956420193356
0.91 0.9834038770680535
0.911 0.9837078693973212
0.912 0.9840076349073182
0.913 0.984303189690052
0.914 0.9845945500298232
0.915 0.9848817324036931
0.916 0.9851647534819491
0.917 0.9854436301285722
0.918 0.985718379401703
0.919 0.9859890185541103
0.92 0.9862555650336571
0.921 0.9865180364837649
0.922 0.9867764507438839
0.923 0.9870308258499576
0.924 0.987281180034892
0.925 0.9875275317290166
0.926 0.987769899560558
0.927 0.9880083023561046
0.928 0.9882427591410696
0.929 0.9884732891401616
0.93 0.9886999117778505
0.931 0.9889226466788349
0.932 0.9891415136685057
0.933 0.9893565327734171
0.934 0.9895677242217498
0.935 0.9897751084437814
0.936 0.9899787060723475
0.937 0.9901785379433158
0.9380000000000001 0.9903746250960451
0.9390000000000001 0.9905669887738586
0.9400000000000001 0.9907556504245073
0.9410000000000001 0.9909406317006371
0.9420000000000001 0.9911219544602553
0.9430000000000001 0.9912996407671968
0.9440000000000001 0.9914737128915945
0.9450000000000001 0.9916441933103425
0.9460000000000001 0.9918111047075627
0.9470000000000001 0.9919744699750718
0.9480000000000001 0.9921343122128509
0.9490000000000001 0.9922906547295093
0.9500000000000001 0.9924435210427509
0.9510000000000001 0.9925929348798419
0.9520000000000001 0.9927389201780809
0.9530000000000001 0.9928815010852582
0.9540000000000001 0.993020701960129
0.9550000000000001 0.9931565473728781
0.9560000000000001 0.9932890621055854
0.9570000000000001 0.9934182711526925
0.9580000000000001 0.993544199721475
0.9590000000000001 0.9936668732324982
0.96 0.9937863173200969
0.961 0.9939025578328302
0.962 0.9940156208339583
0.963 0.9941255326019011
0.964 0.99423231963071
0.965 0.9943360086305328
0.966 0.9944366265280813
0.967 0.9945342004670962
0.968 0.9946287578088158
0.969 0.994720326132442
0.97 0.9948089332356073
0.971 0.9948946071348395
0.972 0.994977376066033
0.973 0.9950572684849115
0.974 0.995134313067494
0.975 0.9952085387105674
0.976 0.9952799745321449
0.977 0.9953486498719407
0.978 0.9954145942918324
0.979 0.9954778375763258
0.98 0.9955384097330277
0.981 0.9955963409931076
0.982 0.9956516618117673
0.983 0.9957044028687051
0.984 0.9957545950685845
0.985 0.9958022695415004
0.986 0.9958474576434445
0.987 0.9958901909567758
0.988 0.9959305012906825
0.989 0.9959684206816521
0.99 0.996003981393936
0.991 0.996037215920018
0.992 0.9960681569810814
0.993 0.9960968375274721
0.994 0.9961232907391713
0.995 0.9961475500262554
0.996 0.9961696490293676
0.997 0.9961896216201829
0.998 0.9962075019018767
0.999 0.9962233242095877
1.0 0.9962371231108875
