0.0 1.0032813114512092e-2
1.0e-3 1.003651658911235e-2
2.0e-3 1.0040376423776507e-2
3.0e-3 1.0044449559694505e-2
4.0e-3 1.0048792593118198e-2
5.0e-3 1.0053461776054736e-2
6.0e-3 1.0058513016959914e-2
7.0e-3 1.0064001881431552e-2
8.0e-3 1.0069983592902865e-2
9.000000000000001e-3 1.0076513033335828e-2
1.0e-2 1.0083644743914532e-2
1.1e-2 1.0091432925738573e-2
1.2e-2 1.0099931440516406e-2
1.3000000000000001e-2 1.0109193811258719e-2
1.4e-2 1.0119273222971795e-2
1.5e-2 1.0130222523350895e-2
1.6e-2 1.0142094223473596e-2
1.7e-2 1.0154940498493196e-2
1.8000000000000002e-2 1.0168813188332059e-2
1.9e-2 1.0183763798374984e-2
2.0e-2 1.0199843500162582e-2
2.1e-2 1.021710313208464e-2
2.2e-2 1.0235593200073485e-2
2.3e-2 1.0255363878297357e-2
2.4e-2 1.027646500985378e-2
2.5e-2 1.0298946107462917e-2
2.6000000000000002e-2 1.0322856354160954e-2
2.7e-2 1.0348244603993462e-2
2.8e-2 1.0375159382708759e-2
2.9e-2 1.0403648888451284e-2
3.0e-2 1.0433760992454966e-2
3.1e-2 1.0465543239736589e-2
3.2e-2 1.0499042849789163e-2
3.3e-2 1.0534306717275286e-2
3.4e-2 1.0571381412720524e-2
3.5e-2 1.0610313183206762e-2
3.6000000000000004e-2 1.0651147953065586e-2
3.7e-2 1.0693931324571651e-2
3.8e-2 1.0738708578636041e-2
3.9e-2 1.0785524675499637e-2
4.0e-2 1.0834424255426493e-2
4.1e-2 1.0885451639397197e-2
4.2e-2 1.0938650829802244e-2
4.3000000000000003e-2 1.0994065511135404e-2
4.4e-2 1.105173905068709e-2
4.5e-2 1.1111714499237708e-2
4.6e-2 1.117403459175106e-2
4.7e-2 1.1238741748067693e-2
4.8e-2 1.1305878073598246e-2
4.9e-2 1.1375485360016865e-2
5.0e-2 1.1447605085954533e-2
5.1000000000000004e-2 1.1522278417692444e-2
5.2000000000000005e-2 1.1599546209855396e-2
5.3e-2 1.167944900610512e-2
5.4e-2 1.1762027039833686e-2
5.5e-2 1.1847320234856844e-2
5.6e-2 1.1935368206107404e-2
5.7e-2 1.2026210260328601e-2
5.8e-2 1.2119885396767466e-2
5.9000000000000004e-2 1.221643230786819e-2
6.0e-2 1.23158893799655e-2
6.1e-2 1.2418294693978016e-2
6.2e-2 1.252368602610161e-2
6.3e-2 1.2632100848502827e-2
6.4e-2 1.2743576330012161e-2
6.5e-2 1.2858149336817537e-2
6.6e-2 1.2975856433157554e-2
6.7e-2 1.3096733882014983e-2
6.8e-2 1.3220817645810007e-2
6.9e-2 1.3348143387093716e-2
7.0e-2 1.3478746469241337e-2
7.100000000000001e-2 1.3612661957145748e-2
7.200000000000001e-2 1.3749924617910712e-2
7.3e-2 1.3890568921544366e-2
7.4e-2 1.4034629041652483e-2
7.5e-2 1.4182138856131898e-2
7.6e-2 1.4333131947863885e-2
7.7e-2 1.4487641605407487e-2
7.8e-2 1.4645700823692901e-2
7.9e-2 1.480734230471486e-2
8.0e-2 1.4972598458225976e-2
8.1e-2 1.5141501402430127e-2
8.2e-2 1.5314082964675818e-2
8.3e-2 1.5490374682149552e-2
8.4e-2 1.567040780256918e-2
8.5e-2 1.585421328487731e-2
8.600000000000001e-2 1.604182179993463e-2
8.700000000000001e-2 1.6233263731213306e-2
8.8e-2 1.6428569175490328e-2
8.9e-2 1.6627767943540907e-2
9.0e-2 1.683088956083182e-2
9.1e-2 1.7037963268214773e-2
9.2e-2 1.7249018022619796e-2
9.3e-2 1.746408249774858e-2
9.4e-2 1.768318508476787e-2
9.5e-2 1.7906353893002824e-2
9.6e-2 1.813361675063039e-2
9.7e-2 1.8365001205372624e-2
9.8e-2 1.860053452519014e-2
9.9e-2 1.8840243698975436e-2
0.1 1.908415543724624e-2
0.101 1.93322961728389e-2
0.10200000000000001 1.9584692061601777e-2
0.10300000000000001 1.9841368983088577e-2
0.10400000000000001 2.0102352541251724e-2
0.105 2.036766806513573e-2
0.106 2.0637340609570603e-2
0.107 2.091139495586513e-2
0.108 2.1189855612500343e-2
0.109 2.1472746815822803e-2
0.11 2.1760092530738014e-2
0.111 2.2051916451403798e-2
0.112 2.2348242001923622e-2
0.113 2.264909233704002e-2
0.114 2.29544903428279e-2
0.115 2.326445863738796e-2
0.116 2.3579019571540044e-2
0.117 2.3898195229516486e-2
0.11800000000000001 2.4222007429655523e-2
0.11900000000000001 2.4550477725094614e-2
0.12 2.4883627404463853e-2
0.121 2.5221477492579313e-2
0.122 2.5564048751136402e-2
0.123 2.591136167940326e-2
0.124 2.6263436514914088e-2
0.125 2.66202932341626e-2
0.126 2.6981951553295268e-2
0.127 2.7348430928804773e-2
0.128 2.771975055822337e-2
0.129 2.809592938081626e-2
0.13 2.847698607827487e-2
0.131 2.8862939075410345e-2
0.132 2.925380654084685e-2
0.133 2.9649606387714945e-2
0.134 3.0050356274344957e-2
0.135 3.045607360496036e-2
0.136 3.0866775530371086e-2
0.137 3.128247894866701e-2
0.138 3.1703200505911175e-2
0.139 3.212895659683328e-2
0.14 3.255976336552297e-2
0.14100000000000001 3.299563670612328e-2
0.14200000000000002 3.343659226352388e-2
0.14300000000000002 3.3882645434054594e-2
0.14400000000000002 3.433381136617862e-2
0.145 3.479010496118604e-2
0.146 3.5251540873887106e-2
0.147 3.57181335133056e-2
0.148 3.6189897043372214e-2
0.149 3.666684538361797e-2
0.15 3.71489922098675e-2
0.151 3.7636350954932465e-2
0.152 3.812893480930501e-2
0.153 3.862675672185089e-2
0.154 3.9129829400503094e-2
0.155 3.9638165312955054e-2
0.156 4.015177668735413e-2
0.157 4.0670675512994844e-2
0.158 4.1194873541012346e-2
0.159 4.1724382285075745e-2
0.16 4.2259213022081535e-2
0.161 4.279937679284684e-2
0.162 4.334488440280292e-2
0.163 4.389574642268843e-2
0.164 4.445197318924287e-2
0.165 4.5013574805899896e-2
0.166 4.558056114348067e-2
0.167 4.615294184088739e-2
0.168 4.6730726305796395e-2
0.169 4.7313923715351744e-2
0.17 4.790254301685851e-2
0.171 4.849659292847615e-2
0.17200000000000001 4.909608193991187e-2
0.17300000000000001 4.970101831311396e-2
0.17400000000000002 5.0311410082965274e-2
0.17500000000000002 5.092726505797647e-2
0.176 5.154859082097943e-2
0.177 5.217539472982067e-2
0.178 5.2807683918054654e-2
0.179 5.344546529563712e-2
0.18 5.40887455496186e-2
0.181 5.473753114483762e-2
0.182 5.539182832461411e-2
0.183 5.6051643111442936e-2
0.184 5.671698130768701e-2
0.185 5.738784849627082e-2
0.186 5.806425004137379e-2
0.187 5.874619108912353e-2
0.188 5.943367656828944e-2
0.189 6.0126711190975755e-2
0.19 6.082529945331528e-2
0.191 6.152944563616233e-2
0.192 6.2239153805786616e-2
0.193 6.295442781456606e-2
0.194 6.367527130168069e-2
0.195 6.440168769380544e-2
0.196 6.51336802058042e-2
0.197 6.58712518414225e-2
0.198 6.661440539398143e-2
0.199 6.736314344707053e-2
0.2 6.811746837524167e-2
0.201 6.887738234470188e-2
0.202 6.964288731400717e-2
0.203 7.041398503475571e-2
0.20400000000000001 7.11906770522811e-2
0.20500000000000002 7.197296470634583e-2
0.20600000000000002 7.276084913183485e-2
0.20700000000000002 7.355433125944845e-2
0.20800000000000002 7.435341181639625e-2
0.209 7.515809132708991e-2
0.21 7.596837011383714e-2
0.211 7.678424829753455e-2
0.212 7.760572579836127e-2
0.213 7.84328023364723e-2
0.214 7.926547743269194e-2
0.215 8.010375040920688e-2
0.216 8.094762039025985e-2
0.217 8.179708630284291e-2
0.218 8.265214687739086e-2
0.219 8.351280064847444e-2
0.22 8.437904595549382e-2
0.221 8.525088094337205e-2
0.222 8.612830356324824e-2
0.223 8.701131157317114e-2
0.224 8.789990253879218e-2
0.225 8.879407383405943e-2
0.226 8.969382264191009e-2
0.227 9.059914595496475e-2
0.228 9.151004057622024e-2
0.229 9.242650311974304e-2
0.23 9.334853001136284e-2
0.231 9.427611748936589e-2
0.232 9.520926160518792e-2
0.233 9.614795822410827e-2
0.234 9.709220302594264e-2
0.23500000000000001 9.804199150573667e-2
0.23600000000000002 9.899731897445935e-2
0.23700000000000002 9.995818055969644e-2
0.23800000000000002 0.10092457120634357
0.23900000000000002 0.10189648567729988
0.24 0.10287391855416121
0.241 0.10385686423791379
0.242 0.1048453169496271
0.243 0.10583927073114766
0.244 0.10683871944579208
0.245 0.10784365677904073
0.246 0.10885407623923105
0.247 0.10986997115825053
0.248 0.11089133469223077
0.249 0.11191815982224022
0.25 0.11295043935497785
0.251 0.11398816592346646
0.252 0.11503133198774598
0.253 0.11607992983556707
0.254 0.11713395158308423
0.255 0.11819338917554917
0.256 0.11925823438800452
0.257 0.1203284788259766
0.258 0.12140411392616943
0.259 0.12248513095715781
0.26 0.12357152102008036
0.261 0.12466327504933358
0.262 0.1257603838132647
0.263 0.12686283791486513
0.264 0.12797062779246393
0.265 0.12908374372042125
0.266 0.13020217580982157
0.267 0.13132591400916693
0.268 0.13245494810507055
0.269 0.1335892677229502
0.27 0.13472886232772133
0.271 0.13587372122449073
0.272 0.13702383355924957
0.273 0.13817918831956705
0.274 0.1393397743352837
0.275 0.14050558027920465
0.276 0.14167659466779306
0.277 0.1428528058618636
0.278 0.14403420206727552
0.279 0.14522077133562636
0.28 0.14641250156494512
0.281 0.1476093805003856
0.28200000000000003 0.14881139573491997
0.28300000000000003 0.15001853471003188
0.28400000000000003 0.15123078471641022
0.28500000000000003 0.15244813289464165
0.28600000000000003 0.15367056623590528
0.28700000000000003 0.1548980715826648
0.28800000000000003 0.1561306356293624
0.289 0.15736824492311227
0.29 0.15861088586439373
0.291 0.15985854470774458
0.292 0.1611112075624544
0.293 0.16236886039325857
0.294 0.16363148902103053
0.295 0.1648990791234761
0.296 0.16617161623582632
0.297 0.1674490857515312
0.298 0.16873147292295262
0.299 0.17001876286205822
0.3 0.17131094054111412
0.301 0.1726079907933793
0.302 0.1739098983137976
0.303 0.1752166476596925
0.304 0.17652822325145925
0.305 0.1778446093732593
0.306 0.1791657901737128
0.307 0.18049174966659265
0.308 0.1818224717315171
0.309 0.1831579401146442
0.31 0.18449813842936402
0.311 0.1858430501569928
0.312 0.18719265864746606
0.313 0.1885469471200319
0.314 0.18990589866394428
0.315 0.1912694962391571
0.316 0.19263772267701618
0.317 0.1940105606809544
0.318 0.19538799282718314
0.319 0.1967700015653877
0.32 0.19815656921941857
0.321 0.1995476779879867
0.322 0.20094330994535528
0.323 0.20234344704203452
0.324 0.2037480711054737
0.325 0.20515716384075564
0.326 0.2065707068312892
0.327 0.20798868153950367
0.328 0.20941106930754064
0.329 0.210837851357949
0.33 0.21226900879437696
0.331 0.21370452260226658
0.332 0.215144373649546
0.333 0.21658854268732383
0.334 0.21803701035058193
0.335 0.21948975715886865
0.336 0.2209467635169926
0.337 0.22240800971571625
0.338 0.22387347593244836
0.339 0.2253431422319383
0.34 0.22681698856696866
0.341 0.22829499477904944
0.342 0.2297771405991106
0.343 0.23126340564819603
0.34400000000000003 0.23275376943815634
0.34500000000000003 0.23424821137234308
0.34600000000000003 0.23574671074630116
0.34700000000000003 0.2372492467484629
0.34800000000000003 0.23875579846084094
0.34900000000000003 0.24026634485972223
0.35000000000000003 0.24178086481636013
0.35100000000000003 0.24329933709767004
0.352 0.24482174036691962
0.353 0.24634805318442551
0.354 0.24787825400824423
0.355 0.24941232119486645
0.356 0.2509502329999106
0.357 0.2524919675788156
0.358 0.25403750298753497
0.359 0.2555868171832297
0.36 0.2571398880249614
0.361 0.2586966932743863
0.362 0.2602572105964486
0.363 0.26182141756007277
0.364 0.26338929163885855
0.365 0.26496081021177276
0.366 0.2665359505638439
0.367 0.26811468988685483
0.368 0.2696970052800359
0.369 0.27128287375075943
0.37 0.272872272215232
0.371 0.2744651774991881
0.372 0.27606156633858364
0.373 0.2776614153802897
0.374 0.2792647011827846
0.375 0.28087140021684887
0.376 0.28248148886625774
0.377 0.28409494342847436
0.378 0.2857117401153436
0.379 0.2873318550537855
0.38 0.2889552642864878
0.381 0.2905819437726008
0.382 0.2922118693884291
0.383 0.2938450169281262
0.384 0.29548136210438697
0.385 0.29712088054914176
0.386 0.2987635478142492
0.387 0.30040933937218983
0.388 0.30205823061676007
0.389 0.3037101968637639
0.39 0.30536521335170796
0.391 0.307023255242494
0.392 0.308684297622113
0.393 0.31034831550133724
0.394 0.31201528381641525
0.395 0.3136851774297635
0.396 0.31535797113066155
0.397 0.31703363963594405
0.398 0.31871215759069493
0.399 0.32039349956893975
0.4 0.3220776400743403
0.401 0.32376455354088757
0.402 0.32545421433359417
0.403 0.3271465967491893
0.404 0.3288416750168109
0.405 0.3305394232986997
0.406 0.3322398156908921
0.40700000000000003 0.3339428262239135
0.40800000000000003 0.33564842886347224
0.40900000000000003 0.33735659751115277
0.41000000000000003 0.33906730600510865
0.41100000000000003 0.3407805281207565
0.41200000000000003 0.34249623757146813
0.41300000000000003 0.34421440800926595
0.41400000000000003 0.3459350130255144
0.41500000000000004 0.3476580261516146
0.41600000000000004 0.34938342085969676
0.417 0.35111117056331437
0.418 0.35284124861813737
0.419 0.35457362832264483
0.42 0.35630828291881955
0.421 0.3580451855928397
0.422 0.35978430947577456
0.423 0.3615256276442751
0.424 0.3632691131212701
0.425 0.3650147388766573
0.426 0.3667624778279985
0.427 0.36851230284121067
0.428 0.3702641867312628
0.429 0.37201810226286564
0.43 0.37377402215116734
0.431 0.3755319190624457
0.432 0.37729176561480243
0.433 0.3790535343788557
0.434 0.38081719787843427
0.435 0.38258272859126985
0.436 0.3843500989496919
0.437 0.3861192813413192
0.438 0.3878902481097552
0.439 0.3896629715552791
0.44 0.3914374239355423
0.441 0.39321357746625785
0.442 0.39499140432189805
0.443 0.3967708766363836
0.444 0.39855196650378105
0.445 0.40033464597899254
0.446 0.4021188870784519
0.447 0.4039046617808163
0.448 0.40569194202766096
0.449 0.407480699724171
0.45 0.40927090673983596
0.451 0.4110625349091428
0.452 0.41285555603226987
0.453 0.41464994187577836
0.454 0.4164456641733082
0.455 0.4182426946262697
0.456 0.4200410049045381
0.457 0.42184056664714475
0.458 0.4236413514629741
0.459 0.4254433309314534
0.46 0.4272464766032484
0.461 0.42905076000095543
0.462 0.43085615261979615
0.463 0.4326626259283091
0.464 0.434470151369045
0.465 0.43627870035925814
0.466 0.4380882442916021
0.467 0.4398987545348201
0.468 0.44171020243444176
0.46900000000000003 0.4435225593134735
0.47000000000000003 0.4453357964730941
0.47100000000000003 0.44714988519334586
0.47200000000000003 0.44896479673383144
0.47300000000000003 0.45078050233440226
0.47400000000000003 0.45259697321585757
0.47500000000000003 0.45441418058063204
0.47600000000000003 0.45623209561349465
0.47700000000000004 0.45805068948223676
0.47800000000000004 0.4598699333383704
0.47900000000000004 0.46168979831781803
0.48 0.46351025554160813
0.481 0.46533127611656633
0.482 0.46715283113601164
0.483 0.46897489168044715
0.484 0.4707974288182554
0.485 0.4726204136063897
0.486 0.47444381709107025
0.487 0.47626761030847486
0.488 0.4780917642854335
0.489 0.4799162500401218
0.49 0.481741038582754
0.491 0.4835661009162773
0.492 0.48539140803706293
0.493 0.4872169309356026
0.494 0.4890426405971988
0.495 0.49086850800266096
0.496 0.49269450412899696
0.497 0.4945205999501068
0.498 0.4963467664374767
0.499 0.4981729745608717
0.5 0.49999919528902936
0.501 0.5018253995903532
0.502 0.5036515584336061
0.503 0.505477642788603
0.504 0.5073036236269045
0.505 0.509129471922512
0.506 0.5109551586525589
0.507 0.5127806547980037
0.508 0.5146059313443254
0.509 0.5164309592822157
0.51 0.5182557096082716
0.511 0.5200801533256909
0.512 0.5219042614449633
0.513 0.523728004984565
0.514 0.5255513549716522
0.515 0.5273742824427539
0.516 0.5291967584444651
0.517 0.5310187540341414
0.518 0.5328402402805906
0.519 0.5346611882647669
0.52 0.5364815690804657
0.521 0.5383013538350138
0.522 0.5401205136499658
0.523 0.5419390196617957
0.524 0.5437568430225913
0.525 0.5455739549007469
0.526 0.5473903264816562
0.527 0.5492059289684078
0.528 0.5510207335824747
0.529 0.5528347115644128
0.53 0.5546478341745493
0.531 0.5564600726936798
0.532 0.5582713984237591
0.533 0.5600817826885963
0.534 0.561891196834547
0.535 0.5636996122312083
0.536 0.5655070002721095
0.537 0.5673133323754074
0.538 0.5691185799845799
0.539 0.5709227145691181
0.54 0.5727257076252209
0.541 0.5745275306764875
0.542 0.5763281552746105
0.543 0.5781275530000706
0.544 0.5799256954628281
0.545 0.5817225543030192
0.546 0.5835181011916462
0.547 0.5853123078312715
0.548 0.5871051459567129
0.549 0.5888965873357361
0.55 0.5906866037697461
0.551 0.5924751670944829
0.552 0.5942622491807149
0.553 0.5960478219349298
0.554 0.5978318573000314
0.555 0.5996143272560297
0.556 0.6013952038207377
0.557 0.6031744590504605
0.558 0.6049520650406929
0.559 0.6067279939268101
0.56 0.6085022178847616
0.561 0.6102747091317655
0.562 0.6120454399270011
0.5630000000000001 0.6138143825723015
0.5640000000000001 0.6155815094128491
0.5650000000000001 0.617346792837867
0.5660000000000001 0.6191102052813129
0.5670000000000001 0.6208717192225736
0.5680000000000001 0.6226313071871559
0.5690000000000001 0.6243889417473826
0.5700000000000001 0.6261445955230845
0.5710000000000001 0.6278982411822942
0.5720000000000001 0.6296498514419383
0.5730000000000001 0.6313993990685333
0.5740000000000001 0.6331468568788761
0.5750000000000001 0.6348921977407394
0.5760000000000001 0.6366353945735638
0.577 0.6383764203491524
0.578 0.640115248092363
0.579 0.641851850881802
0.58 0.643586201850518
0.581 0.6453182741866945
0.582 0.647048041134344
0.583 0.6487754759940012
0.584 0.6505005521234156
0.585 0.6522232429382452
0.586 0.6539435219127514
0.587 0.6556613625804901
0.588 0.6573767385350069
0.589 0.6590896234305282
0.59 0.6607999909826573
0.591 0.6625078149690661
0.592 0.6642130692301891
0.593 0.6659157276699158
0.594 0.6676157642562853
0.595 0.6693131530221791
0.596 0.6710078680660141
0.597 0.6726998835524373
0.598 0.6743891737130171
0.599 0.6760757128469391
0.6 0.6777594753216968
0.601 0.6794404355737872
0.602 0.6811185681094036
0.603 0.682793847505128
0.604 0.6844662484086248
0.605 0.6861357455393365
0.606 0.6878023136891719
0.607 0.6894659277232059
0.608 0.6911265625803681
0.609 0.692784193274137
0.61 0.6944387948932358
0.611 0.696090342602322
0.612 0.697738811642685
0.613 0.6993841773329359
0.614 0.7010264150697022
0.615 0.7026655003283214
0.616 0.704301408663535
0.617 0.7059341157101799
0.618 0.7075635971838834
0.619 0.7091898288817559
0.62 0.7108127866830851
0.621 0.7124324465500271
0.622 0.7140487845283042
0.623 0.7156617767478918
0.624 0.7172713994237182
0.625 0.7188776288563549
0.626 0.7204804414327088
0.627 0.7220798136267185
0.628 0.7236757220000454
0.629 0.7252681432027677
0.63 0.7268570539740743
0.631 0.7284424311429588
0.632 0.7300242516289097
0.633 0.7316024924426078
0.634 0.7331771306866165
0.635 0.7347481435560768
0.636 0.7363155083394007
0.637 0.7378792024189634
0.638 0.7394392032717977
0.639 0.7409954884702873
0.64 0.7425480356828588
0.641 0.7440968226746776
0.642 0.7456418273083394
0.643 0.7471830275445627
0.644 0.7487204014428863
0.645 0.750253927162357
0.646 0.7517835829622269
0.647 0.7533093472026461
0.648 0.754831198345356
0.649 0.7563491149543807
0.65 0.757863075696723
0.651 0.7593730593430565
0.652 0.7608790447684203
0.653 0.7623810109529092
0.654 0.7638789369823713
0.655 0.765372802049098
0.656 0.766862585452519
0.657 0.7683482665998946
0.658 0.7698298250070109
0.659 0.7713072402988709
0.66 0.7727804922103898
0.661 0.7742495605870873
0.662 0.7757144253857803
0.663 0.7771750666752787
0.664 0.7786314646370762
0.665 0.7800835995660453
0.666 0.7815314518711295
0.667 0.7829750020760375
0.668 0.7844142308199361
0.669 0.7858491188581449
0.67 0.7872796470628274
0.671 0.7887057964236852
0.672 0.7901275480486528
0.673 0.791544883164589
0.674 0.7929577831179717
0.675 0.7943662293755905
0.676 0.7957702035252395
0.677 0.7971696872764136
0.678 0.7985646624609967
0.679 0.7999551110339598
0.68 0.8013410150740535
0.681 0.8027223567844983
0.682 0.8040991184936824
0.683 0.8054712826558504
0.684 0.8068388318518015
0.685 0.8082017487895791
0.686 0.809560016305165
0.687 0.8109136173631749
0.6880000000000001 0.8122625350575496
0.6890000000000001 0.8136067526122486
0.6900000000000001 0.8149462533819436
0.6910000000000001 0.8162810208527126
0.6920000000000001 0.8176110386427324
0.6930000000000001 0.8189362905029732
0.6940000000000001 0.8202567603178902
0.6950000000000001 0.8215724321061171
0.6960000000000001 0.8228832900211621
0.6970000000000001 0.8241893183520983
0.6980000000000001 0.8254905015242583
0.6990000000000001 0.826786824099927
0.7000000000000001 0.8280782707790357
0.7010000000000001 0.8293648263998563
0.7020000000000001 0.8306464759396918
0.7030000000000001 0.8319232045155718
0.704 0.8331949973849471
0.705 0.834461839946378
0.706 0.8357237177402348
0.707 0.8369806164493858
0.708 0.8382325218998914
0.709 0.8394794200617006
0.71 0.8407212970493401
0.711 0.8419581391226106
0.712 0.8431899326872792
0.713 0.8444166642957748
0.714 0.8456383206478751
0.715 0.8468548885914086
0.716 0.848066355122942
0.717 0.8492727073884757
0.718 0.850473932684136
0.719 0.8516700184568708
0.72 0.8528609523051404
0.721 0.8540467219796123
0.722 0.855227315383854
0.723 0.856402720575026
0.724 0.8575729257645762
0.725 0.8587379193189344
0.726 0.8598976897602013
0.727 0.8610522257668467
0.728 0.8622015161743993
0.729 0.8633455499761421
0.73 0.8644843163238064
0.731 0.8656178045282631
0.732 0.8667460040602154
0.733 0.8678689045508965
0.734 0.8689864957927591
0.735 0.8700987677401678
0.736 0.8712057105100988
0.737 0.8723073143828247
0.738 0.8734035698026159
0.739 0.8744944673784274
0.74 0.8755799978845963
0.741 0.8766601522615338
0.742 0.8777349216164182
0.743 0.8788042972238894
0.744 0.879868270526741
0.745 0.8809268331366145
0.746 0.8819799768346928
0.747 0.8830276935723916
0.748 0.8840699754720576
0.749 0.8851068148276544
0.75 0.8861382041054635
0.751 0.8871641359447732
0.752 0.8881846031585717
0.753 0.8891995987342443
0.754 0.890209115834262
0.755 0.8912131477968787
0.756 0.892211688136822
0.757 0.8932047305459879
0.758 0.8941922688941344
0.759 0.8951742972295733
0.76 0.8961508097798649
0.761 0.8971218009525115
0.762 0.8980872653356501
0.763 0.8990471976987455
0.764 0.9000015929932855
0.765 0.9009504463534711
0.766 0.9018937530969122
0.767 0.9028315087253213
0.768 0.9037637089252063
0.769 0.9046903495685618
0.77 0.9056114267135652
0.771 0.9065269366052702
0.772 0.9074368756762967
0.773 0.9083412405475293
0.774 0.909240028028805
0.775 0.910133235119613
0.776 0.9110208590097812
0.777 0.9119028970801745
0.778 0.9127793469033869
0.779 0.9136502062444336
0.78 0.9145154730614469
0.781 0.9153751455063662
0.782 0.916229221925633
0.783 0.9170777008608868
0.784 0.9179205810496553
0.785 0.9187578614260464
0.786 0.9195895411214453
0.787 0.9204156194652076
0.788 0.9212360959853493
0.789 0.9220509704092433
0.79 0.9228602426643113
0.791 0.9236639128787176
0.792 0.9244619813820625
0.793 0.9252544487060771
0.794 0.9260413155853121
0.795 0.926822582957837
0.796 0.927598251965929
0.797 0.9283683239567699
0.798 0.9291328004831353
0.799 0.9298916833040924
0.8 0.9306449743856897
0.801 0.9313926759016549
0.802 0.9321347902340803
0.803 0.9328713199741252
0.804 0.9336022679227053
0.805 0.9343276370911834
0.806 0.9350474307020675
0.807 0.9357616521897019
0.808 0.9364703052009594
0.809 0.9371733935959379
0.81 0.9378709214486498
0.811 0.9385628930477203
0.812 0.9392493128970743
0.8130000000000001 0.9399301857166364
0.8140000000000001 0.9406055164430196
0.8150000000000001 0.9412753102302208
0.8160000000000001 0.9419395724503147
0.8170000000000001 0.9425983086941437
0.8180000000000001 0.9432515247720165
0.8190000000000001 0.9438992267143963
0.8200000000000001 0.944541420772598
0.8210000000000001 0.9451781134194807
0.8220000000000001 0.9458093113501381
0.8230000000000001 0.9464350214825964
0.8240000000000001 0.9470552509585055
0.8250000000000001 0.9476700071438302
0.8260000000000001 0.9482792976295492
0.8270000000000001 0.9488831302323416
0.8280000000000001 0.9494815129952866
0.8290000000000001 0.9500744541885521
0.8300000000000001 0.9506619623100891
0.8310000000000001 0.9512440460863298
0.8320000000000001 0.9518207144728733
0.833 0.9523919766551827
0.834 0.9529578420492825
0.835 0.953518320302444
0.836 0.9540734212938825
0.837 0.9546231551354547
0.838 0.9551675321723453
0.839 0.955706562983762
0.84 0.956240258383634
0.841 0.9567686294212975
0.842 0.9572916873821963
0.843 0.9578094437885691
0.844 0.9583219104001484
0.845 0.9588290992148493
0.846 0.9593310224694654
0.847 0.9598276926403607
0.848 0.9603191224441654
0.849 0.9608053248384661
0.85 0.961286313022502
0.851 0.9617621004378549
0.852 0.9622327007691478
0.853 0.9626981279447309
0.854 0.9631583961373835
0.855 0.9636135197650014
0.856 0.9640635134912895
0.857 0.964508392226462
0.858 0.9649481711279275
0.859 0.9653828656009881
0.86 0.9658124912995307
0.861 0.9662370641267212
0.862 0.966656600235694
0.863 0.9670711160302535
0.864 0.967480628165559
0.865 0.9678851535488221
0.866 0.9682847093400017
0.867 0.9686793129524932
0.868 0.9690689820538231
0.869 0.9694537345663455
0.87 0.9698335886679321
0.871 0.9702085627926669
0.872 0.9705786756315397
0.873 0.9709439461331374
0.874 0.9713043935043406
0.875 0.9716600372110143
0.876 0.9720108969787041
0.877 0.9723569927933263
0.878 0.9726983449018631
0.879 0.9730349738130553
0.88 0.9733669002980981
0.881 0.9736941453913291
0.882 0.974016730390928
0.883 0.9743346768596051
0.884 0.9746480066252976
0.885 0.9749567417818603
0.886 0.9752609046897632
0.887 0.9755605179767796
0.888 0.975855604538684
0.889 0.9761461875399412
0.89 0.9764322904144056
0.891 0.9767139368660078
0.892 0.9769911508694521
0.893 0.9772639566709092
0.894 0.9775323787887094
0.895 0.9777964420140354
0.896 0.9780561714116165
0.897 0.978311592320422
0.898 0.9785627303543545
0.899 0.9788096114029399
0.9 0.9790522616320269
0.901 0.9792907074844777
0.902 0.9795249756808578
0.903 0.9797550932201347
0.904 0.9799810873803697
0.905 0.9802029857194087
0.906 0.9804208160755795
0.907 0.9806346065683811
0.908 0.9808443855991807
0.909 0.981050181851905
0.91 0.9812520242937337
0.911 0.9814499421757944
0.912 0.9816439650338534
0.913 0.9818341226890117
0.914 0.9820204452483963
0.915 0.9822029631058546
0.916 0.9823817069426491
0.917 0.9825567077281463
0.918 0.9827279967205144
0.919 0.9828956054674163
0.92 0.9830595658067025
0.921 0.9832199098671006
0.922 0.9833766700689148
0.923 0.9835298791247153
0.924 0.9836795700400349
0.925 0.9838257761140563
0.926 0.9839685309403129
0.927 0.9841078684073782
0.928 0.9842438226995589
0.929 0.9843764282975885
0.93 0.9845057199793229
0.931 0.9846317328204316
0.932 0.9847545021950905
0.933 0.9848740637766774
0.934 0.984990453538464
0.935 0.9851037077543107
0.936 0.9852138629993564
0.937 0.9853209561507175
0.9380000000000001 0.9854250243881733
0.9390000000000001 0.9855261051948699
0.9400000000000001 0.985624236358004
0.9410000000000001 0.985719455969522
0.9420000000000001 0.9858118024268105
0.9430000000000001 0.9859013144333892
0.9440000000000001 0.9859880309996085
0.9450000000000001 0.9860719914433397
0.9460000000000001 0.9861532353906676
0.9470000000000001 0.986231802776584
0.9480000000000001 0.9863077338456843
0.9490000000000001 0.9863810691528582
0.9500000000000001 0.9864518495639822
0.9510000000000001 0.9865201162566143
0.9520000000000001 0.9865859107206905
0.9530000000000001 0.9866492747592104
0.9540000000000001 0.9867102504889387
0.9550000000000001 0.986768880341094
0.9560000000000001 0.9868252070620424
0.9570000000000001 0.9868792737139912
0.9580000000000001 0.9869311236756869
0.9590000000000001 0.9869808006430979
0.96 0.9870283486301206
0.961 0.9870738119692616
0.962 0.98711723531234
0.963 0.9871586636311743
0.964 0.9871981422182787
0.965 0.9872357166875566
0.966 0.9872714329749933
0.967 0.9873053373393488
0.968 0.9873374763628531
0.969 0.987367896951896
0.97 0.9873966463377266
0.971 0.9874237720771376
0.972 0.9874493220531693
0.973 0.9874733444757944
0.974 0.9874958878826148
0.975 0.9875170011395554
0.976 0.987536733441556
0.977 0.9875551343132665
0.978 0.9875722536097397
0.979 0.9875881415171212
0.98 0.9876028485533492
0.981 0.9876164255688414
0.982 0.9876289237471941
0.983 0.9876403946058718
0.984 0.9876508899969012
0.985 0.9876604621075653
0.986 0.9876691634610953
0.987 0.9876770469173679
0.988 0.9876841656735934
0.989 0.9876905732650136
0.99 0.9876963235655902
0.991 0.9877014707887036
0.992 0.9877060694878433
0.993 0.9877101745573007
0.994 0.9877138412328657
0.995 0.9877171250925151
0.996 0.9877200820571103
0.997 0.9877227683910889
0.998 0.9877252407031589
0.999 0.9877275559469899
1.0 0.9877297714219092
