0.0 3.7752166973898677e-3
1.0e-3 3.7846360869726575e-3
2.0e-3 3.7941741790351643e-3
3.0e-3 3.803865969059474e-3
4.0e-3 3.8137465597582886e-3
5.0e-3 3.8238511576541142e-3
6.0e-3 3.8342150696777776e-3
7.0e-3 3.8448736997862307e-3
8.0e-3 3.8558625455996144e-3
9.000000000000001e-3 3.8672171950575253e-3
1.0e-2 3.878973323094458e-3
1.1e-2 3.891166688334397e-3
1.2e-2 3.903833129804481e-3
1.3000000000000001e-2 3.9170085636677475e-3
1.4e-2 3.930728979974879e-3
1.5e-2 3.945030439434938e-3
1.6e-2 3.959949070205036e-3
1.7e-2 3.975521064698916e-3
1.8000000000000002e-2 3.991782676414381e-3
1.9e-2 4.008770216779566e-3
2.0e-2 4.026520052017969e-3
2.1e-2 4.045068600032265e-3
2.2e-2 4.064452327306787e-3
2.3e-2 4.084707745828703e-3
2.4e-2 4.105871410027816e-3
2.5e-2 4.12797991373495e-3
2.6000000000000002e-2 4.151069887158889e-3
2.7e-2 4.175177993881832e-3
2.8e-2 4.200340927873324e-3
2.9e-2 4.226595410522609e-3
3.0e-2 4.253978187689401e-3
3.1e-2 4.282526026772987e-3
3.2e-2 4.312275713799672e-3
3.3e-2 4.343264050528487e-3
3.4e-2 4.375527851575144e-3
3.5e-2 4.409103941554191e-3
3.6000000000000004e-2 4.444029152239337e-3
3.7e-2 4.480340319741884e-3
3.8e-2 4.518074281707271e-3
3.9e-2 4.5572678745296235e-3
4.0e-2 4.597957930584363e-3
4.1e-2 4.640181275478733e-3
4.2e-2 4.683974725320294e-3
4.3000000000000003e-2 4.7293750840032844e-3
4.4e-2 4.776419140512844e-3
4.5e-2 4.825143666247049e-3
4.6e-2 4.875585412356717e-3
4.7e-2 4.927781107102959e-3
4.8e-2 4.981767453232402e-3
4.9e-2 5.037581125370102e-3
5.0e-2 5.095258767430051e-3
5.1000000000000004e-2 5.154836990043263e-3
5.2000000000000005e-2 5.216352368003432e-3
5.3e-2 5.2798414377300375e-3
5.4e-2 5.345340694748972e-3
5.5e-2 5.412886591190546e-3
5.6e-2 5.482515533304896e-3
5.7e-2 5.554263878994751e-3
5.8e-2 5.628167935365481e-3
5.9000000000000004e-2 5.704263956292432e-3
6.0e-2 5.782588140005487e-3
6.1e-2 5.86317662669081e-3
6.2e-2 5.946065496109738e-3
6.3e-2 6.031290765234833e-3
6.4e-2 6.118888385902899e-3
6.5e-2 6.208894242485198e-3
6.6e-2 6.3013441495744695e-3
6.7e-2 6.396273849689092e-3
6.8e-2 6.493719010994007e-3
6.9e-2 6.593715225038662e-3
7.0e-2 6.696298004511636e-3
7.100000000000001e-2 6.801502781012253e-3
7.200000000000001e-2 6.90936490283877e-3
7.3e-2 7.019919632793464e-3
7.4e-2 7.133202146004232e-3
7.5e-2 7.249247527762986e-3
7.6e-2 7.3680907713805826e-3
7.7e-2 7.489766776058299e-3
7.8e-2 7.61431034477591e-3
7.9e-2 7.74175618219619e-3
8.0e-2 7.8721388925859e-3
8.1e-2 8.005492977753189e-3
8.2e-2 8.14185283500133e-3
8.3e-2 8.281252755098866e-3
8.4e-2 8.42372692026596e-3
8.5e-2 8.569309402177087e-3
8.600000000000001e-2 8.718034159979874e-3
8.700000000000001e-2 8.86993503833018e-3
8.8e-2 9.025045765443256e-3
8.9e-2 9.183399951161072e-3
9.0e-2 9.345031085035649e-3
9.1e-2 9.509972534428443e-3
9.2e-2 9.678257542625713e-3
9.3e-2 9.849919226969824e-3
9.4e-2 1.0024990577006478e-2
9.5e-2 1.020350445264779e-2
9.6e-2 1.0385493582351198e-2
9.7e-2 1.0570990561314173e-2
9.8e-2 1.0760027849684675e-2
9.9e-2 1.0952637770787338e-2
0.1 1.1148852509365283e-2
0.101 1.1348704109837598e-2
0.10200000000000001 1.1552224474572447e-2
0.10300000000000001 1.1759445362175667e-2
0.10400000000000001 1.197039838579493e-2
0.105 1.2185115011439339e-2
0.106 1.2403626556314587e-2
0.107 1.2625964187173296e-2
0.108 1.2852158918680958e-2
0.109 1.3082241611797026e-2
0.11 1.3316242972171398e-2
0.111 1.3554193548556078e-2
0.112 1.3796123731232056e-2
0.113 1.4042063750451425e-2
0.114 1.4292043674894507e-2
0.115 1.4546093410142161e-2
0.116 1.4804242697163137e-2
0.117 1.5066521110816376e-2
0.11800000000000001 1.5332958058368389e-2
0.11900000000000001 1.5603582778025423e-2
0.12 1.587842433748072e-2
0.121 1.6157511632476414e-2
0.122 1.6440873385380434e-2
0.123 1.6728538143778074e-2
0.124 1.702053427907833e-2
0.125 1.7316889985134993e-2
0.126 1.7617633276882278e-2
0.127 1.7922791988985214e-2
0.128 1.8232393774504536e-2
0.129 1.8546466103576183e-2
0.13 1.8865036262105204e-2
0.131 1.9188131350474227e-2
0.132 1.951577828226636e-2
0.133 1.9848003783002374e-2
0.134 2.0184834388892386e-2
0.135 2.052629644560171e-2
0.136 2.0872416107031076e-2
0.137 2.122321933411112e-2
0.138 2.157873189361087e-2
0.139 2.193897935696068e-2
0.14 2.230398709908901e-2
0.14100000000000001 2.2673780297273488e-2
0.14200000000000002 2.304838393000583e-2
0.14300000000000002 2.3427822775871007e-2
0.14400000000000002 2.381212141244004e-2
0.145 2.420130421517709e-2
0.146 2.459539535636013e-2
0.147 2.499441880401561e-2
0.148 2.539839832086688e-2
0.149 2.5807357463296467e-2
0.15 2.6221319580321933e-2
0.151 2.6640307812585556e-2
0.152 2.706434509135763e-2
0.153 2.7493454137553257e-2
0.154 2.792765746076293e-2
0.155 2.836697735829645e-2
0.156 2.8811435914240534e-2
0.157 2.9261054998529604e-2
0.158 2.9715856266030276e-2
0.159 3.0175861155639125e-2
0.16 3.0641090889393693e-2
0.161 3.1111566471596932e-2
0.162 3.1587308687954875e-2
0.163 3.206833810472742e-2
0.164 3.255467506789255e-2
0.165 3.304633970232341e-2
0.166 3.354335191097861e-2
0.167 3.40457313741058e-2
0.168 3.455349754845782e-2
0.169 3.5066669666522284e-2
0.17 3.558526673576383e-2
0.171 3.610930753787952e-2
0.17200000000000001 3.6638810628066835e-2
0.17300000000000001 3.717379433430466e-2
0.17400000000000002 3.771427675664719e-2
0.17500000000000002 3.826027576653032e-2
0.176 3.881180900609092e-2
0.177 3.936889388749878e-2
0.178 3.9931547592301206e-2
0.179 4.049978707078006e-2
0.18 4.1073629041321676e-2
0.181 4.16530899897989e-2
0.182 4.223818616896597e-2
0.183 4.282893359786568e-2
0.184 4.342534806124892e-2
0.185 4.4027445109006594e-2
0.186 4.463524005561406e-2
0.187 4.5248747979587514e-2
0.188 4.5867983722953004e-2
0.189 4.64929618907272e-2
0.19 4.7123696850411054e-2
0.191 4.776020273149447e-2
0.192 4.840249342497455e-2
0.193 4.905058258288431e-2
0.194 4.970448361783489e-2
0.195 5.036420970256839e-2
0.196 5.1029773769524e-2
0.197 5.170118851041457e-2
0.198 5.2378466375816585e-2
0.199 5.306161957477048e-2
0.2 5.375066007439409e-2
0.201 5.444559959950651e-2
0.202 5.514644963226506e-2
0.203 5.585322141181273e-2
0.20400000000000001 5.656592593393787e-2
0.20500000000000002 5.7284573950745266e-2
0.20600000000000002 5.8009175970339166e-2
0.20700000000000002 5.8739742256516875e-2
0.20800000000000002 5.947628282847516e-2
0.209 6.021880746052664e-2
0.21 6.0967325681828964e-2
0.211 6.1721846776124134e-2
0.212 6.248237978149001e-2
0.213 6.324893349010273e-2
0.214 6.40215164480103e-2
0.215 6.480013695491758e-2
0.216 6.558480306398236e-2
0.217 6.637552258162248e-2
0.218 6.717230306733417e-2
0.219 6.79751518335214e-2
0.22 6.878407594533607e-2
0.221 6.959908222052946e-2
0.222 7.042017722931432e-2
0.223 7.124736729423813e-2
0.224 7.20806584900668e-2
0.225 7.292005664367994e-2
0.226 7.376556733397573e-2
0.227 7.461719589178784e-2
0.228 7.547494739981202e-2
0.229 7.633882669254381e-2
0.23 7.720883835622697e-2
0.231 7.80849867288121e-2
0.232 7.896727589992598e-2
0.233 7.98557097108518e-2
0.234 8.075029175451899e-2
0.23500000000000001 8.165102537550432e-2
0.23600000000000002 8.255791367004303e-2
0.23700000000000002 8.347095948605028e-2
0.23800000000000002 8.439016542315271e-2
0.23900000000000002 8.531553383273076e-2
0.24 8.624706681797092e-2
0.241 8.718476623392837e-2
0.242 8.812863368759923e-2
0.243 8.907867053800354e-2
0.244 9.003487789627795e-2
0.245 9.099725662577887e-2
0.246 9.196580734219503e-2
0.247 9.294053041367015e-2
0.248 9.392142596093626e-2
0.249 9.490849385745562e-2
0.25 9.590173372957354e-2
0.251 9.690114495668053e-2
0.252 9.79067266713843e-2
0.253 9.891847775969136e-2
0.254 9.99363968611989e-2
0.255 0.10096048236929508
0.256 0.10199073243137048
0.257 0.10302714494903757
0.258 0.10406971757836116
0.259 0.10511844773009743
0.26 0.10617333256994209
0.261 0.10723436901878941
0.262 0.10830155375299903
0.263 0.10937488320467285
0.264 0.11045435356194153
0.265 0.11153996076925947
0.266 0.11263170052770964
0.267 0.11372956829531705
0.268 0.1148335592873719
0.269 0.1159436684767617
0.27 0.1170598905943119
0.271 0.11818222012913643
0.272 0.11931065132899663
0.273 0.12044517820066883
0.274 0.1215857945103223
0.275 0.12273249378390388
0.276 0.12388526930753348
0.277 0.12504411412790697
0.278 0.12620902105270868
0.279 0.12737998265103193
0.28 0.12855699125380887
0.281 0.12974003895424865
0.28200000000000003 0.13092911760828405
0.28300000000000003 0.1321242188350267
0.28400000000000003 0.13332533401723162
0.28500000000000003 0.13453245430176816
0.28600000000000003 0.1357455706001027
0.28700000000000003 0.13696467358878595
0.28800000000000003 0.13818975370995154
0.289 0.13942080117182193
0.29 0.14065780594922175
0.291 0.1419007577841012
0.292 0.14314964618606563
0.293 0.14440446043291538
0.294 0.14566518957119146
0.295 0.14693182241673167
0.296 0.14820434755523262
0.297 0.14948275334282188
0.298 0.15076702790663568
0.299 0.15205715914540724
0.3 0.15335313473006024
0.301 0.15465494210431288
0.302 0.15596256848528695
0.303 0.15727600086412782
0.304 0.15859522600662848
0.305 0.1599202304538653
0.306 0.16125100052283783
0.307 0.16258752230711881
0.308 0.16392978167751007
0.309 0.1652777642827074
0.31 0.16663145554997155
0.311 0.16799084068580766
0.312 0.1693559046766519
0.313 0.17072663228956533
0.314 0.17210300807293472
0.315 0.17348501635718236
0.316 0.17487264125548022
0.317 0.1762658666644748
0.318 0.17766467626501595
0.319 0.17906905352289582
0.32 0.18047898168959164
0.321 0.18189444380301936
0.322 0.1833154226882904
0.323 0.18474190095847923
0.324 0.18617386101539415
0.325 0.18761128505035873
0.326 0.1890541550449965
0.327 0.1905024527720261
0.328 0.19195615979605918
0.329 0.19341525747440969
0.33 0.1948797269579054
0.331 0.19634954919171005
0.332 0.19782470491614848
0.333 0.19930517466754172
0.334 0.20079093877904614
0.335 0.20228197738150058
0.336 0.20377827040427937
0.337 0.20527979757615228
0.338 0.2067865384261498
0.339 0.20829847228443668
0.34 0.209815578283189
0.341 0.2113378353574815
0.342 0.2128652222461768
0.343 0.21439771749282419
0.34400000000000003 0.21593529944656253
0.34500000000000003 0.21747794626303144
0.34600000000000003 0.21902563590528537
0.34700000000000003 0.2205783461447176
0.34800000000000003 0.22213605456198665
0.34900000000000003 0.22369873854795158
0.35000000000000003 0.22526637530461105
0.35100000000000003 0.22683894184605052
0.352 0.2284164149993919
0.353 0.22999877140575395
0.354 0.23158598752121337
0.355 0.23317803961777506
0.356 0.23477490378434693
0.357 0.23637655592772025
0.358 0.23798297177355626
0.359 0.23959412686737755
0.36 0.24120999657556555
0.361 0.24283055608636342
0.362 0.24445578041088506
0.363 0.24608564438412772
0.364 0.2477201226659924
0.365 0.24935918974230745
0.366 0.2510028199258598
0.367 0.25265098735742875
0.368 0.2543036660068271
0.369 0.25596082967394734
0.37 0.2576224519898117
0.371 0.2592885064176281
0.372 0.2609589662538519
0.373 0.26263380462925223
0.374 0.2643129945099815
0.375 0.26599650869865366
0.376 0.2676843198354238
0.377 0.2693764003990748
0.378 0.2710727227081078
0.379 0.27277325892183785
0.38 0.27447798104149534
0.381 0.2761868609113295
0.382 0.27789987021971974
0.383 0.2796169805002897
0.384 0.2813381631330258
0.385 0.2830633893454023
0.386 0.2847926302135085
0.387 0.2865258566631821
0.388 0.2882630394711472
0.389 0.29000414926615387
0.39 0.2917491565301269
0.391 0.29349803159931476
0.392 0.2952507446654448
0.393 0.2970072657768821
0.394 0.2987675648397935
0.395 0.30053161161931385
0.396 0.30229937574071947
0.397 0.30407082669060237
0.398 0.3058459338180514
0.399 0.3076246663358349
0.4 0.30940699332158933
0.401 0.31119288371901205
0.402 0.31298230633905555
0.403 0.31477522986112816
0.404 0.31657162283429763
0.405 0.31837145367849845
0.406 0.32017469068574234
0.40700000000000003 0.32198130202133385
0.40800000000000003 0.3237912557250894
0.40900000000000003 0.3256045197125585
0.41000000000000003 0.32742106177625036
0.41100000000000003 0.3292408495868629
0.41200000000000003 0.3310638506945155
0.41300000000000003 0.3328900325299869
0.41400000000000003 0.3347193624059533
0.41500000000000004 0.336551807518233
0.41600000000000004 0.33838733494703255
0.417 0.34022591165819716
0.418 0.34206750450446444
0.419 0.3439120802267195
0.42 0.34575960545525747
0.421 0.34761004671104345
0.422 0.34946337040698244
0.423 0.3513195428491844
0.424 0.35317853023824114
0.425 0.3550402986704977
0.426 0.35690481413933445
0.427 0.3587720425364446
0.428 0.36064194965312363
0.429 0.3625145011815506
0.43 0.364389662716083
0.431 0.3662673997545468
0.432 0.36814767769953366
0.433 0.370030461859698
0.434 0.37191571745105945
0.435 0.37380340959830444
0.436 0.3756935033360948
0.437 0.3775859636103749
0.438 0.3794807552796841
0.439 0.3813778431164689
0.44 0.38327719180840253
0.441 0.3851787659596989
0.442 0.38708253009243915
0.443 0.38898844864788945
0.444 0.39089648598783217
0.445 0.3928066063958888
0.446 0.3947187740788546
0.447 0.39663295316802716
0.448 0.39854910772054436
0.449 0.40046720172071754
0.45 0.40238719908137277
0.451 0.4043090636451903
0.452 0.4062327591860484
0.453 0.4081582494103654
0.454 0.41008549795844973
0.455 0.4120144684058452
0.456 0.41394512426468394
0.457 0.41587742898503477
0.458 0.4178113459562615
0.459 0.41974683850837463
0.46 0.4216838699133904
0.461 0.42362240338668855
0.462 0.4255624020883747
0.463 0.42750382912463814
0.464 0.4294466475491208
0.465 0.431390820364277
0.466 0.4333363105227437
0.467 0.4352830809287048
0.468 0.4372310944392647
0.46900000000000003 0.439180313865813
0.47000000000000003 0.44113070197540194
0.47100000000000003 0.44308222149211457
0.47200000000000003 0.44503483509844377
0.47300000000000003 0.4469885054366618
0.47400000000000003 0.4489431951102029
0.47500000000000003 0.4508988666850349
0.47600000000000003 0.4528554826910437
0.47700000000000004 0.45481300562340704
0.47800000000000004 0.45677139794398053
0.47900000000000004 0.4587306220826743
0.48 0.46069064043884045
0.481 0.462651415382651
0.482 0.46461290925648613
0.483 0.4665750843763168
0.484 0.4685379030330917
0.485 0.4705013274941222
0.486 0.47246532000447056
0.487 0.4744298427883368
0.488 0.47639485805044685
0.489 0.4783603279774418
0.49 0.48032621473926657
0.491 0.48229248049056056
0.492 0.4842590873720457
0.493 0.4862259975119194
0.494 0.4881931730272436
0.495 0.49016057602533686
0.496 0.4921281686051664
0.497 0.49409591285873716
0.498 0.4960637708724873
0.499 0.4980317047286771
0.5 0.49999967650678295
0.501 0.5019676482848887
0.502 0.5039355821410787
0.503 0.5059034401548289
0.504 0.5078711844083993
0.505 0.5098387769882285
0.506 0.5118061799863224
0.507 0.5137733555016465
0.508 0.51574026564152
0.509 0.5177068725230056
0.51 0.5196731382742991
0.511 0.5216390250361241
0.512 0.5236044949631191
0.513 0.525569510225229
0.514 0.5275340330090951
0.515 0.5294980255194434
0.516 0.531461449980474
0.517 0.533424268637249
0.518 0.5353864437570799
0.519 0.537347937630915
0.52 0.5393087125747258
0.521 0.5412687309308917
0.522 0.543227955069586
0.523 0.545186347390159
0.524 0.5471438703225224
0.525 0.549100486328531
0.526 0.551056157903363
0.527 0.5530108475769041
0.528 0.5549645179151225
0.529 0.5569171315214514
0.53 0.5588686510381645
0.531 0.5608190391477531
0.532 0.5627682585743016
0.533 0.564716272084861
0.534 0.5666630424908221
0.535 0.5686085326492889
0.536 0.5705527054644453
0.537 0.5724955238889275
0.538 0.5744369509251915
0.539 0.5763769496268769
0.54 0.5783154831001756
0.541 0.5802525145051914
0.542 0.5821880070573046
0.543 0.5841219240285314
0.544 0.5860542287488821
0.545 0.5879848846077205
0.546 0.5899138550551165
0.547 0.5918411036032006
0.548 0.5937665938275174
0.549 0.5956902893683756
0.55 0.5976121539321935
0.551 0.5995321512928482
0.552 0.6014502452930217
0.553 0.6033663998455384
0.554 0.6052805789347113
0.555 0.6071927466176767
0.556 0.609102867025734
0.557 0.6110109043656762
0.558 0.6129168229211269
0.559 0.6148205870538669
0.56 0.6167221612051635
0.561 0.6186215098970969
0.562 0.6205185977338821
0.5630000000000001 0.622413389403191
0.5640000000000001 0.6243058496774708
0.5650000000000001 0.6261959434152613
0.5660000000000001 0.6280836355625063
0.5670000000000001 0.629968891153868
0.5680000000000001 0.6318516753140324
0.5690000000000001 0.6337319532590191
0.5700000000000001 0.6356096902974832
0.5710000000000001 0.6374848518320155
0.5720000000000001 0.6393574033604423
0.5730000000000001 0.641227310477121
0.5740000000000001 0.6430945388742318
0.5750000000000001 0.644959054343068
0.5760000000000001 0.646820822775325
0.577 0.6486798101643815
0.578 0.6505359826065835
0.579 0.652389306302522
0.58 0.6542397475583084
0.581 0.6560872727868461
0.582 0.6579318485091014
0.583 0.6597734413553684
0.584 0.6616120180665338
0.585 0.6634475454953329
0.586 0.6652799906076127
0.587 0.6671093204835787
0.588 0.6689355023190505
0.589 0.6707585034267033
0.59 0.6725782912373152
0.591 0.6743948333010068
0.592 0.6762080972884762
0.593 0.6780180509922321
0.594 0.6798246623278237
0.595 0.6816278993350677
0.596 0.683427730179268
0.597 0.6852241231524379
0.598 0.6870170466745104
0.599 0.6888064692945541
0.6 0.6905923596919766
0.601 0.6923746866777309
0.602 0.6941534191955144
0.603 0.6959285263229634
0.604 0.6976999772728462
0.605 0.6994677413942523
0.606 0.7012317881737723
0.607 0.7029920872366836
0.608 0.704748608348121
0.609 0.7065013214142509
0.61 0.7082501964834391
0.611 0.709995203747412
0.612 0.7117363135424188
0.613 0.713473496350384
0.614 0.7152067228000575
0.615 0.7169359636681637
0.616 0.7186611898805397
0.617 0.7203823725132762
0.618 0.7220994827938458
0.619 0.7238124921022363
0.62 0.7255213719720706
0.621 0.7272260940917279
0.622 0.7289266303054587
0.623 0.7306229526144913
0.624 0.7323150331781418
0.625 0.7340028443149124
0.626 0.7356863585035844
0.627 0.7373655483843137
0.628 0.7390403867597141
0.629 0.7407108465959378
0.63 0.742376901023754
0.631 0.7440385233396186
0.632 0.7456956870067385
0.633 0.7473483656561373
0.634 0.7489965330877061
0.635 0.7506401632712579
0.636 0.7522792303475736
0.637 0.7539137086294383
0.638 0.7555435726026808
0.639 0.7571687969272027
0.64 0.7587893564380004
0.641 0.7604052261461884
0.642 0.7620163812400099
0.643 0.7636227970858455
0.644 0.7652244492292191
0.645 0.7668213133957915
0.646 0.7684133654923525
0.647 0.7700005816078119
0.648 0.771582938014174
0.649 0.7731604111675158
0.65 0.774732977708955
0.651 0.7763006144656145
0.652 0.7778632984515795
0.653 0.7794210068688483
0.654 0.7809737171082803
0.655 0.7825214067505346
0.656 0.7840640535670035
0.657 0.7856016355207418
0.658 0.7871341307673895
0.659 0.7886615176560846
0.66 0.7901837747303769
0.661 0.7917008807291294
0.662 0.7932128145874161
0.663 0.7947195554374137
0.664 0.7962210826092867
0.665 0.7977173756320656
0.666 0.7992084142345198
0.667 0.8006941783460242
0.668 0.8021746480974171
0.669 0.8036498038218556
0.67 0.8051196260556606
0.671 0.8065840955391564
0.672 0.8080431932175068
0.673 0.8094969002415401
0.674 0.8109451979685697
0.675 0.8123880679632076
0.676 0.8138254919981717
0.677 0.8152574520550872
0.678 0.8166839303252758
0.679 0.8181049092105465
0.68 0.8195203713239743
0.681 0.82093029949067
0.682 0.8223346767485502
0.683 0.823733486349091
0.684 0.8251267117580856
0.685 0.826514336656384
0.686 0.8278963449406312
0.687 0.8292727207240007
0.6880000000000001 0.830643448336914
0.6890000000000001 0.8320085123277582
0.6900000000000001 0.8333678974635947
0.6910000000000001 0.8347215887308588
0.6920000000000001 0.8360695713360555
0.6930000000000001 0.8374118307064468
0.6940000000000001 0.8387483524907287
0.6950000000000001 0.8400791225597007
0.6960000000000001 0.8414041270069373
0.6970000000000001 0.8427233521494384
0.6980000000000001 0.8440367845282797
0.6990000000000001 0.8453444109092535
0.7000000000000001 0.8466462182835055
0.7010000000000001 0.8479421938681587
0.7020000000000001 0.8492323251069301
0.7030000000000001 0.8505165996707439
0.704 0.8517950054583336
0.705 0.8530675305968337
0.706 0.8543341634423741
0.707 0.8555948925806506
0.708 0.8568497068275
0.709 0.8580985952294652
0.71 0.8593415470643444
0.711 0.8605785518417447
0.712 0.8618095993036144
0.713 0.8630346794247806
0.714 0.8642537824134633
0.715 0.8654668987117982
0.716 0.8666740189963344
0.717 0.8678751341785393
0.718 0.8690702354052817
0.719 0.8702593140593173
0.72 0.8714423617597569
0.721 0.8726193703625343
0.722 0.8737903319608579
0.723 0.8749552388856594
0.724 0.8761140837060322
0.725 0.8772668592296624
0.726 0.8784135585032433
0.727 0.8795541748128974
0.728 0.8806887016845695
0.729 0.8818171328844294
0.73 0.8829394624192536
0.731 0.8840556845368046
0.732 0.885165793726194
0.733 0.8862697847182489
0.734 0.8873676524858567
0.735 0.8884593922443061
0.736 0.8895449994516246
0.737 0.8906244698088929
0.738 0.8916977992605669
0.739 0.8927649839947767
0.74 0.8938260204436234
0.741 0.8948809052834683
0.742 0.8959296354352041
0.743 0.8969722080645284
0.744 0.8980086205821955
0.745 0.8990388706442702
0.746 0.9000629561523674
0.747 0.9010808752538743
0.748 0.902092626342182
0.749 0.9030982080568853
0.75 0.9040976192839923
0.751 0.9050908591561104
0.752 0.9060779270526294
0.753 0.9070588225998956
0.754 0.9080335456713706
0.755 0.9090020963877871
0.756 0.9099644751172878
0.757 0.9109206824755621
0.758 0.9118707193259663
0.759 0.9128145867796376
0.76 0.9137522861955953
0.761 0.9146838191808352
0.762 0.9156091875904131
0.763 0.9165283935275151
0.764 0.9174414393435228
0.765 0.9183483276380617
0.766 0.919249061259047
0.767 0.9201436433027135
0.768 0.9210320771136397
0.769 0.9219143662847538
0.77 0.9227905146573385
0.771 0.923660526321022
0.772 0.9245244056137535
0.773 0.9253821571217781
0.774 0.9262337856795898
0.775 0.927079296369886
0.776 0.9279186945234993
0.777 0.9287519857193276
0.778 0.9295791757842515
0.779 0.9304002707930361
0.78 0.9312152770682296
0.781 0.9320242011800446
0.782 0.9328270499462316
0.783 0.933623830431943
0.784 0.9344145499495836
0.785 0.9351992160586484
0.786 0.9359778365655553
0.787 0.9367504195234633
0.788 0.9375169732320756
0.789 0.9382775062374418
0.79 0.939032027331737
0.791 0.9397805455530394
0.792 0.9405230701850901
0.793 0.9412596107570491
0.794 0.9419901770432264
0.795 0.9427147790628205
0.796 0.9434334270796276
0.797 0.9441461316017535
0.798 0.9448529033813009
0.799 0.9455537534140592
0.8 0.9462486929391714
0.801 0.9469377334387955
0.802 0.9476208866377498
0.803 0.9482981645031511
0.804 0.9489695792440426
0.805 0.9496351433109979
0.806 0.9502948693957313
0.807 0.9509487704306819
0.808 0.9515968595885914
0.809 0.9522391502820714
0.81 0.9528756561631547
0.811 0.9535063911228394
0.812 0.954131369290613
0.8130000000000001 0.9547506050339787
0.8140000000000001 0.955364112957952
0.8150000000000001 0.9559719079045591
0.8160000000000001 0.9565740049523173
0.8170000000000001 0.9571704194156998
0.8180000000000001 0.9577611668446
0.8190000000000001 0.9583462630237668
0.8200000000000001 0.9589257239722437
0.8210000000000001 0.9594995659427858
0.8220000000000001 0.9600678054212648
0.8230000000000001 0.9606304591260667
0.8240000000000001 0.9611875440074751
0.8250000000000001 0.9617390772470351
0.8260000000000001 0.9622850762569187
0.8270000000000001 0.9628255586792608
0.8280000000000001 0.9633605423854987
0.8290000000000001 0.9638900454756867
0.8300000000000001 0.9644140862778013
0.8310000000000001 0.9649326833470437
0.8320000000000001 0.9654458554651085
0.833 0.9659536216394595
0.834 0.9664560011025869
0.835 0.9669530133112427
0.836 0.9674446779456727
0.837 0.9679310149088374
0.838 0.9684120443256111
0.839 0.9688877865419687
0.84 0.9693582621241726
0.841 0.9698234918579262
0.842 0.9702834967475361
0.843 0.9707382980150357
0.844 0.9711879170993248
0.845 0.9716323756552692
0.846 0.9720716955528027
0.847 0.9725058988760127
0.848 0.9729350079222079
0.849 0.9733590452009804
0.85 0.9737780334332445
0.851 0.9741919955502696
0.852 0.9746009546926997
0.853 0.9750049342095501
0.854 0.9754039576572057
0.855 0.9757980487983896
0.856 0.976187231601126
0.857 0.9765715302376955
0.858 0.9769509690835605
0.859 0.9773255727162927
0.86 0.977695365914477
0.861 0.9780603736566061
0.862 0.9784206211199548
0.863 0.9787761336794546
0.864 0.9791269369065347
0.865 0.9794730565679637
0.866 0.9798145186246734
0.867 0.9801513492305641
0.868 0.9804835747312994
0.869 0.9808112216630915
0.87 0.9811343167514602
0.871 0.9814528869099889
0.872 0.9817669592390614
0.873 0.9820765610245809
0.874 0.9823817197366839
0.875 0.9826824630284308
0.876 0.9829788187344873
0.877 0.9832708148697875
0.878 0.9835584796281854
0.879 0.9838418413810892
0.88 0.9841209286760854
0.881 0.98439577023554
0.882 0.9846663949551976
0.883 0.9849328319027495
0.884 0.9851951103164026
0.885 0.9854532596034234
0.886 0.9857073093386709
0.887 0.9859572892631139
0.888 0.9862032292823337
0.889 0.9864451594650089
0.89 0.9866831100413942
0.891 0.986917111401769
0.892 0.9871471940948855
0.893 0.9873733888263929
0.894 0.9875957264572516
0.895 0.9878142380021263
0.896 0.9880289546277703
0.897 0.9882399076513887
0.898 0.9884471285389937
0.899 0.9886506489037282
0.9 0.9888505005042
0.901 0.9890467152427788
0.902 0.9892393251638814
0.903 0.9894283624522516
0.904 0.9896138594312147
0.905 0.9897958485609176
0.906 0.9899743624365595
0.907 0.9901494337865959
0.908 0.9903210954709402
0.909 0.9904893804791374
0.91 0.9906543219285298
0.911 0.9908159530624048
0.912 0.9909743072481231
0.913 0.9911294179752358
0.914 0.9912813188535858
0.915 0.9914300436113882
0.916 0.9915756260933003
0.917 0.9917181002584671
0.918 0.9918575001785643
0.919 0.9919938600358121
0.92 0.9921272141209803
0.921 0.99225759683137
0.922 0.9923850426687902
0.923 0.9925095862375074
0.924 0.9926312622421859
0.925 0.9927501054858031
0.926 0.9928661508675611
0.927 0.9929794333807723
0.928 0.9930899881107276
0.929 0.9931978502325538
0.93 0.9933030550090539
0.931 0.9934056377885276
0.932 0.9935056340025716
0.933 0.9936030791638767
0.934 0.9936980088639907
0.935 0.9937904587710805
0.936 0.9938804646276623
0.937 0.9939680622483311
0.9380000000000001 0.9940532875174561
0.9390000000000001 0.9941361763868749
0.9400000000000001 0.9942167648735599
0.9410000000000001 0.9942950890572734
0.9420000000000001 0.9943711850782009
0.9430000000000001 0.9944450891345712
0.9440000000000001 0.9945168374802605
0.9450000000000001 0.9945864664223748
0.9460000000000001 0.9946540123188168
0.9470000000000001 0.9947195115758357
0.9480000000000001 0.9947830006455624
0.9490000000000001 0.9948445160235231
0.9500000000000001 0.9949040942461366
0.9510000000000001 0.9949617718881956
0.9520000000000001 0.9950175855603335
0.9530000000000001 0.9950715719064626
0.9540000000000001 0.9951237676012089
0.9550000000000001 0.9951742093473185
0.9560000000000001 0.9952229338730533
0.9570000000000001 0.9952699779295617
0.9580000000000001 0.9953153782882459
0.9590000000000001 0.9953591717380864
0.96 0.9954013950829818
0.961 0.9954420851390356
0.962 0.9954812787318587
0.963 0.9955190126938237
0.964 0.9955553238613263
0.965 0.995590249072011
0.966 0.9956238251619908
0.967 0.9956560889630373
0.968 0.9956870772997664
0.969 0.9957168269867933
0.97 0.9957453748258775
0.971 0.9957727576030431
0.972 0.9957990120856919
0.973 0.995824175019684
0.974 0.9958482831264062
0.975 0.995871373099831
0.976 0.9958934816035376
0.977 0.9959146452677365
0.978 0.9959349006862599
0.979 0.9959542844135338
0.98 0.9959728329615483
0.981 0.9959905827967862
0.982 0.9960075703371515
0.983 0.9960238319488669
0.984 0.9960394039433609
0.985 0.9960543225741315
0.986 0.9960686240335903
0.987 0.9960823444498975
0.988 0.996095519883761
0.989 0.9961081863252319
0.99 0.9961203796904716
0.991 0.9961321358185082
0.992 0.9961434904679662
0.993 0.9961544793137791
0.994 0.996165137943888
0.995 0.9961755018559119
0.996 0.9961856064538076
0.997 0.9961954870445058
0.998 0.9962051788345306
0.999 0.9962147169265931
1.0 0.9962241363161759
