0.0 6.752985916982405e-3
1.0e-3 7.285051520980694e-3
2.0e-3 7.829868952429877e-3
3.0e-3 8.387309508378482e-3
4.0e-3 8.957245174613809e-3
5.0e-3 9.539548623589942e-3
6.0e-3 1.0134093212358556e-2
7.0e-3 1.07407529805025e-2
8.0e-3 1.1359402648072133e-2
9.000000000000001e-3 1.1989917613524446e-2
1.0e-2 1.2632173951664948e-2
1.1e-2 1.328604841159234e-2
1.2e-2 1.395141841464594e-2
1.3000000000000001e-2 1.4628162052355901e-2
1.4e-2 1.5316158084396188e-2
1.5e-2 1.6015285936540335e-2
1.6e-2 1.672542569861996e-2
1.7e-2 1.7446458122486064e-2
1.8000000000000002e-2 1.8178264619973142e-2
1.9e-2 1.892072726086595e-2
2.0e-2 1.967372877086919e-2
2.1e-2 2.0437152529579884e-2
2.2e-2 2.12108825684625e-2
2.3e-2 2.1994803568826916e-2
2.4e-2 2.2788800859809128e-2
2.5e-2 2.3592760416354712e-2
2.6000000000000002e-2 2.4406568857205095e-2
2.7e-2 2.523011344288654e-2
2.8e-2 2.6063282073702003e-2
2.9e-2 2.690596328772564e-2
3.0e-2 2.7758046258800195e-2
3.1e-2 2.8619420794537064e-2
3.2e-2 2.9489977334319236e-2
3.3e-2 3.0369606947306924e-2
3.4e-2 3.125820133044598e-2
3.5e-2 3.2155652806479126e-2
3.6000000000000004e-2 3.306185432195991e-2
3.7e-2 3.397669944526947e-2
3.8e-2 3.4900082364636084e-2
3.9e-2 3.5831897886157336e-2
4.0e-2 3.677204143182538e-2
4.1e-2 3.772040903755457e-2
4.2e-2 3.8676897351212235e-2
4.3000000000000003e-2 3.964140363065201e-2
4.4e-2 4.061382574174992e-2
4.5e-2 4.159406215644343e-2
4.6e-2 4.258201195077302e-2
4.7e-2 4.3577574802926816e-2
4.8e-2 4.4580650991287635e-2
4.9e-2 4.559114139248318e-2
5.0e-2 4.660894747943877e-2
5.1000000000000004e-2 4.76339713194328e-2
5.2000000000000005e-2 4.866611557215529e-2
5.3e-2 4.970528348776877e-2
5.4e-2 5.0751378904972375e-2
5.5e-2 5.180430624906826e-2
5.6e-2 5.2863970530031244e-2
5.7e-2 5.39302773405809e-2
5.8e-2 5.5003132854256516e-2
5.9000000000000004e-2 5.6082443823494844e-2
6.0e-2 5.716811757771074e-2
6.1e-2 5.8260062021380225e-2
6.2e-2 5.935818563212668e-2
6.3e-2 6.046239745880984e-2
6.4e-2 6.1572607119616894e-2
6.5e-2 6.268872480015758e-2
6.6e-2 6.381066125156057e-2
6.7e-2 6.493832778857414e-2
6.8e-2 6.607163628766814e-2
6.9e-2 6.721049918514024e-2
7.0e-2 6.835482947522323e-2
7.100000000000001e-2 6.950454070819703e-2
7.200000000000001e-2 7.065954698850166e-2
7.3e-2 7.181976297285445e-2
7.4e-2 7.29851038683687e-2
7.5e-2 7.415548543067638e-2
7.6e-2 7.533082396205275e-2
7.7e-2 7.651103630954391e-2
7.8e-2 7.769603986309742e-2
7.9e-2 7.88857525536954e-2
8.0e-2 8.008009285149044e-2
8.1e-2 8.127897976394445e-2
8.2e-2 8.248233283397009e-2
8.3e-2 8.369007213807514e-2
8.4e-2 8.490211828450937e-2
8.5e-2 8.611839241141463e-2
8.600000000000001e-2 8.733881618497721e-2
8.700000000000001e-2 8.85633117975834e-2
8.8e-2 8.979180196597741e-2
8.9e-2 9.102420992942262e-2
9.0e-2 9.226045944786498e-2
9.1e-2 9.350047480009954e-2
9.2e-2 9.474418078193976e-2
9.3e-2 9.59915027043894e-2
9.4e-2 9.724236639181749e-2
9.5e-2 9.849669818013561e-2
9.6e-2 9.975442491497864e-2
9.7e-2 0.10101547394988727
9.8e-2 0.10227977314449431
9.9e-2 0.10354725086271332
0.1 0.10481783597092979
0.101 0.10609145783619543
0.10200000000000001 0.10736804632442522
0.10300000000000001 0.10864753179859711
0.10400000000000001 0.10992984511695439
0.105 0.111214917631211
0.106 0.11250268118475999
0.107 0.11379306811088358
0.108 0.1150860112309674
0.109 0.1163814438527166
0.11 0.11767929976837495
0.111 0.11897951325294696
0.112 0.1202820190624222
0.113 0.12158675243200327
0.114 0.12289364907433553
0.115 0.12420264517774032
0.116 0.1255136774044509
0.117 0.1268266828888506
0.11800000000000001 0.12814159923571453
0.11900000000000001 0.12945836451845347
0.12 0.13077691727736077
0.121 0.13209719651786195
0.122 0.13341914170876717
0.123 0.13474269278052645
0.124 0.1360677901234874
0.125 0.13739437458615644
0.126 0.13872238747346158
0.127 0.1400517705450193
0.128 0.14138246601340337
0.129 0.14271441654241668
0.13 0.14404756524536574
0.131 0.14538185568333808
0.132 0.14671723186348276
0.133 0.1480536382372925
0.134 0.1493910196988902
0.135 0.15072932158331678
0.136 0.15206848966482256
0.137 0.15340847015516162
0.138 0.15474920970188785
0.139 0.15609065538665537
0.14 0.15743275472351997
0.14100000000000001 0.158775455657245
0.14200000000000002 0.16011870656160834
0.14300000000000002 0.16146245623771413
0.14400000000000002 0.162806653912305
0.145 0.16415124923607932
0.146 0.16549619228200949
0.147 0.16684143354366357
0.148 0.16818692393353038
0.149 0.16953261478134618
0.15 0.17087845783242503
0.151 0.17222440524599153
0.152 0.1735704095935165
0.153 0.17491642385705494
0.154 0.17626240142758776
0.155 0.177608296103365
0.156 0.17895406208825343
0.157 0.1802996539900848
0.158 0.18164502681900907
0.159 0.18299013598584898
0.16 0.1843349373004579
0.161 0.18567938697008024
0.162 0.18702344159771486
0.163 0.18836705818048113
0.164 0.18971019410798787
0.165 0.19105280716070477
0.166 0.19239485550833701
0.167 0.19373629770820244
0.168 0.19507709270361126
0.169 0.19641719982224887
0.17 0.19775657877456151
0.171 0.1990951896521444
0.17200000000000001 0.20043299292613292
0.17300000000000001 0.20176994944559565
0.17400000000000002 0.20310602043593232
0.17500000000000002 0.2044411674972721
0.176 0.20577535260287594
0.177 0.20710853809754154
0.178 0.2084406866960115
0.179 0.2097717614813824
0.18 0.2111017259035202
0.181 0.21243054377747356
0.182 0.21375817928189494
0.183 0.2150845969574607
0.184 0.21640976170529633
0.185 0.21773363878540228
0.186 0.21905619381508556
0.187 0.22037739276739057
0.188 0.22169720196953602
0.189 0.22301558810135155
0.19 0.2243325181937208
0.191 0.2256479596270221
0.192 0.2269618801295787
0.193 0.22827424777610397
0.194 0.22958503098615743
0.195 0.2308941985225957
0.196 0.2322017194900338
0.197 0.233507563333302
0.198 0.2348116998359121
0.199 0.2361140991185205
0.2 0.23741473163739948
0.201 0.23871356818290587
0.202 0.2400105798779582
0.203 0.24130573817651116
0.20400000000000001 0.24259901486203725
0.20500000000000002 0.24389038204600727
0.20600000000000002 0.2451798121663786
0.20700000000000002 0.24646727798607923
0.20800000000000002 0.24775275259150306
0.209 0.2490362093909998
0.21 0.2503176221133736
0.211 0.2515969648063811
0.212 0.2528742118352339
0.213 0.2541493378811034
0.214 0.25542231793962744
0.215 0.2566931273194215
0.216 0.25796174164059127
0.217 0.25922813683324814
0.218 0.2604922891360287
0.219 0.26175417509461507
0.22 0.2630137715602596
0.221 0.26427105568831155
0.222 0.26552600493674683
0.223 0.26677859706470075
0.224 0.268028810131002
0.225 0.2692766224927125
0.226 0.27052201280366645
0.227 0.2717649600130148
0.228 0.27300544336377164
0.229 0.27424344239136206
0.23 0.2754789369221757
0.231 0.27671190707212034
0.232 0.2779423332451787
0.233 0.2791701961319706
0.234 0.28039547670831344
0.23500000000000001 0.28161815623378966
0.23600000000000002 0.28283821625031474
0.23700000000000002 0.2840556385807085
0.23800000000000002 0.2852704053272682
0.23900000000000002 0.2864824988703467
0.24 0.2876919018669314
0.241 0.2888985972492265
0.242 0.29010256822323827
0.243 0.29130379826736263
0.244 0.29250227113097643
0.245 0.29369797083303
0.246 0.2948908816606445
0.247 0.2960809881677093
0.248 0.29726827517348564
0.249 0.29845272776120957
0.25 0.29963433127669975
0.251 0.30081307132696805
0.252 0.3019889337788314
0.253 0.3031619047575281
0.254 0.3043319706453363
0.255 0.30549911808019414
0.256 0.3066633339543253
0.257 0.307824605412864
0.258 0.30898291985248555
0.259 0.3101382649200387
0.26 0.3112906285111793
0.261 0.31243999876900985
0.262 0.31358636408271917
0.263 0.314729713086225
0.264 0.31587003465682184
0.265 0.31700731791382847
0.266 0.3181415522172402
0.267 0.3192727271663829
0.268 0.3204008325985701
0.269 0.321525858587764
0.27 0.3226477954432367
0.271 0.3237666337082372
0.272 0.32488236415865834
0.273 0.3259949778017084
0.274 0.3271044658745858
0.275 0.328210819843154
0.276 0.329314031400622
0.277 0.3304140924662267
0.278 0.3315109951839168
0.279 0.33260473192104134
0.28 0.3336952952670397
0.281 0.33478267803213513
0.28200000000000003 0.33586687324603076
0.28300000000000003 0.33694787415660776
0.28400000000000003 0.3380256742286284
0.28500000000000003 0.3391002671424378
0.28600000000000003 0.3401716467926741
0.28700000000000003 0.3412398072869762
0.28800000000000003 0.3423047429446967
0.289 0.34336644829561835
0.29 0.34442491807867076
0.291 0.34548014724065296
0.292 0.34653213093495494
0.293 0.3475808645202876
0.294 0.34862634355940775
0.295 0.34966856381785416
0.296 0.35070752126267885
0.297 0.3517432120611882
0.298 0.3527756325796797
0.299 0.35380477938218863
0.3 0.35483064922923063
0.301 0.3558532390765539
0.302 0.3568725460738864
0.303 0.357888567563695
0.304 0.35890130107993734
0.305 0.3599107443468268
0.306 0.36091689527759
0.307 0.3619197519732366
0.308 0.3629193127213235
0.309 0.3639155759947293
0.31 0.3649085404504248
0.311 0.36589820492825165
0.312 0.3668845684497001
0.313 0.36786763021669233
0.314 0.3688473896103649
0.315 0.3698238461898602
0.316 0.37079699969111113
0.317 0.37176685002564
0.318 0.37273339727934973
0.319 0.3736966417113259
0.32 0.3746565837526346
0.321 0.37561322400513086
0.322 0.3765665632402606
0.323 0.3775166023978756
0.324 0.37846334258504055
0.325 0.37940678507485354
0.326 0.38034693130525904
0.327 0.38128378287787373
0.328 0.38221734155680476
0.329 0.38314760926748087
0.33 0.3840745880954777
0.331 0.38499828028535316
0.332 0.3859186882394781
0.333 0.38683581451687765
0.334 0.3877496618320682
0.335 0.38866023305390257
0.336 0.389567531204414
0.337 0.39047155945766693
0.338 0.39137232113860515
0.339 0.39226981972190933
0.34 0.3931640588308494
0.341 0.3940550422361503
0.342 0.3949427738548478
0.343 0.39582725774915817
0.34400000000000003 0.39670849812534353
0.34500000000000003 0.3975864993325853
0.34600000000000003 0.3984612658618535
0.34700000000000003 0.3993328023447878
0.34800000000000003 0.4002011135525717
0.34900000000000003 0.4010662043948189
0.35000000000000003 0.40192807991845336
0.35100000000000003 0.40278674530660136
0.352 0.40364220587747635
0.353 0.4044944670832769
0.354 0.40534353450907845
0.355 0.4061894138717338
0.356 0.4070321110187735
0.357 0.4078716319273099
0.358 0.4087079827029445
0.359 0.40954116957867626
0.36 0.4103711989138147
0.361 0.4111980771928945
0.362 0.41202181102459423
0.363 0.41284240714065534
0.364 0.4136598723948072
0.365 0.41447421376169125
0.366 0.41528543833579273
0.367 0.41609355333036935
0.368 0.4168985660763871
0.369 0.4177004840214585
0.37 0.41849931472878066
0.371 0.4192950658760786
0.372 0.4200877452545519
0.373 0.42087736076782206
0.374 0.42166392043088285
0.375 0.42244743236905596
0.376 0.42322790481694617
0.377 0.4240053461174016
0.378 0.42477976472047496
0.379 0.42555116918238933
0.38 0.4263195681645058
0.381 0.42708497043229315
0.382 0.42784738485430257
0.383 0.4286068204011422
0.384 0.42936328614445607
0.385 0.4301167912559073
0.386 0.4308673450061604
0.387 0.43161495676386935
0.388 0.43235963599466853
0.389 0.4331013922601622
0.39 0.4338402352169238
0.391 0.4345761746154915
0.392 0.43530922029937064
0.393 0.436039382204036
0.394 0.4367666703559403
0.395 0.43749109487152105
0.396 0.43821266595621533
0.397 0.4389313939034726
0.398 0.43964728909377304
0.399 0.4403603619936482
0.4 0.44107062315470313
0.401 0.4417780832126439
0.402 0.4424827528863048
0.403 0.443184642976681
0.404 0.44388376436596166
0.405 0.4445801280165686
0.406 0.4452737449701939
0.40700000000000003 0.4459646263468436
0.40800000000000003 0.446652783343884
0.40900000000000003 0.44733822723508854
0.41000000000000003 0.44802096936968844
0.41100000000000003 0.4487010211714275
0.41200000000000003 0.4493783941376174
0.41300000000000003 0.45005309983819775
0.41400000000000003 0.45072514991479795
0.41500000000000004 0.45139455607980117
0.41600000000000004 0.4520613301154129
0.417 0.4527254838727303
0.418 0.453387029270817
0.419 0.45404597829577537
0.42 0.4547023429998301
0.421 0.4553561355004043
0.422 0.45600736797920915
0.423 0.4566560526813247
0.424 0.457302201914296
0.425 0.4579458280472196
0.426 0.45858694350984447
0.427 0.45922556079166355
0.428 0.45986169244102226
0.429 0.46049535106421446
0.43 0.46112654932459424
0.431 0.4617552999416818
0.432 0.46238161569027797
0.433 0.46300550939957597
0.434 0.46362699395228196
0.435 0.4642460822837314
0.436 0.4648627873810169
0.437 0.4654771222821089
0.438 0.4660891000749886
0.439 0.466698733896775
0.44 0.4673060369328638
0.441 0.4679110224160587
0.442 0.468513703625717
0.443 0.46911409388688585
0.444 0.4697122065694533
0.445 0.4703080550872908
0.446 0.47090165289740876
0.447 0.47149301349910544
0.448 0.4720821504331283
0.449 0.4726690772808272
0.45 0.4732538076633209
0.451 0.47383635524065937
0.452 0.4744167337109928
0.453 0.4749949568097378
0.454 0.4755710383087562
0.455 0.476144992015525
0.456 0.47671683177231955
0.457 0.4772865714553898
0.458 0.4778542249741497
0.459 0.4784198062703591
0.46 0.47898332931731713
0.461 0.4795448081190504
0.462 0.48010425670951334
0.463 0.48066168915177987
0.464 0.48121711953725
0.465 0.4817705619848481
0.466 0.4823220306402335
0.467 0.48287153967500446
0.468 0.48341910328591636
0.46900000000000003 0.48396473569408816
0.47000000000000003 0.4845084511442277
0.47100000000000003 0.4850502639038448
0.47200000000000003 0.48559018826248046
0.47300000000000003 0.48612823853092535
0.47400000000000003 0.48666442904045576
0.47500000000000003 0.48719877414205703
0.47600000000000003 0.48773128820566464
0.47700000000000004 0.48826198561939443
0.47800000000000004 0.4887908807887875
0.47900000000000004 0.4893179881360478
0.48 0.48984332209929177
0.481 0.4903668971317908
0.482 0.49088872770122594
0.483 0.4914088282889393
0.484 0.49192721338919043
0.485 0.49244389750841555
0.486 0.4929588951644883
0.487 0.49347222088598464
0.488 0.4939838892114503
0.489 0.4944939146886699
0.49 0.49500231187394006
0.491 0.4955090953313458
0.492 0.4960142796320362
0.493 0.4965178793535085
0.494 0.49701990907888927
0.495 0.49752038339622273
0.496 0.4980193168977598
0.497 0.49851672417924864
0.498 0.4990126198392319
0.499 0.4995070184783422
0.5 0.4999999346986043
0.501 0.5004913831027369
0.502 0.5009813782934591
0.503 0.5014699348727998
0.504 0.5019570674414076
0.505 0.5024427905978672
0.506 0.5029271189380149
0.507 0.5034100670542584
0.508 0.5038916495348998
0.509 0.5043718809634621
0.51 0.5048507759180143
0.511 0.5053283489705062
0.512 0.5058046146860987
0.513 0.5062795876225021
0.514 0.506753282329315
0.515 0.5072257133473663
0.516 0.5076968952080592
0.517 0.5081668424327199
0.518 0.5086355695319471
0.519 0.5091030910049655
0.52 0.5095694213389815
0.521 0.5100345750085419
0.522 0.5104985664748952
0.523 0.5109614101853559
0.524 0.5114231205726714
0.525 0.511883712054392
0.526 0.512343199032242
0.527 0.512801595891498
0.528 0.5132589170003626
0.529 0.5137151767093499
0.53 0.5141703893506652
0.531 0.5146245692375937
0.532 0.5150777306638885
0.533 0.5155298879031638
0.534 0.515981055208287
0.535 0.5164312468107799
0.536 0.5168804769202151
0.537 0.5173287597236212
0.538 0.5177761093848889
0.539 0.5182225400441771
0.54 0.5186680658173275
0.541 0.519112700795276
0.542 0.519556459043471
0.543 0.519999354601292
0.544 0.5204414014814731
0.545 0.5208826136695281
0.546 0.5213230051231775
0.547 0.5217625897717787
0.548 0.5222013815157619
0.549 0.5226393942260653
0.55 0.5230766417435723
0.551 0.5235131378785551
0.552 0.5239488964101208
0.553 0.5243839310856543
0.554 0.5248182556202727
0.555 0.5252518836962763
0.556 0.5256848289626047
0.557 0.5261171050342939
0.558 0.5265487254919403
0.559 0.5269797038811621
0.56 0.5274100537120666
0.561 0.5278397884587216
0.562 0.5282689215586249
0.5630000000000001 0.5286974664121812
0.5640000000000001 0.5291254363821796
0.5650000000000001 0.5295528447932739
0.5660000000000001 0.5299797049314664
0.5670000000000001 0.5304060300435941
0.5680000000000001 0.5308318333368163
0.5690000000000001 0.5312571279781081
0.5700000000000001 0.5316819270937553
0.5710000000000001 0.5321062437688483
0.5720000000000001 0.5325300910467857
0.5730000000000001 0.5329534819287762
0.5740000000000001 0.5333764293733427
0.5750000000000001 0.533798946295832
0.5760000000000001 0.5342210455679262
0.577 0.5346427400171553
0.578 0.5350640424264143
0.579 0.5354849655334838
0.58 0.5359055220305511
0.581 0.5363257245637348
0.582 0.5367455857326138
0.583 0.5371651180897568
0.584 0.537584334140256
0.585 0.5380032463412625
0.586 0.5384218671015272
0.587 0.5388402087809401
0.588 0.5392582836900759
0.589 0.53967610408974
0.59 0.54009368219052
0.591 0.5405110301523378
0.592 0.5409281600840049
0.593 0.5413450840427803
0.594 0.5417618140339319
0.595 0.542178362010301
0.596 0.542594739871867
0.597 0.5430109594653196
0.598 0.5434270325836277
0.599 0.5438429709656168
0.6 0.5442587862955448
0.601 0.5446744902026841
0.602 0.545090094260904
0.603 0.5455056099882564
0.604 0.5459210488465642
0.605 0.5463364222410153
0.606 0.5467517415197524
0.607 0.5471670179734752
0.608 0.5475822628350369
0.609 0.5479974872790466
0.61 0.5484127024214777
0.611 0.548827919319272
0.612 0.5492431489699545
0.613 0.5496584023112445
0.614 0.5500736902206725
0.615 0.5504890235152008
0.616 0.5509044129508439
0.617 0.551319869222295
0.618 0.5517354029625502
0.619 0.5521510247425437
0.62 0.5525667450707772
0.621 0.5529825743929562
0.622 0.5533985230916316
0.623 0.5538146014858358
0.624 0.5542308198307327
0.625 0.5546471883172613
0.626 0.5550637170717851
0.627 0.555480416155747
0.628 0.5558972955653221
0.629 0.5563143652310772
0.63 0.5567316350176318
0.631 0.5571491147233217
0.632 0.5575668140798624
0.633 0.5579847427520237
0.634 0.5584029103372972
0.635 0.5588213263655719
0.636 0.5592400002988144
0.637 0.5596589415307446
0.638 0.5600781593865218
0.639 0.5604976631224313
0.64 0.5609174619255687
0.641 0.5613375649135363
0.642 0.5617579811341338
0.643 0.5621787195650556
0.644 0.5625997891135933
0.645 0.5630211986163338
0.646 0.5634429568388666
0.647 0.563865072475493
0.648 0.5642875541489353
0.649 0.5647104104100498
0.65 0.5651336497375444
0.651 0.5655572805376972
0.652 0.5659813111440783
0.653 0.5664057498172741
0.654 0.5668306047446148
0.655 0.5672558840399055
0.656 0.5676815957431574
0.657 0.5681077478203245
0.658 0.5685343481630426
0.659 0.568961404588369
0.66 0.5693889248385279
0.661 0.5698169165806571
0.662 0.5702453874065561
0.663 0.5706743448324398
0.664 0.571103796298694
0.665 0.5715337491696312
0.666 0.5719642107332537
0.667 0.5723951882010153
0.668 0.5728266887075877
0.669 0.5732587193106311
0.67 0.5736912869905635
0.671 0.5741243986503362
0.672 0.574558061115212
0.673 0.5749922811325441
0.674 0.5754270653715593
0.675 0.5758624204231435
0.676 0.57629835279963
0.677 0.5767348689345918
0.678 0.5771719751826332
0.679 0.5776096778191883
0.68 0.5780479830403203
0.681 0.5784868969625228
0.682 0.578926425622526
0.683 0.5793665749771028
0.684 0.5798073509028814
0.685 0.5802487591961576
0.686 0.5806908055727099
0.687 0.5811334956676203
0.6880000000000001 0.5815768350350948
0.6890000000000001 0.5820208291482882
0.6900000000000001 0.5824654833991305
0.6910000000000001 0.5829108030981579
0.6920000000000001 0.5833567934743445
0.6930000000000001 0.5838034596749396
0.6940000000000001 0.5842508067653044
0.6950000000000001 0.584698839728751
0.6960000000000001 0.5851475634663922
0.6970000000000001 0.5855969827969826
0.6980000000000001 0.5860471024567702
0.6990000000000001 0.5864979270993472
0.7000000000000001 0.5869494612955073
0.7010000000000001 0.5874017095331021
0.7020000000000001 0.5878546762169004
0.7030000000000001 0.5883083656684521
0.704 0.5887627821259568
0.705 0.5892179297441265
0.706 0.5896738125940654
0.707 0.5901304346631369
0.708 0.5905877998548436
0.709 0.5910459119887088
0.71 0.5915047748001557
0.711 0.5919643919403953
0.712 0.5924247669763134
0.713 0.5928859033903638
0.714 0.5933478045804569
0.715 0.5938104738598624
0.716 0.5942739144571041
0.717 0.5947381295158641
0.718 0.595203122094887
0.719 0.5956688951678868
0.72 0.596135451623459
0.721 0.5966027942649922
0.722 0.5970709258105843
0.723 0.5975398488929606
0.724 0.5980095660593971
0.725 0.5984800797716447
0.726 0.5989513924058518
0.727 0.599423506252501
0.728 0.5998964235163348
0.729 0.6003701463162957
0.73 0.6008446766854634
0.731 0.6013200165709942
0.732 0.601796167834064
0.733 0.6022731322498182
0.734 0.602750911507318
0.735 0.6032295072094918
0.736 0.6037089208730936
0.737 0.6041891539286556
0.738 0.6046702077204531
0.739 0.6051520835064641
0.74 0.605634782458336
0.741 0.6061183056613562
0.742 0.6066026541144198
0.743 0.607087828730008
0.744 0.6075738303341603
0.745 0.608060659666458
0.746 0.6085483173800057
0.747 0.609036804041414
0.748 0.6095261201307924
0.749 0.6100162660417343
0.75 0.6105072420813153
0.751 0.6109990484700878
0.752 0.6114916853420775
0.753 0.611985152744791
0.754 0.6124794506392146
0.755 0.612974578899825
0.756 0.6134705373145988
0.757 0.6139673255850245
0.758 0.6144649433261201
0.759 0.61496339006645
0.76 0.6154626652481457
0.761 0.6159627682269324
0.762 0.6164636982721526
0.763 0.6169654545667994
0.764 0.6174680362075456
0.765 0.6179714422047794
0.766 0.6184756714826432
0.767 0.6189807228790741
0.768 0.6194865951458488
0.769 0.6199932869486251
0.77 0.6205007968669953
0.771 0.6210091233945378
0.772 0.6215182649388682
0.773 0.6220282198217013
0.774 0.6225389862789059
0.775 0.6230505624605736
0.776 0.6235629464310783
0.777 0.6240761361691489
0.778 0.6245901295679396
0.779 0.6251049244351021
0.78 0.6256205184928648
0.781 0.6261369093781105
0.782 0.6266540946424579
0.783 0.6271720717523499
0.784 0.627690838089139
0.785 0.6282103909491769
0.786 0.6287307275439101
0.787 0.6292518449999756
0.788 0.6297737403592982
0.789 0.6302964105791946
0.79 0.6308198525324745
0.791 0.6313440630075521
0.792 0.6318690387085509
0.793 0.6323947762554237
0.794 0.6329212721840582
0.795 0.6334485229464054
0.796 0.6339765249105936
0.797 0.6345052743610559
0.798 0.6350347674986542
0.799 0.6355650004408113
0.8 0.6360959692216418
0.801 0.6366276697920867
0.802 0.6371600980200505
0.803 0.637693249690543
0.804 0.638227120505824
0.805 0.6387617060855444
0.806 0.6392970019668996
0.807 0.6398330036047801
0.808 0.6403697063719236
0.809 0.6409071055590747
0.81 0.6414451963751436
0.811 0.6419839739473702
0.812 0.6425234333214844
0.8130000000000001 0.643063569461883
0.8140000000000001 0.6436043772517926
0.8150000000000001 0.6441458514934479
0.8160000000000001 0.6446879869082668
0.8170000000000001 0.6452307781370291
0.8180000000000001 0.6457742197400603
0.8190000000000001 0.6463183061974143
0.8200000000000001 0.6468630319090621
0.8210000000000001 0.6474083911950839
0.8220000000000001 0.6479543782958581
0.8230000000000001 0.6485009873722608
0.8240000000000001 0.6490482125058642
0.8250000000000001 0.6495960476991344
0.8260000000000001 0.6501444868756423
0.8270000000000001 0.6506935238802629
0.8280000000000001 0.6512431524793919
0.8290000000000001 0.6517933663611541
0.8300000000000001 0.6523441591356184
0.8310000000000001 0.652895524335021
0.8320000000000001 0.6534474554139788
0.833 0.6539999457497186
0.834 0.6545529886423037
0.835 0.6551065773148588
0.836 0.6556607049138028
0.837 0.65621536450909
0.838 0.6567705490944407
0.839 0.6573262515875802
0.84 0.6578824648304907
0.841 0.6584391815896461
0.842 0.6589963945562723
0.843 0.6595540963465851
0.844 0.6601122795020583
0.845 0.6606709364896703
0.846 0.6612300597021685
0.847 0.6617896414583297
0.848 0.6623496740032275
0.849 0.6629101495084992
0.85 0.6634710600726156
0.851 0.6640323977211554
0.852 0.664594154407083
0.853 0.6651563220110237
0.854 0.6657188923415517
0.855 0.6662818571354682
0.856 0.6668452080580913
0.857 0.6674089367035496
0.858 0.6679730345950691
0.859 0.6685374931852734
0.86 0.6691023038564807
0.861 0.6696674579210062
0.862 0.670232946621462
0.863 0.6707987611310704
0.864 0.6713648925539687
0.865 0.6719313319255221
0.866 0.6724980702126421
0.867 0.6730650983140999
0.868 0.673632407060849
0.869 0.6741999872163512
0.87 0.6747678294768986
0.871 0.675335924471945
0.872 0.675904262764438
0.873 0.6764728348511512
0.874 0.6770416311630238
0.875 0.6776106420654999
0.876 0.6781798578588719
0.877 0.6787492687786252
0.878 0.6793188649957871
0.879 0.6798886366172772
0.88 0.6804585736862643
0.881 0.6810286661825173
0.882 0.6815989040227725
0.883 0.6821692770610881
0.884 0.682739775089215
0.885 0.6833103878369615
0.886 0.6838811049725655
0.887 0.6844519161030664
0.888 0.6850228107746829
0.889 0.685593778473189
0.89 0.6861648086243015
0.891 0.6867358905940575
0.892 0.6873070136892051
0.893 0.6878781671575932
0.894 0.6884493401885661
0.895 0.6890205219133546
0.896 0.6895917014054774
0.897 0.6901628676811433
0.898 0.6907340096996525
0.899 0.6913051163638012
0.9 0.6918761765202974
0.901 0.6924471789601696
0.902 0.6930181124191789
0.903 0.6935889655782412
0.904 0.6941597270638477
0.905 0.6947303854484822
0.906 0.6953009292510564
0.907 0.6958713469373293
0.908 0.6964416269203465
0.909 0.6970117575608699
0.91 0.6975817271678155
0.911 0.6981515239986956
0.912 0.6987211362600588
0.913 0.6992905521079359
0.914 0.6998597596482905
0.915 0.7004287469374675
0.916 0.7009975019826477
0.917 0.7015660127423025
0.918 0.7021342671266572
0.919 0.7027022529981496
0.92 0.7032699581718976
0.921 0.7038373704161628
0.922 0.7044044774528252
0.923 0.7049712669578537
0.924 0.7055377265617848
0.925 0.7061038438501958
0.926 0.7066696063641926
0.927 0.707235001600892
0.928 0.7078000170139056
0.929 0.7083646400138326
0.93 0.7089288579687526
0.931 0.709492658204721
0.932 0.7100560280062628
0.933 0.7106189546168806
0.934 0.7111814252395529
0.935 0.7117434270372434
0.936 0.7123049471334065
0.937 0.7128659726125057
0.9380000000000001 0.7134264905205199
0.9390000000000001 0.7139864878654696
0.9400000000000001 0.7145459516179312
0.9410000000000001 0.7151048687115628
0.9420000000000001 0.715663226043629
0.9430000000000001 0.7162210104755282
0.9440000000000001 0.716778208833328
0.9450000000000001 0.7173348079082964
0.9460000000000001 0.7178907944574392
0.9470000000000001 0.718446155204038
0.9480000000000001 0.7190008768381967
0.9490000000000001 0.7195549460173843
0.9500000000000001 0.7201083493669816
0.9510000000000001 0.7206610734808345
0.9520000000000001 0.7212131049218081
0.9530000000000001 0.7217644302223387
0.9540000000000001 0.7223150358849982
0.9550000000000001 0.7228649083830523
0.9560000000000001 0.7234140341610272
0.9570000000000001 0.723962399635275
0.9580000000000001 0.7245099911945478
0.9590000000000001 0.7250567952005638
0.96 0.7256027979885925
0.961 0.7261479858680232
0.962 0.7266923451229554
0.963 0.7272358620127749
0.964 0.7277785227727469
0.965 0.7283203136146015
0.966 0.7288612207271297
0.967 0.7294012302767735
0.968 0.7299403284082298
0.969 0.7304785012450463
0.97 0.731015734890228
0.971 0.7315520154268397
0.972 0.7320873289186217
0.973 0.7326216614105956
0.974 0.7331549989296787
0.975 0.7336873274853069
0.976 0.7342186330700483
0.977 0.7347489016602319
0.978 0.7352781192165688
0.979 0.735806271684781
0.98 0.7363333449962367
0.981 0.7368593250685798
0.982 0.7373841978063689
0.983 0.7379079491017158
0.984 0.7384305648349284
0.985 0.7389520308751566
0.986 0.7394723330810354
0.987 0.7399914573013454
0.988 0.7405093893756547
0.989 0.7410261151349835
0.99 0.7415416204024565
0.991 0.7420558909939721
0.992 0.7425689127188596
0.993 0.7430806713805516
0.994 0.7435911527772513
0.995 0.7441003427026066
0.996 0.7446082269463826
0.997 0.7451147912951455
0.998 0.7456200215329395
0.999 0.7461239034419715
1.0 0.746626422803298
