0.0 1.2010158832666526e-2
1.0e-3 1.2016867169011151e-2
2.0e-3 1.2023878478413465e-2
3.0e-3 1.2031272832262713e-2
4.0e-3 1.2039129709875179e-2
5.0e-3 1.2047527998518923e-2
6.0e-3 1.2056545993462215e-2
7.0e-3 1.2066261398045569e-2
8.0e-3 1.2076751323777217e-2
9.000000000000001e-3 1.2088092290451819e-2
1.0e-2 1.2100360226292305e-2
1.1e-2 1.2113630468114735e-2
1.2e-2 1.212797776151587e-2
1.3000000000000001e-2 1.2143476261083502e-2
1.4e-2 1.2160199530629261e-2
1.5e-2 1.2178220543443747e-2
1.6e-2 1.2197611682573896e-2
1.7e-2 1.2218444741122426e-2
1.8000000000000002e-2 1.224079092256917e-2
1.9e-2 1.2264720841114133e-2
2.0e-2 1.2290304522042201e-2
2.1e-2 1.2317611402109317e-2
2.2e-2 1.2346710329949898e-2
2.3e-2 1.2377669566505486e-2
2.4e-2 1.2410556785474394e-2
2.5e-2 1.2445439073782174e-2
2.6000000000000002e-2 1.2482382932072876e-2
2.7e-2 1.2521454275220808e-2
2.8e-2 1.2562718432862772e-2
2.9e-2 1.2606240149950565e-2
3.0e-2 1.2652083587323606e-2
3.1e-2 1.2700312322301541e-2
3.2e-2 1.2750989349296743e-2
3.3e-2 1.2804177080446453e-2
3.4e-2 1.2859937346264496e-2
3.5e-2 1.2918331396312427e-2
3.6000000000000004e-2 1.2979419899889934e-2
3.7e-2 1.3043262946744367e-2
3.8e-2 1.3109920047799232e-2
3.9e-2 1.317945013590155e-2
4.0e-2 1.325191156658794e-2
4.1e-2 1.3327362118869172e-2
4.2e-2 1.3405858996033249e-2
4.3000000000000003e-2 1.3487458826466693e-2
4.4e-2 1.3572217664493992e-2
4.5e-2 1.3660190991235012e-2
4.6e-2 1.3751433715480342e-2
4.7e-2 1.3846000174584287e-2
4.8e-2 1.3943944135375455e-2
4.9e-2 1.404531879508482e-2
5.0e-2 1.415017678229105e-2
5.1000000000000004e-2 1.425857015788301e-2
5.2000000000000005e-2 1.4370550416039345e-2
5.3e-2 1.4486168485224852e-2
5.4e-2 1.4605474729203734e-2
5.5e-2 1.4728518948069367e-2
5.6e-2 1.4855350379290613e-2
5.7e-2 1.4986017698774485e-2
5.8e-2 1.512056902194499e-2
5.9000000000000004e-2 1.5259051904838093e-2
6.0e-2 1.5401513345212604e-2
6.1e-2 1.5547999783676887e-2
6.2e-2 1.5698557104831222e-2
6.3e-2 1.5853230638425864e-2
6.4e-2 1.6012065160534182e-2
6.5e-2 1.6175104894741575e-2
6.6e-2 1.634239351334895e-2
6.7e-2 1.6513974138591864e-2
6.8e-2 1.668988934387393e-2
6.9e-2 1.6870181155015544e-2
7.0e-2 1.7054891051516703e-2
7.100000000000001e-2 1.7244059967834912e-2
7.200000000000001e-2 1.7437728294676855e-2
7.3e-2 1.7635935880304852e-2
7.4e-2 1.783872203185697e-2
7.5e-2 1.8046125516681485e-2
7.6e-2 1.8258184563684998e-2
7.7e-2 1.8474936864694314e-2
7.8e-2 1.869641957583197e-2
7.9e-2 1.892266931890521e-2
8.0e-2 1.9153722182808326e-2
8.1e-2 1.938961372493817e-2
8.2e-2 1.963037897262285e-2
8.3e-2 1.9876052424563417e-2
8.4e-2 2.0126668052288205e-2
8.5e-2 2.038225930162021e-2
8.600000000000001e-2 2.0642859094156734e-2
8.700000000000001e-2 2.0908499828761848e-2
8.8e-2 2.1179213383070886e-2
8.9e-2 2.145503111500745e-2
9.0e-2 2.1735983864312337e-2
9.1e-2 2.2022101954084515e-2
9.2e-2 2.231341519233404e-2
9.3e-2 2.2609952873546574e-2
9.4e-2 2.2911743780259685e-2
9.5e-2 2.3218816184650517e-2
9.6e-2 2.3531197850134973e-2
9.7e-2 2.3848916032978014e-2
9.8e-2 2.4171997483915266e-2
9.9e-2 2.4500468449785574e-2
0.1 2.4834354675174433e-2
0.101 2.5173681404068254e-2
0.10200000000000001 2.551847338151936e-2
0.10300000000000001 2.5868754855321443e-2
0.10400000000000001 2.6224549577695478e-2
0.105 2.6585880806986005e-2
0.106 2.6952771309367685e-2
0.107 2.7325243360561666e-2
0.108 2.7703318747562346e-2
0.109 2.8087018770373635e-2
0.11 2.8476364243755107e-2
0.111 2.8871375498977905e-2
0.112 2.9272072385589886e-2
0.113 2.9678474273190505e-2
0.114 3.009060005321466e-2
0.115 3.0508468140726004e-2
0.116 3.093209647621914e-2
0.117 3.136150252743084e-2
0.11800000000000001 3.179670329116022e-2
0.11900000000000001 3.2237715295097294e-2
0.12 3.26845545996607e-2
0.121 3.313723679984343e-2
0.122 3.35957770270672e-2
0.123 3.40601899510452e-2
0.124 3.4530489781652796e-2
0.125 3.5006690270806544e-2
0.126 3.548880471435096e-2
0.127 3.597684595395326e-2
0.128 3.6470826379005984e-2
0.129 3.697075792853705e-2
0.13 3.7476652093127345e-2
0.131 3.798851991683596e-2
0.132 3.8506371999132594e-2
0.133 3.903021849683725e-2
0.134 3.9560069126066924e-2
0.135 4.009593316418946e-2
0.136 4.0637819451784275e-2
0.137 4.118573639460988e-2
0.138 4.173969196557792e-2
0.139 4.229969370673427e-2
0.14 4.286574873124602e-2
0.14100000000000001 4.343786372539551e-2
0.14200000000000002 4.4016044950579924e-2
0.14300000000000002 4.460029824531784e-2
0.14400000000000002 4.5190629027261196e-2
0.145 4.578704229521376e-2
0.146 4.638954263115514e-2
0.147 4.69981342022707e-2
0.148 4.761282076298723e-2
0.149 4.823360565701403e-2
0.15 4.886049181938981e-2
0.151 4.949348177853453e-2
0.152 5.013257765830688e-2
0.153 5.077778118006685e-2
0.154 5.142909366474325e-2
0.155 5.208651603490655e-2
0.156 5.275004881684642e-2
0.157 5.341969214265381e-2
0.158 5.4095445752308444e-2
0.159 5.477730899577021e-2
0.16 5.546528083507553e-2
0.161 5.6159359846437835e-2
0.162 5.6859544222352766e-2
0.163 5.75658317737071e-2
0.164 5.827821993189236e-2
0.165 5.8996705750922064e-2
0.166 5.972128590955308e-2
0.167 6.045195671341102e-2
0.168 6.1188714097119005e-2
0.169 6.193155362643044e-2
0.17 6.268047050036542e-2
0.171 6.343545955335031e-2
0.17200000000000001 6.419651525736113e-2
0.17300000000000001 6.496363172406971e-2
0.17400000000000002 6.57368027069939e-2
0.17500000000000002 6.651602160365014e-2
0.176 6.730128145770944e-2
0.177 6.809257496115625e-2
0.178 6.888989445645045e-2
0.179 6.969323193869154e-2
0.18 7.050257905778631e-2
0.181 7.131792712061832e-2
0.182 7.213926709322065e-2
0.183 7.296658960295054e-2
0.184 7.379988494066671e-2
0.185 7.46391430629086e-2
0.186 7.548435359407847e-2
0.187 7.633550582862467e-2
0.188 7.719258873322789e-2
0.189 7.805559094898828e-2
0.19 7.892450079361593e-2
0.191 7.979930626362089e-2
0.192 8.06799950365078e-2
0.193 8.156655447296879e-2
0.194 8.245897161908126e-2
0.195 8.335723320850401e-2
0.196 8.426132566467742e-2
0.197 8.51712351030225e-2
0.198 8.608694733314357e-2
0.199 8.700844786102939e-2
0.2 8.793572189125819e-2
0.201 8.886875432920067e-2
0.202 8.980752978322688e-2
0.203 9.075203256691139e-2
0.20400000000000001 9.170224670124064e-2
0.20500000000000002 9.265815591682022e-2
0.20600000000000002 9.361974365608396e-2
0.20700000000000002 9.458699307550082e-2
0.20800000000000002 9.555988704778605e-2
0.209 9.653840816410862e-2
0.21 9.752253873630251e-2
0.211 9.851226079907527e-2
0.212 9.950755611221881e-2
0.213 0.10050840616281924
0.214 0.10151479216746663
0.215 0.10252669507446492
0.216 0.1035440955660418
0.217 0.10456697406055789
0.218 0.10559531071471615
0.219 0.10662908542577024
0.22 0.10766827783373296
0.221 0.10871286732358391
0.222 0.10976283302747647
0.223 0.11081815382694454
0.224 0.11187880835510754
0.225 0.11294477499887615
0.226 0.11401603190115511
0.227 0.11509255696304718
0.228 0.11617432784605479
0.229 0.11726132197428027
0.23 0.11835351653662668
0.231 0.11945088848899521
0.232 0.12055341455648266
0.233 0.12166107123557766
0.234 0.12277383479635426
0.23500000000000001 0.12389168128466527
0.23600000000000002 0.12501458652433348
0.23700000000000002 0.12614252611934135
0.23800000000000002 0.12727547545601853
0.23900000000000002 0.12841340970522847
0.24 0.1295563038245529
0.241 0.13070413256047408
0.242 0.13185687045055525
0.243 0.13301449182561947
0.244 0.1341769708119256
0.245 0.13534428133334306
0.246 0.13651639711352404
0.247 0.1376932916780725
0.248 0.13887493835671313
0.249 0.14006131028545507
0.25 0.14125238040875537
0.251 0.14244812148167926
0.252 0.14364850607205742
0.253 0.14485350656264143
0.254 0.14606309515325588
0.255 0.14727724386294794
0.256 0.14849592453213453
0.257 0.14971910882474568
0.258 0.1509467682303664
0.259 0.15217887406637454
0.26 0.153415397480075
0.261 0.15465630945083333
0.262 0.15590158079220331
0.263 0.15715118215405316
0.264 0.158405084024688
0.265 0.15966325673296922
0.266 0.1609256704504299
0.267 0.16219229519338726
0.268 0.16346310082505172
0.269 0.16473805705763278
0.27 0.16601713345444002
0.271 0.16730029943198238
0.272 0.16858752426206194
0.273 0.16987877707386503
0.274 0.17117402685605007
0.275 0.17247324245882995
0.276 0.1737763925960517
0.277 0.17508344584727273
0.278 0.17639437065983143
0.279 0.1777091353509154
0.28 0.1790277081096246
0.281 0.18035005699903134
0.28200000000000003 0.18167614995823456
0.28300000000000003 0.1830059548044114
0.28400000000000003 0.18433943923486473
0.28500000000000003 0.18567657082906364
0.28600000000000003 0.187017317050684
0.28700000000000003 0.18836164524964044
0.28800000000000003 0.18970952266411625
0.289 0.1910609164225886
0.29 0.1924157935458481
0.291 0.19377412094901542
0.292 0.19513586544355116
0.293 0.19650099373926452
0.294 0.1978694724463122
0.295 0.19924126807719808
0.296 0.20061634704876352
0.297 0.2019946756841765
0.298 0.20337622021491247
0.299 0.2047609467827337
0.3 0.20614882144166022
0.301 0.20753981015993994
0.302 0.20893387882200806
0.303 0.21033099323044863
0.304 0.21173111910794318
0.305 0.21313422209922134
0.306 0.2145402677730008
0.307 0.21594922162392588
0.308 0.21736104907449752
0.309 0.2187757154770021
0.31 0.22019318611543004
0.311 0.22161342620739308
0.312 0.22303640090603433
0.313 0.22446207530193296
0.314 0.22589041442500313
0.315 0.22732138324638967
0.316 0.22875494668035357
0.317 0.23019106958615804
0.318 0.23162971676994254
0.319 0.23307085298659735
0.32 0.23451444294162604
0.321 0.23596045129300947
0.322 0.23740884265305598
0.323 0.23885958159025425
0.324 0.24031263263111236
0.325 0.2417679602619976
0.326 0.24322552893096547
0.327 0.24468530304958705
0.328 0.24614724699476564
0.329 0.24761132511055278
0.33 0.2490775017099532
0.331 0.2505457410767288
0.332 0.2520160074671907
0.333 0.2534882651119918
0.334 0.25496247821790713
0.335 0.25643861096961273
0.336 0.2579166275314552
0.337 0.2593964920492182
0.338 0.26087816865187785
0.339 0.26236162145335884
0.34 0.2638468145542762
0.341 0.2653337120436797
0.342 0.2668222780007827
0.343 0.2683124764966927
0.34400000000000003 0.26980427159612935
0.34500000000000003 0.2712976273591418
0.34600000000000003 0.2727925078428135
0.34700000000000003 0.2742888771029667
0.34800000000000003 0.2757866991958547
0.34900000000000003 0.2772859381798533
0.35000000000000003 0.27878655811714026
0.35100000000000003 0.28028852307537405
0.352 0.28179179712935903
0.353 0.2832963443627128
0.354 0.28480212886951756
0.355 0.286309114755973
0.356 0.2878172661420374
0.357 0.28932654716306444
0.358 0.2908369219714329
0.359 0.292348354738169
0.36 0.2938608096545633
0.361 0.29537425093378006
0.362 0.29688864281246025
0.363 0.2984039495523171
0.364 0.2999201354417267
0.365 0.30143716479730887
0.366 0.3029550019655052
0.367 0.30447361132414646
0.368 0.3059929572840154
0.369 0.30751300429040274
0.37 0.3090337168246557
0.371 0.3105550594057189
0.372 0.3120769965916704
0.373 0.31359949298125006
0.374 0.31512251321537904
0.375 0.31664602197867636
0.376 0.31816998400096524
0.377 0.3196943640587737
0.378 0.3212191269768279
0.379 0.32274423762953974
0.38 0.3242696609424861
0.381 0.3257953618938817
0.382 0.3273213055160452
0.383 0.32884745689685807
0.384 0.3303737811812157
0.385 0.3319002435724741
0.386 0.3334268093338861
0.387 0.3349534437900336
0.388 0.3364801123282516
0.389 0.3380067804000433
0.39 0.33953341352249267
0.391 0.341059977279666
0.392 0.34258643732400784
0.393 0.34411275937773034
0.394 0.34563890923419527
0.395 0.3471648527592874
0.396 0.34869055589278486
0.397 0.3502159846497178
0.398 0.3517411051217235
0.399 0.35326588347839183
0.4 0.3547902859686054
0.401 0.35631427892187323
0.402 0.3578378287496546
0.403 0.3593609019466779
0.404 0.3608834650922542
0.405 0.36240548485157875
0.406 0.3639269279770296
0.40700000000000003 0.36544776130945794
0.40800000000000003 0.36696795177947167
0.40900000000000003 0.3684874664087115
0.41000000000000003 0.3700062723111194
0.41100000000000003 0.37152433669420193
0.41200000000000003 0.3730416268602833
0.41300000000000003 0.3745581102077568
0.41400000000000003 0.37607375423232303
0.41500000000000004 0.3775885265282245
0.41600000000000004 0.37910239478947355
0.417 0.38061532681107135
0.418 0.3821272904902222
0.419 0.3836382538275367
0.42 0.38514818492823544
0.421 0.3866570520033349
0.422 0.3881648233708392
0.423 0.3896714674569114
0.424 0.3911769527970505
0.425 0.392681248037251
0.426 0.39418432193516345
0.427 0.39568614336124086
0.428 0.3971866812998876
0.429 0.39868590485058886
0.43 0.40018378322904574
0.431 0.40168028576829423
0.432 0.4031753819198234
0.433 0.4046690412546815
0.434 0.40616123346458094
0.435 0.4076519283629891
0.436 0.4091410958862216
0.437 0.41062870609451857
0.438 0.4121147291731234
0.439 0.41359913543334637
0.44 0.41508189531363054
0.441 0.41656297938059955
0.442 0.41804235833011144
0.443 0.4195200029882934
0.444 0.4209958843125813
0.445 0.4224699733927409
0.446 0.42394224145189374
0.447 0.4254126598475261
0.448 0.42688120007250063
0.449 0.42834783375605257
0.45 0.429812532664786
0.451 0.4312752687036604
0.452 0.4327360139169718
0.453 0.43419474048932405
0.454 0.43565142074660107
0.455 0.43710602715692226
0.456 0.4385585323316022
0.457 0.4400089090260926
0.458 0.44145713014092947
0.459 0.4429031687226641
0.46 0.4443469979647933
0.461 0.4457885912086799
0.462 0.44722792194447164
0.463 0.44866496381200516
0.464 0.45009969060171495
0.465 0.4515320762555242
0.466 0.45296209486774086
0.467 0.45438972068593597
0.468 0.4558149281118266
0.46900000000000003 0.45723769170214207
0.47000000000000003 0.4586579861694956
0.47100000000000003 0.4600757863832366
0.47200000000000003 0.46149106737031065
0.47300000000000003 0.46290380431609934
0.47400000000000003 0.46431397256526874
0.47500000000000003 0.46572154762259493
0.47600000000000003 0.4671265051538033
0.47700000000000004 0.46852882098638066
0.47800000000000004 0.46992847111040137
0.47900000000000004 0.4713254316793302
0.48 0.4727196790108343
0.481 0.4741111895875748
0.482 0.4754999400580063
0.483 0.4768859072371599
0.484 0.47826906810742736
0.485 0.47964939981933385
0.486 0.4810268796923115
0.487 0.48240148521546
0.488 0.4837731940483077
0.489 0.48514198402156317
0.49 0.48650783313786244
0.491 0.48787071957251293
0.492 0.4892306216742252
0.493 0.4905875179658483
0.494 0.4919413871450912
0.495 0.49329220808524565
0.496 0.49463995983589815
0.497 0.4959846216236399
0.498 0.49732617285277075
0.499 0.49866459310599626
0.5 0.49999986214512276
0.501 0.5013319599117434
0.502 0.5026608665279217
0.503 0.5039865622968689
0.504 0.5053090277036161
0.505 0.506628243415683
0.506 0.5079441902837394
0.507 0.5092568493422602
0.508 0.5105662018101826
0.509 0.5118722290915502
0.51 0.5131749127761551
0.511 0.5144742346401798
0.512 0.5157701766468253
0.513 0.5170627209469432
0.514 0.5183518498796568
0.515 0.5196375459729824
0.516 0.5209197919444408
0.517 0.5221985707016701
0.518 0.5234738653430284
0.519 0.5247456591581966
0.52 0.5260139356287733
0.521 0.5272786784288677
0.522 0.5285398714256869
0.523 0.529797498680119
0.524 0.5310515444473128
0.525 0.5323019931772529
0.526 0.5335488295153278
0.527 0.5347920383029015
0.528 0.5360316045778705
0.529 0.537267513575227
0.53 0.5384997507276104
0.531 0.5397283016658595
0.532 0.5409531522195593
0.533 0.5421742884175835
0.534 0.5433916964886335
0.535 0.5446053628617754
0.536 0.5458152741669697
0.537 0.5470214172356013
0.538 0.5482237791010034
0.539 0.5494223469989793
0.54 0.5506171083683198
0.541 0.551808050851318
0.542 0.5529951622942783
0.543 0.5541784307480268
0.544 0.5553578444684149
0.545 0.5565333919168207
0.546 0.5577050617606462
0.547 0.5588728428738121
0.548 0.5600367243372526
0.549 0.561196695439403
0.55 0.5623527456766838
0.551 0.5635048647539869
0.552 0.5646530425851566
0.553 0.5657972692934636
0.554 0.5669375352120848
0.555 0.5680738308845724
0.556 0.569206147065327
0.557 0.570334474720061
0.558 0.5714588050262682
0.559 0.5725791293736833
0.56 0.5736954393647428
0.561 0.5748077268150455
0.562 0.5759159837538048
0.5630000000000001 0.5770202024243047
0.5640000000000001 0.5781203752843522
0.5650000000000001 0.5792164950067247
0.5660000000000001 0.580308554479619
0.5670000000000001 0.5813965468070993
0.5680000000000001 0.5824804653095352
0.5690000000000001 0.583560303524052
0.5700000000000001 0.5846360552049652
0.5710000000000001 0.5857077143242215
0.5720000000000001 0.586775275071837
0.5730000000000001 0.5878387318563327
0.5740000000000001 0.5888980793051689
0.5750000000000001 0.5899533122651766
0.5760000000000001 0.5910044258029925
0.577 0.5920514152054887
0.578 0.5930942759801997
0.579 0.594133003855754
0.58 0.5951675947822997
0.581 0.5961980449319318
0.582 0.5972243506991162
0.583 0.5982465087011162
0.584 0.5992645157784151
0.585 0.6002783689951393
0.586 0.6012880656394839
0.587 0.6022936032241298
0.588 0.6032949794866698
0.589 0.6042921923900268
0.59 0.6052852401228767
0.591 0.6062741211000686
0.592 0.6072588339630447
0.593 0.6082393775802608
0.594 0.6092157510476066
0.595 0.610187953688828
0.596 0.6111559850559434
0.597 0.6121198449296702
0.598 0.6130795333198396
0.599 0.6140350504658234
0.6 0.6149863968369513
0.601 0.6159335731329368
0.602 0.6168765802842978
0.603 0.61781541945278
0.604 0.6187500920317822
0.605 0.619680599646782
0.606 0.6206069441557573
0.607 0.6215291276496209
0.608 0.6224471524526407
0.609 0.6233610211228718
0.61 0.6242707364525895
0.611 0.6251763014687148
0.612 0.6260777194332537
0.613 0.6269749938437262
0.614 0.6278681284336048
0.615 0.628757127172752
0.616 0.6296419942678593
0.617 0.6305227341628867
0.618 0.6313993515395062
0.619 0.6322718513175488
0.62 0.6331402386554467
0.621 0.6340045189506861
0.622 0.6348646978402571
0.623 0.6357207812011044
0.624 0.6365727751505871
0.625 0.6374206860469358
0.626 0.6382645204897093
0.627 0.6391042853202632
0.628 0.6399399876222128
0.629 0.640771634721902
0.63 0.6415992341888763
0.631 0.6424227938363574
0.632 0.6432423217217166
0.633 0.6440578261469635
0.634 0.6448693156592232
0.635 0.645676799051225
0.636 0.6464802853617976
0.637 0.6472797838763564
0.638 0.648075304127408
0.639 0.6488668558950468
0.64 0.6496544492074626
0.641 0.6504380943414512
0.642 0.6512178018229239
0.643 0.651993582427427
0.644 0.6527654471806658
0.645 0.653533407359024
0.646 0.6542974744900977
0.647 0.6550576603532308
0.648 0.655813976980052
0.649 0.6565664366550172
0.65 0.6573150519159603
0.651 0.6580598355546456
0.652 0.6588008006173245
0.653 0.6595379604053001
0.654 0.6602713284754943
0.655 0.661000918641022
0.656 0.6617267449717679
0.657 0.6624488217949724
0.658 0.663167163695821
0.659 0.6638817855180373
0.66 0.6645927023644866
0.661 0.66529992959778
0.662 0.6660034828408886
0.663 0.6667033779777604
0.664 0.6673996311539472
0.665 0.6680922587772324
0.666 0.6687812775182693
0.667 0.669466704311226
0.668 0.6701485563544327
0.669 0.6708268511110405
0.67 0.6715016063096835
0.671 0.6721728399451474
0.672 0.672840570279051
0.673 0.6735048158405239
0.674 0.674165595426903
0.675 0.674822928104429
0.676 0.6754768332089502
0.677 0.6761273303466387
0.678 0.676774439394709
0.679 0.6774181805021461
0.68 0.6780585740904443
0.681 0.6786956408543472
0.682 0.6793294017626031
0.683 0.6799598780587217
0.684 0.6805870912617463
0.685 0.6812110631670264
0.686 0.6818318158470035
0.687 0.6824493716520081
0.6880000000000001 0.6830637532110562
0.6890000000000001 0.683674983432665
0.6900000000000001 0.6842830855056683
0.6910000000000001 0.6848880829000477
0.6920000000000001 0.6854899993677702
0.6930000000000001 0.6860888589436356
0.6940000000000001 0.6866846859461305
0.6950000000000001 0.6872775049782931
0.6960000000000001 0.687867340928594
0.6970000000000001 0.6884542189718151
0.6980000000000001 0.6890381645699472
0.6990000000000001 0.6896192034730915
0.7000000000000001 0.6901973617203776
0.7010000000000001 0.690772665640887
0.7020000000000001 0.6913451418545856
0.7030000000000001 0.6919148172732691
0.704 0.6924817191015228
0.705 0.6930458748376797
0.706 0.6936073122748062
0.707 0.6941660595016836
0.708 0.6947221449038056
0.709 0.6952755971643954
0.71 0.695826445265416
0.711 0.6963747184886101
0.712 0.6969204464165394
0.713 0.6974636589336423
0.714 0.6980043862272954
0.715 0.698542658788898
0.716 0.6990785074149564
0.717 0.6996119632081902
0.718 0.7001430575786434
0.719 0.7006718222448133
0.72 0.7011982892347873
0.721 0.7017224908873958
0.722 0.7022444598533736
0.723 0.7027642290965396
0.724 0.7032818318949831
0.725 0.7037973018422714
0.726 0.7043106728486572
0.727 0.7048219791423158
0.728 0.7053312552705809
0.729 0.7058385361012034
0.73 0.706343856823621
0.731 0.7068472529502402
0.732 0.7073487603177306
0.733 0.7078484150883405
0.734 0.7083462537512198
0.735 0.7088423131237558
0.736 0.7093366303529346
0.737 0.7098292429167009
0.738 0.710320188625346
0.739 0.7108095056229025
0.74 0.711297232388558
0.741 0.7117834077380839
0.742 0.712268070825274
0.743 0.7127512611434067
0.744 0.7132330185267151
0.745 0.7137133831518768
0.746 0.7141923955395209
0.747 0.7146700965557423
0.748 0.7151465274136469
0.749 0.7156217296748935
0.75 0.7160957452512723
0.751 0.7165686164062838
0.752 0.7170403857567401
0.753 0.7175110962743894
0.754 0.7179807912875412
0.755 0.7184495144827271
0.756 0.7189173099063635
0.757 0.7193842219664399
0.758 0.7198502954342232
0.759 0.7203155754459772
0.76 0.7207801075046993
0.761 0.7212439374818801
0.762 0.7217071116192741
0.763 0.7221696765306949
0.764 0.7226316792038224
0.765 0.723093167002032
0.766 0.7235541876662406
0.767 0.7240147893167749
0.768 0.7244750204552532
0.769 0.724934929966487
0.77 0.7253945671204055
0.771 0.7258539815739967
0.772 0.726313223373263
0.773 0.7267723429552101
0.774 0.7272313911498344
0.775 0.7276904191821547
0.776 0.7281494786742398
0.777 0.7286086216472739
0.778 0.7290679005236348
0.779 0.7295273681289909
0.78 0.7299870776944237
0.781 0.7304470828585659
0.782 0.7309074376697621
0.783 0.7313681965882542
0.784 0.7318294144883817
0.785 0.7322911466608041
0.786 0.7327534488147489
0.787 0.7332163770802794
0.788 0.7336799880105795
0.789 0.734144338584268
0.79 0.7346094862077269
0.791 0.7350754887174589
0.792 0.7355424043824617
0.793 0.7360102919066291
0.794 0.7364792104311687
0.795 0.7369492195370495
0.796 0.7374203792474664
0.797 0.7378927500303318
0.798 0.7383663928007871
0.799 0.7388413689237391
0.8 0.7393177402164196
0.801 0.739795568950972
0.802 0.7402749178570505
0.803 0.7407558501244583
0.804 0.7412384294058012
0.805 0.7417227198191626
0.806 0.7422087859508115
0.807 0.7426966928579303
0.808 0.7431865060713625
0.809 0.7436782915983969
0.81 0.7441721159255658
0.811 0.7446680460214758
0.812 0.745166149339655
0.8130000000000001 0.7456664938214397
0.8140000000000001 0.7461691478988711
0.8150000000000001 0.7466741804976308
0.8160000000000001 0.7471816610399931
0.8170000000000001 0.7476916594478068
0.8180000000000001 0.7482042461455072
0.8190000000000001 0.7487194920631454
0.8200000000000001 0.749237468639453
0.8210000000000001 0.7497582478249315
0.8220000000000001 0.7502819020849619
0.8230000000000001 0.7508085044029514
0.8240000000000001 0.7513381282835018
0.8250000000000001 0.7518708477556023
0.8260000000000001 0.7524067373758612
0.8270000000000001 0.7529458722317492
0.8280000000000001 0.753488327944886
0.8290000000000001 0.7540341806743447
0.8300000000000001 0.7545835071199873
0.8310000000000001 0.7551363845258345
0.8320000000000001 0.7556928906834511
0.833 0.7562531039353725
0.834 0.7568171031785565
0.835 0.75738496786786
0.836 0.7579567780195458
0.837 0.7585326142148303
0.838 0.7591125576034423
0.839 0.7596966899072208
0.84 0.7602850934237516
0.841 0.7608778510300127
0.842 0.7614750461860743
0.843 0.7620767629388051
0.844 0.7626830859256326
0.845 0.7632941003783147
0.846 0.7639098921267529
0.847 0.7645305476028348
0.848 0.7651561538443057
0.849 0.765786798498675
0.85 0.7664225698271493
0.851 0.7670635567086019
0.852 0.7677098486435735
0.853 0.7683615357583007
0.854 0.7690187088087856
0.855 0.7696814591848881
0.856 0.7703498789144545
0.857 0.7710240606674854
0.858 0.7717040977603249
0.859 0.7723900841598922
0.86 0.7730821144879432
0.861 0.7737802840253656
0.862 0.7744846887165049
0.863 0.7751954251735346
0.864 0.7759125906808461
0.865 0.7766362831994821
0.866 0.7773666013716066
0.867 0.7781036445249981
0.868 0.7788475126775894
0.869 0.7795983065420387
0.87 0.7803561275303303
0.871 0.7811210777584211
0.872 0.7818932600509115
0.873 0.7826727779457606
0.874 0.7834597356990323
0.875 0.7842542382896796
0.876 0.7850563914243669
0.877 0.7858663015423242
0.878 0.786684075820239
0.879 0.78750982217719
0.88 0.7883436492796121
0.881 0.789185666546299
0.882 0.7900359841534492
0.883 0.7908947130397406
0.884 0.7917619649114501
0.885 0.7926378522476064
0.886 0.793522488305185
0.887 0.7944159871243384
0.888 0.7953184635336654
0.889 0.7962300331555178
0.89 0.7971508124113534
0.891 0.7980809185271162
0.892 0.7990204695386628
0.893 0.7999695842972305
0.894 0.8009283824749402
0.895 0.8018969845703398
0.896 0.8028755119139891
0.897 0.8038640866740862
0.898 0.8048628318621314
0.899 0.8058718713386266
0.9 0.8068913298188338
0.901 0.8079213328785547
0.902 0.8089620069599573
0.903 0.8100134793774507
0.904 0.8110758783235955
0.905 0.8121493328750528
0.906 0.8132339729985866
0.907 0.8143299295570916
0.908 0.8154373343156822
0.909 0.8165563199478075
0.91 0.8176870200414182
0.911 0.8188295691051778
0.912 0.8199841025747062
0.913 0.8211507568188792
0.914 0.8223296691461655
0.915 0.8235209778110067
0.916 0.8247248220202429
0.917 0.8259413419395808
0.918 0.8271706787001099
0.919 0.8284129744048584
0.92 0.8296683721353998
0.921 0.8309370159584926
0.922 0.8322190509327819
0.923 0.8335146231155329
0.924 0.8348238795694171
0.925 0.8361469683693366
0.926 0.8374840386093058
0.927 0.8388352404093711
0.928 0.840200724922574
0.929 0.8415806443419718
0.93 0.8429751519076937
0.931 0.8443844019140536
0.932 0.845808549716698
0.933 0.8472477517398176
0.934 0.8487021654833894
0.935 0.850171949530479
0.936 0.8516572635545833
0.937 0.8531582683270293
0.9380000000000001 0.8546751257244068
0.9390000000000001 0.8562079987360721
0.9400000000000001 0.8577570514716779
0.9410000000000001 0.8593224491687661
0.9420000000000001 0.8609043582004027
0.9430000000000001 0.8625029460828678
0.9440000000000001 0.8641183814833933
0.9450000000000001 0.8657508342279481
0.9460000000000001 0.8674004753090742
0.9470000000000001 0.8690674768937727
0.9480000000000001 0.870752012331446
0.9490000000000001 0.872454256161883
0.9500000000000001 0.8741743841232971
0.9510000000000001 0.8759125731604175
0.9520000000000001 0.8776690014326355
0.9530000000000001 0.8794438483221876
0.9540000000000001 0.8812372944424102
0.9550000000000001 0.8830495216460315
0.9560000000000001 0.8848807130335202
0.9570000000000001 0.8867310529614881
0.9580000000000001 0.8886007270511486
0.9590000000000001 0.8904899221968102
0.96 0.8923988265744557
0.961 0.894327629650336
0.962 0.8962765221896533
0.963 0.8982456962652677
0.964 0.9002353452664816
0.965 0.9022456639078617
0.966 0.9042768482381266
0.967 0.9063290956490786
0.968 0.9084026048846012
0.969 0.9104975760497014
0.97 0.9126142106196174
0.971 0.9147527114489683
0.972 0.9169132827809786
0.973 0.9190961302567368
0.974 0.9213014609245254
0.975 0.9235294832492051
0.976 0.9257804071216473
0.977 0.9280544438682354
0.978 0.9303518062604118
0.979 0.9326727085242869
0.98 0.9350173663503127
0.981 0.9373859969029981
0.982 0.9397788188306975
0.983 0.9421960522754492
0.984 0.9446379188828732
0.985 0.9471046418121292
0.986 0.9495964457459312
0.987 0.9521135569006285
0.988 0.95465620303633
0.989 0.9572246134671097
0.99 0.9598190190712471
0.991 0.9624396523015523
0.992 0.9650867471957345
0.993 0.9677605393868338
0.994 0.9704612661137222
0.995 0.9731891662316535
0.996 0.9759444802228788
0.997 0.9787274502073289
0.998 0.9815383199533557
0.999 0.9843773348885224
1.0 0.9872447421104775
