0.0 3.7963702568924933e-3
1.0e-3 3.7965350551777874e-3
2.0e-3 3.7968522219271e-3
3.0e-3 3.797322743919555e-3
4.0e-3 3.7979482208030757e-3
5.0e-3 3.7987308608542383e-3
6.0e-3 3.799673476710935e-3
7.0e-3 3.80077948107836e-3
8.0e-3 3.8020528824088415e-3
9.000000000000001e-3 3.803498280555992e-3
1.0e-2 3.805120862403716e-3
1.1e-2 3.8069263974705616e-3
1.2e-2 3.8089212334898874e-3
1.3000000000000001e-2 3.8111122919663857e-3
1.4e-2 3.813507063709425e-3
1.5e-2 3.81611360434369e-3
1.6e-2 3.8189405297976353e-3
1.7e-2 3.8219970117702204e-3
1.8000000000000002e-2 3.825292773176408e-3
1.9e-2 3.8288380835718883e-3
2.0e-2 3.8326437545575425e-3
2.1e-2 3.8367211351640887e-3
2.2e-2 3.8410821072173695e-3
2.3e-2 3.8457390806847912e-3
2.4e-2 3.8507049890033466e-3
2.5e-2 3.8559932843896757e-3
2.6000000000000002e-2 3.8616179331326626e-3
2.7e-2 3.8675934108689854e-3
2.8e-2 3.8739346978420987e-3
2.9e-2 3.8806572741450817e-3
3.0e-2 3.8877771149478236e-3
3.1e-2 3.89531068570896e-3
3.2e-2 3.9032749373730446e-3
3.3e-2 3.911687301553359e-3
3.4e-2 3.920565685700816e-3
3.5e-2 3.929928468259406e-3
3.6000000000000004e-2 3.939794493808581e-3
3.7e-2 3.950183068193059e-3
3.8e-2 3.96111395364042e-3
3.9e-2 3.972607363866965e-3
4.0e-2 3.984683959172243e-3
4.1e-2 3.9973648415226526e-3
4.2e-2 4.010671549624565e-3
4.3000000000000003e-2 4.024626053987363e-3
4.4e-2 4.039250751976803e-3
4.5e-2 4.054568462859131e-3
4.6e-2 4.070602422836357e-3
4.7e-2 4.087376280073062e-3
4.8e-2 4.104914089715184e-3
4.9e-2 4.123240308901152e-3
5.0e-2 4.142379791765774e-3
5.1000000000000004e-2 4.162357784437278e-3
5.2000000000000005e-2 4.183199920027905e-3
5.3e-2 4.204932213618403e-3
5.4e-2 4.227581057236884e-3
5.5e-2 4.251173214832341e-3
5.6e-2 4.275735817243285e-3
5.7e-2 4.301296357161828e-3
5.8e-2 4.327882684093619e-3
5.9000000000000004e-2 4.355522999313987e-3
6.0e-2 4.384245850820697e-3
6.1e-2 4.414080128283637e-3
6.2e-2 4.4450550579918395e-3
6.3e-2 4.477200197798248e-3
6.4e-2 4.51054543206242e-3
6.5e-2 4.545120966591805e-3
6.6e-2 4.580957323581622e-3
6.7e-2 4.618085336554042e-3
6.8e-2 4.656536145296678e-3
6.9e-2 4.696341190801079e-3
7.0e-2 4.737532210201217e-3
7.100000000000001e-2 4.780141231712707e-3
7.200000000000001e-2 4.8242005695726875e-3
7.3e-2 4.869742818981096e-3
7.4e-2 4.91680085104333e-3
7.5e-2 4.965407807714923e-3
7.6e-2 5.015597096748369e-3
7.7e-2 5.0674023866424875e-3
7.8e-2 5.120857601594717e-3
7.9e-2 5.175996916456566e-3
8.0e-2 5.232854751692621e-3
8.1e-2 5.2914657683433815e-3
8.2e-2 5.351864862992285e-3
8.3e-2 5.4140871627372175e-3
8.4e-2 5.4781680201667965e-3
8.5e-2 5.544143008341817e-3
8.600000000000001e-2 5.612047915782076e-3
8.700000000000001e-2 5.681918741458967e-3
8.8e-2 5.753791689794065e-3
8.9e-2 5.82770316566412e-3
9.0e-2 5.903689769412621e-3
9.1e-2 5.981788291868349e-3
9.2e-2 6.062035709371154e-3
9.3e-2 6.144469178805251e-3
9.4e-2 6.22912603264036e-3
9.5e-2 6.316043773980934e-3
9.6e-2 6.40526007162382e-3
9.7e-2 6.496812755124557e-3
9.8e-2 6.590739809872693e-3
9.9e-2 6.687079372176322e-3
0.1 6.785869724356143e-3
0.101 6.887149289849323e-3
0.10200000000000001 6.99095662832347e-3
0.10300000000000001 7.097330430800897e-3
0.10400000000000001 7.206309514793558e-3
0.105 7.317932819448801e-3
0.106 7.432239400706383e-3
0.107 7.549268426466735e-3
0.108 7.66905917177106e-3
0.109 7.791651013993259e-3
0.11 7.91708342804407e-3
0.111 8.045395981587678e-3
0.112 8.176628330270956e-3
0.113 8.31082021296573e-3
0.114 8.448011447024128e-3
0.115 8.58824192354747e-3
0.116 8.731551602668768e-3
0.117 8.877980508849158e-3
0.11800000000000001 9.027568726188524e-3
0.11900000000000001 9.180356393750432e-3
0.12 9.33638370090182e-3
0.121 9.495690882667412e-3
0.122 9.65831821509932e-3
0.123 9.824306010661935e-3
0.124 9.993694613632345e-3
0.125 1.0166524395516562e-2
0.126 1.0342835750481689e-2
0.127 1.0522669090804338e-2
0.128 1.0706064842335477e-2
0.129 1.0893063439981905e-2
0.13 1.108370532320456e-2
0.131 1.1278030931533957e-2
0.132 1.1476080700102873e-2
0.133 1.1677895055196496e-2
0.134 1.188351440982029e-2
0.135 1.2092979159285778e-2
0.136 1.2306329676814328e-2
0.137 1.2523606309159392e-2
0.138 1.2744849372247052e-2
0.139 1.2970099146835392e-2
0.14 1.3199395874192698e-2
0.14100000000000001 1.3432779751794736e-2
0.14200000000000002 1.367029092904123e-2
0.14300000000000002 1.3911969502991936e-2
0.14400000000000002 1.4157855514122153e-2
0.145 1.4407988942098247e-2
0.146 1.4662409701572999e-2
0.147 1.4921157638001222e-2
0.148 1.5184272523475734e-2
0.149 1.5451794052583772e-2
0.15 1.5723761838284254e-2
0.151 1.6000215407805735e-2
0.152 1.6281194198565597e-2
0.153 1.6566737554110218e-2
0.154 1.685688472007672e-2
0.155 1.7151674840176163e-2
0.156 1.7451146952198456e-2
0.157 1.7755339984039047e-2
0.158 1.806429274974777e-2
0.159 1.8378043945599744e-2
0.16 1.8696632146188687e-2
0.161 1.902009580054258e-2
0.162 1.9348473228262126e-2
0.163 1.96818026156818e-2
0.164 2.002012201205398e-2
0.165 2.0363469325756063e-2
0.166 2.0711882320520746e-2
0.167 2.106539861168981e-2
0.168 2.1424055662491157e-2
0.169 2.1787890780339696e-2
0.17 2.2156941113161837e-2
0.171 2.253124364574397e-2
0.17200000000000001 2.2910835196104925e-2
0.17300000000000001 2.329575241189248e-2
0.17400000000000002 2.3686031766804415e-2
0.17500000000000002 2.4081709557033686e-2
0.176 2.4482821897738268e-2
0.177 2.4889404719535678e-2
0.178 2.530149376502219e-2
0.179 2.57191245853169e-2
0.18 2.6142332536631056e-2
0.181 2.657115277686206e-2
0.182 2.7005620262213193e-2
0.183 2.744576974383833e-2
0.184 2.7891635764512302e-2
0.185 2.834325265532666e-2
0.186 2.880065453241133e-2
0.187 2.926387529368181e-2
0.188 2.973294861561246e-2
0.189 3.0207907950035442e-2
0.19 3.0688786520966325e-2
0.191 3.1175617321454952e-2
0.192 3.166843311046373e-2
0.193 3.2167266409771036e-2
0.194 3.26721495009023e-2
0.195 3.318311442208646e-2
0.196 3.37001929652402e-2
0.197 3.422341667297774e-2
0.198 3.4752816835648626e-2
0.199 3.528842448840122e-2
0.2 3.5830270408274356e-2
0.201 3.637838511131475e-2
0.202 3.6932798849722864e-2
0.203 3.7493541609025016e-2
0.20400000000000001 3.806064310527309e-2
0.20500000000000002 3.863413278227163e-2
0.20600000000000002 3.921403980883256e-2
0.20700000000000002 3.980039307605669e-2
0.20800000000000002 4.039322119464392e-2
0.209 4.099255249222976e-2
0.21 4.1598415010750754e-2
0.211 4.221083650383681e-2
0.212 4.282984443423177e-2
0.213 4.3455465971241856e-2
0.214 4.408772798821182e-2
0.215 4.472665706002927e-2
0.216 4.537227946065715e-2
0.217 4.602462116069402e-2
0.218 4.6683707824962846e-2
0.219 4.734956481012772e-2
0.22 4.8022217162338926e-2
0.221 4.870168961490654e-2
0.222 4.938800658600196e-2
0.223 5.008119217638827e-2
0.224 5.07812701671786e-2
0.225 5.148826401762363e-2
0.226 5.220219686292659e-2
0.227 5.292309151208802e-2
0.228 5.365097044577829e-2
0.229 5.438585581423888e-2
0.23 5.512776943521276e-2
0.231 5.587673279190302e-2
0.232 5.663276703096014e-2
0.233 5.73958929604988e-2
0.234 5.816613104814244e-2
0.23500000000000001 5.894350141909732e-2
0.23600000000000002 5.972802385425534e-2
0.23700000000000002 6.0519717788325524e-2
0.23800000000000002 6.1318602307994394e-2
0.23900000000000002 6.212469615011536e-2
0.24 6.293801769992716e-2
0.241 6.375858498930106e-2
0.242 6.458641569501687e-2
0.243 6.542152713706817e-2
0.244 6.626393627699656e-2
0.245 6.711365971625469e-2
0.246 6.797071369459852e-2
0.247 6.883511408850822e-2
0.248 6.970687640963875e-2
0.249 7.058601580329879e-2
0.25 7.147254704695898e-2
0.251 7.236648454878933e-2
0.252 7.326784234622538e-2
0.253 7.417663410456381e-2
0.254 7.509287311558661e-2
0.255 7.601657229621443e-2
0.256 7.69477441871895e-2
0.257 7.788640095178631e-2
0.258 7.883255437455297e-2
0.259 7.978621586008035e-2
0.26 8.074739643180022e-2
0.261 8.171610673081342e-2
0.262 8.269235701474595e-2
0.263 8.36761571566344e-2
0.264 8.466751664384048e-2
0.265 8.566644457699445e-2
0.266 8.667294966896713e-2
0.267 8.768704024387108e-2
0.268 8.87087242360907e-2
0.269 8.973800918934116e-2
0.27 9.077490225575603e-2
0.271 9.181941019500395e-2
0.272 9.287153937343366e-2
0.273 9.393129576324814e-2
0.274 9.499868494170795e-2
0.275 9.60737120903619e-2
0.276 9.715638199430776e-2
0.277 9.8246699041481e-2
0.278 9.934466722197216e-2
0.279 0.1004502901273728
0.28 0.10156357095015014
0.281 0.10268451248305015
0.28200000000000003 0.10381311711852886
0.28300000000000003 0.10494938684821231
0.28400000000000003 0.10609332326238556
0.28500000000000003 0.10724492754950776
0.28600000000000003 0.10840420049575912
0.28700000000000003 0.10957114248461253
0.28800000000000003 0.11074575349643574
0.289 0.1119280331081209
0.29 0.11311798049274215
0.291 0.11431559441924148
0.292 0.11552087325214223
0.293 0.11673381495129194
0.294 0.11795441707163022
0.295 0.11918267676298831
0.296 0.12041859076991271
0.297 0.12166215543151986
0.298 0.12291336668137552
0.299 0.12417222004740448
0.3 0.12543871065182546
0.301 0.12671283321111612
0.302 0.12799458203600209
0.303 0.1292839510314778
0.304 0.1305809336968497
0.305 0.13188552312581173
0.306 0.1331977120065434
0.307 0.1345174926218389
0.308 0.13584485684925993
0.309 0.1371797961613189
0.31 0.13852230162568563
0.311 0.13987236390542365
0.312 0.14122997325925182
0.313 0.1425951195418331
0.314 0.14396779220408948
0.315 0.1453479802935453
0.316 0.14673567245469352
0.317 0.1481308569293928
0.318 0.14953352155728653
0.319 0.15094365377625246
0.32 0.15236124062287376
0.321 0.15378626873294138
0.322 0.15521872434197692
0.323 0.1566585932857873
0.324 0.15810586100103913
0.325 0.15956051252586426
0.326 0.16102253250048718
0.327 0.1624919051678808
0.328 0.16396861437444446
0.329 0.16545264357071146
0.33 0.16694397581207773
0.331 0.16844259375955972
0.332 0.16994847968057314
0.333 0.17146161544974114
0.334 0.17298198254972352
0.335 0.17450956207207377
0.336 0.17604433471811876
0.337 0.17758628079986513
0.338 0.17913538024092746
0.339 0.18069161257748417
0.34 0.18225495695925412
0.341 0.18382539215050203
0.342 0.18540289653106304
0.343 0.18698744809739537
0.34400000000000003 0.18857902446365388
0.34500000000000003 0.19017760286279084
0.34600000000000003 0.19178316014767652
0.34700000000000003 0.193395672792247
0.34800000000000003 0.19501511689267229
0.34900000000000003 0.19664146816855155
0.35000000000000003 0.19827470196412686
0.35100000000000003 0.1999147932495263
0.352 0.20156171662202238
0.353 0.20321544630732263
0.354 0.20487595616087415
0.355 0.20654321966919703
0.356 0.20821720995123794
0.357 0.2098978997597463
0.358 0.21158526148267373
0.359 0.21327926714459483
0.36 0.21497988840815083
0.361 0.21668709657551471
0.362 0.21840086258987937
0.363 0.2201211570369658
0.364 0.22184795014655492
0.365 0.22358121179403928
0.366 0.22532091150199787
0.367 0.22706701844179092
0.368 0.2288195014351759
0.369 0.23057832895594677
0.37 0.2323434691315907
0.371 0.23411488974496847
0.372 0.23589255823601457
0.373 0.23767644170345792
0.374 0.2394665069065625
0.375 0.2412627202668895
0.376 0.24306504787007902
0.377 0.2448734554676516
0.378 0.24668790847882952
0.379 0.24850837199237955
0.38 0.250334810768473
0.381 0.2521671892405675
0.382 0.2540054715173063
0.383 0.25584962138443856
0.384 0.2576996023067571
0.385 0.25955537743005674
0.386 0.2614169095831108
0.387 0.26328416127966575
0.388 0.2651570947204566
0.389 0.2670356717952365
0.39 0.26891985408483027
0.391 0.27080960286320177
0.392 0.27270487909954116
0.393 0.27460564346036925
0.394 0.27651185631166114
0.395 0.27842347772098464
0.396 0.2803404674596605
0.397 0.28226278500493507
0.398 0.2841903895421742
0.399 0.28612323996707123
0.4 0.2880612948878741
0.401 0.2900045126276283
0.402 0.29195285122643594
0.403 0.2939062684437322
0.404 0.295864721760578
0.405 0.29782816838196824
0.406 0.29979656523915615
0.40700000000000003 0.3017698689919938
0.40800000000000003 0.30374803603128947
0.40900000000000003 0.30573102248117856
0.41000000000000003 0.3077187842015108
0.41100000000000003 0.30971127679025323
0.41200000000000003 0.3117084555859068
0.41300000000000003 0.3137102756699415
0.41400000000000003 0.31571669186924156
0.41500000000000004 0.3177276587585684
0.41600000000000004 0.3197431306630377
0.417 0.32176306166061014
0.418 0.32378740558459745
0.419 0.3258161160261803
0.42 0.3278491463369439
0.421 0.32988644963142183
0.422 0.3319279787896613
0.423 0.33397368645979214
0.424 0.3360235250606188
0.425 0.33807744678421736
0.426 0.34013540359855216
0.427 0.3421973472500987
0.428 0.3442632292664873
0.429 0.3463330009591488
0.43 0.3484066134259841
0.431 0.350484017554036
0.432 0.35256516402218013
0.433 0.3546500033038226
0.434 0.3567384856696144
0.435 0.3588305611901707
0.436 0.3609261797388099
0.437 0.3630252909942954
0.438 0.3651278444435962
0.439 0.36723378938464996
0.44 0.36934307492914764
0.441 0.37145565000531566
0.442 0.3735714633607218
0.443 0.37569046356507907
0.444 0.3778125990130711
0.445 0.3799378179271765
0.446 0.38206606836051327
0.447 0.3841972981996825
0.448 0.38633145516763295
0.449 0.3884684868265226
0.45 0.39060834058059957
0.451 0.3927509636790862
0.452 0.3948963032190745
0.453 0.3970443061484265
0.454 0.39919491926869005
0.455 0.40134808923801424
0.456 0.40350376257408077
0.457 0.4056618856570356
0.458 0.40782240473243697
0.459 0.4099852659142026
0.46 0.41215041518757073
0.461 0.4143177984120631
0.462 0.4164873613244619
0.463 0.41865904954178396
0.464 0.4208328085642721
0.465 0.42300858377838385
0.466 0.42518632045979593
0.467 0.4273659637764027
0.468 0.42954745879133593
0.46900000000000003 0.43173075046597426
0.47000000000000003 0.43391578366297345
0.47100000000000003 0.43610250314928917
0.47200000000000003 0.4382908535992167
0.47300000000000003 0.44048077959742404
0.47400000000000003 0.44267222564200337
0.47500000000000003 0.44486513614751166
0.47600000000000003 0.4470594554480343
0.47700000000000004 0.4492551278002334
0.47800000000000004 0.4514520973864197
0.47900000000000004 0.45365030831761194
0.48 0.45584970463661406
0.481 0.4580502303210834
0.482 0.46025182928661473
0.483 0.4624544453898188
0.484 0.46465802243140825
0.485 0.4668625041592854
0.486 0.4690678342716354
0.487 0.4712739564200168
0.488 0.4734808142124609
0.489 0.4756883512165697
0.49 0.47789651096261637
0.491 0.48010523694665136
0.492 0.4823144726336034
0.493 0.4845241614603905
0.494 0.48673424683902544
0.495 0.4889446721597279
0.496 0.49115538079403503
0.497 0.49336631609791226
0.498 0.4955774214148692
0.499 0.4977886400790697
0.5 0.4999999154184498
0.501 0.5022111907578298
0.502 0.5044224094220308
0.503 0.5066335147389873
0.504 0.5088444500428645
0.505 0.5110551586771712
0.506 0.5132655839978744
0.507 0.5154756693765093
0.508 0.517685358203296
0.509 0.5198945938902486
0.51 0.5221033198742829
0.511 0.5243114796203301
0.512 0.5265190166244387
0.513 0.5287258744168828
0.514 0.5309319965652639
0.515 0.5331373266776137
0.516 0.5353418084054913
0.517 0.5375453854470809
0.518 0.539748001550285
0.519 0.5419496005158163
0.52 0.544150126200286
0.521 0.5463495225192877
0.522 0.5485477334504804
0.523 0.5507447030366663
0.524 0.5529403753888658
0.525 0.5551346946893879
0.526 0.5573276051948964
0.527 0.5595190512394754
0.528 0.5617089772376831
0.529 0.5638973276876106
0.53 0.5660840471739269
0.531 0.5682690803709256
0.532 0.5704523720455643
0.533 0.572633867060497
0.534 0.5748135103771038
0.535 0.5769912470585153
0.536 0.579167022272628
0.537 0.5813407812951156
0.538 0.583512469512438
0.539 0.5856820324248361
0.54 0.5878494156493288
0.541 0.5900145649226972
0.542 0.5921774261044631
0.543 0.5943379451798642
0.544 0.5964960682628189
0.545 0.5986517415988851
0.546 0.6008049115682099
0.547 0.6029555246884734
0.548 0.6051035276178253
0.549 0.6072488671578135
0.55 0.6093914902563006
0.551 0.6115313440103769
0.552 0.6136683756692668
0.553 0.6158025326372168
0.554 0.6179337624763866
0.555 0.6200620129097227
0.556 0.6221872318238288
0.557 0.6243093672718204
0.558 0.6264283674761779
0.559 0.6285441808315838
0.56 0.6306567559077522
0.561 0.6327660414522496
0.562 0.634871986393304
0.5630000000000001 0.636974539842604
0.5640000000000001 0.6390736510980897
0.5650000000000001 0.6411692696467289
0.5660000000000001 0.6432613451672852
0.5670000000000001 0.645349827533077
0.5680000000000001 0.6474346668147196
0.5690000000000001 0.6495158132828635
0.5700000000000001 0.6515932174109161
0.5710000000000001 0.6536668298777512
0.5720000000000001 0.6557366015704125
0.5730000000000001 0.6578024835868006
0.5740000000000001 0.6598644272383479
0.5750000000000001 0.6619223840526823
0.5760000000000001 0.6639763057762811
0.577 0.6660261443771075
0.578 0.6680718520472387
0.579 0.6701133812054775
0.58 0.6721506844999556
0.581 0.674183714810719
0.582 0.6762124252523021
0.583 0.6782367691762894
0.584 0.6802567001738625
0.585 0.6822721720783309
0.586 0.6842831389676579
0.587 0.6862895551669578
0.588 0.6882913752509929
0.589 0.6902885540466469
0.59 0.6922810466353886
0.591 0.6942688083557205
0.592 0.6962517948056097
0.593 0.6982299618449062
0.594 0.7002032655977439
0.595 0.7021716624549316
0.596 0.7041351090763215
0.597 0.7060935623931677
0.598 0.7080469796104639
0.599 0.7099953182092716
0.6 0.7119385359490258
0.601 0.7138765908698281
0.602 0.7158094412947255
0.603 0.7177370458319646
0.604 0.7196593633772387
0.605 0.7215763531159154
0.606 0.7234879745252384
0.607 0.7253941873765302
0.608 0.7272949517373589
0.609 0.7291902279736977
0.61 0.7310799767520697
0.611 0.7329641590416632
0.612 0.7348427361164434
0.613 0.7367156695572341
0.614 0.7385829212537889
0.615 0.7404444534068426
0.616 0.7423002285301423
0.617 0.7441502094524612
0.618 0.7459943593195928
0.619 0.7478326415963318
0.62 0.7496650200684265
0.621 0.7514914588445196
0.622 0.7533119223580707
0.623 0.7551263753692485
0.624 0.7569347829668205
0.625 0.7587371105700103
0.626 0.760533323930337
0.627 0.7623233891334418
0.628 0.7641072726008854
0.629 0.765884941091931
0.63 0.7676563617053086
0.631 0.769421501880953
0.632 0.7711803294017234
0.633 0.7729328123951087
0.634 0.774678919334902
0.635 0.7764186190428598
0.636 0.7781518806903447
0.637 0.7798786737999337
0.638 0.7815989682470202
0.639 0.7833127342613853
0.64 0.7850199424287487
0.641 0.7867205636923049
0.642 0.7884145693542262
0.643 0.7901019310771525
0.644 0.7917826208856618
0.645 0.7934566111677032
0.646 0.7951238746760251
0.647 0.7967843845295766
0.648 0.798438114214877
0.649 0.8000850375873736
0.65 0.8017251288727727
0.651 0.8033583626683481
0.652 0.8049847139442272
0.653 0.8066041580446525
0.654 0.8082166706892228
0.655 0.8098222279741087
0.656 0.8114208063732459
0.657 0.8130123827395044
0.658 0.8145969343058366
0.659 0.8161744386863974
0.66 0.8177448738776453
0.661 0.8193082182594157
0.662 0.8208644505959719
0.663 0.8224135500370342
0.664 0.8239554961187808
0.665 0.8254902687648261
0.666 0.8270178482871758
0.667 0.8285382153871587
0.668 0.8300513511563259
0.669 0.8315572370773393
0.67 0.8330558550248218
0.671 0.834547187266188
0.672 0.8360312164624554
0.673 0.8375079256690192
0.674 0.8389772983364125
0.675 0.8404393183110357
0.676 0.8418939698358606
0.677 0.8433412375511126
0.678 0.844781106494923
0.679 0.846213562103958
0.68 0.8476385902140257
0.681 0.849056177060647
0.682 0.8504663092796133
0.683 0.8518689739075065
0.684 0.8532641583822059
0.685 0.854651850543355
0.686 0.8560320386328104
0.687 0.8574047112950667
0.6880000000000001 0.8587698575776478
0.6890000000000001 0.8601274669314761
0.6900000000000001 0.8614775292112145
0.6910000000000001 0.8628200346755809
0.6920000000000001 0.8641549739876392
0.6930000000000001 0.8654823382150606
0.6940000000000001 0.8668021188303568
0.6950000000000001 0.8681143077110882
0.6960000000000001 0.8694188971400497
0.6970000000000001 0.8707158798054222
0.6980000000000001 0.8720052488008985
0.6990000000000001 0.8732869976257841
0.7000000000000001 0.8745611201850738
0.7010000000000001 0.8758276107894951
0.7020000000000001 0.8770864641555243
0.7030000000000001 0.8783376754053794
0.704 0.879581240066987
0.705 0.8808171540739106
0.706 0.8820454137652689
0.707 0.8832660158856078
0.708 0.8844789575847571
0.709 0.8856842364176586
0.71 0.8868818503441581
0.711 0.8880717977287792
0.712 0.889254077340464
0.713 0.8904286883522882
0.714 0.8915956303411408
0.715 0.8927549032873924
0.716 0.8939065075745146
0.717 0.8950504439886878
0.718 0.8961867137183709
0.719 0.8973153183538496
0.72 0.8984362598867494
0.721 0.8995495407095274
0.722 0.9006551636149283
0.723 0.9017531317954193
0.724 0.9028434488425917
0.725 0.903926118746538
0.726 0.9050011458951912
0.727 0.9060685350736518
0.728 0.907128291463466
0.729 0.9081804206418953
0.73 0.909224928581143
0.731 0.910261821647559
0.732 0.9112911066008089
0.733 0.9123127905930287
0.734 0.9133268811679331
0.735 0.9143333862599045
0.736 0.9153323141930592
0.737 0.9163236736802651
0.738 0.9173074738221535
0.739 0.9182837241060865
0.74 0.919252434405099
0.741 0.920213614976819
0.742 0.9211672764623461
0.743 0.9221134298851134
0.744 0.9230520866497098
0.745 0.9239832585406846
0.746 0.9249069577213133
0.747 0.9258231967323353
0.748 0.926731988490675
0.749 0.9276333462881106
0.75 0.9285272837899406
0.751 0.9294138150336011
0.752 0.9302929544272605
0.753 0.9311647167483916
0.754 0.9320291171423007
0.755 0.9328861711206446
0.756 0.9337358945599028
0.757 0.9345783036998311
0.758 0.9354134151418825
0.759 0.9362412458475988
0.76 0.9370618131369729
0.761 0.9378751346867847
0.762 0.9386812285289052
0.763 0.9394801130485738
0.764 0.9402718069826445
0.765 0.9410563294178025
0.766 0.9418336997887573
0.767 0.9426039378764002
0.768 0.9433670638059396
0.769 0.944123098044997
0.77 0.9448720614016866
0.771 0.9456139750226612
0.772 0.9463488603911206
0.773 0.9470767393248122
0.774 0.9477976339739724
0.775 0.9485115668192763
0.776 0.9492185606697212
0.777 0.9499186386605114
0.778 0.9506118242508977
0.779 0.9512981412219927
0.78 0.9519776136745607
0.781 0.9526502660267725
0.782 0.9533161230119366
0.783 0.9539752096762052
0.784 0.9546275513762426
0.785 0.9552731737768709
0.786 0.9559121028486879
0.787 0.9565443648656582
0.788 0.9571699864026678
0.789 0.9577889943330633
0.79 0.9584014158261493
0.791 0.9590072783446703
0.792 0.9596066096422552
0.793 0.9601994377608432
0.794 0.9607857910280669
0.795 0.961365698054628
0.796 0.9619391877316263
0.797 0.9625062892278747
0.798 0.9630670319871768
0.799 0.963621445725585
0.8 0.9641695604286247
0.801 0.964711406348499
0.802 0.9652470140012515
0.803 0.9657764141639218
0.804 0.96629963787166
0.805 0.9668167164148137
0.806 0.9673276813359972
0.807 0.9678325644271295
0.808 0.9683313977264362
0.809 0.9688242135154446
0.81 0.9693110443159328
0.811 0.9697919228868653
0.812 0.9702668822212877
0.8130000000000001 0.9707359555432179
0.8140000000000001 0.9711991763044882
0.8150000000000001 0.9716565781815729
0.8160000000000001 0.9721081950723874
0.8170000000000001 0.9725540610930611
0.8180000000000001 0.9729942105746866
0.8190000000000001 0.9734286780600377
0.8200000000000001 0.9738574983002678
0.8210000000000001 0.9742807062515827
0.8220000000000001 0.9746983370718774
0.8230000000000001 0.9751104261173638
0.8240000000000001 0.9755170089391617
0.8250000000000001 0.9759181212798653
0.8260000000000001 0.9763137990700955
0.8270000000000001 0.9767040784250065
0.8280000000000001 0.9770889956407944
0.8290000000000001 0.9774685871911559
0.8300000000000001 0.9778428897237376
0.8310000000000001 0.9782119400565599
0.8320000000000001 0.9785757751744089
0.833 0.9789344322252093
0.834 0.9792879485163783
0.835 0.9796363615111442
0.836 0.979979708824845
0.837 0.9803180282212168
0.838 0.9806513576086376
0.839 0.9809797350363568
0.84 0.9813031986907113
0.841 0.9816217868912995
0.842 0.9819355380871526
0.843 0.9822444908528603
0.844 0.9825486838847008
0.845 0.982848155996723
0.846 0.9831429461168235
0.847 0.9834330932827893
0.848 0.9837186366383338
0.849 0.9839996154290935
0.85 0.9842760689986159
0.851 0.9845480367843161
0.852 0.9848155583134246
0.853 0.9850786731988982
0.854 0.9853374211353266
0.855 0.9855918418948023
0.856 0.9858419753227775
0.857 0.9860878613339084
0.858 0.9863295399078589
0.859 0.9865670510851053
0.86 0.9868004349627072
0.861 0.987029731690065
0.862 0.9872549814646523
0.863 0.9874762245277402
0.864 0.9876935011600855
0.865 0.9879068516776134
0.866 0.9881163164270795
0.867 0.9883219357817041
0.868 0.9885237501367966
0.869 0.9887217999053659
0.87 0.9889161255136948
0.871 0.989106767396917
0.872 0.989293765994564
0.873 0.9894771617460958
0.874 0.9896569950864187
0.875 0.989833306441383
0.876 0.990006136223267
0.877 0.9901755248262376
0.878 0.9903415126218006
0.879 0.990504139954232
0.88 0.9906634471359985
0.881 0.990819474443149
0.882 0.9909722621107112
0.883 0.9911218503280503
0.884 0.991268279234231
0.885 0.9914115889133519
0.886 0.9915518193898751
0.887 0.9916890106239334
0.888 0.9918232025066289
0.889 0.9919544348553112
0.89 0.9920827474088557
0.891 0.9922081798229071
0.892 0.9923307716651294
0.893 0.9924505624104337
0.894 0.9925675914361938
0.895 0.9926818980174509
0.896 0.9927935213221052
0.897 0.9929025004060973
0.898 0.9930088742085764
0.899 0.9931126815470501
0.9 0.9932139611125422
0.901 0.9933127514647236
0.902 0.9934090910270271
0.903 0.993503018081775
0.904 0.9935945707652759
0.905 0.9936837870629182
0.906 0.9937707048042598
0.907 0.9938553616580945
0.908 0.9939377951275286
0.909 0.9940180425450316
0.91 0.9940961410674867
0.911 0.9941721276712355
0.912 0.9942460391471063
0.913 0.994317912095441
0.914 0.9943877829211173
0.915 0.9944556878285573
0.916 0.9945216628167335
0.917 0.9945857436741631
0.918 0.9946479659739076
0.919 0.9947083650685555
0.92 0.9947669760852071
0.921 0.9948238339204436
0.922 0.9948789732353053
0.923 0.994932428450257
0.924 0.9949842337401521
0.925 0.9950344230291851
0.926 0.9950830299858562
0.927 0.9951300880179189
0.928 0.9951756302673274
0.929 0.9952196896051874
0.93 0.9952622986266982
0.931 0.9953034896460992
0.932 0.9953432946916031
0.933 0.9953817455003454
0.934 0.9954188735133174
0.935 0.9954547098703077
0.936 0.9954892854048366
0.937 0.9955226306391025
0.9380000000000001 0.9955547757789083
0.9390000000000001 0.9955857507086157
0.9400000000000001 0.9956155849860787
0.9410000000000001 0.9956443078375861
0.9420000000000001 0.995671948152807
0.9430000000000001 0.995698534479738
0.9440000000000001 0.9957240950196559
0.9450000000000001 0.9957486576220665
0.9460000000000001 0.9957722497796634
0.9470000000000001 0.9957948986232813
0.9480000000000001 0.995816630916872
0.9490000000000001 0.9958374730524634
0.9500000000000001 0.9958574510451355
0.9510000000000001 0.9958765905279988
0.9520000000000001 0.9958949167471853
0.9530000000000001 0.9959124545568272
0.9540000000000001 0.9959292284140634
0.9550000000000001 0.9959452623740409
0.9560000000000001 0.9959605800849233
0.9570000000000001 0.9959752047829115
0.9580000000000001 0.9959891592872759
0.9590000000000001 0.9960024659953765
0.96 0.9960151468777283
0.961 0.996027223473032
0.962 0.9960387168832601
0.963 0.9960496477687064
0.964 0.9960600363430908
0.965 0.9960699023686396
0.966 0.9960792651511989
0.967 0.9960881435353461
0.968 0.996096555899527
0.969 0.9961045201511908
0.97 0.9961120537219526
0.971 0.9961191735627539
0.972 0.9961258961390566
0.973 0.9961322374260304
0.974 0.9961382129037663
0.975 0.9961438375525098
0.976 0.9961491258478959
0.977 0.9961540917562142
0.978 0.9961587487296835
0.979 0.9961631097017359
0.98 0.9961671870823432
0.981 0.9961709927533283
0.982 0.9961745380637232
0.983 0.9961778338251294
0.984 0.9961808903071023
0.985 0.9961837172325569
0.986 0.9961863237731894
0.987 0.9961887185449328
0.988 0.9961909096034096
0.989 0.9961929044394298
0.99 0.9961947099744964
0.991 0.9961963325563439
0.992 0.9961977779544913
0.993 0.9961990513558209
0.994 0.9962001573601882
0.995 0.9962010999760463
0.996 0.9962018826160969
0.997 0.9962025080929794
0.998 0.9962029786149728
0.999 0.9962032957817221
1.0 0.9962034605800072
