0.0 7.2307559537365135e-3
1.0e-3 7.266489832473158e-3
2.0e-3 7.3136854332598806e-3
3.0e-3 7.3722678608861714e-3
4.0e-3 7.44216249785085e-3
5.0e-3 7.523295003897668e-3
6.0e-3 7.615591315550905e-3
7.0e-3 7.718977645650975e-3
8.0e-3 7.83338048289005e-3
9.000000000000001e-3 7.958726591347628e-3
1.0e-2 8.094943010026156e-3
1.1e-2 8.241957052386633e-3
1.2e-2 8.39969630588421e-3
1.3000000000000001e-2 8.56808863150379e-3
1.4e-2 8.747062163295643e-3
1.5e-2 8.936545307911005e-3
1.6e-2 9.13646674413765e-3
1.7e-2 9.346755422435547e-3
1.8000000000000002e-2 9.567340564472433e-3
1.9e-2 9.798151662659411e-3
2.0e-2 1.0039118479686552e-2
2.1e-2 1.0290171048058546e-2
2.2e-2 1.055123966963022e-2
2.3e-2 1.0822254915142217e-2
2.4e-2 1.1103147623756561e-2
2.5e-2 1.1393848902592272e-2
2.6000000000000002e-2 1.1694290126260973e-2
2.7e-2 1.2004402936402458e-2
2.8e-2 1.2324119241220365e-2
2.9e-2 1.2653371215017702e-2
3.0e-2 1.2992091297732515e-2
3.1e-2 1.3340212194473436e-2
3.2e-2 1.3697666875055328e-2
3.3e-2 1.4064388573534875e-2
3.4e-2 1.4440310787746165e-2
3.5e-2 1.4825367278836316e-2
3.6000000000000004e-2 1.5219492070801097e-2
3.7e-2 1.5622619450020475e-2
3.8e-2 1.6034683964794284e-2
3.9e-2 1.6455620424877748e-2
4.0e-2 1.6885363901017195e-2
4.1e-2 1.7323849724485533e-2
4.2e-2 1.7771013486617943e-2
4.3000000000000003e-2 1.8226791038347477e-2
4.4e-2 1.8691118489740623e-2
4.5e-2 1.9163932209532896e-2
4.6e-2 1.9645168824664504e-2
4.7e-2 2.013476521981592e-2
4.8e-2 2.0632658536943464e-2
4.9e-2 2.1138786174814943e-2
5.0e-2 2.1653085788545225e-2
5.1000000000000004e-2 2.2175495289131816e-2
5.2000000000000005e-2 2.270595284299058e-2
5.3e-2 2.324439687149118e-2
5.4e-2 2.3790766050492834e-2
5.5e-2 2.4344999309879798e-2
5.6e-2 2.4907035833097023e-2
5.7e-2 2.5476815056685788e-2
5.8e-2 2.605427666981923e-2
5.9000000000000004e-2 2.6639360613837988e-2
6.0e-2 2.7232007081785865e-2
6.1e-2 2.7832156517945288e-2
6.2e-2 2.8439749617372955e-2
6.3e-2 2.9054727325435736e-2
6.4e-2 2.9677030837345592e-2
6.5e-2 3.0306601597696072e-2
6.6e-2 3.0943381299996988e-2
6.7e-2 3.1587311886210896e-2
6.8e-2 3.2238335546287925e-2
6.9e-2 3.2896394717702095e-2
7.0e-2 3.356143208498611e-2
7.100000000000001e-2 3.423339057926788e-2
7.200000000000001e-2 3.491221337780527e-2
7.3e-2 3.559784390352244e-2
7.4e-2 3.629022582454474e-2
7.5e-2 3.698930305373491e-2
7.6e-2 3.769501974822839e-2
7.7e-2 3.8407320308968936e-2
7.8e-2 3.9126149380244314e-2
7.9e-2 3.985145184922179e-2
8.0e-2 4.058317284548389e-2
8.1e-2 4.132125774056383e-2
8.2e-2 4.2065652147481154e-2
8.3e-2 4.2816301920277564e-2
8.4e-2 4.357315315355209e-2
8.5e-2 4.4336152181997185e-2
8.600000000000001e-2 4.5105245579933874e-2
8.700000000000001e-2 4.5880380160847806e-2
8.8e-2 4.666150297692432e-2
8.9e-2 4.744856131858464e-2
9.0e-2 4.8241502714021035e-2
9.1e-2 4.90402749287326e-2
9.2e-2 4.9844825965060825e-2
9.3e-2 5.065510406172517e-2
9.4e-2 5.147105769335882e-2
9.5e-2 5.229263557004407e-2
9.6e-2 5.31197866368481e-2
9.7e-2 5.3952460073358376e-2
9.8e-2 5.479060529321852e-2
9.9e-2 5.563417194366381e-2
0.1 5.648310990505666e-2
0.101 5.733736929042224e-2
0.10200000000000001 5.819690044498431e-2
0.10300000000000001 5.9061653945700655e-2
0.10400000000000001 5.9931580600798624e-2
0.105 6.08066314493107e-2
0.106 6.1686757760610646e-2
0.107 6.257191103394813e-2
0.108 6.346204299798522e-2
0.109 6.435710561033156e-2
0.11 6.525705105707996e-2
0.111 6.616183175234229e-2
0.112 6.707140033778461e-2
0.113 6.798570968216336e-2
0.114 6.890471288086043e-2
0.115 6.982836325541905e-2
0.116 7.075661435307933e-2
0.117 7.16894199463138e-2
0.11800000000000001 7.262673403236333e-2
0.11900000000000001 7.356851083277202e-2
0.12 7.451470479292373e-2
0.121 7.546527058157695e-2
0.122 7.642016309040069e-2
0.123 7.73793374335101e-2
0.124 7.834274894700205e-2
0.125 7.931035318849074e-2
0.126 8.02821059366432e-2
0.127 8.12579631907149e-2
0.128 8.223788117008568e-2
0.129 8.322181631379494e-2
0.13 8.420972528007734e-2
0.131 8.520156494589849e-2
0.132 8.619729240649068e-2
0.133 8.719686497488825e-2
0.134 8.820024018146318e-2
0.135 8.920737577346091e-2
0.136 9.021822971453568e-2
0.137 9.123276018428658e-2
0.138 9.225092557779235e-2
0.139 9.327268450514799e-2
0.14 9.429799579099941e-2
0.14100000000000001 9.532681847408003e-2
0.14200000000000002 9.635911180674507e-2
0.14300000000000002 9.73948352545087e-2
0.14400000000000002 9.843394849557817e-2
0.145 9.947641142039061e-2
0.146 0.10052218413114798
0.147 0.10157122694135269
0.148 0.10262350037534346
0.149 0.10367896516783064
0.15 0.10473758226343205
0.151 0.10579931281620858
0.152 0.10686411818919965
0.153 0.10793195995395888
0.154 0.10900279989008954
0.155 0.1100765999847805
0.156 0.11115332243234181
0.157 0.1122329296337395
0.158 0.11331538419613235
0.159 0.11440064893240677
0.16 0.1154886868607127
0.161 0.11657946120399891
0.162 0.11767293538954902
0.163 0.11876907304851658
0.164 0.1198678380154612
0.165 0.1209691943278839
0.166 0.12207310622576255
0.167 0.12317953815108804
0.168 0.12428845474739905
0.169 0.1253998208593184
0.17 0.12651360153208827
0.171 0.1276297620111058
0.17200000000000001 0.12874826774145917
0.17300000000000001 0.12986908436746208
0.17400000000000002 0.13099217773219085
0.17500000000000002 0.13211751387701895
0.176 0.13324505904115286
0.177 0.1343747796611675
0.178 0.13550664237054283
0.179 0.1366406139991977
0.18 0.13777666157302756
0.181 0.1389147523134376
0.182 0.14005485363688094
0.183 0.14119693315439213
0.184 0.14234095867112445
0.185 0.14348689818588342
0.186 0.1446347198906651
0.187 0.14578439217018893
0.188 0.14693588360143595
0.189 0.1480891629531817
0.19 0.14924419918553491
0.191 0.15040096144946918
0.192 0.15155941908636364
0.193 0.15271954162753268
0.194 0.15388129879376772
0.195 0.1550446604948666
0.196 0.15620959682917526
0.197 0.15737607808311754
0.198 0.15854407473073642
0.199 0.15971355743322407
0.2 0.16088449703846294
0.201 0.16205686458055574
0.202 0.16323063127936663
0.203 0.16440576854005232
0.20400000000000001 0.16558224795260038
0.20500000000000002 0.166760041291363
0.20600000000000002 0.16793912051459525
0.20700000000000002 0.16911945776398646
0.20800000000000002 0.170301025364201
0.209 0.1714837958224091
0.21 0.17266774182782593
0.211 0.17385283625124504
0.212 0.17503905214457474
0.213 0.17622636274037454
0.214 0.1774147414513892
0.215 0.1786041618700853
0.216 0.17979459776818657
0.217 0.18098602309620931
0.218 0.18217841198299894
0.219 0.18337173873526402
0.22 0.18456597783711307
0.221 0.1857611039495901
0.222 0.18695709191020932
0.223 0.18815391673249213
0.224 0.1893515536055009
0.225 0.19054997789337713
0.226 0.19174916513487372
0.227 0.19294909104289365
0.228 0.19414973150402445
0.229 0.19535106257807253
0.23 0.1965530604976011
0.231 0.19775570166746426
0.232 0.1989589626643422
0.233 0.20016282023627893
0.234 0.20136725130221536
0.23500000000000001 0.20257223295152632
0.23600000000000002 0.20377774244355623
0.23700000000000002 0.20498375720715453
0.23800000000000002 0.20619025484021025
0.23900000000000002 0.20739721310918907
0.24 0.2086046099486682
0.241 0.20981242346087267
0.242 0.21102063191520934
0.243 0.21222921374780462
0.244 0.21343814756103802
0.245 0.21464741212307917
0.246 0.2158569863674236
0.247 0.21706684939242613
0.248 0.21827698046084004
0.249 0.21948735899934937
0.25 0.22069796459810623
0.251 0.2219087770102661
0.252 0.22311977615152315
0.253 0.22433094209964627
0.254 0.22554225509401452
0.255 0.2267536955351522
0.256 0.2279652439842658
0.257 0.22917688116277765
0.258 0.2303885879518633
0.259 0.23160034539198682
0.26 0.23281213468243456
0.261 0.23402393718085382
0.262 0.23523573440278603
0.263 0.23644750802120287
0.264 0.23765923986604265
0.265 0.23887091192374552
0.266 0.24008250633678901
0.267 0.24129400540322316
0.268 0.24250539157620626
0.269 0.24371664746354196
0.27 0.24492775582721246
0.271 0.24613869958291654
0.272 0.24734946179960288
0.273 0.24856002569900645
0.274 0.2497703746551862
0.275 0.25098049219405694
0.276 0.25219036199292777
0.277 0.2533999678800369
0.278 0.25460929383408637
0.279 0.2558183239837793
0.28 0.2570270426073539
0.281 0.2582354341321204
0.28200000000000003 0.25944348313399535
0.28300000000000003 0.260651174337038
0.28400000000000003 0.26185849261298727
0.28500000000000003 0.26306542298079305
0.28600000000000003 0.26427195060615727
0.28700000000000003 0.26547806080106584
0.28800000000000003 0.2666837390233248
0.289 0.26788897087609753
0.29 0.26909374210743786
0.291 0.2702980386098287
0.292 0.2715018464197137
0.293 0.2727051517170386
0.294 0.2739079408247793
0.295 0.2751102002084852
0.296 0.2763119164758078
0.297 0.2775130763760431
0.298 0.27871366679966053
0.299 0.27991367477784435
0.3 0.2811130874820242
0.301 0.28231189222341635
0.302 0.2835100764525523
0.303 0.28470762775882225
0.304 0.28590453387000264
0.305 0.28710078265179945
0.306 0.2882963621073773
0.307 0.2894912603769001
0.308 0.29068546573706205
0.309 0.2918789666006285
0.31 0.2930717515159656
0.311 0.2942638091665821
0.312 0.29545512837065896
0.313 0.2966456980805903
0.314 0.2978355073825139
0.315 0.2990245454958529
0.316 0.300212801772844
0.317 0.301400265698081
0.318 0.302586926888042
0.319 0.3037727750906345
0.32 0.30495780018472074
0.321 0.30614199217966326
0.322 0.30732534121485106
0.323 0.3085078375592445
0.324 0.3096894716109024
0.325 0.3108702338965242
0.326 0.31205011507098057
0.327 0.3132291059168543
0.328 0.3144071973439694
0.329 0.3155843803889335
0.33 0.31676064621466704
0.331 0.31793598610994556
0.332 0.3191103914889279
0.333 0.32028385389069935
0.334 0.3214563649788004
0.335 0.32262791654076817
0.336 0.3237985004876665
0.337 0.324968108853628
0.338 0.3261367337953821
0.339 0.3273043675917985
0.34 0.32847100264341444
0.341 0.3296366314719799
0.342 0.3308012467199834
0.343 0.3319648411501959
0.34400000000000003 0.3331274076451989
0.34500000000000003 0.3342889392069284
0.34600000000000003 0.3354494289562016
0.34700000000000003 0.3366088701322611
0.34800000000000003 0.33776725609230207
0.34900000000000003 0.3389245803110163
0.35000000000000003 0.3400808363801189
0.35100000000000003 0.34123601800789444
0.352 0.34239011901872
0.353 0.34354313335261344
0.354 0.34469505506475967
0.355 0.34584587832505054
0.356 0.3469955974176194
0.357 0.3481442067403767
0.358 0.34929170080454647
0.359 0.35043807423420054
0.36 0.35158332176579465
0.361 0.35272743824770414
0.362 0.3538704186397609
0.363 0.3550122580127855
0.364 0.3561529515481272
0.365 0.3572924945371952
0.366 0.3584308823809983
0.367 0.3595681105896772
0.368 0.3607041747820416
0.369 0.3618390706851066
0.37 0.3629727941336267
0.371 0.3641053410696319
0.372 0.3652367075419635
0.373 0.36636688970581077
0.374 0.36749588382224385
0.375 0.368623686257752
0.376 0.3697502934837777
0.377 0.3708757020762537
0.378 0.3719999087151359
0.379 0.37312291018394217
0.38 0.3742447033692857
0.381 0.37536528526041185
0.382 0.3764846529487331
0.383 0.3776028036273655
0.384 0.378719734590662
0.385 0.3798354432337509
0.386 0.38094992705207037
0.387 0.3820631836409025
0.388 0.3831752106949135
0.389 0.38428600600768154
0.39 0.38539556747124043
0.391 0.3865038930756106
0.392 0.38761098090833584
0.393 0.3887168291540186
0.394 0.38982143609385705
0.395 0.39092480010517683
0.396 0.3920269196609727
0.397 0.39312779332943837
0.398 0.39422741977350634
0.399 0.39532579775038
0.4 0.396422926111071
0.401 0.39751880379993654
0.402 0.398613429854211
0.403 0.399706803403545
0.404 0.40079892366953973
0.405 0.4018897899652826
0.406 0.4029794016948823
0.40700000000000003 0.40406775835300446
0.40800000000000003 0.40515485952440866
0.40900000000000003 0.4062407048834834
0.41000000000000003 0.40732529419378044
0.41100000000000003 0.40840862730755206
0.41200000000000003 0.4094907041652841
0.41300000000000003 0.41057152479523634
0.41400000000000003 0.41165108931297323
0.41500000000000004 0.41272939792090174
0.41600000000000004 0.4138064509078068
0.417 0.4148822486483867
0.418 0.4159567916027901
0.419 0.41703008031614663
0.42 0.41810211541811143
0.421 0.4191728976223892
0.422 0.42024242772628284
0.423 0.42131070661021613
0.424 0.4223777352372802
0.425 0.4234435146527611
0.426 0.4245080459836819
0.427 0.42557133043833023
0.428 0.4266333693058061
0.429 0.4276941639555425
0.43 0.42875371583685395
0.431 0.42981202647846367
0.432 0.4308690974880452
0.433 0.4319249305517526
0.434 0.4329795274337608
0.435 0.43403288997579553
0.436 0.43508502009667793
0.437 0.4361359197918486
0.438 0.4371855911329147
0.439 0.4382340362671742
0.44 0.43928125741716445
0.441 0.44032725688018315
0.442 0.4413720370278385
0.443 0.44241560030557114
0.444 0.44345794923220294
0.445 0.44449908639946006
0.446 0.4455390144715203
0.447 0.4465777361845371
0.448 0.44761525434618715
0.449 0.4486515718351945
0.45 0.4496866916008745
0.451 0.45072061666266505
0.452 0.4517533501096661
0.453 0.45278489510016795
0.454 0.45381525486119706
0.455 0.45484443268804176
0.456 0.4558724319437968
0.457 0.4568992560588888
0.458 0.45792490853062306
0.459 0.45894939292271003
0.46 0.4599727128648069
0.461 0.46099487205204737
0.462 0.4620158742445863
0.463 0.46303572326712295
0.464 0.4640544230084497
0.465 0.4650719774209758
0.466 0.4660883905202737
0.467 0.467103666384604
0.468 0.46811780915446227
0.46900000000000003 0.46913082303210285
0.47000000000000003 0.470142712281086
0.47100000000000003 0.47115348122580303
0.47200000000000003 0.47216313425102246
0.47300000000000003 0.47317167580141284
0.47400000000000003 0.4741791103810943
0.47500000000000003 0.4751854425531554
0.47600000000000003 0.4761906769392085
0.47700000000000004 0.4771948182189069
0.47800000000000004 0.47819787112949624
0.47900000000000004 0.47919984046533715
0.48 0.48020073107745287
0.481 0.48120054787305216
0.482 0.4821992958150759
0.483 0.48319697992172644
0.484 0.48419360526600524
0.485 0.48518917697524777
0.486 0.48618370023066126
0.487 0.48717718026685597
0.488 0.48816962237138517
0.489 0.4891610318842789
0.49 0.49015141419757846
0.491 0.4911407747548752
0.492 0.49212911905084206
0.493 0.49311645263077275
0.494 0.4941027810901142
0.495 0.49508811007400605
0.496 0.496072445276812
0.497 0.49705579244165843
0.498 0.4980381573599694
0.499 0.4990195458709999
0.5 0.49999996386137624
0.501 0.5009794172646262
0.502 0.501957912060719
0.503 0.5029354542755982
0.504 0.5039120499807176
0.505 0.5048877052925799
0.506 0.5058624263722689
0.507 0.5068362194249838
0.508 0.5078090906995798
0.509 0.5087810464881011
0.51 0.5097520931253136
0.511 0.5107222369882469
0.512 0.5116914844957235
0.513 0.5126598421078987
0.514 0.5136273163257943
0.515 0.5145939136908352
0.516 0.5155596407843832
0.517 0.5165245042272751
0.518 0.5174885106793564
0.519 0.5184516668390171
0.52 0.5194139794427287
0.521 0.5203754552645783
0.522 0.521336101115805
0.523 0.5222959238443343
0.524 0.5232549303343164
0.525 0.5242131275056597
0.526 0.5251705223135643
0.527 0.5261271217480644
0.528 0.5270829328335549
0.529 0.5280379626283352
0.53 0.5289922182241397
0.531 0.5299457067456742
0.532 0.5308984353501547
0.533 0.5318504112268391
0.534 0.5328016415965631
0.535 0.53375213371128
0.536 0.534701894853591
0.537 0.5356509323362831
0.538 0.5365992535018662
0.539 0.537546865722105
0.54 0.5384937763975595
0.541 0.5394399929571162
0.542 0.5403855228575248
0.543 0.541330373582936
0.544 0.5422745526444341
0.545 0.5432180675795764
0.546 0.5441609259519238
0.547 0.5451031353505795
0.548 0.5460447033897248
0.549 0.5469856377081556
0.55 0.5479259459688126
0.551 0.5488656358583232
0.552 0.5498047150865357
0.553 0.5507431913860509
0.554 0.5516810725117628
0.555 0.5526183662403911
0.556 0.5535550803700195
0.557 0.554491222719626
0.558 0.5554268011286261
0.559 0.5563618234564018
0.56 0.5572962975818403
0.561 0.5582302314028695
0.562 0.5591636328359927
0.5630000000000001 0.5600965098158244
0.5640000000000001 0.5610288702946274
0.5650000000000001 0.5619607222418467
0.5660000000000001 0.5628920736436439
0.5670000000000001 0.563822932502439
0.5680000000000001 0.5647533068364349
0.5690000000000001 0.5656832046791646
0.5700000000000001 0.566612634079021
0.5710000000000001 0.5675416030987916
0.5720000000000001 0.5684701198151969
0.5730000000000001 0.5693981923184253
0.5740000000000001 0.5703258287116679
0.5750000000000001 0.5712530371106537
0.5760000000000001 0.5721798256431877
0.577 0.573106202448684
0.578 0.5740321756777013
0.579 0.5749577534914802
0.58 0.5758829440614787
0.581 0.5768077555689065
0.582 0.577732196204261
0.583 0.578656274166864
0.584 0.5795799976643954
0.585 0.5805033749124288
0.586 0.5814264141339728
0.587 0.5823491235589962
0.588 0.5832715114239734
0.589 0.5841935859714138
0.59 0.5851153554494
0.591 0.5860368281111237
0.592 0.5869580122144208
0.593 0.5878789160213053
0.594 0.5887995477975067
0.595 0.589719915812007
0.596 0.5906400283365716
0.597 0.5915598936452916
0.598 0.5924795200141116
0.599 0.5933989157203735
0.6 0.5943180890423444
0.601 0.5952370482587577
0.602 0.5961558016483475
0.603 0.5970743574893819
0.604 0.5979927240591993
0.605 0.5989109096337497
0.606 0.5998289224871184
0.607 0.6007467708910749
0.608 0.6016644631145999
0.609 0.6025820074234219
0.61 0.6034994120795575
0.611 0.6044166853408399
0.612 0.6053338354604622
0.613 0.6062508706865067
0.614 0.6071677992614826
0.615 0.6080846294218638
0.616 0.6090013693976213
0.617 0.6099180274117616
0.618 0.6108346116798578
0.619 0.611751130409592
0.62 0.6126675918002846
0.621 0.6135840040424331
0.622 0.6145003753172494
0.623 0.6154167137961875
0.624 0.6163330276404888
0.625 0.617249325000715
0.626 0.618165614016278
0.627 0.6190819028149832
0.628 0.6199981995125595
0.629 0.6209145122121982
0.63 0.6218308490040868
0.631 0.6227472179649476
0.632 0.6236636271575665
0.633 0.6245800846303373
0.634 0.6254965984167917
0.635 0.6264131765351345
0.636 0.627329826987785
0.637 0.6282465577609045
0.638 0.629163376823938
0.639 0.6300802921291485
0.64 0.6309973116111494
0.641 0.6319144431864457
0.642 0.6328316947529646
0.643 0.6337490741895919
0.644 0.6346665893557137
0.645 0.6355842480907411
0.646 0.6365020582136539
0.647 0.6374200275225356
0.648 0.6383381637941067
0.649 0.6392564747832595
0.65 0.6401749682225968
0.651 0.6410936518219652
0.652 0.6420125332679923
0.653 0.6429316202236203
0.654 0.6438509203276435
0.655 0.6447704411942435
0.656 0.6456901904125245
0.657 0.6466101755460466
0.658 0.6475304041323672
0.659 0.6484508836825701
0.66 0.6493716216808062
0.661 0.6502926255838261
0.662 0.6512139028205158
0.663 0.6521354607914345
0.664 0.6530573068683484
0.665 0.6539794483937661
0.666 0.6549018926804745
0.667 0.6558246470110769
0.668 0.6567477186375233
0.669 0.6576711147806522
0.67 0.6585948426297215
0.671 0.659518909341944
0.672 0.6604433220420293
0.673 0.6613680878217097
0.674 0.6622932137392844
0.675 0.6632187068191504
0.676 0.664144574051339
0.677 0.6650708223910531
0.678 0.6659974587581993
0.679 0.6669244900369271
0.68 0.6678519230751645
0.681 0.6687797646841483
0.682 0.6697080216379679
0.683 0.6706367006730917
0.684 0.671565808487913
0.685 0.6724953517422759
0.686 0.6734253370570159
0.687 0.6743557710134966
0.6880000000000001 0.6752866601531421
0.6890000000000001 0.6762180109769752
0.6900000000000001 0.6771498299451494
0.6910000000000001 0.6780821234764888
0.6920000000000001 0.6790148979480206
0.6930000000000001 0.6799481596945143
0.6940000000000001 0.6808819150080135
0.6950000000000001 0.6818161701373691
0.6960000000000001 0.6827509312877844
0.6970000000000001 0.683686204620344
0.6980000000000001 0.6846219962515478
0.6990000000000001 0.6855583122528494
0.7000000000000001 0.6864951586501934
0.7010000000000001 0.6874325414235499
0.7020000000000001 0.6883704665064471
0.7030000000000001 0.6893089397855081
0.704 0.690247967099992
0.705 0.6911875542413188
0.706 0.6921277069526178
0.707 0.6930684309282531
0.708 0.6940097318133609
0.709 0.694951615203392
0.71 0.6958940866436372
0.711 0.6968371516287714
0.712 0.6977808156023836
0.713 0.6987250839565187
0.714 0.6996699620312029
0.715 0.7006154551139917
0.716 0.7015615684394956
0.717 0.7025083071889208
0.718 0.7034556764896023
0.719 0.7044036814145432
0.72 0.7053523269819449
0.721 0.7063016181547482
0.722 0.7072515598401641
0.723 0.7082021568892113
0.724 0.7091534140962534
0.725 0.7101053361985353
0.726 0.7110579278757119
0.727 0.7120111937493926
0.728 0.7129651383826694
0.729 0.7139197662796585
0.73 0.7148750818850322
0.731 0.7158310895835576
0.732 0.7167877936996254
0.733 0.7177451984967953
0.734 0.7187033081773249
0.735 0.7196621268817036
0.736 0.7206216586881993
0.737 0.7215819076123796
0.738 0.7225428776066563
0.739 0.7235045725598188
0.74 0.7244669962965696
0.741 0.7254301525770617
0.742 0.726394045096429
0.743 0.7273586774843298
0.744 0.728324053304474
0.745 0.7292901760541647
0.746 0.7302570491638332
0.747 0.7312246759965685
0.748 0.7321930598476653
0.749 0.7331622039441433
0.75 0.734132111444298
0.751 0.7351027854372275
0.752 0.7360742289423685
0.753 0.7370464449090383
0.754 0.7380194362159609
0.755 0.7389932056708111
0.756 0.7399677560097453
0.757 0.7409430898969375
0.758 0.7419192099241175
0.759 0.742896118610105
0.76 0.743873818400342
0.761 0.7448523116664341
0.762 0.7458316007056818
0.763 0.7468116877406207
0.764 0.7477925749185517
0.765 0.7487742643110784
0.766 0.7497567579136428
0.767 0.750740057645065
0.768 0.7517241653470739
0.769 0.7527090827838412
0.77 0.7536948116415223
0.771 0.7546813535277908
0.772 0.7556687099713687
0.773 0.756656882421572
0.774 0.7576458722478332
0.775 0.7586356807392522
0.776 0.7596263091041171
0.777 0.7606177584694496
0.778 0.7616100298805378
0.779 0.7626031243004698
0.78 0.7635970426096736
0.781 0.7645917856054486
0.782 0.7655873540015008
0.783 0.766583748427484
0.784 0.7675809694285319
0.785 0.7685790174647895
0.786 0.7695778929109546
0.787 0.7705775960558143
0.788 0.7715781271017745
0.789 0.772579486164401
0.79 0.7735816732719507
0.791 0.7745846883649119
0.792 0.7755885312955352
0.793 0.7765932018273755
0.794 0.7775986996348175
0.795 0.7786050243026227
0.796 0.7796121753254568
0.797 0.7806201521074283
0.798 0.7816289539616244
0.799 0.782638580109646
0.8 0.7836490296811431
0.801 0.7846603017133539
0.802 0.7856723951506305
0.803 0.7866853088439859
0.804 0.7876990415506271
0.805 0.7887135919334818
0.806 0.7897289585607467
0.807 0.7907451399054155
0.808 0.7917621343448135
0.809 0.7927799401601392
0.81 0.793798555535995
0.811 0.7948179785599276
0.812 0.7958382072219526
0.8130000000000001 0.7968592394141053
0.8140000000000001 0.7978810729299649
0.8150000000000001 0.7989037054641973
0.8160000000000001 0.7999271346120855
0.8170000000000001 0.8009513578690655
0.8180000000000001 0.8019763726302672
0.8190000000000001 0.8030021761900437
0.8200000000000001 0.8040287657415089
0.8210000000000001 0.8050561383760786
0.8220000000000001 0.8060842910829962
0.8230000000000001 0.8071132207488741
0.8240000000000001 0.8081429241572327
0.8250000000000001 0.8091733979880238
0.8260000000000001 0.8102046388171856
0.8270000000000001 0.8112366431161557
0.8280000000000001 0.8122694072514263
0.8290000000000001 0.8133029274840674
0.8300000000000001 0.8143371999692648
0.8310000000000001 0.8153722207558652
0.8320000000000001 0.816407985785895
0.833 0.8174444908941085
0.834 0.818481731807523
0.835 0.8195197041449477
0.836 0.8205584034165201
0.837 0.8215978250232526
0.838 0.8226379642565562
0.839 0.823678816297774
0.84 0.824720376217733
0.841 0.8257626389762582
0.842 0.8268055994217323
0.843 0.8278492522906041
0.844 0.828893592206951
0.845 0.8299386136819945
0.846 0.8309843111136462
0.847 0.8320306787860369
0.848 0.8330777108690602
0.849 0.8341254014179031
0.85 0.8351737443725797
0.851 0.8362227335574689
0.852 0.8372723626808554
0.853 0.8383226253344533
0.854 0.8393735149929555
0.855 0.840425025013559
0.856 0.8414771486355003
0.857 0.8425298789796035
0.858 0.8435832090477995
0.859 0.8446371317226729
0.86 0.8456916397669928
0.861 0.8467467258232512
0.862 0.8478023824131915
0.863 0.8488586019373574
0.864 0.8499153766746154
0.865 0.8509726987816953
0.866 0.852030560292731
0.867 0.8530889531187862
0.868 0.8541478690473946
0.869 0.8552072997421012
0.87 0.8562672367419872
0.871 0.8573276714612155
0.872 0.8583885951885599
0.873 0.8594499990869406
0.874 0.8605118741929644
0.875 0.8615742114164572
0.876 0.8626370015399988
0.877 0.8637002352184636
0.878 0.8647639029785488
0.879 0.865827995218314
0.88 0.86689250220672
0.881 0.8679574140831536
0.882 0.8690227208569795
0.883 0.8700884124070599
0.884 0.8711544784813008
0.885 0.8722209086961807
0.886 0.8732876925362943
0.887 0.8743548193538787
0.888 0.8754222783683565
0.889 0.8764900586658625
0.89 0.8775581491987963
0.891 0.8786265387853368
0.892 0.8796952161089907
0.893 0.8807641697181255
0.894 0.8818333880255055
0.895 0.8829028593078261
0.896 0.883972571705251
0.897 0.8850425132209446
0.898 0.8861126717206159
0.899 0.8871830349320367
0.9 0.8882535904445974
0.901 0.889324325708835
0.902 0.8903952280359594
0.903 0.8914662845974027
0.904 0.8925374824243496
0.905 0.8936088084072689
0.906 0.8946802492954581
0.907 0.895751791696566
0.908 0.8968234220761436
0.909 0.8978951267571674
0.91 0.8989668919195813
0.911 0.9000387035998322
0.912 0.9011105476904
0.913 0.902182409939339
0.914 0.9032542759498122
0.915 0.904326131179627
0.916 0.9053979609407706
0.917 0.9064697503989411
0.918 0.9075414845730905
0.919 0.9086131483349572
0.92 0.9096847264086024
0.921 0.9107562033699406
0.922 0.9118275636462815
0.923 0.9128987915158637
0.924 0.9139698711073938
0.925 0.915040786399568
0.926 0.9161115212206276
0.927 0.9171820592478834
0.928 0.9182523840072487
0.929 0.9193224788727808
0.93 0.9203923270662151
0.931 0.9214619116565047
0.932 0.9225312155593416
0.933 0.9236002215367121
0.934 0.9246689121964186
0.935 0.9257372699916208
0.936 0.9268052772203669
0.937 0.9278729160251389
0.9380000000000001 0.9289401683923684
0.9390000000000001 0.9300070161520001
0.9400000000000001 0.931073440977004
0.9410000000000001 0.932139424382924
0.9420000000000001 0.9332049477274047
0.9430000000000001 0.9342699922097301
0.9440000000000001 0.9353345388703673
0.9450000000000001 0.9363985685904931
0.9460000000000001 0.9374620620915297
0.9470000000000001 0.9385249999346802
0.9480000000000001 0.939587362520472
0.9490000000000001 0.9406491300882839
0.9500000000000001 0.9417102827158834
0.9510000000000001 0.9427708003189627
0.9520000000000001 0.9438306626506833
0.9530000000000001 0.9448898493011914
0.9540000000000001 0.9459483396971741
0.9550000000000001 0.947006113101385
0.9560000000000001 0.9480631486121773
0.9570000000000001 0.949119425163046
0.9580000000000001 0.9501749215221652
0.9590000000000001 0.9512296162919076
0.96 0.9522834879084059
0.961 0.9533365146410615
0.962 0.954388674592106
0.963 0.9554399456961095
0.964 0.956490305719542
0.965 0.957539732260291
0.966 0.9585882027472078
0.967 0.9596356944396344
0.968 0.9606821844269476
0.969 0.9617276496280861
0.97 0.9627720667910972
0.971 0.9638154124926551
0.972 0.9648576631376206
0.973 0.9658987949585552
0.974 0.9669387840152631
0.975 0.9679776061943333
0.976 0.9690152372086673
0.977 0.9700516525970206
0.978 0.971086827723535
0.979 0.9721207377772682
0.98 0.973153357771746
0.981 0.9741846625444803
0.982 0.9752146267565155
0.983 0.9762432248919621
0.984 0.9772704312575272
0.985 0.9782962199820564
0.986 0.9793205650160628
0.987 0.9803434401312757
0.988 0.9813648189201587
0.989 0.9823846747954593
0.99 0.9834029809897322
0.991 0.9844197105548872
0.992 0.9854348363617209
0.993 0.9864483310994435
0.994 0.9874601672752312
0.995 0.9884703172137459
0.996 0.9894787530566745
0.997 0.9904854467622727
0.998 0.9914903701048967
0.999 0.99249349467453
1.0 0.9934947918763307
