0.0 4.255015977118582e-3
1.0e-3 4.287831541077882e-3
2.0e-3 4.336099393508875e-3
3.0e-3 4.399703202529519e-3
4.0e-3 4.478527102516879e-3
5.0e-3 4.5724556931708675e-3
6.0e-3 4.681374038577982e-3
7.0e-3 4.805167666275036e-3
8.0e-3 4.943722566312907e-3
9.000000000000001e-3 5.096925190320264e-3
1.0e-2 5.264662450567301e-3
1.1e-2 5.446821719029487e-3
1.2e-2 5.643290826451288e-3
1.3000000000000001e-2 5.853958061409912e-3
1.4e-2 6.078712169379051e-3
1.5e-2 6.317442351792608e-3
1.6e-2 6.5700382651084285e-3
1.7e-2 6.836390019872057e-3
1.8000000000000002e-2 7.116388179780457e-3
1.9e-2 7.409923760745755e-3
2.0e-2 7.716888229958967e-3
2.1e-2 8.037173504953761e-3
2.2e-2 8.37067195267016e-3
2.3e-2 8.717276388518295e-3
2.4e-2 9.07688007544216e-3
2.5e-2 9.449376722983311e-3
2.6000000000000002e-2 9.834660486344628e-3
2.7e-2 1.0232625965454044e-2
2.8e-2 1.0643168204028292e-2
2.9e-2 1.1066182688636624e-2
3.0e-2 1.1501565347764565e-2
3.1e-2 1.194921255087763e-2
3.2e-2 1.2409021107485083e-2
3.3e-2 1.2880888266203667e-2
3.4e-2 1.3364711713821321e-2
3.5e-2 1.386038957436094e-2
3.6000000000000004e-2 1.4367820408144109e-2
3.7e-2 1.4886903210854835e-2
3.8e-2 1.541753741260329e-2
3.9e-2 1.595962287698951e-2
4.0e-2 1.6513059900167205e-2
4.1e-2 1.707774920990742e-2
4.2e-2 1.7653591964662322e-2
4.3000000000000003e-2 1.824048975262893e-2
4.4e-2 1.8838344590812836e-2
4.5e-2 1.9447058924091924e-2
4.6e-2 2.0066535624280155e-2
4.7e-2 2.069667798919128e-2
4.8e-2 2.133738974170257e-2
4.9e-2 2.1988575028818555e-2
5.0e-2 2.265013842073479e-2
5.1000000000000004e-2 2.3321984909901495e-2
5.2000000000000005e-2 2.400401991008747e-2
5.3e-2 2.469614925544361e-2
5.4e-2 2.5398279199566873e-2
5.5e-2 2.6110316414563812e-2
5.6e-2 2.6832167990114418e-2
5.7e-2 2.7563741432535874e-2
5.8e-2 2.8304944663846216e-2
5.9000000000000004e-2 2.9055686020828114e-2
6.0e-2 2.9815874254092666e-2
6.1e-2 3.058541852714301e-2
6.2e-2 3.136422841543805e-2
6.3e-2 3.215221390545652e-2
6.4e-2 3.294928539376013e-2
6.5e-2 3.375535368605798e-2
6.6e-2 3.457032999626962e-2
6.7e-2 3.5394125945589446e-2
6.8e-2 3.622665356154984e-2
6.9e-2 3.706782527708547e-2
7.0e-2 3.791755392959636e-2
7.100000000000001e-2 3.8775752760012404e-2
7.200000000000001e-2 3.9642335411856376e-2
7.3e-2 4.051721593030828e-2
7.4e-2 4.140030876126854e-2
7.5e-2 4.229152875042213e-2
7.6e-2 4.319079114230222e-2
7.7e-2 4.409801157935376e-2
7.8e-2 4.501310610099742e-2
7.9e-2 4.593599114269316e-2
8.0e-2 4.686658353500414e-2
8.1e-2 4.7804800502660255e-2
8.2e-2 4.875055966362197e-2
8.3e-2 4.970377902814419e-2
8.4e-2 5.066437699783973e-2
8.5e-2 5.1632272364743305e-2
8.600000000000001e-2 5.260738431037499e-2
8.700000000000001e-2 5.3589632404804334e-2
8.8e-2 5.457893660571369e-2
8.9e-2 5.5575217257462256e-2
9.0e-2 5.657839509014968e-2
9.1e-2 5.7588391218679764e-2
9.2e-2 5.860512714182432e-2
9.3e-2 5.962852474128676e-2
9.4e-2 6.0658506280766e-2
9.5e-2 6.169499440502004e-2
9.6e-2 6.273791213892985e-2
9.7e-2 6.378718288656288e-2
9.8e-2 6.484273043023704e-2
9.9e-2 6.590447892958445e-2
0.1 6.697235292061487e-2
0.101 6.804627731477966e-2
0.10200000000000001 6.912617739803562e-2
0.10300000000000001 7.021197882990848e-2
0.10400000000000001 7.130360764255682e-2
0.105 7.240099023983557e-2
0.106 7.350405339636033e-2
0.107 7.461272425657016e-2
0.108 7.572693033379224e-2
0.109 7.684659950930504e-2
0.11 7.797166003140227e-2
0.111 7.910204051445661e-2
0.112 8.023766993798336e-2
0.113 8.137847764570431e-2
0.114 8.252439334461137e-2
0.115 8.367534710403024e-2
0.116 8.483126935468442e-2
0.117 8.599209088775858e-2
0.11800000000000001 8.715774285396272e-2
0.11900000000000001 8.832815676259537e-2
0.12 8.950326448060791e-2
0.121 9.068299823166796e-2
0.122 9.1867290595223e-2
0.123 9.305607450556451e-2
0.124 9.42492832508914e-2
0.125 9.544685047237388e-2
0.126 9.664871016321709e-2
0.127 9.785479666772484e-2
0.128 9.906504468036358e-2
0.129 0.10027938924482585
0.13 0.1014977657530941
0.131 0.10272010994450448
0.132 0.10394635790481066
0.133 0.10517644606524729
0.134 0.10641031120159404
0.135 0.1076478904332391
0.136 0.10888912122224301
0.137 0.11013394137240265
0.138 0.11138228902831425
0.139 0.11263410267443817
0.14 0.11388932113416157
0.14100000000000001 0.11514788356886313
0.14200000000000002 0.11640972947697577
0.14300000000000002 0.11767479869305145
0.14400000000000002 0.11894303138682391
0.145 0.12021436806227336
0.146 0.12148874955668938
0.147 0.12276611703973518
0.148 0.12404641201251106
0.149 0.1253295763066183
0.15 0.12661555208322284
0.151 0.12790428183211908
0.152 0.12919570837079358
0.153 0.13048977484348862
0.154 0.13178642472026636
0.155 0.133085601796072
0.156 0.13438725018979827
0.157 0.1356913143433482
0.158 0.13699773902069973
0.159 0.13830646930696897
0.16 0.1396174506074743
0.161 0.1409306286467995
0.162 0.1422459494678583
0.163 0.14356335943095716
0.164 0.14488280521285996
0.165 0.14620423380585107
0.166 0.1475275925167994
0.167 0.14885282896622223
0.168 0.1501798910873484
0.169 0.15150872712518268
0.17 0.15283928563556923
0.171 0.15417151548425523
0.17200000000000001 0.15550536584595503
0.17300000000000001 0.156840786203413
0.17400000000000002 0.1581777263464686
0.17500000000000002 0.15951613637111892
0.176 0.16085596667858304
0.177 0.16219716797436526
0.178 0.16353969126731993
0.179 0.1648834878687135
0.18 0.16622850939129027
0.181 0.16757470774833377
0.182 0.168922035152733
0.183 0.17027044411604403
0.184 0.1716198874475555
0.185 0.17297031825335046
0.186 0.17432168993537214
0.187 0.175673956190486
0.188 0.17702707100954487
0.189 0.178380988676451
0.19 0.17973566376722208
0.191 0.18109105114905202
0.192 0.18244710597937838
0.193 0.18380378370494183
0.194 0.18516104006085432
0.195 0.18651883106965858
0.196 0.18787711304039592
0.197 0.18923584256766582
0.198 0.19059497653069402
0.199 0.19195447209239178
0.2 0.1933142866984242
0.201 0.19467437807626922
0.202 0.19603470423428582
0.203 0.19739522346077448
0.20400000000000001 0.19875589432304278
0.20500000000000002 0.20011667566646757
0.20600000000000002 0.20147752661356128
0.20700000000000002 0.20283840656303173
0.20800000000000002 0.20419927518885075
0.209 0.20556009243931295
0.21 0.20692081853610333
0.211 0.2082814139733589
0.212 0.20964183951673288
0.213 0.21100205620245913
0.214 0.212362025336415
0.215 0.2137217084931853
0.216 0.2150810675151264
0.217 0.2164400645114294
0.218 0.21779866185718436
0.219 0.21915682219244398
0.22 0.22051450842128675
0.221 0.22187168371088178
0.222 0.22322831149055122
0.223 0.22458435545083527
0.224 0.22593977954255462
0.225 0.227294547975876
0.226 0.2286486252193735
0.227 0.2300019759990945
0.228 0.23135456529762236
0.229 0.23270635835313985
0.23 0.234057320658494
0.231 0.23540741796025896
0.232 0.23675661625779953
0.233 0.23810488180233613
0.234 0.23945218109600694
0.23500000000000001 0.24079848089093284
0.23600000000000002 0.2421437481882806
0.23700000000000002 0.24348795023732744
0.23800000000000002 0.24483105453452297
0.23900000000000002 0.24617302882255448
0.24 0.24751384108941044
0.241 0.24885345956744423
0.242 0.2501918527324371
0.243 0.25152898930266293
0.244 0.25286483823795114
0.245 0.25419936873875093
0.246 0.2555325502451955
0.247 0.25686435243616385
0.248 0.2581947452283475
0.249 0.25952369877531145
0.25 0.2608511834665593
0.251 0.2621771699265968
0.252 0.26350162901399543
0.253 0.26482453182045645
0.254 0.26614584966987426
0.255 0.2674655541174
0.256 0.2687836169485064
0.257 0.2701000101780495
0.258 0.2714147060493346
0.259 0.2727276770331789
0.26 0.27403889582697427
0.261 0.2753483353537534
0.262 0.27665596876125154
0.263 0.2779617694209703
0.264 0.2792657109272429
0.265 0.2805677670962965
0.266 0.28186791196531685
0.267 0.28316611979151074
0.268 0.28446236505117095
0.269 0.2857566224387399
0.27 0.28704886686587266
0.271 0.28833907346050175
0.272 0.28962721756589954
0.273 0.2909132747397424
0.274 0.29219722075317617
0.275 0.293479031589877
0.276 0.29475868344511713
0.277 0.29603615272482836
0.278 0.29731141604466477
0.279 0.29858445022906765
0.28 0.2998552323103284
0.281 0.3011237395276531
0.28200000000000003 0.30238994932622515
0.28300000000000003 0.30365383935626966
0.28400000000000003 0.30491538747211827
0.28500000000000003 0.30617457173126966
0.28600000000000003 0.3074313703934573
0.28700000000000003 0.3086857619197106
0.28800000000000003 0.30993772497141864
0.289 0.3111872384093958
0.29 0.31243428129294315
0.291 0.31367883287891424
0.292 0.3149208726207766
0.293 0.31616038016767917
0.294 0.31739733536351056
0.295 0.3186317182459688
0.296 0.31986350904561944
0.297 0.3210926881849648
0.298 0.3223192362775022
0.299 0.32354313412679264
0.3 0.3247643627255204
0.301 0.3259829032545609
0.302 0.32719873708203934
0.303 0.3284118457624007
0.304 0.3296222110354665
0.305 0.33082981482550533
0.306 0.3320346392402911
0.307 0.33323666657017065
0.308 0.33443587928712415
0.309 0.3356322600438328
0.31 0.3368257916727381
0.311 0.3380164571851098
0.312 0.3392042397701059
0.313 0.3403891227938401
0.314 0.34157108979844103
0.315 0.3427501245011216
0.316 0.3439262107932369
0.317 0.345099332739353
0.318 0.3462694745763058
0.319 0.3474366207122711
0.32 0.3486007557258205
0.321 0.34976186436499274
0.322 0.3509199315463508
0.323 0.3520749423540521
0.324 0.35322688203890584
0.325 0.35437573601744243
0.326 0.35552148987097193
0.327 0.3566641293446538
0.328 0.3578036403465537
0.329 0.35894000894671374
0.33 0.3600732213762111
0.331 0.3612032640262264
0.332 0.36233012344710214
0.333 0.3634537863474123
0.334 0.36457423959302065
0.335 0.3656914702061483
0.336 0.3668054653644348
0.337 0.36791621240000577
0.338 0.36902369879853025
0.339 0.3701279121982921
0.34 0.3712288403892457
0.341 0.3723264713120881
0.342 0.373420793057315
0.343 0.3745117938642907
0.34400000000000003 0.37559946212030587
0.34500000000000003 0.3766837863596484
0.34600000000000003 0.37776475526265935
0.34700000000000003 0.37884235765480434
0.34800000000000003 0.3799165825057301
0.34900000000000003 0.3809874189283347
0.35000000000000003 0.3820548561778248
0.35100000000000003 0.3831188836507875
0.352 0.3841794908842435
0.353 0.3852366675547223
0.354 0.38629040347731713
0.355 0.38734068860475246
0.356 0.3883875130264478
0.357 0.38943086696758034
0.358 0.3904707407881495
0.359 0.3915071249820403
0.36 0.3925400101760868
0.361 0.39356938712913636
0.362 0.39459524673111374
0.363 0.3956175800020832
0.364 0.39663637809131463
0.365 0.39765163227634454
0.366 0.39866333396204273
0.367 0.3996714746796735
0.368 0.4006760460859605
0.369 0.40167703996215104
0.37 0.4026744482130788
0.371 0.40366826286622776
0.372 0.40465847607079586
0.373 0.40564508009676065
0.374 0.40662806733393914
0.375 0.40760743029105506
0.376 0.4085831615948012
0.377 0.4095552539889034
0.378 0.4105237003331833
0.379 0.4114884936026238
0.38 0.4124496268864315
0.381 0.4134070933871008
0.382 0.4143608864194782
0.383 0.4153109994098255
0.384 0.41625742589488246
0.385 0.4172001595209331
0.386 0.41813919404286687
0.387 0.4190745233232437
0.388 0.4200061413313589
0.389 0.42093404214230334
0.39 0.42185821993603084
0.391 0.42277866899641997
0.392 0.42369538371033855
0.393 0.4246083585667066
0.394 0.4255175881555615
0.395 0.42642306716711914
0.396 0.4273247903908409
0.397 0.42822275271449495
0.398 0.429116949123222
0.399 0.4300073746985962
0.4 0.4308940246176914
0.401 0.43177689415214415
0.402 0.4326559786672173
0.403 0.43353127362086313
0.404 0.43440277456278886
0.405 0.4352704771335186
0.406 0.4361343770634577
0.40700000000000003 0.436994470171956
0.40800000000000003 0.43785075236637294
0.40900000000000003 0.4387032196411408
0.41000000000000003 0.4395518680768268
0.41100000000000003 0.4403966938391995
0.41200000000000003 0.441237693178289
0.41300000000000003 0.4420748624274556
0.41400000000000003 0.44290819800244885
0.41500000000000004 0.44373769640047406
0.41600000000000004 0.44456335419925436
0.417 0.4453851680560961
0.418 0.44620313470695233
0.419 0.4470172509654831
0.42 0.4478275137221265
0.421 0.4486339199431527
0.422 0.44943646666973847
0.423 0.45023515101702005
0.424 0.451029970173167
0.425 0.4518209213984367
0.426 0.45260800202424706
0.427 0.453391209452231
0.428 0.45417054115331007
0.429 0.454945994666748
0.43 0.45571756759922327
0.431 0.45648525762388625
0.432 0.4572490624794285
0.433 0.45800897996914103
0.434 0.45876500795998354
0.435 0.4595171443816418
0.436 0.4602653872255991
0.437 0.4610097345441923
0.438 0.4617501844496821
0.439 0.46248673511330984
0.44 0.46321938476437047
0.441 0.46394813168926563
0.442 0.46467297423057746
0.443 0.465393910786123
0.444 0.4661109398080275
0.445 0.4668240598017785
0.446 0.46753326932529865
0.447 0.4682385669880005
0.448 0.4689399514498596
0.449 0.46963742142046966
0.45 0.47033097565811205
0.451 0.47102061296881614
0.452 0.47170633220542746
0.453 0.4723881322666636
0.454 0.4730660120961877
0.455 0.47373997068166346
0.456 0.47441000705382635
0.457 0.47507612028553914
0.458 0.475738309490865
0.459 0.4763965738241227
0.46 0.4770509124789563
0.461 0.47770132468739473
0.462 0.4783478097189203
0.463 0.47899036687952606
0.464 0.4796289955107866
0.465 0.4802636949889144
0.466 0.48089446472383196
0.467 0.4815213041582263
0.468 0.4821442127666219
0.46900000000000003 0.48276319005443524
0.47000000000000003 0.4833782355570478
0.47100000000000003 0.4839893488388613
0.47200000000000003 0.4845965294923693
0.47300000000000003 0.48519977713721213
0.47400000000000003 0.48579909141925154
0.47500000000000003 0.48639447200962155
0.47600000000000003 0.4869859186038058
0.47700000000000004 0.4875734309206877
0.47800000000000004 0.48815700870162787
0.47900000000000004 0.4887366517095148
0.48 0.4893123597278407
0.481 0.48988413255975366
0.482 0.4904519700271306
0.483 0.4910158719696362
0.484 0.49157583824378853
0.485 0.4921318687220209
0.486 0.4926839632917487
0.487 0.4932321218544295
0.488 0.4937763443246294
0.489 0.494316630629086
0.49 0.4948529807057713
0.491 0.49538539450295765
0.492 0.4959138719782783
0.493 0.4964384130977946
0.494 0.49695901783505575
0.495 0.4974756861701675
0.496 0.4979884180888512
0.497 0.49849721358151006
0.498 0.499002072642293
0.499 0.49950299526815645
0.5 0.49999998145793073
0.501 0.5004930312113814
0.502 0.5009821445282748
0.503 0.50146732140744
0.504 0.5019485618458337
0.505 0.5024258658376055
0.506 0.5028992333731587
0.507 0.5033686644382142
0.508 0.503834159012877
0.509 0.5042957170706982
0.51 0.5047533385777366
0.511 0.5052070234916283
0.512 0.5056567717606434
0.513 0.5061025833227548
0.514 0.5065444581047001
0.515 0.5069823960210454
0.516 0.5074163969732485
0.517 0.5078464608487241
0.518 0.5082725875199062
0.519 0.5086947768433125
0.52 0.5091130286586079
0.521 0.5095273427876683
0.522 0.5099377190336443
0.523 0.5103441571800246
0.524 0.5107466569897012
0.525 0.5111452182040318
0.526 0.5115398405419018
0.527 0.5119305236987935
0.528 0.5123172673458426
0.529 0.5127000711289088
0.53 0.5130789346676345
0.531 0.513453857554511
0.532 0.5138248393539422
0.533 0.5141918796013076
0.534 0.5145549778020252
0.535 0.5149141334306186
0.536 0.5152693459297765
0.537 0.5156206147094184
0.538 0.5159679391457597
0.539 0.5163113185803725
0.54 0.5166507523192522
0.541 0.5169862396318797
0.542 0.5173177797502844
0.543 0.5176453718681094
0.544 0.5179690151396751
0.545 0.518288708679043
0.546 0.5186044515590779
0.547 0.5189162428105132
0.548 0.5192240814210137
0.549 0.519527966334242
0.55 0.5198278964489167
0.551 0.5201238706178818
0.552 0.5204158876471683
0.553 0.5207039462950559
0.554 0.5209880452711405
0.555 0.5212681832353945
0.556 0.5215443587972343
0.557 0.5218165705145786
0.558 0.5220848168929185
0.559 0.5223490963843767
0.56 0.5226094073867718
0.561 0.5228657482426843
0.562 0.5231181172385186
0.5630000000000001 0.5233665126035656
0.5640000000000001 0.5236109325090702
0.5650000000000001 0.5238513750672914
0.5660000000000001 0.5240878383305672
0.5670000000000001 0.5243203202903798
0.5680000000000001 0.5245488188764156
0.5690000000000001 0.5247733319556334
0.5700000000000001 0.5249938573313259
0.5710000000000001 0.5252103927421826
0.5720000000000001 0.5254229358613555
0.5730000000000001 0.5256314842955214
0.5740000000000001 0.525836035583947
0.5750000000000001 0.5260365871975501
0.5760000000000001 0.5262331365379669
0.577 0.526425680936613
0.578 0.5266142176537475
0.579 0.5267987438775376
0.58 0.5269792567231227
0.581 0.5271557532316765
0.582 0.5273282303694719
0.583 0.5274966850269447
0.584 0.5276611140177574
0.585 0.5278215140778598
0.586 0.527977881864561
0.587 0.5281302139555829
0.588 0.5282785068481314
0.589 0.5284227569579559
0.59 0.5285629606184153
0.591 0.5286991140795417
0.592 0.5288312135071032
0.593 0.528959254981667
0.594 0.5290832344976646
0.595 0.5292031479624559
0.596 0.5293189911953905
0.597 0.5294307599268746
0.598 0.5295384497974315
0.599 0.5296420563567689
0.6 0.5297415750628384
0.601 0.5298370012809032
0.602 0.5299283302826001
0.603 0.5300155572450026
0.604 0.5300986772496853
0.605 0.5301776852817892
0.606 0.530252576229081
0.607 0.530323344881023
0.608 0.5303899859278319
0.609 0.5304524939595434
0.61 0.530510863465079
0.611 0.5305650888313054
0.612 0.5306151643421023
0.613 0.5306610841774223
0.614 0.5307028424123572
0.615 0.5307404330162018
0.616 0.5307738498515159
0.617 0.5308030866731901
0.618 0.5308281371275065
0.619 0.5308489947512071
0.62 0.5308656529705519
0.621 0.5308781051003878
0.622 0.5308863443432106
0.623 0.5308903637882247
0.624 0.5308901564104136
0.625 0.5308857150696005
0.626 0.5308770325095094
0.627 0.5308641013568342
0.628 0.5308469141202978
0.629 0.530825463189718
0.63 0.5307997408350715
0.631 0.5307697392055577
0.632 0.5307354503286585
0.633 0.5306968661092095
0.634 0.5306539783284568
0.635 0.5306067786431241
0.636 0.530555258584477
0.637 0.5304994095573838
0.638 0.5304392228393816
0.639 0.5303746895797404
0.64 0.530305800798524
0.641 0.5302325473856581
0.642 0.530154920099989
0.643 0.5300729095683505
0.644 0.5299865062846296
0.645 0.5298957006088241
0.646 0.529800482766111
0.647 0.5297008428459101
0.648 0.5295967708009467
0.649 0.5294882564463144
0.65 0.5293752894585396
0.651 0.5292578593746468
0.652 0.5291359555912205
0.653 0.5290095673634687
0.654 0.5288786838042887
0.655 0.5287432938833283
0.656 0.5286033864260518
0.657 0.5284589501128013
0.658 0.5283099734778637
0.659 0.5281564449085306
0.66 0.5279983526441657
0.661 0.5278356847752659
0.662 0.5276684292425259
0.663 0.5274965738359023
0.664 0.5273201061936775
0.665 0.5271390138015224
0.666 0.5269532839915599
0.667 0.5267629039414318
0.668 0.5265678606733578
0.669 0.5263681410532033
0.67 0.5261637317895407
0.671 0.5259546194327135
0.672 0.5257407903739018
0.673 0.5255222308441828
0.674 0.525298926913598
0.675 0.5250708644902153
0.676 0.524838029319191
0.677 0.5246004069818381
0.678 0.5243579828946847
0.679 0.5241107423085415
0.68 0.5238586703075649
0.681 0.5236017518083189
0.682 0.5233399715588415
0.683 0.5230733141377052
0.684 0.5228017639530844
0.685 0.5225253052418166
0.686 0.5222439220684656
0.687 0.5219575983243889
0.6880000000000001 0.5216663177267977
0.6890000000000001 0.5213700638178224
0.6900000000000001 0.5210688199635749
0.6910000000000001 0.5207625693532141
0.6920000000000001 0.5204512949980089
0.6930000000000001 0.5201349797304026
0.6940000000000001 0.519813606203075
0.6950000000000001 0.5194871568880064
0.6960000000000001 0.5191556140755431
0.6970000000000001 0.518818959873461
0.6980000000000001 0.5184771762060266
0.6990000000000001 0.5181302448130627
0.7000000000000001 0.5177781472490125
0.7010000000000001 0.517420864882004
0.7020000000000001 0.5170583788929105
0.7030000000000001 0.5166906702744168
0.704 0.5163177198300846
0.705 0.5159395081734098
0.706 0.5155560157268956
0.707 0.5151672227211085
0.708 0.5147731091937441
0.709 0.5143736549886939
0.71 0.5139688397551047
0.711 0.5135586429464445
0.712 0.5131430438195665
0.713 0.5127220214337737
0.714 0.5122955546498777
0.715 0.5118636221292701
0.716 0.5114262023329785
0.717 0.5109832735207372
0.718 0.5105348137500447
0.719 0.5100808008752328
0.72 0.5096212125465261
0.721 0.509156026209109
0.722 0.5086852191021871
0.723 0.5082087682580511
0.724 0.5077266505011422
0.725 0.5072388424471165
0.726 0.5067453205019036
0.727 0.5062460608607771
0.728 0.5057410395074126
0.729 0.5052302322129548
0.73 0.504713614535082
0.731 0.5041911618170667
0.732 0.5036628491868397
0.733 0.5031286515560569
0.734 0.502588543619161
0.735 0.5020424998524435
0.736 0.5014904945131136
0.737 0.5009325016383549
0.738 0.5003684950443957
0.739 0.49979844832556813
0.74 0.4992223348533746
0.741 0.49864012777555067
0.742 0.49805180001512805
0.743 0.49745732426949996
0.744 0.4968566730094825
0.745 0.4962498184783807
0.746 0.4956367326910524
0.747 0.4950173874329677
0.748 0.49439175425928034
0.749 0.49375980449388274
0.75 0.4931215092284772
0.751 0.4924768393216351
0.752 0.49182576539786127
0.753 0.4911682578466609
0.754 0.49050428682159825
0.755 0.48983382223936406
0.756 0.4891568337788386
0.757 0.48847329088015407
0.758 0.4877831627437602
0.759 0.4870864183294866
0.76 0.48638302635560676
0.761 0.48567295529790216
0.762 0.48495617338872554
0.763 0.48423264861606596
0.764 0.4835023487226108
0.765 0.48276524120481
0.766 0.4820212933119395
0.767 0.48127047204516676
0.768 0.48051274415661327
0.769 0.47974807614841664
0.77 0.47897643427179676
0.771 0.47819778452611994
0.772 0.47741209265795853
0.773 0.4766193241601612
0.774 0.475819444270909
0.775 0.47501241797278737
0.776 0.4741982099918418
0.777 0.47337678479664747
0.778 0.4725481065973704
0.779 0.4717121393448317
0.78 0.4708688467295718
0.781 0.47001819218091295
0.782 0.46916013886602287
0.783 0.4682946496889813
0.784 0.4674216872898411
0.785 0.46654121404369203
0.786 0.4656531920597247
0.787 0.4647575831802961
0.788 0.4638543489799906
0.789 0.4629434507646863
0.79 0.46202484957061607
0.791 0.46109850616343356
0.792 0.4601643810372757
0.793 0.45922243441382793
0.794 0.4582726262413843
0.795 0.4573149161939169
0.796 0.4563492636701338
0.797 0.45537562779254676
0.798 0.45439396740653326
0.799 0.4534042410794005
0.8 0.4524064070994488
0.801 0.4514004234750381
0.802 0.4503862479336456
0.803 0.4493638379209355
0.804 0.44833315059982143
0.805 0.4472941428495268
0.806 0.44624677126465223
0.807 0.44519099215423885
0.808 0.44412676154082953
0.809 0.4430540351595355
0.81 0.44197276845709854
0.811 0.44088291659095596
0.812 0.4397844344283008
0.8130000000000001 0.43867727654515126
0.8140000000000001 0.4375613972254096
0.8150000000000001 0.4364367504599288
0.8160000000000001 0.4353032899455745
0.8170000000000001 0.43416096908428903
0.8180000000000001 0.43300974098215694
0.8190000000000001 0.43184955844846545
0.8200000000000001 0.430680373994771
0.8210000000000001 0.4295021398339632
0.8220000000000001 0.42831480787932497
0.8230000000000001 0.4271183297436005
0.8240000000000001 0.42591265673805717
0.8250000000000001 0.42469773987154774
0.8260000000000001 0.42347352984957826
0.8270000000000001 0.42223997707336636
0.8280000000000001 0.42099703163891034
0.8290000000000001 0.41974464333604905
0.8300000000000001 0.4184827616475263
0.8310000000000001 0.4172113357480577
0.8320000000000001 0.41593031450338946
0.833 0.41463964646936585
0.834 0.4133392798909922
0.835 0.41202916270149714
0.836 0.41070924252139696
0.837 0.40937946665756175
0.838 0.4080397821022761
0.839 0.4066901355323027
0.84 0.40533047330794936
0.841 0.40396074147212796
0.842 0.4025808857494247
0.843 0.40119085154515544
0.844 0.399790583944438
0.845 0.39838002771125
0.846 0.39695912728749444
0.847 0.3955278267920635
0.848 0.39408607001990287
0.849 0.3926338004410749
0.85 0.39117096119982153
0.851 0.3896974951136291
0.852 0.38821334467229285
0.853 0.3867184520369774
0.854 0.3852127590392853
0.855 0.3836962071803166
0.856 0.38216873762973363
0.857 0.3806302912248272
0.858 0.3790808084695765
0.859 0.3775202295337158
0.86 0.3759484942517969
0.861 0.3743655421222532
0.862 0.3727713123064621
0.863 0.37116574362781235
0.864 0.3695487745707634
0.865 0.36792034327991124
0.866 0.36628038755905407
0.867 0.36462884487025093
0.868 0.36296565233289046
0.869 0.3612907467227528
0.87 0.3596040644710719
0.871 0.35790554166360183
0.872 0.3561951140396792
0.873 0.3544727169912859
0.874 0.3527382855621144
0.875 0.350991754446631
0.876 0.34923305798913995
0.877 0.34746213018284633
0.878 0.34567890466892054
0.879 0.34388331473556083
0.88 0.3420752933170593
0.881 0.34025477299286283
0.882 0.3384216859866399
0.883 0.3365759641653411
0.884 0.33471753903826523
0.885 0.33284634175612215
0.886 0.330962303110097
0.887 0.3290653535309128
0.888 0.32715542308789586
0.889 0.325232441488037
0.89 0.32329633807505925
0.891 0.32134704182847734
0.892 0.3193844813626636
0.893 0.3174085849259122
0.894 0.31541928039950123
0.895 0.3134164952967581
0.896 0.31140015676212185
0.897 0.3093701915702081
0.898 0.3073265261248726
0.899 0.30526908645827255
0.9 0.303197798229934
0.901 0.30111258672581465
0.902 0.29901337685736484
0.903 0.2969000931605947
0.904 0.29477265979513656
0.905 0.2926310005433079
0.906 0.2904750388091767
0.907 0.28830469761762334
0.908 0.28611989961340617
0.909 0.28392056706022417
0.91 0.2817066218397804
0.911 0.27947798545084723
0.912 0.27723457900832804
0.913 0.27497632324232235
0.914 0.27270313849718975
0.915 0.27041494473061223
0.916 0.26811166151265997
0.917 0.26579320802485246
0.918 0.26345950305922433
0.919 0.2611104650173885
0.92 0.2587460119096005
0.921 0.2563660613538202
0.922 0.2539705305747774
0.923 0.25155933640303524
0.924 0.24913239527405454
0.925 0.24668962322725466
0.926 0.24423093590508138
0.927 0.24175624855206793
0.928 0.23926547601389903
0.929 0.23675853273647499
0.93 0.2342353327649758
0.931 0.23169578974292498
0.932 0.22913981691125118
0.933 0.2265673271073553
0.934 0.22397823276417167
0.935 0.22137244590923316
0.936 0.21874987816373345
0.937 0.2161104407415929
0.9380000000000001 0.2134540444485196
0.9390000000000001 0.21078059968107593
0.9400000000000001 0.20809001642574063
0.9410000000000001 0.2053822042579725
0.9420000000000001 0.20265707234127475
0.9430000000000001 0.19991452942625806
0.9440000000000001 0.19715448384970535
0.9450000000000001 0.194376843533635
0.9460000000000001 0.19158151598436401
0.9470000000000001 0.1887684082915721
0.9480000000000001 0.18593742712736602
0.9490000000000001 0.18308847874534293
0.9500000000000001 0.18022146897965333
0.9510000000000001 0.17733630324406582
0.9520000000000001 0.1744328865310316
0.9530000000000001 0.17151112341074518
0.9540000000000001 0.16857091803021163
0.9550000000000001 0.16561217411230822
0.9560000000000001 0.1626347949548486
0.9570000000000001 0.1596386834296465
0.9580000000000001 0.1566237419815805
0.9590000000000001 0.15358987262765522
0.96 0.15053697695606894
0.961 0.14746495612527236
0.962 0.14437371086303755
0.963 0.1412631414655177
0.964 0.13813314779631314
0.965 0.1349836292855339
0.966 0.13181448492886425
0.967 0.12862561328662533
0.968 0.12541691248284043
0.969 0.12218828020429723
0.97 0.11893961369961271
0.971 0.11567080977829576
0.972 0.11238176480981228
0.973 0.10907237472264775
0.974 0.10574253500337115
0.975 0.10239214069569949
0.976 9.902108639956046e-2
0.977 9.562926627015723e-2
0.978 9.221657401703129e-2
0.979 8.878290290312635e-2
0.98 8.532814574385283e-2
0.981 8.185219490615062e-2
0.982 7.835494230755337e-2
0.983 7.483627941525225e-2
0.984 7.129609724515931e-2
0.985 6.773428636097148e-2
0.986 6.41507368732342e-2
0.987 6.0545338438405545e-2
0.988 5.691798025791929e-2
0.989 5.3268551077249204e-2
0.99 4.959693918497237e-2
0.991 4.590303241183329e-2
0.992 4.218671812980753e-2
0.993 3.844788325116515e-2
0.994 3.4686414227534934e-2
0.995 3.0902197048967756e-2
0.996 2.7095117243000327e-2
0.997 2.326505987371918e-2
0.998 1.9411909540824307e-2
0.999 1.5535550378692696e-2
1.0 1.1635866055442312e-2
