0.0 7.218255940485808e-3
1.0e-3 7.245345260075426e-3
2.0e-3 7.283983070102011e-3
3.0e-3 7.33409398850763e-3
4.0e-3 7.395602912617463e-3
5.0e-3 7.468435018672607e-3
6.0e-3 7.552515761362884e-3
7.0e-3 7.647770873359631e-3
8.0e-3 7.75412636484853e-3
9.000000000000001e-3 7.871508523062391e-3
1.0e-2 7.99984391181395e-3
1.1e-2 8.13905937102871e-3
1.2e-2 8.289082016277696e-3
1.3000000000000001e-2 8.449839238310294e-3
1.4e-2 8.621258702587049e-3
1.5e-2 8.803268348812468e-3
1.6e-2 8.9957963904678e-3
1.7e-2 9.198771314343882e-3
1.8000000000000002e-2 9.41212188007392e-3
1.9e-2 9.635777119666287e-3
2.0e-2 9.869666337037336e-3
2.1e-2 1.011371910754422e-2
2.2e-2 1.0367865277517659e-2
2.3e-2 1.0632034963794773e-2
2.4e-2 1.0906158553251888e-2
2.5e-2 1.119016670233732e-2
2.6000000000000002e-2 1.1483990336604192e-2
2.7e-2 1.1787560650243232e-2
2.8e-2 1.2100809105615588e-2
2.9e-2 1.2423667432785624e-2
3.0e-2 1.2756067629053727e-2
3.1e-2 1.3097941958489095e-2
3.2e-2 1.3449222951462576e-2
3.3e-2 1.3809843404179442e-2
3.4e-2 1.4179736378212205e-2
3.5e-2 1.4558835200033413e-2
3.6000000000000004e-2 1.4947073460548464e-2
3.7e-2 1.5344385014628413e-2
3.8e-2 1.575070398064277e-2
3.9e-2 1.616596473999228e-2
4.0e-2 1.65901019366418e-2
4.1e-2 1.7023050476652982e-2
4.2e-2 1.7464745527717217e-2
4.3000000000000003e-2 1.7915122518688344e-2
4.4e-2 1.8374117139115482e-2
4.5e-2 1.8841665338775824e-2
4.6e-2 1.931770332720746e-2
4.7e-2 1.9802167573242192e-2
4.8e-2 2.0294994804538283e-2
4.9e-2 2.079612200711332e-2
5.0e-2 2.1305486424877004e-2
5.1000000000000004e-2 2.182302555916387e-2
5.2000000000000005e-2 2.2348677168266294e-2
5.3e-2 2.2882379266967044e-2
5.4e-2 2.342407012607231e-2
5.5e-2 2.3973688271944335e-2
5.6e-2 2.4531172486034307e-2
5.7e-2 2.5096461804415188e-2
5.8e-2 2.5669495517314424e-2
5.9000000000000004e-2 2.6250213168646824e-2
6.0e-2 2.6838554555547383e-2
6.1e-2 2.7434459727904e-2
6.2e-2 2.8037868987890274e-2
6.3e-2 2.8648722889498532e-2
6.4e-2 2.9266962238072246e-2
6.5e-2 2.9892528089839287e-2
6.6e-2 3.052536175144424e-2
6.7e-2 3.1165404779481726e-2
6.8e-2 3.181259898002873e-2
6.9e-2 3.246688640817784e-2
7.0e-2 3.312820936756952e-2
7.100000000000001e-2 3.379651040992557e-2
7.200000000000001e-2 3.447173233458131e-2
7.3e-2 3.51538181880189e-2
7.4e-2 3.5842711263399676e-2
7.5e-2 3.6538355100097314e-2
7.6e-2 3.7240693483230496e-2
7.7e-2 3.794967044319567e-2
7.8e-2 3.8665230255199974e-2
7.9e-2 3.938731743879389e-2
8.0e-2 4.0115876757404224e-2
8.1e-2 4.0850853217866745e-2
8.2e-2 4.159219206995902e-2
8.3e-2 4.233983880593341e-2
8.4e-2 4.309373916004953e-2
8.5e-2 4.3853839108107424e-2
8.600000000000001e-2 4.462008486698005e-2
8.700000000000001e-2 4.539242289414634e-2
8.8e-2 4.6170799887223765e-2
8.9e-2 4.695516278350139e-2
9.0e-2 4.7745458759472476e-2
9.1e-2 4.854163523036735e-2
9.2e-2 4.934363984968628e-2
9.3e-2 5.0151420508732114e-2
9.4e-2 5.0964925336143316e-2
9.5e-2 5.1784102697426546e-2
9.6e-2 5.260890119448962e-2
9.7e-2 5.34392696651742e-2
9.8e-2 5.427515718278865e-2
9.9e-2 5.511651305564094e-2
0.1 5.596328682657128e-2
0.101 5.681542827248492e-2
0.10200000000000001 5.7672887403885154e-2
0.10300000000000001 5.8535614464405986e-2
0.10400000000000001 5.940355993034491e-2
0.105 6.027667451019565e-2
0.106 6.115490914418141e-2
0.107 6.203821500378691e-2
0.108 6.292654349129188e-2
0.109 6.381984623930355e-2
0.11 6.471807511028942e-2
0.111 6.562118219611031e-2
0.112 6.65291198175528e-2
0.113 6.744184052386246e-2
0.114 6.835929709227623e-2
0.115 6.928144252755553e-2
0.116 7.020823006151894e-2
0.117 7.113961315257498e-2
0.11800000000000001 7.207554548525513e-2
0.11900000000000001 7.301598096974614e-2
0.12 7.396087374142346e-2
0.121 7.491017816038369e-2
0.122 7.586384881097719e-2
0.123 7.682184050134144e-2
0.124 7.778410826293333e-2
0.125 7.875060735006233e-2
0.126 7.972129323942298e-2
0.127 8.069612162962783e-2
0.128 8.167504844074043e-2
0.129 8.265802981380786e-2
0.13 8.364502211039355e-2
0.131 8.463598191211032e-2
0.132 8.563086602015298e-2
0.133 8.662963145483117e-2
0.134 8.763223545510226e-2
0.135 8.863863547810395e-2
0.136 8.964878919868724e-2
0.137 9.06626545089494e-2
0.138 9.168018951776617e-2
0.139 9.270135255032537e-2
0.14 9.372610214765897e-2
0.14100000000000001 9.475439706617657e-2
0.14200000000000002 9.578619627719741e-2
0.14300000000000002 9.682145896648413e-2
0.14400000000000002 9.786014453377452e-2
0.145 9.89022125923154e-2
0.146 9.99476229683946e-2
0.147 0.10099633570087407
0.148 0.10204831104072276
0.149 0.10310350945054922
0.15 0.10416189160413455
0.151 0.10522341838596529
0.152 0.10628805089076608
0.153 0.10735575042303233
0.154 0.10842647849656342
0.155 0.10950019683399498
0.156 0.1105768673663324
0.157 0.11165645223248277
0.158 0.11273891377878839
0.159 0.11382421455855923
0.16 0.11491231733160598
0.161 0.11600318506377252
0.162 0.11709678092646898
0.163 0.1181930682962044
0.164 0.11929201075411959
0.165 0.12039357208552007
0.166 0.1214977162794086
0.167 0.12260440752801834
0.168 0.12371361022634512
0.169 0.12482528897168091
0.17 0.12593940856314603
0.171 0.1270559340012223
0.17200000000000001 0.12817483048728598
0.17300000000000001 0.12929606342313976
0.17400000000000002 0.13041959841054676
0.17500000000000002 0.13154540125076242
0.176 0.13267343794406775
0.177 0.13380367468930163
0.178 0.13493607788339465
0.179 0.1360706141209004
0.18 0.13720725019353014
0.181 0.1383459530896834
0.182 0.13948668999398292
0.183 0.14062942828680597
0.184 0.14177413554381812
0.185 0.14292077953550508
0.186 0.14406932822670637
0.187 0.14521974977614763
0.188 0.14637201253597393
0.189 0.14752608505128142
0.19 0.14868193605965227
0.191 0.14983953449068432
0.192 0.15099884946552772
0.193 0.15215985029641382
0.194 0.1533225064861916
0.195 0.15448678772785715
0.196 0.15565266390408963
0.197 0.15682010508678074
0.198 0.15798908153657146
0.199 0.1591595637023803
0.2 0.160331522220941
0.201 0.16150492791633028
0.202 0.1626797517995053
0.203 0.1638559650678333
0.20400000000000001 0.16503353910462584
0.20500000000000002 0.16621244547867053
0.20600000000000002 0.167392655943766
0.20700000000000002 0.16857414243825125
0.20800000000000002 0.1697568770845426
0.209 0.17094083218866232
0.21 0.17212598023977502
0.211 0.17331229390971797
0.212 0.1744997460525349
0.213 0.17568830970400928
0.214 0.17687795808119613
0.215 0.17806866458195522
0.216 0.1792604027844841
0.217 0.1804531464468505
0.218 0.18164686950652584
0.219 0.1828415460799168
0.22 0.18403715046189953
0.221 0.1852336571253515
0.222 0.18643104072068442
0.223 0.18762927607537788
0.224 0.18882833819351055
0.225 0.1900282022552951
0.226 0.19122884361660847
0.227 0.1924302378085272
0.228 0.19363236053685864
0.229 0.1948351876816738
0.23 0.19603869529684126
0.231 0.19724285960955912
0.232 0.19844765701988712
0.233 0.19965306410028144
0.234 0.2008590575951255
0.23500000000000001 0.20206561442026388
0.23600000000000002 0.20327271166253474
0.23700000000000002 0.20448032657930323
0.23800000000000002 0.20568843659799296
0.23900000000000002 0.20689701931562005
0.24 0.20810605249832553
0.241 0.20931551408090837
0.242 0.21052538216635747
0.243 0.21173563502538553
0.244 0.21294625109596102
0.245 0.21415720898284146
0.246 0.21536848745710635
0.247 0.21658006545568906
0.248 0.21779192208091105
0.249 0.21900403660001355
0.25 0.2202163884446906
0.251 0.2214289572106221
0.252 0.22264172265700655
0.253 0.2238546647060937
0.254 0.22506776344271776
0.255 0.22628099911382926
0.256 0.2274943521280294
0.257 0.2287078030551008
0.258 0.22992133262554232
0.259 0.23113492173010117
0.26 0.23234855141930447
0.261 0.23356220290299412
0.262 0.2347758575498584
0.263 0.2359894968869644
0.264 0.23720310259929206
0.265 0.238416656529266
0.266 0.23963014067628916
0.267 0.24084353719627424
0.268 0.2420568284011777
0.269 0.24326999675853267
0.27 0.24448302489098053
0.271 0.24569589557580532
0.272 0.24690859174446514
0.273 0.24812109648212508
0.274 0.2493333930271919
0.275 0.250545464770844
0.276 0.25175729525656615
0.277 0.25296886817968195
0.278 0.25418016738688626
0.279 0.25539117687577817
0.28 0.25660188079439383
0.281 0.2578122634407395
0.28200000000000003 0.2590223092623237
0.28300000000000003 0.2602320028556904
0.28400000000000003 0.261441328965953
0.28500000000000003 0.26265027248632383
0.28600000000000003 0.2638588184576512
0.28700000000000003 0.2650669520679491
0.28800000000000003 0.26627465865193095
0.289 0.26748192369054297
0.29 0.2686887328104957
0.291 0.2698950717837988
0.292 0.27110092652729084
0.293 0.27230628310217647
0.294 0.27351112771355374
0.295 0.2747154467099525
0.296 0.2759192265828621
0.297 0.2771224539662689
0.298 0.27832511563618484
0.299 0.2795271985101837
0.3 0.280728689646931
0.301 0.28192957624572
0.302 0.2831298456460006
0.303 0.28432948532691654
0.304 0.28552848290683347
0.305 0.2867268261428765
0.306 0.2879245029304589
0.307 0.2891215013028183
0.308 0.29031780943054597
0.309 0.291513415621124
0.31 0.2927083083184531
0.311 0.29390247610239034
0.312 0.2950959076882774
0.313 0.2962885919264778
0.314 0.29748051780190476
0.315 0.29867167443355996
0.316 0.29986205107405983
0.317 0.3010516371091745
0.318 0.30224042205735474
0.319 0.30342839556927126
0.32 0.30461554742734037
0.321 0.30580186754526356
0.322 0.3069873459675544
0.323 0.3081719728690769
0.324 0.30935573855457266
0.325 0.310538633458199
0.326 0.3117206481430573
0.327 0.31290177330072994
0.328 0.31408199975080825
0.329 0.31526131844043076
0.33 0.3164397204438111
0.331 0.31761719696177454
0.332 0.31879373932128796
0.333 0.31996933897499547
0.334 0.32114398750074774
0.335 0.3223176766011385
0.336 0.3234903981030337
0.337 0.324662143957109
0.338 0.32583290623737643
0.339 0.32700267714072345
0.34 0.32817144898643974
0.341 0.329339214215757
0.342 0.3305059653913743
0.343 0.3316716951969968
0.34400000000000003 0.33283639643686397
0.34500000000000003 0.3340000620352872
0.34600000000000003 0.33516268503617774
0.34700000000000003 0.33632425860258375
0.34800000000000003 0.33748477601621885
0.34900000000000003 0.338644230677
0.35000000000000003 0.33980261610257406
0.35100000000000003 0.34095992592785845
0.352 0.3421161539045645
0.353 0.3432712939007398
0.354 0.3444253399002938
0.355 0.3455782860025343
0.356 0.3467301264216989
0.357 0.34788085548648845
0.358 0.3490304676395997
0.359 0.35017895743725763
0.36 0.35132631954874904
0.361 0.3524725487559541
0.362 0.3536176399528813
0.363 0.35476158814519754
0.364 0.35590438844976363
0.365 0.35704603609416447
0.366 0.3581865264162443
0.367 0.35932585486363794
0.368 0.3604640169933036
0.369 0.36160100847105703
0.37 0.36273682507110294
0.371 0.3638714626755679
0.372 0.36500491727403395
0.373 0.36613718496307146
0.374 0.3672682619457704
0.375 0.36839814453127484
0.376 0.369526829134315
0.377 0.37065431227474055
0.378 0.37178059057705204
0.379 0.3729056607699356
0.38 0.37402951968579434
0.381 0.37515216426028175
0.382 0.37627359153183493
0.383 0.3773937986412063
0.384 0.37851278283099693
0.385 0.37963054144518965
0.386 0.38074707192868135
0.387 0.38186237182681587
0.388 0.3829764387849185
0.389 0.3840892705478249
0.39 0.38520086495941736
0.391 0.386311219962157
0.392 0.38742033359661543
0.393 0.3885282040010082
0.394 0.38963482941072813
0.395 0.39074020815787613
0.396 0.3918443386707975
0.397 0.392947219473611
0.398 0.3940488491857448
0.399 0.39514922652146667
0.4 0.3962483502894179
0.401 0.3973462193921471
0.402 0.39844283282564125
0.403 0.3995381896788591
0.404 0.4006322891332656
0.405 0.4017251304623618
0.406 0.40281671303122
0.40700000000000003 0.4039070362960147
0.40800000000000003 0.4049960998035572
0.40900000000000003 0.40608390319082777
0.41000000000000003 0.40717044618450793
0.41100000000000003 0.4082557286005138
0.41200000000000003 0.4093397503435274
0.41300000000000003 0.41042251140653313
0.41400000000000003 0.4115040118703466
0.41500000000000004 0.4125842519031491
0.41600000000000004 0.4136632317600208
0.417 0.4147409517824731
0.418 0.41581741239798187
0.419 0.4168926141195176
0.42 0.41796655754508427
0.421 0.41903924335724363
0.422 0.42011067232265764
0.423 0.42118084529161176
0.424 0.42224976319755575
0.425 0.42331742705663056
0.426 0.42438383796720636
0.427 0.42544899710940837
0.428 0.4265129057446597
0.429 0.42757556521520235
0.43 0.42863697694364034
0.431 0.42969714243246543
0.432 0.43075606326359506
0.433 0.4318137410979005
0.434 0.432870177674744
0.435 0.433925374811507
0.436 0.43497933440312864
0.437 0.4360320584216324
0.438 0.43708354891566437
0.439 0.4381338080100202
0.44 0.43918283790518625
0.441 0.44023064087686214
0.442 0.4412772192755031
0.443 0.44232257552584453
0.444 0.4433667121264432
0.445 0.4444096316492011
0.446 0.44545133673890724
0.447 0.4464918301127615
0.448 0.4475311145599162
0.449 0.44856919294100134
0.45 0.44960606818766213
0.451 0.45064174330209
0.452 0.45167622135655694
0.453 0.45270950549294425
0.454 0.45374159892228166
0.455 0.45477250492427385
0.456 0.4558022268468392
0.457 0.45683076810563505
0.458 0.45785813218359966
0.459 0.4588843226304768
0.46 0.45990934306235454
0.461 0.4609331971611928
0.462 0.4619558886743624
0.463 0.4629774214141707
0.464 0.4639977992574017
0.465 0.46501702614484136
0.466 0.4660351060808186
0.467 0.46705204313272936
0.468 0.4680678414305779
0.46900000000000003 0.4690825051665019
0.47000000000000003 0.47009603859431204
0.47100000000000003 0.47110844602901863
0.47200000000000003 0.47211973184637124
0.47300000000000003 0.4731299004823828
0.47400000000000003 0.474138956432873
0.47500000000000003 0.47514690425298917
0.47600000000000003 0.47615374855675174
0.47700000000000004 0.4771594940165743
0.47800000000000004 0.4781641453628085
0.47900000000000004 0.47916770738326586
0.48 0.4801701849227616
0.481 0.4811715828826354
0.482 0.48217190622029504
0.483 0.4831711599487426
0.484 0.4841693491361097
0.485 0.48516647890518944
0.486 0.4861625544329708
0.487 0.48715758095016887
0.488 0.4881515637407602
0.489 0.48914450814151367
0.49 0.4901364195415241
0.491 0.4911273033817463
0.492 0.49211716515452475
0.493 0.49310601040313
0.494 0.49409384472128803
0.495 0.49508067375271647
0.496 0.49606650319065476
0.497 0.4970513387773976
0.498 0.4980351863038294
0.499 0.49901805160895424
0.5 0.49999994057943126
0.501 0.5009808591491057
0.502 0.5019608132985428
0.503 0.5029398090545596
0.504 0.5039178524897584
0.505 0.5048949497220608
0.506 0.5058711069142386
0.507 0.5068463302734456
0.508 0.5078206260507536
0.509 0.5087940005406844
0.51 0.5097664600807387
0.511 0.5107380110509356
0.512 0.5117086598733397
0.513 0.5126784130115962
0.514 0.5136472769704645
0.515 0.5146152582953494
0.516 0.5155823635718342
0.517 0.5165485994252147
0.518 0.5175139725200304
0.519 0.5184784895595982
0.52 0.5194421572855453
0.521 0.5204049824773416
0.522 0.5213669719518329
0.523 0.5223281325627729
0.524 0.5232884712003573
0.525 0.5242479947907562
0.526 0.5252067102956441
0.527 0.5261646247117396
0.528 0.5271217450703289
0.529 0.528078078436807
0.53 0.5290336319102056
0.531 0.5299884126227269
0.532 0.5309424277392782
0.533 0.5318956844570024
0.534 0.5328481900048112
0.535 0.5337999516429204
0.536 0.5347509766623785
0.537 0.5357012723846024
0.538 0.5366508461609105
0.539 0.537599705372053
0.54 0.5385478574277478
0.541 0.5394953097662112
0.542 0.5404420698536898
0.543 0.5413881451839966
0.544 0.5423335432780414
0.545 0.5432782716833646
0.546 0.5442223379736689
0.547 0.5451657497483522
0.548 0.546108514632042
0.549 0.5470506402741279
0.55 0.5479921343482919
0.551 0.5489330045520431
0.552 0.5498732586062528
0.553 0.5508129042546814
0.554 0.5517519492635176
0.555 0.5526904014209063
0.556 0.5536282685364858
0.557 0.5545655584409149
0.558 0.5555022789854124
0.559 0.556438438041284
0.56 0.5573740434994585
0.561 0.5583091032700203
0.562 0.5592436252817409
0.5630000000000001 0.5601776174816121
0.5640000000000001 0.5611110878343802
0.5650000000000001 0.5620440443220778
0.5660000000000001 0.562976494943555
0.5670000000000001 0.5639084477140159
0.5680000000000001 0.5648399106645472
0.5690000000000001 0.565770891841654
0.5700000000000001 0.5667013993067922
0.5710000000000001 0.5676314411358997
0.5720000000000001 0.5685610254189309
0.5730000000000001 0.5694901602593888
0.5740000000000001 0.5704188537738584
0.5750000000000001 0.5713471140915373
0.5760000000000001 0.5722749493537723
0.577 0.5732023677135891
0.578 0.5741293773352255
0.579 0.5750559863936656
0.58 0.575982203074172
0.581 0.5769080355718182
0.582 0.5778334920910205
0.583 0.5787585808450744
0.584 0.5796833100556825
0.585 0.5806076879524895
0.586 0.5815317227726187
0.587 0.5824554227601975
0.588 0.5833787961658965
0.589 0.5843018512464578
0.59 0.5852245962642316
0.591 0.5861470394867063
0.592 0.5870691891860432
0.593 0.5879910536386078
0.594 0.588912641124502
0.595 0.5898339599271003
0.596 0.5907550183325783
0.597 0.5916758246294492
0.598 0.5925963871080938
0.599 0.5935167140602957
0.6 0.5944368137787714
0.601 0.5953566945567056
0.602 0.5962763646872833
0.603 0.5971958324632216
0.604 0.5981151061763026
0.605 0.5990341941169095
0.606 0.5999531045735518
0.607 0.6008718458324087
0.608 0.6017904261768531
0.609 0.6027088538869867
0.61 0.6036271372391764
0.611 0.6045452845055816
0.612 0.6054633039536921
0.613 0.6063812038458573
0.614 0.6072989924388194
0.615 0.608216677983249
0.616 0.609134268723275
0.617 0.6100517728960184
0.618 0.6109691987311243
0.619 0.6118865544502973
0.62 0.6128038482668307
0.621 0.6137210883851417
0.622 0.6146382830003048
0.623 0.6155554402975806
0.624 0.6164725684519532
0.625 0.6173896756276624
0.626 0.6183067699777325
0.627 0.6192238596435105
0.628 0.6201409527541948
0.629 0.6210580574263687
0.63 0.6219751817635363
0.631 0.6228923338556528
0.632 0.6238095217786543
0.633 0.6247267535939979
0.634 0.6256440373481882
0.635 0.6265613810723121
0.636 0.6274787927815743
0.637 0.6283962804748242
0.638 0.6293138521340942
0.639 0.6302315157241313
0.64 0.631149279191926
0.641 0.6320671504662515
0.642 0.632985137457191
0.643 0.6339032480556726
0.644 0.6348214901330055
0.645 0.6357398715404047
0.646 0.6366584001085307
0.647 0.637577083647021
0.648 0.638495929944022
0.649 0.6394149467657207
0.65 0.640334141855879
0.651 0.6412535229353664
0.652 0.642173097701693
0.653 0.6430928738285414
0.654 0.6440128589653004
0.655 0.6449330607365973
0.656 0.6458534867418309
0.657 0.6467741445547033
0.658 0.6476950417227556
0.659 0.6486161857668962
0.66 0.6495375841809382
0.661 0.65045924443113
0.662 0.6513811739556871
0.663 0.6523033801643263
0.664 0.653225870437799
0.665 0.6541486521274232
0.666 0.6550717325546151
0.667 0.6559951190104251
0.668 0.6569188187550665
0.669 0.6578428390174533
0.67 0.6587671869947279
0.671 0.6596918698517957
0.672 0.6606168947208615
0.673 0.6615422687009553
0.674 0.6624679988574718
0.675 0.6633940922216996
0.676 0.6643205557903541
0.677 0.6652473965251127
0.678 0.6661746213521439
0.679 0.6671022371616425
0.68 0.6680302508073649
0.681 0.6689586691061543
0.682 0.6698874988374828
0.683 0.6708167467429751
0.684 0.6717464195259506
0.685 0.6726765238509481
0.686 0.6736070663432616
0.687 0.6745380535884766
0.6880000000000001 0.6754694921319974
0.6890000000000001 0.6764013884785829
0.6900000000000001 0.6773337490918785
0.6910000000000001 0.6782665803939487
0.6920000000000001 0.6791998887648113
0.6930000000000001 0.6801336805419704
0.6940000000000001 0.681067962019946
0.6950000000000001 0.6820027394498077
0.6960000000000001 0.6829380190387125
0.6970000000000001 0.6838738069494319
0.6980000000000001 0.6848101092998861
0.6990000000000001 0.6857469321626768
0.7000000000000001 0.6866842815646221
0.7010000000000001 0.6876221634862881
0.7020000000000001 0.6885605838615194
0.7030000000000001 0.6894995485769742
0.704 0.6904390634716588
0.705 0.6913791343364544
0.706 0.6923197669136584
0.707 0.6932609668965098
0.708 0.6942027399287242
0.709 0.6951450916040306
0.71 0.6960880274656971
0.711 0.6970315530060699
0.712 0.6979756736661019
0.713 0.6989203948348901
0.714 0.6998657218492019
0.715 0.7008116599930141
0.716 0.7017582144970426
0.717 0.7027053905382754
0.718 0.7036531932395056
0.719 0.7046016276688651
0.72 0.705550698839357
0.721 0.7065004117083873
0.722 0.707450771177298
0.723 0.7084017820909013
0.724 0.7093534492370107
0.725 0.710305777345977
0.726 0.7112587710902148
0.727 0.7122124350837433
0.728 0.7131667738817115
0.729 0.7141217919799364
0.73 0.715077493814434
0.731 0.7160338837609526
0.732 0.7169909661345021
0.733 0.7179487451888928
0.734 0.7189072251162643
0.735 0.7198664100466171
0.736 0.7208263040473522
0.737 0.7217869111227941
0.738 0.7227482352137322
0.739 0.7237102801969476
0.74 0.7246730498847498
0.741 0.7256365480245078
0.742 0.7266007782981836
0.743 0.7275657443218636
0.744 0.7285314496452933
0.745 0.7294978977514075
0.746 0.7304650920558684
0.747 0.7314330359065897
0.748 0.7324017325832806
0.749 0.7333711852969659
0.75 0.7343413971895304
0.751 0.7353123713332458
0.752 0.7362841107303013
0.753 0.7372566183123446
0.754 0.7382298969400051
0.755 0.7392039494024341
0.756 0.740178778416833
0.757 0.7411543866279888
0.758 0.742130776607806
0.759 0.7431079508548392
0.76 0.7440859117938253
0.761 0.7450646617752179
0.762 0.746044203074718
0.763 0.7470245378928109
0.764 0.7480056683542944
0.765 0.7489875965078122
0.766 0.7499703243253889
0.767 0.7509538537019624
0.768 0.7519381864549167
0.769 0.7529233243236116
0.77 0.7539092689689193
0.771 0.7548960219727577
0.772 0.7558835848376173
0.773 0.7568719589861033
0.774 0.757861145760457
0.775 0.7588511464221024
0.776 0.7598419621511641
0.777 0.7608335940460115
0.778 0.7618260431227871
0.779 0.7628193103149388
0.78 0.7638133964727547
0.781 0.7648083023628944
0.782 0.7658040286679207
0.783 0.7668005759858357
0.784 0.7677979448296142
0.785 0.7687961356267282
0.786 0.76979514871869
0.787 0.7707949843605806
0.788 0.77179564272058
0.789 0.7727971238795057
0.79 0.77379942783034
0.791 0.7748025544777662
0.792 0.7758065036376994
0.793 0.7768112750368236
0.794 0.7778168683121156
0.795 0.7788232830103893
0.796 0.779830518587818
0.797 0.7808385744094746
0.798 0.78184744974886
0.799 0.7828571437874385
0.8 0.7838676556141688
0.801 0.7848789842250402
0.802 0.7858911285225986
0.803 0.7869040873154851
0.804 0.7879178593179706
0.805 0.7889324431494803
0.806 0.7899478373341335
0.807 0.7909640403002768
0.808 0.7919810503800091
0.809 0.7929988658087249
0.81 0.7940174847246392
0.811 0.7950369051683251
0.812 0.7960571250822404
0.8130000000000001 0.7970781423102693
0.8140000000000001 0.7980999545972479
0.8150000000000001 0.7991225595885006
0.8160000000000001 0.8001459548293723
0.8170000000000001 0.8011701377647584
0.8180000000000001 0.8021951057386433
0.8190000000000001 0.8032208559936269
0.8200000000000001 0.804247385670462
0.8210000000000001 0.8052746918075865
0.8220000000000001 0.8063027713406524
0.8230000000000001 0.8073316211020635
0.8240000000000001 0.8083612378205063
0.8250000000000001 0.80939161812048
0.8260000000000001 0.8104227585218367
0.8270000000000001 0.8114546554393042
0.8280000000000001 0.8124873051820278
0.8290000000000001 0.8135207039530984
0.8300000000000001 0.8145548478490832
0.8310000000000001 0.815589732859568
0.8320000000000001 0.8166253548666766
0.833 0.8176617096446144
0.834 0.8186987928591984
0.835 0.8197366000673864
0.836 0.8207751267168109
0.837 0.8218143681453184
0.838 0.8228543195804952
0.839 0.8238949761391979
0.84 0.8249363328270984
0.841 0.8259783845381994
0.842 0.8270211260543873
0.843 0.8280645520449433
0.844 0.8291086570660959
0.845 0.830153435560541
0.846 0.83119888185698
0.847 0.8322449901696486
0.848 0.8332917545978555
0.849 0.8343391691255116
0.85 0.835387227620663
0.851 0.8364359238350215
0.852 0.8374852514035046
0.853 0.838535203843758
0.854 0.8395857745556995
0.855 0.8406369568210449
0.856 0.8416887438028378
0.857 0.8427411285449937
0.858 0.8437941039718212
0.859 0.844847662887561
0.86 0.845901797975918
0.861 0.8469565017995929
0.862 0.8480117667998129
0.863 0.8490675852958725
0.864 0.8501239494846571
0.865 0.8511808514401784
0.866 0.8522382831131134
0.867 0.8532962363303275
0.868 0.8543547027944122
0.869 0.8554136740832217
0.87 0.8564731416493976
0.871 0.8575330968199081
0.872 0.8585935307955784
0.873 0.8596544346506226
0.874 0.8607157993321768
0.875 0.8617776156598345
0.876 0.8628398743251768
0.877 0.8639025658913075
0.878 0.8649656807923811
0.879 0.8660292093331406
0.88 0.8670931416884504
0.881 0.8681574679028222
0.882 0.8692221778899594
0.883 0.870287261432278
0.884 0.8713527081804473
0.885 0.8724185076529195
0.886 0.8734846492354638
0.887 0.8745511221806982
0.888 0.8756179156076236
0.889 0.8766850185011513
0.89 0.8777524197116483
0.891 0.8788201079544546
0.892 0.8798880718094263
0.893 0.8809562997204652
0.894 0.8820247799950522
0.895 0.88309350080378
0.896 0.884162450179885
0.897 0.8852316160187815
0.898 0.8863009860775964
0.899 0.8873705479746916
0.9 0.8884402891892114
0.901 0.8895101970606095
0.902 0.8905802587881749
0.903 0.8916504614305744
0.904 0.8927207919053823
0.905 0.89379123698861
0.906 0.8948617833142452
0.907 0.8959324173737753
0.908 0.8970031255157314
0.909 0.8980738939452112
0.91 0.8991447087234186
0.911 0.9002155557671944
0.912 0.9012864208485464
0.913 0.9023572895941847
0.914 0.9034281474850566
0.915 0.9044989798558754
0.916 0.9055697718946557
0.917 0.9066405086422445
0.918 0.9077111749918546
0.919 0.9087817556885989
0.92 0.9098522353290234
0.921 0.9109225983606346
0.922 0.9119928290814391
0.923 0.9130629116394726
0.924 0.9141328300323369
0.925 0.9152025681067232
0.926 0.9162721095579562
0.927 0.9173414379295229
0.928 0.9184105366126
0.929 0.9194793888455929
0.93 0.9205479777136683
0.931 0.921616286148286
0.932 0.9226842969267256
0.933 0.9237519926716322
0.934 0.924819355850537
0.935 0.9258863687753981
0.936 0.9269530136021266
0.937 0.9280192723301285
0.9380000000000001 0.9290851268018232
0.9390000000000001 0.9301505587021934
0.9400000000000001 0.931215549558307
0.9410000000000001 0.9322800807388525
0.9420000000000001 0.9333441334536705
0.9430000000000001 0.9344076887532876
0.9440000000000001 0.9354707275284511
0.9450000000000001 0.9365332305096615
0.9460000000000001 0.9375951782667022
0.9470000000000001 0.9386565512081712
0.9480000000000001 0.9397173295810209
0.9490000000000001 0.9407774934700862
0.9500000000000001 0.9418370227976153
0.9510000000000001 0.9428958973228053
0.9520000000000001 0.9439540966413404
0.9530000000000001 0.945011600184911
0.9540000000000001 0.9460683872207597
0.9550000000000001 0.9471244368512083
0.9560000000000001 0.9481797280131901
0.9570000000000001 0.9492342394777825
0.9580000000000001 0.9502879498497476
0.9590000000000001 0.951340837567048
0.96 0.9523928809004022
0.961 0.9534440579527937
0.962 0.9544943466590269
0.963 0.9555437247852381
0.964 0.9565921699284461
0.965 0.957639659516073
0.966 0.9586861708054861
0.967 0.959731680883521
0.968 0.9607761666660247
0.969 0.9618196048973786
0.97 0.9628619721500402
0.971 0.9639032448240663
0.972 0.9649433991466596
0.973 0.9659824111716868
0.974 0.9670202567792173
0.975 0.9680569116750611
0.976 0.9690923513902916
0.977 0.970126551280789
0.978 0.9711594865267654
0.979 0.9721911321322968
0.98 0.9732214629248651
0.981 0.9742504535548809
0.982 0.9752780784952225
0.983 0.9763043120407663
0.984 0.9773291283079183
0.985 0.97835250123415
0.986 0.979374404577528
0.987 0.9803948119162522
0.988 0.9814136966481808
0.989 0.9824310319903717
0.99 0.9834467909786033
0.991 0.9844609464669217
0.992 0.9854734711271661
0.993 0.9864843374484968
0.994 0.9874935177369408
0.995 0.9885009841149133
0.996 0.989506708520751
0.997 0.9905106627082528
0.998 0.9915128182462092
0.999 0.9925131465179293
1.0 0.9935116187207806
