0.0 4.243827478250508e-3
1.0e-3 4.267922960264297e-3
2.0e-3 4.307575743901156e-3
3.0e-3 4.362668796134168e-3
4.0e-3 4.433085553005719e-3
5.0e-3 4.518709918685594e-3
6.0e-3 4.61942626452907e-3
7.0e-3 4.735119428135007e-3
8.0e-3 4.86567471240395e-3
9.000000000000001e-3 5.010977884596213e-3
1.0e-2 5.170915175389976e-3
1.1e-2 5.345373277939384e-3
1.2e-2 5.5342393469326335e-3
1.3000000000000001e-2 5.737400997650067e-3
1.4e-2 5.954746305022277e-3
1.5e-2 6.186163802688185e-3
1.6e-2 6.431542482053142e-3
1.7e-2 6.690771791347023e-3
1.8000000000000002e-2 6.963741634682328e-3
1.9e-2 7.250342371112254e-3
2.0e-2 7.550464813688811e-3
2.1e-2 7.86400022852091e-3
2.2e-2 8.190840333832447e-3
2.3e-2 8.530877299020408e-3
2.4e-2 8.884003743712957e-3
2.5e-2 9.250112736827536e-3
2.6000000000000002e-2 9.629097795628948e-3
2.7e-2 1.0020852884787457e-2
2.8e-2 1.0425272415436889e-2
2.9e-2 1.0842251244232715e-2
3.0e-2 1.127168467241014e-2
3.1e-2 1.1713468444842216e-2
3.2e-2 1.2167498749097928e-2
3.3e-2 1.2633672214500269e-2
3.4e-2 1.311188591118436e-2
3.5e-2 1.3602037349155535e-2
3.6000000000000004e-2 1.4104024477347423e-2
3.7e-2 1.4617745682680058e-2
3.8e-2 1.5143099789117978e-2
3.9e-2 1.5679986056728278e-2
4.0e-2 1.622830418073877e-2
4.1e-2 1.6787954290596e-2
4.2e-2 1.7358836949023407e-2
4.3000000000000003e-2 1.7940853151079395e-2
4.4e-2 1.8533904323215417e-2
4.5e-2 1.9137892322334055e-2
4.6e-2 1.975271943484715e-2
4.7e-2 2.03782883757339e-2
4.8e-2 2.1014502287598897e-2
4.9e-2 2.166126473973028e-2
5.0e-2 2.2318479727157798e-2
5.1000000000000004e-2 2.2986051669710895e-2
5.2000000000000005e-2 2.3663885411076866e-2
5.3e-2 2.435188621785884e-2
5.4e-2 2.5049959778634008e-2
5.5e-2 2.5758012203011597e-2
5.6e-2 2.647595002069102e-2
5.7e-2 2.7203680180520006e-2
5.8e-2 2.7941110049552593e-2
5.9000000000000004e-2 2.8688147412107314e-2
6.0e-2 2.9444700468825264e-2
6.1e-2 3.0210677835728183e-2
6.2e-2 3.098598854327649e-2
6.3e-2 3.177054203542759e-2
6.4e-2 3.256424816869361e-2
6.5e-2 3.3367017211199924e-2
6.6e-2 3.417875984174282e-2
6.7e-2 3.499938714884797e-2
6.8e-2 3.582881062982821e-2
6.9e-2 3.666694218984195e-2
7.0e-2 3.751369414095083e-2
7.100000000000001e-2 3.8368979201178335e-2
7.200000000000001e-2 3.923271049356746e-2
7.3e-2 4.010480154523912e-2
7.4e-2 4.0985166286449964e-2
7.5e-2 4.187371904965064e-2
7.6e-2 4.2770374568543906e-2
7.7e-2 4.36750479771426e-2
7.8e-2 4.458765480882787e-2
7.9e-2 4.550811099540712e-2
8.0e-2 4.643633286617226e-2
8.1e-2 4.737223714695772e-2
8.2e-2 4.831574095919844e-2
8.3e-2 4.926676181898822e-2
8.4e-2 5.022521763613757e-2
8.5e-2 5.119102671323196e-2
8.600000000000001e-2 5.2164107744689776e-2
8.700000000000001e-2 5.314437981582058e-2
8.8e-2 5.413176240188303e-2
8.9e-2 5.5126175367143114e-2
9.0e-2 5.6127538963932244e-2
9.1e-2 5.713577383170512e-2
9.2e-2 5.815080099609818e-2
9.3e-2 5.9172541867987365e-2
9.4e-2 6.020091824254649e-2
9.5e-2 6.12358522983051e-2
9.6e-2 6.2277266596206776e-2
9.7e-2 6.332508407866698e-2
9.8e-2 6.437922806863142e-2
9.9e-2 6.543962226863399e-2
0.1 6.65061907598549e-2
0.101 6.757885800117862e-2
0.10200000000000001 6.86575488282523e-2
0.10300000000000001 6.97421884525436e-2
0.10400000000000001 7.083270246039891e-2
0.105 7.19290168121012e-2
0.106 7.303105784092868e-2
0.107 7.413875225221209e-2
0.108 7.525202712239355e-2
0.109 7.637080989808417e-2
0.11 7.749502839512236e-2
0.111 7.862461079763189e-2
0.112 7.975948565707984e-2
0.113 8.089958189133503e-2
0.114 8.20448287837257e-2
0.115 8.319515598209783e-2
0.116 8.435049349787331e-2
0.117 8.551077170510785e-2
0.11800000000000001 8.66759213395492e-2
0.11900000000000001 8.784587349769511e-2
0.12 8.902055963585165e-2
0.121 9.019991156919105e-2
0.122 9.138386147080994e-2
0.123 9.257234187078739e-2
0.124 9.376528565524309e-2
0.125 9.496262606539539e-2
0.126 9.61642966966193e-2
0.127 9.737023149750465e-2
0.128 9.858036476891432e-2
0.129 9.979463116304219e-2
0.13 0.10101296568247112
0.131 0.10223530367923131
0.132 0.10346158085385829
0.133 0.10469173325445091
0.134 0.10592569727572962
0.135 0.10716340965809426
0.136 0.10840480748668248
0.137 0.10964982819042787
0.138 0.1108984095411175
0.139 0.1121504896524508
0.14 0.11340600697909692
0.14100000000000001 0.11466490031575349
0.14200000000000002 0.11592710879620405
0.14300000000000002 0.11719257189237675
0.14400000000000002 0.11846122941340198
0.145 0.11973302150467076
0.146 0.1210078886468928
0.147 0.12228577165515438
0.148 0.12356661167797657
0.149 0.12485035019637347
0.15 0.12613692902291007
0.151 0.12742629030076053
0.152 0.12871837650276616
0.153 0.1300131304304935
0.154 0.1313104952132925
0.155 0.13261041430735454
0.156 0.13391283149477076
0.157 0.13521769088258953
0.158 0.1365249369018753
0.159 0.13783451430676633
0.16 0.1391463681735328
0.161 0.14046044389963466
0.162 0.1417766872027804
0.163 0.14309504411998436
0.164 0.14441546100662545
0.165 0.14573788453550474
0.166 0.14706226169590395
0.167 0.14838853979264352
0.168 0.14971666644514026
0.169 0.15104658958646583
0.17 0.15237825746240505
0.171 0.15371161863051336
0.17200000000000001 0.1550466219591755
0.17300000000000001 0.15638321662666305
0.17400000000000002 0.1577213521201932
0.17500000000000002 0.15906097823498627
0.176 0.16040204507332403
0.177 0.1617445030436078
0.178 0.1630883028594166
0.179 0.16443339553856492
0.18 0.16577973240216148
0.181 0.16712726507366638
0.182 0.16847594547795006
0.183 0.16982572584035097
0.184 0.1711765586857339
0.185 0.17252839683754745
0.186 0.1738811934168831
0.187 0.1752349018415325
0.188 0.17658947582504606
0.189 0.1779448693757905
0.19 0.17930103679600784
0.191 0.18065793268087219
0.192 0.18201551191754953
0.193 0.18337372968425372
0.194 0.18473254144930706
0.195 0.18609190297019576
0.196 0.1874517702926304
0.197 0.18881209974960209
0.198 0.19017284796044231
0.199 0.1915339718298792
0.2 0.19289542854709762
0.201 0.19425717558479505
0.202 0.1956191706982418
0.203 0.19698137192433768
0.20400000000000001 0.1983437375806708
0.20500000000000002 0.19970622626457485
0.20600000000000002 0.20106879685218884
0.20700000000000002 0.2024314084975127
0.20800000000000002 0.2037940206314683
0.209 0.20515659296095473
0.21 0.2065190854679087
0.211 0.20788145840836095
0.212 0.20924367231149518
0.213 0.21060568797870638
0.214 0.2119674664826581
0.215 0.2133289691663412
0.216 0.21469015764213156
0.217 0.21605099379084844
0.218 0.21741143976081254
0.219 0.21877145796690392
0.22 0.22013101108962005
0.221 0.2214900620741345
0.222 0.222848574129354
0.223 0.2242065107269777
0.224 0.22556383560055415
0.225 0.22692051274454056
0.226 0.22827650641335945
0.227 0.22963178112045815
0.228 0.2309863016373663
0.229 0.23234003299275355
0.23 0.23369294047148842
0.231 0.23504498961369596
0.232 0.2363961462138155
0.233 0.2377463763196599
0.234 0.239095646231472
0.23500000000000001 0.2404439225009843
0.23600000000000002 0.24179117193047603
0.23700000000000002 0.2431373615718319
0.23800000000000002 0.24448245872559943
0.23900000000000002 0.24582643094004755
0.24 0.24716924601022475
0.241 0.24851087197701743
0.242 0.2498512771262068
0.243 0.2511904299875286
0.244 0.25252829933372967
0.245 0.25386485417962706
0.246 0.2552000637811661
0.247 0.25653389763447754
0.248 0.2578663254749372
0.249 0.2591973172762223
0.25 0.26052684324937103
0.251 0.2618548738418397
0.252 0.26318137973656136
0.253 0.26450633185100364
0.254 0.265829701336227
0.255 0.2671514595759426
0.256 0.2684715781855707
0.257 0.2697900290112984
0.258 0.27110678412913797
0.259 0.2724218158439853
0.26 0.2737350966886766
0.261 0.2750465994230487
0.262 0.2763562970329952
0.263 0.2776641627295253
0.264 0.278970169947822
0.265 0.28027429234630014
0.266 0.2815765038056646
0.267 0.2828767784279677
0.268 0.28417509053566825
0.269 0.2854714146706891
0.27 0.2867657255934752
0.271 0.28805799828205225
0.272 0.28934820793108407
0.273 0.29063632995093064
0.274 0.29192233996670747
0.275 0.2932062138173421
0.276 0.2944879275546328
0.277 0.2957674574423075
0.278 0.2970447799550802
0.279 0.29831987177771074
0.28 0.29959270980406155
0.281 0.3008632711361568
0.28200000000000003 0.3021315330832398
0.28300000000000003 0.3033974731608312
0.28400000000000003 0.30466106908978785
0.28500000000000003 0.3059222987953591
0.28600000000000003 0.3071811404062472
0.28700000000000003 0.30843757225366386
0.28800000000000003 0.30969157287038823
0.289 0.3109431209898263
0.29 0.31219219554506733
0.291 0.31343877566794365
0.292 0.3146828406880869
0.293 0.3159243701319886
0.294 0.31716334372205507
0.295 0.3183997413756687
0.296 0.3196335432042431
0.297 0.32086472951228423
0.298 0.32209328079644556
0.299 0.3233191777445885
0.3 0.32454240123483863
0.301 0.32576293233464604
0.302 0.32698075229984
0.303 0.3281958425736916
0.304 0.329408184785967
0.305 0.3306177607519898
0.306 0.33182455247169584
0.307 0.33302854212869365
0.308 0.3342297120893205
0.309 0.33542804490170325
0.31 0.33662352329481265
0.311 0.3378161301775253
0.312 0.339005848637679
0.313 0.34019266194113257
0.314 0.34137655353082186
0.315 0.34255750702582116
0.316 0.3437355062203973
0.317 0.3449105350830715
0.318 0.346082577755674
0.319 0.34725161855240605
0.32 0.3484176419588933
0.321 0.3495806326312489
0.322 0.35074057539512676
0.323 0.35189745524478433
0.324 0.3530512573421365
0.325 0.35420196701581674
0.326 0.3553495697602329
0.327 0.35649405123462824
0.328 0.35763539726213533
0.329 0.3587735938288386
0.33 0.35990862708282895
0.331 0.3610404833332642
0.332 0.36216914904942543
0.333 0.36329461085977693
0.334 0.3644168555510219
0.335 0.3655358700671629
0.336 0.3666516415085582
0.337 0.3677641571309818
0.338 0.3688734043446785
0.339 0.3699793707134259
0.34 0.371082043953588
0.341 0.3721814119331784
0.342 0.3732774626709132
0.343 0.3743701843352738
0.34400000000000003 0.37545956524356056
0.34500000000000003 0.3765455938609552
0.34600000000000003 0.3776282587995751
0.34700000000000003 0.3787075488175348
0.34800000000000003 0.37978345281800074
0.34900000000000003 0.38085595984825227
0.35000000000000003 0.3819250590987371
0.35100000000000003 0.38299073990213306
0.352 0.3840529917324008
0.353 0.38511180420384833
0.354 0.38616716707018317
0.355 0.3872190702235745
0.356 0.3882675036937091
0.357 0.38931245764685046
0.358 0.3903539223848965
0.359 0.391391888344438
0.36 0.39242634609581606
0.361 0.39345728634218036
0.362 0.39448469991854834
0.363 0.3955085777908613
0.364 0.39652891105504456
0.365 0.3975456909360638
0.366 0.39855890878698463
0.367 0.3995685560880296
0.368 0.40057462444563646
0.369 0.40157710559151727
0.37 0.4025759913817152
0.371 0.40357127379566293
0.372 0.40456294493524125
0.373 0.4055509970238372
0.374 0.4065354224054009
0.375 0.4075162135435055
0.376 0.40849336302040357
0.377 0.4094668635360869
0.378 0.4104367079073426
0.379 0.41140288906681277
0.38 0.4123654000620521
0.381 0.4133242340545858
0.382 0.414279384318968
0.383 0.41523084424183965
0.384 0.41617860732098627
0.385 0.4171226671643967
0.386 0.41806301748932106
0.387 0.41899965212132817
0.388 0.41993256499336534
0.389 0.4208617501448134
0.39 0.4217872017205483
0.391 0.42270891396999694
0.392 0.423626881246196
0.393 0.42454109800484985
0.394 0.425451558803389
0.395 0.426358258300027
0.396 0.42726119125282086
0.397 0.4281603525187269
0.398 0.42905573705266026
0.399 0.42994733990655143
0.4 0.430835156228406
0.401 0.43171918126136216
0.402 0.43259941034274857
0.403 0.43347583890314234
0.404 0.4343484624654282
0.405 0.4352172766438548
0.406 0.4360822771430947
0.40700000000000003 0.4369434597573005
0.40800000000000003 0.43780082036916473
0.40900000000000003 0.43865435494897737
0.41000000000000003 0.43950405955368343
0.41100000000000003 0.4403499303259414
0.41200000000000003 0.44119196349318063
0.41300000000000003 0.4420301553666617
0.41400000000000003 0.44286450234053165
0.41500000000000004 0.443695000890884
0.41600000000000004 0.44452164757481566
0.417 0.445344439029486
0.418 0.4461633719711751
0.419 0.44697844319433927
0.42 0.44778964957067396
0.421 0.4485969880481659
0.422 0.4494004556501574
0.423 0.4502000494743987
0.424 0.45099576669211067
0.425 0.45178760454703965
0.426 0.4525755603545181
0.427 0.45335963150051944
0.428 0.4541398154407212
0.429 0.4549161096995571
0.43 0.4556885118692798
0.431 0.4564570196090165
0.432 0.4572216306438284
0.433 0.45798234276376787
0.434 0.45873915382293773
0.435 0.45949206173854634
0.436 0.46024106448997104
0.437 0.46098616011780996
0.438 0.4617273467229458
0.439 0.46246462246559916
0.44 0.4631979855643911
0.441 0.4639274342953964
0.442 0.46465296699120684
0.443 0.46537458203998394
0.444 0.4660922778845227
0.445 0.466806053021304
0.446 0.46751590599955795
0.447 0.46822183542031715
0.448 0.4689238399354794
0.449 0.4696219182468618
0.45 0.4703160691052614
0.451 0.4710062913095117
0.452 0.4716925837055434
0.453 0.4723749451854377
0.454 0.4730533746864901
0.455 0.47372787119026377
0.456 0.47439843372165114
0.457 0.4750650613479283
0.458 0.4757277531778176
0.459 0.4763865083605416
0.46 0.47704132608488414
0.461 0.4776922055782455
0.462 0.47833914610570494
0.463 0.47898214696907293
0.464 0.47962120750595527
0.465 0.4802563270888056
0.466 0.4808875051239888
0.467 0.48151474105083386
0.468 0.4821380343406974
0.46900000000000003 0.4827573844960159
0.47000000000000003 0.4833727910493698
0.47100000000000003 0.48398425356253577
0.47200000000000003 0.4845917716255508
0.47300000000000003 0.48519534485576377
0.47400000000000003 0.48579497289690055
0.47500000000000003 0.48639065541811455
0.47600000000000003 0.4869823921130526
0.47700000000000004 0.48757018269890556
0.47800000000000004 0.48815402691547344
0.47900000000000004 0.4887339245242171
0.48 0.48930987530732223
0.481 0.4898818790667517
0.482 0.4904499356233086
0.483 0.4910140448156912
0.484 0.4915742064995525
0.485 0.49213042054655765
0.486 0.4926826868434428
0.487 0.4932310052910717
0.488 0.4937753758034958
0.489 0.4943157983070109
0.49 0.4948522727392156
0.491 0.49538479904806976
0.492 0.4959133771909519
0.493 0.4964380071337183
0.494 0.4969586888497594
0.495 0.4974754223190606
0.496 0.4979882075272571
0.497 0.4984970444646945
0.498 0.49900193312548624
0.499 0.49950287350657074
0.5 0.499999865606771
0.501 0.5004929094258513
0.502 0.5009820049635761
0.503 0.5014671522187681
0.504 0.5019483511883658
0.505 0.5024256018664829
0.506 0.5028989042434648
0.507 0.5033682583049468
0.508 0.5038336640309138
0.509 0.5042951213947573
0.51 0.5047526303623322
0.511 0.5052061908910184
0.512 0.5056558029287748
0.513 0.5061014664132003
0.514 0.5065431812705907
0.515 0.5069809474149976
0.516 0.5074147647472844
0.517 0.5078446331541879
0.518 0.5082705525073727
0.519 0.5086925226624918
0.52 0.5091105434582438
0.521 0.5095246147154311
0.522 0.5099347362360176
0.523 0.5103409078021879
0.524 0.5107431291754039
0.525 0.5111414000954645
0.526 0.5115357202795616
0.527 0.5119260894213412
0.528 0.5123125071899578
0.529 0.5126949732291359
0.53 0.5130734871562259
0.531 0.513448048561263
0.532 0.5138186570060256
0.533 0.5141853120230926
0.534 0.5145480131149017
0.535 0.514906759752809
0.536 0.5152615513761437
0.537 0.51561238739127
0.538 0.5159592671706429
0.539 0.5163021900518662
0.54 0.5166411553367528
0.541 0.51697616229038
0.542 0.5173072101401491
0.543 0.5176342980748433
0.544 0.5179574252436856
0.545 0.518276590755398
0.546 0.5185917936772574
0.547 0.5189030330341552
0.548 0.5192103078076552
0.549 0.5195136169350525
0.55 0.519812959308429
0.551 0.5201083337737142
0.552 0.5203997391297429
0.553 0.520687174127311
0.554 0.520970637468237
0.555 0.5212501278044169
0.556 0.5215256437368851
0.557 0.5217971838148702
0.558 0.5220647465348546
0.559 0.5223283303396317
0.56 0.5225879336173643
0.561 0.522843554700643
0.562 0.5230951918655441
0.5630000000000001 0.523342843330687
0.5640000000000001 0.5235865072562937
0.5650000000000001 0.5238261817432457
0.5660000000000001 0.5240618648321423
0.5670000000000001 0.5242935545023599
0.5680000000000001 0.5245212486711076
0.5690000000000001 0.5247449451924875
0.5700000000000001 0.5249646418565527
0.5710000000000001 0.5251803363883637
0.5720000000000001 0.5253920264470479
0.5730000000000001 0.5255997096248579
0.5740000000000001 0.5258033834462286
0.5750000000000001 0.5260030453668354
0.5760000000000001 0.5261986927726535
0.577 0.5263903229790147
0.578 0.5265779332296652
0.579 0.5267615206958256
0.58 0.5269410824752472
0.581 0.5271166155912711
0.582 0.5272881169918852
0.583 0.5274555835487837
0.584 0.5276190120564245
0.585 0.527778399231086
0.586 0.5279337417099284
0.587 0.5280850360500485
0.588 0.5282322787275402
0.589 0.52837546613655
0.59 0.5285145945883383
0.591 0.5286496603103346
0.592 0.5287806594451984
0.593 0.5289075880498739
0.594 0.5290304420946508
0.595 0.5291492174622218
0.596 0.5292639099467397
0.597 0.5293745152528769
0.598 0.5294810289948824
0.599 0.5295834466956406
0.6 0.5296817637857284
0.601 0.5297759756024749
0.602 0.5298660773890181
0.603 0.5299520642933634
0.604 0.5300339313674415
0.605 0.5301116735661684
0.606 0.5301852857464988
0.607 0.5302547626664902
0.608 0.5303200989843571
0.609 0.5303812892575287
0.61 0.5304383279417105
0.611 0.5304912093899384
0.612 0.5305399278516398
0.613 0.5305844774716901
0.614 0.5306248522894709
0.615 0.5306610462379286
0.616 0.5306930531426327
0.617 0.5307208667208335
0.618 0.5307444805805186
0.619 0.530763888219475
0.62 0.530779083024343
0.621 0.5307900582696764
0.622 0.5307968071170014
0.623 0.5307993226138715
0.624 0.5307975976929291
0.625 0.5307916251709621
0.626 0.5307813977479614
0.627 0.5307669080061804
0.628 0.5307481484091915
0.629 0.530725111300945
0.63 0.5306977889048279
0.631 0.5306661733227214
0.632 0.5306302565340576
0.633 0.5305900303948804
0.634 0.5305454866369013
0.635 0.5304966168665576
0.636 0.5304434125640732
0.637 0.5303858650825126
0.638 0.5303239656468419
0.639 0.5302577053529861
0.64 0.5301870751668871
0.641 0.5301120659235619
0.642 0.5300326683261603
0.643 0.5299488729450227
0.644 0.5298606702167414
0.645 0.5297680504432133
0.646 0.5296710037907016
0.647 0.5295695202888937
0.648 0.5294635898299584
0.649 0.5293532021676045
0.65 0.5292383469161377
0.651 0.5291190135495207
0.652 0.52899519140043
0.653 0.5288668696593141
0.654 0.5287340373734517
0.655 0.5285966834460101
0.656 0.5284547966351031
0.657 0.5283083655528485
0.658 0.5281573786644277
0.659 0.5280018242871414
0.66 0.5278416905894703
0.661 0.5276769655901319
0.662 0.5275076371571379
0.663 0.5273336930068542
0.664 0.5271551207030569
0.665 0.5269719076559921
0.666 0.5267840411214325
0.667 0.5265915081997372
0.668 0.5263942958349083
0.669 0.5261923908136495
0.67 0.5259857797644251
0.671 0.5257744491565156
0.672 0.5255583852990793
0.673 0.5253375743402069
0.674 0.5251120022659824
0.675 0.5248816548995398
0.676 0.5246465179001205
0.677 0.5244065767621338
0.678 0.5241618168142121
0.679 0.5239122232182711
0.68 0.5236577809685679
0.681 0.5233984748907566
0.682 0.5231342896409501
0.683 0.5228652097047742
0.684 0.5225912193964303
0.685 0.5223123028577484
0.686 0.5220284440572495
0.687 0.521739626789201
0.6880000000000001 0.5214458346726765
0.6890000000000001 0.5211470511506127
0.6900000000000001 0.520843259488868
0.6910000000000001 0.5205344427752802
0.6920000000000001 0.5202205839187248
0.6930000000000001 0.5199016656481749
0.6940000000000001 0.519577670511756
0.6950000000000001 0.5192485808758048
0.6960000000000001 0.5189143789239304
0.6970000000000001 0.5185750466560696
0.6980000000000001 0.5182305658875445
0.6990000000000001 0.5178809182481221
0.7000000000000001 0.5175260851810725
0.7010000000000001 0.5171660479422266
0.7020000000000001 0.5168007875990336
0.7030000000000001 0.5164302850296187
0.704 0.5160545209218443
0.705 0.5156734757723629
0.706 0.5152871298856806
0.707 0.5148954633732119
0.708 0.5144984561523379
0.709 0.5140960879454664
0.71 0.5136883382790873
0.711 0.5132751864828333
0.712 0.5128566116885361
0.713 0.5124325928292861
0.714 0.5120031086384877
0.715 0.5115681376489213
0.716 0.5111276581917982
0.717 0.5106816483958204
0.718 0.5102300861862376
0.719 0.5097729492839063
0.72 0.5093102152043476
0.721 0.5088418612568046
0.722 0.5083678645433014
0.723 0.5078882019577005
0.724 0.5074028501847614
0.725 0.506911785699199
0.726 0.5064149847647401
0.727 0.505912423433184
0.728 0.5054040775434574
0.729 0.5048899227206761
0.73 0.5043699343752002
0.731 0.5038440877016941
0.732 0.503312357678182
0.733 0.5027747190651104
0.734 0.5022311464044015
0.735 0.5016816140185131
0.736 0.5011260960094993
0.737 0.5005645662580639
0.738 0.4999969984226224
0.739 0.499423365938357
0.74 0.4988436420162774
0.741 0.4982577996422773
0.742 0.4976658115761929
0.743 0.4970676503508615
0.744 0.49646328827117786
0.745 0.49585269741315496
0.746 0.49523584962297984
0.747 0.4946127165160721
0.748 0.4939832694761442
0.749 0.49334747965425507
0.75 0.49270531796787326
0.751 0.4920567550999318
0.752 0.49140176149788645
0.753 0.49074030737277613
0.754 0.49007236269827764
0.755 0.48939789720976684
0.756 0.4887168804033746
0.757 0.488029281535046
0.758 0.48733506961959805
0.759 0.4866342134297785
0.76 0.4859266814953217
0.761 0.48521244210201003
0.762 0.48449146329072884
0.763 0.48376371285652736
0.764 0.4830291583476746
0.765 0.4822877670647178
0.766 0.4815395060595415
0.767 0.48078434213442506
0.768 0.4800222418411012
0.769 0.4792531714798126
0.77 0.4784770970983719
0.771 0.4776939844912189
0.772 0.47690379919847825
0.773 0.47610650650501884
0.774 0.47530207143950964
0.775 0.47449045877348145
0.776 0.47367163302038034
0.777 0.4728455584346296
0.778 0.4720121990106861
0.779 0.47117151848209854
0.78 0.47032348032056615
0.781 0.46946804773499573
0.782 0.4686051836705602
0.783 0.4677348508077576
0.784 0.4668570115614683
0.785 0.46597162808001236
0.786 0.4650786622442092
0.787 0.4641780756664348
0.788 0.4632698296896801
0.789 0.46235388538660877
0.79 0.46143020355861536
0.791 0.4604987447348836
0.792 0.4595594691714444
0.793 0.4586123368502348
0.794 0.45765730747815336
0.795 0.4566943404861221
0.796 0.4557233950281414
0.797 0.45474442998034953
0.798 0.4537574039400807
0.799 0.45276227522492274
0.8 0.4517590018717756
0.801 0.4507475416359098
0.802 0.4497278519900225
0.803 0.4486998901232982
0.804 0.4476636129404662
0.805 0.4466189770608567
0.806 0.44556593881746165
0.807 0.4445044542559913
0.808 0.44343447913393186
0.809 0.44235596891960555
0.81 0.44126887879122667
0.811 0.44017316363596104
0.812 0.43906877804898237
0.8130000000000001 0.43795567633253296
0.8140000000000001 0.43683381249497927
0.8150000000000001 0.4357031402498723
0.8160000000000001 0.4345636130150031
0.8170000000000001 0.4334151839114634
0.8180000000000001 0.43225780576270206
0.8190000000000001 0.4310914310935835
0.8200000000000001 0.42991601212944613
0.8210000000000001 0.4287315007951607
0.8220000000000001 0.4275378487141872
0.8230000000000001 0.4263350072076341
0.8240000000000001 0.4251229272933164
0.8250000000000001 0.42390155968481225
0.8260000000000001 0.42267085479052413
0.8270000000000001 0.4214307627127329
0.8280000000000001 0.42018123324665935
0.8290000000000001 0.41892221587952055
0.8300000000000001 0.41765365978958774
0.8310000000000001 0.41637551384524624
0.8320000000000001 0.41508772660405124
0.833 0.4137902463117872
0.834 0.4124830209015263
0.835 0.41116599799268533
0.836 0.40983912489008417
0.837 0.4085023485830049
0.838 0.4071556157442492
0.839 0.4057988727291948
0.84 0.40443206557485734
0.841 0.40305513999894366
0.842 0.40166804139891543
0.843 0.40027071485104143
0.844 0.39886310510946105
0.845 0.397445156605238
0.846 0.39601681344542117
0.847 0.3945780194121012
0.848 0.39312871796146953
0.849 0.39166885222287645
0.85 0.3901983649978885
0.851 0.38871719875934646
0.852 0.38722529565042535
0.853 0.3857225974836889
0.854 0.38420904574015247
0.855 0.3826845815683366
0.856 0.3811491457833274
0.857 0.379602678865835
0.858 0.37804512096125004
0.859 0.37647641187870295
0.86 0.37489649109012213
0.861 0.3733052977292912
0.862 0.3717027705909071
0.863 0.37008884812963977
0.864 0.3684634684591882
0.865 0.36682656935133956
0.866 0.3651780882350276
0.867 0.36351796219538995
0.868 0.3618461279728258
0.869 0.36016252196205645
0.87 0.3584670802111804
0.871 0.3567597384207333
0.872 0.3550404319427451
0.873 0.353309095779799
0.874 0.3515656645840887
0.875 0.34981007265647673
0.876 0.34804225394555344
0.877 0.3462621420466938
0.878 0.34446967020111613
0.879 0.3426647712949398
0.88 0.3408473778582443
0.881 0.3390174220641257
0.882 0.33717483572775697
0.883 0.3353195503054435
0.884 0.3334514968936835
0.885 0.33157060622822443
0.886 0.3296768086831224
0.887 0.32777003426979867
0.888 0.3258502126361
0.889 0.3239172730653538
0.89 0.32197114447542957
0.891 0.3200117554177942
0.892 0.3180390340765713
0.893 0.3160529082675991
0.894 0.31405330543748916
0.895 0.3120401526626832
0.896 0.3100133766485122
0.897 0.30797290372825437
0.898 0.30591865986219313
0.899 0.303850570636674
0.9 0.30176856126316487
0.901 0.2996725565773134
0.902 0.2975624810380035
0.903 0.29543825872641555
0.904 0.2932998133450836
0.905 0.291147068216953
0.906 0.28897994628443985
0.907 0.286798370108487
0.908 0.28460226186762455
0.909 0.28239154335702604
0.91 0.2801661359875673
0.911 0.2779259607848851
0.912 0.27567093838843393
0.913 0.2734009890505453
0.914 0.27111603263548495
0.915 0.2688159886185119
0.916 0.2665007760849357
0.917 0.2641703137291744
0.918 0.26182451985381355
0.919 0.2594633123686637
0.92 0.257086608789819
0.921 0.254694326238714
0.922 0.25228638144118315
0.923 0.2498626907265184
0.924 0.2474231700265275
0.925 0.2449677348745909
0.926 0.2424963004047219
0.927 0.24000878135062334
0.928 0.2375050920447456
0.929 0.23498514641734555
0.93 0.23244885799554385
0.931 0.2298961399023839
0.932 0.22732690485588863
0.933 0.22474106516812006
0.934 0.2221385327442365
0.935 0.219519219081551
0.936 0.21688303526858885
0.937 0.21422989198414674
0.9380000000000001 0.21155969949634953
0.9390000000000001 0.20887236766170986
0.9400000000000001 0.20616780592418466
0.9410000000000001 0.20344592331423492
0.9420000000000001 0.20070662844788206
0.9430000000000001 0.197949829525767
0.9440000000000001 0.19517543433220835
0.9450000000000001 0.19238335023426045
0.9460000000000001 0.18957348418077097
0.9470000000000001 0.18674574270143895
0.9480000000000001 0.18390003190587403
0.9490000000000001 0.18103625748265323
0.9500000000000001 0.17815432469837958
0.9510000000000001 0.1752541383967403
0.9520000000000001 0.17233560299756523
0.9530000000000001 0.1693986224958838
0.9540000000000001 0.16644310046098423
0.9550000000000001 0.16346894003547127
0.9560000000000001 0.16047604393432388
0.9570000000000001 0.15746431444395384
0.9580000000000001 0.15443365342126414
0.9590000000000001 0.15138396229270576
0.96 0.14831514205333787
0.961 0.14522709326588282
0.962 0.14211971605978785
0.963 0.1389929101302806
0.964 0.13584657473742812
0.965 0.13268060870519494
0.966 0.12949491042050135
0.967 0.12628937783228064
0.968 0.12306390845053844
0.969 0.11981839934540962
0.97 0.11655274714621741
0.971 0.11326684804053044
0.972 0.10996059777322213
0.973 0.10663389164552758
0.974 0.10328662451410217
0.975 9.991869079007983e-2
0.976 9.652998443813073e-2
0.977 9.312039897551971e-2
0.978 8.96898274711643e-2
0.979 8.623816254469249e-2
0.98 8.27652963655014e-2
0.981 7.927112065181485e-2
0.982 7.575552666974182e-2
0.983 7.221840523233429e-2
0.984 6.865964669864544e-2
0.985 6.507914097278784e-2
0.986 6.14767775029912e-2
0.987 5.7852445280661045e-2
0.988 5.420603283943624e-2
0.989 5.05374282542474e-2
0.99 4.684651914037479e-2
0.991 4.313319265250663e-2
0.992 3.9397335483797126e-2
0.993 3.56388338649244e-2
0.994 3.1857573563148806e-2
0.995 2.8053439881370885e-2
0.996 2.4226317657189453e-2
0.997 2.0376091261959814e-2
0.998 1.650264459985177e-2
0.999 1.2605861106907687e-2
1.0 8.685623750100643e-3
