0.0 0.0
1.0e-3 2.998e-6
2.0e-3 1.1983999999999999e-5
3.0e-3 2.6946e-5
4.0e-3 4.7872000000000005e-5
5.0e-3 7.474999999999999e-5
6.0e-3 1.0756800000000001e-4
7.0e-3 1.4631399999999998e-4
8.0e-3 1.9097599999999998e-4
9.000000000000001e-3 2.4154200000000003e-4
1.0e-2 2.98e-4
1.1e-2 3.603379999999999e-4
1.2e-2 4.28544e-4
1.3000000000000001e-2 5.02606e-4
1.4e-2 5.825119999999999e-4
1.5e-2 6.682499999999999e-4
1.6e-2 7.598080000000001e-4
1.7e-2 8.571740000000002e-4
1.8000000000000002e-2 9.603360000000004e-4
1.9e-2 1.0692820000000002e-3
2.0e-2 1.184e-3
2.1e-2 1.304478e-3
2.2e-2 1.430704e-3
2.3e-2 1.562666e-3
2.4e-2 1.700352e-3
2.5e-2 1.8437500000000001e-3
2.6000000000000002e-2 1.992848e-3
2.7e-2 2.147634e-3
2.8e-2 2.3080960000000004e-3
2.9e-2 2.4742220000000003e-3
3.0e-2 2.646e-3
3.1e-2 2.8234180000000007e-3
3.2e-2 3.006464e-3
3.3e-2 3.1951260000000004e-3
3.4e-2 3.389392e-3
3.5e-2 3.5892500000000004e-3
3.6000000000000004e-2 3.7946880000000005e-3
3.7e-2 4.005694e-3
3.8e-2 4.222256e-3
3.9e-2 4.4443619999999994e-3
4.0e-2 4.672000000000002e-3
4.1e-2 4.905158000000001e-3
4.2e-2 5.143824000000001e-3
4.3000000000000003e-2 5.387986000000001e-3
4.4e-2 5.637632e-3
4.5e-2 5.8927499999999996e-3
4.6e-2 6.153328e-3
4.7e-2 6.4193539999999995e-3
4.8e-2 6.690815999999998e-3
4.9e-2 6.967702000000001e-3
5.0e-2 7.25e-3
5.1000000000000004e-2 7.5376980000000015e-3
5.2000000000000005e-2 7.830784000000002e-3
5.3e-2 8.129245999999998e-3
5.4e-2 8.433071999999998e-3
5.5e-2 8.74225e-3
5.6e-2 9.056768e-3
5.7e-2 9.376614000000002e-3
5.8e-2 9.701776e-3
5.9000000000000004e-2 1.0032241999999999e-2
6.0e-2 1.0367999999999997e-2
6.1e-2 1.0709038e-2
6.2e-2 1.1055343999999996e-2
6.3e-2 1.1406906000000003e-2
6.4e-2 1.1763712000000003e-2
6.5e-2 1.2125750000000003e-2
6.6e-2 1.2493008e-2
6.7e-2 1.2865473999999998e-2
6.8e-2 1.3243135999999997e-2
6.9e-2 1.3625982000000005e-2
7.0e-2 1.4014000000000002e-2
7.100000000000001e-2 1.4407178000000007e-2
7.200000000000001e-2 1.4805503999999999e-2
7.3e-2 1.5208966e-2
7.4e-2 1.5617552000000003e-2
7.5e-2 1.6031249999999997e-2
7.6e-2 1.6450048000000002e-2
7.7e-2 1.6873934e-2
7.8e-2 1.7302896e-2
7.9e-2 1.7736922000000002e-2
8.0e-2 1.8176e-2
8.1e-2 1.8620118000000005e-2
8.2e-2 1.9069264000000006e-2
8.3e-2 1.9523426000000003e-2
8.4e-2 1.9982592000000004e-2
8.5e-2 2.0446750000000003e-2
8.600000000000001e-2 2.0915888000000004e-2
8.700000000000001e-2 2.1389994000000002e-2
8.8e-2 2.1869056e-2
8.9e-2 2.2353061999999993e-2
9.0e-2 2.2842e-2
9.1e-2 2.3335857999999998e-2
9.2e-2 2.3834624000000002e-2
9.3e-2 2.4338286e-2
9.4e-2 2.4846832000000003e-2
9.5e-2 2.5360249999999997e-2
9.6e-2 2.5878528e-2
9.7e-2 2.6401654000000004e-2
9.8e-2 2.6929616e-2
9.9e-2 2.7462402000000004e-2
0.1 2.8000000000000008e-2
0.101 2.8542398000000007e-2
0.10200000000000001 2.908958400000001e-2
0.10300000000000001 2.9641546000000008e-2
0.10400000000000001 3.0198272e-2
0.105 3.0759749999999992e-2
0.106 3.1325968e-2
0.107 3.1896914e-2
0.108 3.2472576e-2
0.109 3.3052942e-2
0.11 3.363800000000001e-2
0.111 3.422773800000001e-2
0.112 3.482214399999999e-2
0.113 3.5421206000000004e-2
0.114 3.6024912000000006e-2
0.115 3.663325e-2
0.116 3.7246208e-2
0.117 3.7863773999999996e-2
0.11800000000000001 3.8485936e-2
0.11900000000000001 3.9112681999999996e-2
0.12 3.9743999999999995e-2
0.121 4.0379878e-2
0.122 4.1020304e-2
0.123 4.1665266000000006e-2
0.124 4.231475199999999e-2
0.125 4.296874999999999e-2
0.126 4.3627248e-2
0.127 4.4290234000000005e-2
0.128 4.4957696e-2
0.129 4.562962200000001e-2
0.13 4.6306000000000014e-2
0.131 4.698681800000001e-2
0.132 4.767206400000001e-2
0.133 4.8361725999999994e-2
0.134 4.9055792e-2
0.135 4.975425000000001e-2
0.136 5.045708799999999e-2
0.137 5.116429400000001e-2
0.138 5.1875856e-2
0.139 5.2591762e-2
0.14 5.3312000000000005e-2
0.14100000000000001 5.403655800000001e-2
0.14200000000000002 5.4765424000000014e-2
0.14300000000000002 5.549858600000001e-2
0.14400000000000002 5.623603200000001e-2
0.145 5.6977749999999994e-2
0.146 5.772372799999999e-2
0.147 5.8473953999999995e-2
0.148 5.9228416000000006e-2
0.149 5.9987102e-2
0.15 6.075e-2
0.151 6.151709799999997e-2
0.152 6.228838399999998e-2
0.153 6.306384599999999e-2
0.154 6.3843472e-2
0.155 6.462724999999998e-2
0.156 6.5415168e-2
0.157 6.620721400000001e-2
0.158 6.7003376e-2
0.159 6.780364199999998e-2
0.16 6.8608e-2
0.161 6.9416438e-2
0.162 7.0228944e-2
0.163 7.1045506e-2
0.164 7.186611200000001e-2
0.165 7.269075000000003e-2
0.166 7.351940800000001e-2
0.167 7.4352074e-2
0.168 7.518873600000002e-2
0.169 7.602938200000002e-2
0.17 7.6874e-2
0.171 7.7722578e-2
0.17200000000000001 7.857510400000002e-2
0.17300000000000001 7.943156600000001e-2
0.17400000000000002 8.0291952e-2
0.17500000000000002 8.115625000000001e-2
0.176 8.2024448e-2
0.177 8.2896534e-2
0.178 8.377249599999999e-2
0.179 8.465232199999999e-2
0.18 8.5536e-2
0.181 8.642351799999999e-2
0.182 8.7314864e-2
0.183 8.8210026e-2
0.184 8.910899200000001e-2
0.185 9.001175000000002e-2
0.186 9.0918288e-2
0.187 9.182859400000001e-2
0.188 9.2742656e-2
0.189 9.366046199999997e-2
0.19 9.458200000000003e-2
0.191 9.550725799999998e-2
0.192 9.643622400000001e-2
0.193 9.7368886e-2
0.194 9.830523200000002e-2
0.195 9.924525000000001e-2
0.196 0.10018892800000002
0.197 0.10113625400000001
0.198 0.10208721600000002
0.199 0.10304180199999999
0.2 0.10400000000000002
0.201 0.10496179800000002
0.202 0.105927184
0.203 0.106896146
0.20400000000000001 0.10786867200000003
0.20500000000000002 0.10884475
0.20600000000000002 0.10982436800000002
0.20700000000000002 0.110807514
0.20800000000000002 0.11179417600000002
0.209 0.112784342
0.21 0.113778
0.211 0.11477513800000001
0.212 0.11577574399999999
0.213 0.11677980599999997
0.214 0.117787312
0.215 0.11879825000000001
0.216 0.11981260800000001
0.217 0.12083037399999998
0.218 0.121851536
0.219 0.12287608200000001
0.22 0.12390400000000001
0.221 0.12493527800000002
0.222 0.125969904
0.223 0.12700786600000002
0.224 0.128049152
0.225 0.12909375000000006
0.226 0.130141648
0.227 0.131192834
0.228 0.13224729600000001
0.229 0.133305022
0.23 0.13436599999999999
0.231 0.13543021800000002
0.232 0.136497664
0.233 0.13756832600000005
0.234 0.13864219200000003
0.23500000000000001 0.13971925000000002
0.23600000000000002 0.14079948799999997
0.23700000000000002 0.141882894
0.23800000000000002 0.14296945600000005
0.23900000000000002 0.14405916200000007
0.24 0.145152
0.241 0.14624795799999996
0.242 0.14734702400000002
0.243 0.14844918600000004
0.244 0.14955443200000001
0.245 0.15066275
0.246 0.15177412800000004
0.247 0.152888554
0.248 0.15400601599999997
0.249 0.15512650199999997
0.25 0.15625
0.251 0.157376498
0.252 0.15850598400000002
0.253 0.15963844599999996
0.254 0.16077387199999998
0.255 0.16191224999999998
0.256 0.16305356800000004
0.257 0.16419781400000003
0.258 0.16534497599999998
0.259 0.16649504200000004
0.26 0.16764800000000002
0.261 0.168803838
0.262 0.16996254400000005
0.263 0.17112410600000005
0.264 0.172288512
0.265 0.17345575
0.266 0.17462580800000002
0.267 0.17579867400000004
0.268 0.176974336
0.269 0.17815278200000004
0.27 0.17933400000000002
0.271 0.18051797800000002
0.272 0.18170470400000005
0.273 0.18289416600000002
0.274 0.18408635200000004
0.275 0.18528125
0.276 0.186478848
0.277 0.18767913400000003
0.278 0.18888209600000003
0.279 0.19008772200000007
0.28 0.19129600000000002
0.281 0.19250691800000003
0.28200000000000003 0.19372046400000004
0.28300000000000003 0.194936626
0.28400000000000003 0.19615539200000007
0.28500000000000003 0.19737675000000002
0.28600000000000003 0.198600688
0.28700000000000003 0.19982719400000007
0.28800000000000003 0.20105625600000002
0.289 0.20228786199999998
0.29 0.20352199999999998
0.291 0.20475865799999998
0.292 0.20599782399999997
0.293 0.20723948599999997
0.294 0.20848363199999997
0.295 0.20973025
0.296 0.210979328
0.297 0.212230854
0.298 0.21348481599999997
0.299 0.21474120200000002
0.3 0.216
0.301 0.21726119800000002
0.302 0.21852478399999997
0.303 0.21979074599999998
0.304 0.221059072
0.305 0.22232975
0.306 0.22360276799999998
0.307 0.224878114
0.308 0.22615577599999998
0.309 0.22743574199999997
0.31 0.228718
0.311 0.23000253799999998
0.312 0.23128934399999998
0.313 0.23257840600000002
0.314 0.23386971199999992
0.315 0.23516325000000005
0.316 0.236459008
0.317 0.23775697400000004
0.318 0.23905713599999995
0.319 0.24035948200000004
0.32 0.241664
0.321 0.24297067800000005
0.322 0.24427950399999995
0.323 0.24559046600000004
0.324 0.246903552
0.325 0.24821875000000002
0.326 0.24953604799999995
0.327 0.2508554340000001
0.328 0.25217689600000004
0.329 0.25350042200000006
0.33 0.254826
0.331 0.2561536180000001
0.332 0.25748326400000004
0.333 0.25881492600000006
0.334 0.26014859200000007
0.335 0.26148425000000003
0.336 0.262821888
0.337 0.264161494
0.338 0.265503056
0.339 0.2668465620000001
0.34 0.268192
0.341 0.269539358
0.342 0.2708886240000001
0.343 0.27223978600000004
0.34400000000000003 0.27359283200000006
0.34500000000000003 0.27494775000000005
0.34600000000000003 0.276304528
0.34700000000000003 0.277663154
0.34800000000000003 0.27902361600000003
0.34900000000000003 0.2803859020000001
0.35000000000000003 0.28174999999999994
0.35100000000000003 0.2831158980000001
0.352 0.28448358399999996
0.353 0.285853046
0.354 0.28722427200000006
0.355 0.28859725
0.356 0.289971968
0.357 0.291348414
0.358 0.2927265759999999
0.359 0.29410644199999997
0.36 0.29548800000000003
0.361 0.2968712379999999
0.362 0.29825614399999995
0.363 0.29964270600000004
0.364 0.30103091200000004
0.365 0.30242074999999996
0.366 0.303812208
0.367 0.3052052740000001
0.368 0.306599936
0.369 0.30799618200000006
0.37 0.3093940000000001
0.371 0.31079337800000006
0.372 0.31219430400000003
0.373 0.313596766
0.374 0.315000752
0.375 0.31640625
0.376 0.317813248
0.377 0.31922173400000003
0.378 0.32063169599999997
0.379 0.32204312200000007
0.38 0.32345599999999997
0.381 0.324870318
0.382 0.326286064
0.383 0.32770322600000007
0.384 0.329121792
0.385 0.33054175
0.386 0.3319630880000001
0.387 0.33338579399999996
0.388 0.334809856
0.389 0.33623526200000003
0.39 0.337662
0.391 0.33909005799999997
0.392 0.340519424
0.393 0.34195008600000004
0.394 0.34338203200000006
0.395 0.34481525
0.396 0.34624972800000003
0.397 0.34768545399999995
0.398 0.3491224160000001
0.399 0.35056060200000005
0.4 0.35200000000000015
0.401 0.353440598
0.402 0.3548823840000001
0.403 0.35632534600000004
0.404 0.357769472
0.405 0.35921475
0.406 0.3606611680000001
0.40700000000000003 0.3621087140000001
0.40800000000000003 0.36355737600000004
0.40900000000000003 0.365007142
0.41000000000000003 0.366458
0.41100000000000003 0.3679099380000001
0.41200000000000003 0.369362944
0.41300000000000003 0.37081700600000006
0.41400000000000003 0.37227211200000004
0.41500000000000004 0.37372825000000004
0.41600000000000004 0.37518540800000005
0.417 0.376643574
0.418 0.378102736
0.419 0.379562882
0.42 0.381024
0.421 0.38248607799999995
0.422 0.383949104
0.423 0.38541306599999997
0.424 0.386877952
0.425 0.38834374999999993
0.426 0.3898104480000001
0.427 0.3912780339999999
0.428 0.39274649600000006
0.429 0.39421582200000005
0.43 0.395686
0.431 0.397157018
0.432 0.3986288640000001
0.433 0.400101526
0.434 0.40157499199999996
0.435 0.40304924999999997
0.436 0.4045242879999999
0.437 0.406000094
0.438 0.40747665600000005
0.439 0.4089539619999999
0.44 0.41043200000000013
0.441 0.411910758
0.442 0.4133902240000001
0.443 0.414870386
0.444 0.41635123200000007
0.445 0.4178327500000001
0.446 0.419314928
0.447 0.4207977539999999
0.448 0.42228121600000007
0.449 0.42376530200000007
0.45 0.4252500000000001
0.451 0.42673529799999993
0.452 0.42822118400000014
0.453 0.429707646
0.454 0.43119467200000006
0.455 0.43268225
0.456 0.4341703680000001
0.457 0.43565901400000007
0.458 0.4371481760000001
0.459 0.438637842
0.46 0.4401280000000001
0.461 0.441618638
0.462 0.4431097440000001
0.463 0.444601306
0.464 0.446093312
0.465 0.44758575
0.466 0.44907860800000016
0.467 0.450571874
0.468 0.45206553600000016
0.46900000000000003 0.45355958199999996
0.47000000000000003 0.4550540000000002
0.47100000000000003 0.45654877799999993
0.47200000000000003 0.45804390400000006
0.47300000000000003 0.45953936599999995
0.47400000000000003 0.46103515200000006
0.47500000000000003 0.46253125000000006
0.47600000000000003 0.4640276480000002
0.47700000000000004 0.4655243340000001
0.47800000000000004 0.46702129600000014
0.47900000000000004 0.46851852199999994
0.48 0.4700159999999999
0.481 0.4715137179999999
0.482 0.47301166399999994
0.483 0.47450982599999997
0.484 0.47600819199999994
0.485 0.4775067499999999
0.486 0.479005488
0.487 0.480504394
0.488 0.48200345600000005
0.489 0.48350266199999997
0.49 0.48500199999999993
0.491 0.48650145800000005
0.492 0.48800102399999995
0.493 0.4895006860000001
0.494 0.49100043200000004
0.495 0.4925002499999999
0.496 0.49400012800000004
0.497 0.4955000539999999
0.498 0.497000016
0.499 0.49850000199999994
0.5 0.5
0.501 0.501499998
0.502 0.5029999840000001
0.503 0.5044999460000001
0.504 0.5059998719999999
0.505 0.5074997499999998
0.506 0.508999568
0.507 0.510499314
0.508 0.511998976
0.509 0.5134985420000002
0.51 0.514998
0.511 0.5164973380000001
0.512 0.5179965440000001
0.513 0.519495606
0.514 0.5209945119999999
0.515 0.5224932499999999
0.516 0.523991808
0.517 0.5254901740000001
0.518 0.5269883360000001
0.519 0.528486282
0.52 0.5299840000000002
0.521 0.531481478
0.522 0.532978704
0.523 0.534475666
0.524 0.535972352
0.525 0.53746875
0.526 0.538964848
0.527 0.5404606340000001
0.528 0.5419560960000002
0.529 0.5434512220000002
0.53 0.5449460000000002
0.531 0.5464404180000002
0.532 0.5479344640000001
0.533 0.5494281260000001
0.534 0.5509213919999999
0.535 0.55241425
0.536 0.553906688
0.537 0.555398694
0.538 0.556890256
0.539 0.558381362
0.54 0.559872
0.541 0.561362158
0.542 0.5628518240000001
0.543 0.5643409860000002
0.544 0.565829632
0.545 0.5673177500000001
0.546 0.568805328
0.547 0.5702923540000001
0.548 0.571778816
0.549 0.5732647020000001
0.55 0.5747500000000001
0.551 0.576234698
0.552 0.5777187840000001
0.553 0.579202246
0.554 0.5806850720000001
0.555 0.5821672499999999
0.556 0.5836487680000001
0.557 0.585129614
0.558 0.586609776
0.559 0.5880892420000001
0.56 0.5895680000000001
0.561 0.5910460380000001
0.562 0.5925233440000002
0.5630000000000001 0.5939999060000002
0.5640000000000001 0.595475712
0.5650000000000001 0.59695075
0.5660000000000001 0.598425008
0.5670000000000001 0.5998984740000002
0.5680000000000001 0.6013711360000001
0.5690000000000001 0.602842982
0.5700000000000001 0.6043140000000001
0.5710000000000001 0.6057841780000001
0.5720000000000001 0.607253504
0.5730000000000001 0.6087219660000001
0.5740000000000001 0.610189552
0.5750000000000001 0.61165625
0.5760000000000001 0.613122048
0.577 0.6145869340000001
0.578 0.6160508960000001
0.579 0.6175139219999999
0.58 0.6189759999999999
0.581 0.6204371179999998
0.582 0.621897264
0.583 0.6233564259999999
0.584 0.6248145920000001
0.585 0.6262717499999999
0.586 0.627727888
0.587 0.6291829939999998
0.588 0.630637056
0.589 0.6320900620000001
0.59 0.6335419999999998
0.591 0.6349928579999998
0.592 0.636442624
0.593 0.637891286
0.594 0.6393388320000001
0.595 0.6407852500000001
0.596 0.6422305279999998
0.597 0.643674654
0.598 0.6451176159999998
0.599 0.6465594020000001
0.6 0.6479999999999999
0.601 0.6494393979999998
0.602 0.6508775839999998
0.603 0.6523145459999999
0.604 0.6537502719999998
0.605 0.6551847500000001
0.606 0.6566179679999999
0.607 0.6580499139999999
0.608 0.659480576
0.609 0.6609099419999999
0.61 0.662338
0.611 0.6637647379999999
0.612 0.665190144
0.613 0.6666142060000002
0.614 0.6680369120000001
0.615 0.66945825
0.616 0.6708782079999999
0.617 0.672296774
0.618 0.6737139359999998
0.619 0.675129682
0.62 0.676544
0.621 0.6779568779999999
0.622 0.6793683040000001
0.623 0.6807782660000001
0.624 0.6821867519999998
0.625 0.6835937500000001
0.626 0.684999248
0.627 0.6864032339999999
0.628 0.6878056960000001
0.629 0.689206622
0.63 0.6906059999999999
0.631 0.6920038180000001
0.632 0.693400064
0.633 0.694794726
0.634 0.696187792
0.635 0.69757925
0.636 0.6989690879999999
0.637 0.7003572940000001
0.638 0.7017438559999999
0.639 0.7031287620000002
0.64 0.704512
0.641 0.7058935580000002
0.642 0.707273424
0.643 0.7086515859999999
0.644 0.7100280320000001
0.645 0.7114027500000001
0.646 0.7127757280000001
0.647 0.7141469539999998
0.648 0.7155164159999999
0.649 0.716884102
0.65 0.7182500000000002
0.651 0.7196140980000002
0.652 0.720976384
0.653 0.7223368459999999
0.654 0.723695472
0.655 0.7250522500000002
0.656 0.726407168
0.657 0.7277602140000001
0.658 0.7291113760000002
0.659 0.730460642
0.66 0.731808
0.661 0.733153438
0.662 0.7344969440000001
0.663 0.7358385059999999
0.664 0.737178112
0.665 0.7385157500000001
0.666 0.739851408
0.667 0.7411850740000001
0.668 0.7425167359999999
0.669 0.743846382
0.67 0.745174
0.671 0.7464995779999999
0.672 0.7478231040000001
0.673 0.749144566
0.674 0.7504639520000002
0.675 0.7517812500000002
0.676 0.753096448
0.677 0.7544095340000001
0.678 0.7557204960000001
0.679 0.757029322
0.68 0.7583359999999999
0.681 0.759640518
0.682 0.7609428640000001
0.683 0.762243026
0.684 0.7635409920000001
0.685 0.7648367500000002
0.686 0.766130288
0.687 0.7674215940000001
0.6880000000000001 0.768710656
0.6890000000000001 0.7699974620000001
0.6900000000000001 0.7712820000000002
0.6910000000000001 0.7725642580000003
0.6920000000000001 0.773844224
0.6930000000000001 0.775121886
0.6940000000000001 0.7763972320000002
0.6950000000000001 0.7776702499999999
0.6960000000000001 0.7789409280000001
0.6970000000000001 0.7802092540000002
0.6980000000000001 0.7814752160000003
0.6990000000000001 0.7827388020000003
0.7000000000000001 0.7839999999999998
0.7010000000000001 0.7852587980000002
0.7020000000000001 0.7865151840000001
0.7030000000000001 0.787769146
0.704 0.7890206720000001
0.705 0.7902697499999999
0.706 0.7915163679999998
0.707 0.7927605139999999
0.708 0.7940021759999999
0.709 0.7952413420000002
0.71 0.7964780000000001
0.711 0.7977121380000002
0.712 0.798943744
0.713 0.8001728060000002
0.714 0.8013993120000001
0.715 0.8026232500000001
0.716 0.8038446080000001
0.717 0.805063374
0.718 0.8062795359999999
0.719 0.807493082
0.72 0.8087040000000001
0.721 0.809912278
0.722 0.8111179040000002
0.723 0.8123208660000001
0.724 0.813521152
0.725 0.8147187500000003
0.726 0.8159136479999999
0.727 0.817105834
0.728 0.818295296
0.729 0.819482022
0.73 0.8206659999999998
0.731 0.8218472180000002
0.732 0.8230256639999999
0.733 0.8242013260000002
0.734 0.8253741920000003
0.735 0.8265442499999998
0.736 0.8277114879999998
0.737 0.8288758939999998
0.738 0.8300374559999998
0.739 0.8311961620000001
0.74 0.8323519999999998
0.741 0.8335049579999999
0.742 0.8346550239999998
0.743 0.835802186
0.744 0.8369464320000001
0.745 0.8380877499999999
0.746 0.8392261280000002
0.747 0.8403615539999999
0.748 0.8414940160000003
0.749 0.842623502
0.75 0.84375
0.751 0.844873498
0.752 0.8459939839999999
0.753 0.8471114459999999
0.754 0.8482258719999999
0.755 0.8493372499999999
0.756 0.8504455680000002
0.757 0.851550814
0.758 0.8526529759999999
0.759 0.8537520420000003
0.76 0.8548480000000003
0.761 0.8559408380000001
0.762 0.8570305439999999
0.763 0.858117106
0.764 0.859200512
0.765 0.86028075
0.766 0.8613578080000002
0.767 0.8624316739999998
0.768 0.8635023359999999
0.769 0.864569782
0.77 0.8656339999999999
0.771 0.8666949780000001
0.772 0.8677527039999999
0.773 0.8688071660000001
0.774 0.869858352
0.775 0.8709062500000001
0.776 0.871950848
0.777 0.872992134
0.778 0.8740300959999999
0.779 0.8750647219999999
0.78 0.876096
0.781 0.8771239180000001
0.782 0.8781484639999999
0.783 0.879169626
0.784 0.8801873920000001
0.785 0.8812017500000002
0.786 0.882212688
0.787 0.883220194
0.788 0.884224256
0.789 0.885224862
0.79 0.8862220000000001
0.791 0.8872156580000001
0.792 0.8882058239999999
0.793 0.8891924860000002
0.794 0.890175632
0.795 0.8911552500000001
0.796 0.892131328
0.797 0.893103854
0.798 0.8940728160000001
0.799 0.895038202
0.8 0.896
0.801 0.8969581980000002
0.802 0.8979127840000002
0.803 0.8988637459999999
0.804 0.8998110720000001
0.805 0.9007547500000002
0.806 0.901694768
0.807 0.9026311140000003
0.808 0.903563776
0.809 0.904492742
0.81 0.905418
0.811 0.9063395380000004
0.812 0.907257344
0.8130000000000001 0.9081714060000002
0.8140000000000001 0.9090817120000001
0.8150000000000001 0.9099882499999998
0.8160000000000001 0.9108910080000001
0.8170000000000001 0.911789974
0.8180000000000001 0.9126851360000002
0.8190000000000001 0.913576482
0.8200000000000001 0.9144639999999999
0.8210000000000001 0.915347678
0.8220000000000001 0.9162275040000001
0.8230000000000001 0.9171034659999999
0.8240000000000001 0.9179755520000004
0.8250000000000001 0.91884375
0.8260000000000001 0.9197080480000001
0.8270000000000001 0.920568434
0.8280000000000001 0.9214248960000001
0.8290000000000001 0.9222774220000003
0.8300000000000001 0.923126
0.8310000000000001 0.923970618
0.8320000000000001 0.9248112640000001
0.833 0.9256479259999998
0.834 0.9264805919999999
0.835 0.9273092500000001
0.836 0.9281338879999997
0.837 0.9289544939999997
0.838 0.9297710560000001
0.839 0.9305835619999999
0.84 0.9313920000000002
0.841 0.9321963579999998
0.842 0.9329966240000002
0.843 0.9337927859999997
0.844 0.9345848319999996
0.845 0.9353727499999999
0.846 0.936156528
0.847 0.9369361539999997
0.848 0.937711616
0.849 0.9384829020000001
0.85 0.93925
0.851 0.940012898
0.852 0.9407715840000002
0.853 0.9415260459999997
0.854 0.942276272
0.855 0.9430222500000002
0.856 0.9437639679999998
0.857 0.9445014140000002
0.858 0.9452345760000003
0.859 0.945963442
0.86 0.9466880000000001
0.861 0.9474082380000003
0.862 0.948124144
0.863 0.9488357059999999
0.864 0.949542912
0.865 0.9502457499999999
0.866 0.9509442079999999
0.867 0.9516382740000003
0.868 0.9523279359999999
0.869 0.953013182
0.87 0.9536939999999999
0.871 0.9543703779999998
0.872 0.955042304
0.873 0.9557097660000001
0.874 0.9563727520000004
0.875 0.95703125
0.876 0.9576852479999998
0.877 0.9583347339999998
0.878 0.958979696
0.879 0.9596201219999998
0.88 0.9602560000000001
0.881 0.9608873179999999
0.882 0.9615140640000001
0.883 0.9621362260000003
0.884 0.962753792
0.885 0.9633667499999998
0.886 0.9639750879999999
0.887 0.964578794
0.888 0.9651778560000001
0.889 0.9657722619999998
0.89 0.9663619999999999
0.891 0.9669470580000004
0.892 0.9675274240000004
0.893 0.9681030860000002
0.894 0.9686740320000002
0.895 0.9692402499999999
0.896 0.9698017279999999
0.897 0.9703584539999996
0.898 0.9709104160000003
0.899 0.9714576020000001
0.9 0.972
0.901 0.9725375980000002
0.902 0.9730703840000002
0.903 0.973598346
0.904 0.974121472
0.905 0.9746397499999998
0.906 0.9751531680000002
0.907 0.975661714
0.908 0.9761653759999999
0.909 0.9766641420000001
0.91 0.9771580000000001
0.911 0.977646938
0.912 0.9781309440000003
0.913 0.978610006
0.914 0.979084112
0.915 0.9795532499999998
0.916 0.9800174080000003
0.917 0.9804765740000002
0.918 0.9809307359999999
0.919 0.9813798819999998
0.92 0.9818240000000003
0.921 0.9822630780000002
0.922 0.9826971040000001
0.923 0.9831260660000001
0.924 0.9835499520000002
0.925 0.9839687500000001
0.926 0.9843824479999999
0.927 0.984791034
0.928 0.985194496
0.929 0.9855928220000001
0.93 0.9859859999999999
0.931 0.9863740180000002
0.932 0.986756864
0.933 0.9871345259999998
0.934 0.9875069919999998
0.935 0.98787425
0.936 0.9882362880000001
0.937 0.9885930940000004
0.9380000000000001 0.988944656
0.9390000000000001 0.989290962
0.9400000000000001 0.9896319999999998
0.9410000000000001 0.9899677580000003
0.9420000000000001 0.9902982240000003
0.9430000000000001 0.990623386
0.9440000000000001 0.9909432319999999
0.9450000000000001 0.9912577499999997
0.9460000000000001 0.991566928
0.9470000000000001 0.991870754
0.9480000000000001 0.9921692160000001
0.9490000000000001 0.9924623020000003
0.9500000000000001 0.9927500000000005
0.9510000000000001 0.9930322979999999
0.9520000000000001 0.9933091840000002
0.9530000000000001 0.9935806460000001
0.9540000000000001 0.9938466720000001
0.9550000000000001 0.9941072500000001
0.9560000000000001 0.9943623680000003
0.9570000000000001 0.9946120139999998
0.9580000000000001 0.9948561760000002
0.9590000000000001 0.9950948419999999
0.96 0.995328
0.961 0.9955556379999998
0.962 0.995777744
0.963 0.9959943059999999
0.964 0.996205312
0.965 0.9964107499999998
0.966 0.9966106079999999
0.967 0.9968048739999998
0.968 0.996993536
0.969 0.9971765819999999
0.97 0.9973540000000003
0.971 0.9975257779999998
0.972 0.9976919039999997
0.973 0.9978523659999999
0.974 0.9980071519999997
0.975 0.9981562499999999
0.976 0.9982996479999999
0.977 0.9984373339999999
0.978 0.9985692960000003
0.979 0.9986955220000002
0.98 0.9988160000000003
0.981 0.998930718
0.982 0.9990396640000002
0.983 0.999142826
0.984 0.999240192
0.985 0.9993317500000003
0.986 0.9994174879999996
0.987 0.9994973939999998
0.988 0.9995714559999997
0.989 0.9996396620000003
0.99 0.9997020000000003
0.991 0.999758458
0.992 0.999809024
0.993 0.9998536859999997
0.994 0.9998924319999998
0.995 0.9999252500000002
0.996 0.999952128
0.997 0.999973054
0.998 0.999988016
0.999 0.999997002
1.0 1.0
