0.0 0.0
1.0e-3 1.0059900040000001e-6
2.0e-3 4.0478401279999995e-6
3.0e-3 9.161190972e-6
4.0e-3 1.6381444096000003e-5
5.0e-3 2.5743762500000007e-5
6.0e-3 3.728307110400001e-5
7.0e-3 5.1034057227999994e-5
8.0e-3 6.703117107199998e-5
9.000000000000001e-3 8.5308626196e-5
1.0e-2 1.0590040000000001e-4
1.1e-2 1.28840234204e-4
1.2e-2 1.54161635328e-4
1.3000000000000001e-2 1.81897875172e-4
1.4e-2 2.1208199129599996e-4
1.5e-2 2.447467875e-4
1.6e-2 2.7992483430400004e-4
1.7e-2 3.17648469428e-4
1.8000000000000002e-2 3.579497982720002e-4
1.9e-2 4.00860694396e-4
2.0e-2 4.4641280000000004e-4
2.1e-2 4.946375264040001e-4
2.2e-2 5.45566054528e-4
2.3e-2 5.992293353719999e-4
2.4e-2 6.556580904959998e-4
2.5e-2 7.148828125e-4
2.6000000000000002e-2 7.769337655040001e-4
2.7e-2 8.41840985628e-4
2.8e-2 9.096342814720001e-4
2.9e-2 9.80343234596e-4
3.0e-2 1.0539972e-3
3.1e-2 1.130625306604e-3
3.2e-2 1.2102564577279999e-3
3.3e-2 1.2929193315720001e-3
3.4e-2 1.378642381696e-3
3.5e-2 1.4674538375e-3
3.6000000000000004e-2 1.559381704704e-3
3.7e-2 1.654453765828e-3
3.8e-2 1.752697580672e-3
3.9e-2 1.854140486796e-3
4.0e-2 1.958809600000001e-3
4.1e-2 2.066731814804e-3
4.2e-2 2.177933804928e-3
4.3000000000000003e-2 2.2924420237719996e-3
4.4e-2 2.4102827048959998e-3
4.5e-2 2.5314818625e-3
4.6e-2 2.6560652919039992e-3
4.7e-2 2.7840585700279995e-3
4.8e-2 2.9154870558719993e-3
4.9e-2 3.0503758909959998e-3
5.0e-2 3.1887499999999997e-3
5.1000000000000004e-2 3.330634091004e-3
5.2000000000000005e-2 3.4760526561280008e-3
5.3e-2 3.6250299719719995e-3
5.4e-2 3.777590100095999e-3
5.5e-2 3.933756887499999e-3
5.6e-2 4.093553967104e-3
5.7e-2 4.257004758228e-3
5.8e-2 4.424132467072e-3
5.9000000000000004e-2 4.594960087195999e-3
6.0e-2 4.769510399999999e-3
6.1e-2 4.947805975204e-3
6.2e-2 5.129869171327998e-3
6.3e-2 5.315722136172002e-3
6.4e-2 5.505386807295999e-3
6.5e-2 5.698884912500003e-3
6.6e-2 5.896237970303999e-3
6.7e-2 6.097467290428e-3
6.8e-2 6.302593974271998e-3
6.9e-2 6.511638915396004e-3
7.0e-2 6.724622800000001e-3
7.100000000000001e-2 6.941566107404005e-3
7.200000000000001e-2 7.162489110528e-3
7.3e-2 7.387411876371999e-3
7.4e-2 7.616354266496001e-3
7.5e-2 7.8493359375e-3
7.6e-2 8.086376341504e-3
7.7e-2 8.327494726628e-3
7.8e-2 8.572710137472e-3
7.9e-2 8.822041415596001e-3
8.0e-2 9.075507200000001e-3
8.1e-2 9.333125927604003e-3
8.2e-2 9.594915833728002e-3
8.3e-2 9.860894952572004e-3
8.4e-2 1.0131081117696002e-2
8.5e-2 1.0405491962500004e-2
8.600000000000001e-2 1.0684144920704006e-2
8.700000000000001e-2 1.0967057226828003e-2
8.8e-2 1.1254245916672e-2
8.9e-2 1.1545727827795999e-2
9.0e-2 1.1841519600000001e-2
9.1e-2 1.2141637675804002e-2
9.2e-2 1.2446098300928002e-2
9.3e-2 1.2754917524772001e-2
9.4e-2 1.3068111200896002e-2
9.5e-2 1.3385694987499999e-2
9.6e-2 1.3707684347904004e-2
9.7e-2 1.4034094551028001e-2
9.8e-2 1.4364940671871999e-2
9.9e-2 1.4700237591996004e-2
0.1 1.5040000000000008e-2
0.101 1.5384242392004002e-2
0.10200000000000001 1.5732979072128003e-2
0.10300000000000001 1.6086224152972003e-2
0.10400000000000001 1.6443991556096008e-2
0.105 1.6806295012499996e-2
0.106 1.7173148063104007e-2
0.107 1.7544564059228e-2
0.108 1.7920556163072004e-2
0.109 1.8301137348196e-2
0.11 1.86863204e-2
0.111 1.9076117916204005e-2
0.112 1.9470542307327997e-2
0.113 1.9869605797172004e-2
0.114 2.0273320423296e-2
0.115 2.06816980375e-2
0.116 2.1094750306304002e-2
0.117 2.1512488711428003e-2
0.11800000000000001 2.1934924550272007e-2
0.11900000000000001 2.2362068936395994e-2
0.12 2.2793932799999993e-2
0.121 2.3230526888404004e-2
0.122 2.3671861766528e-2
0.123 2.4117947817372e-2
0.124 2.4568795242495986e-2
0.125 2.5024414062499997e-2
0.126 2.5484814117504008e-2
0.127 2.5950005067628002e-2
0.128 2.6419996393472e-2
0.129 2.6894797396596008e-2
0.13 2.737441720000001e-2
0.131 2.7858864748604002e-2
0.132 2.8348148809728003e-2
0.133 2.8842277973572004e-2
0.134 2.9341260653696005e-2
0.135 2.98451050875e-2
0.136 3.0353819336704e-2
0.137 3.0867411287828005e-2
0.138 3.1385888652671994e-2
0.139 3.1909258968796e-2
0.14 3.2437529599999994e-2
0.14100000000000001 3.2970707736804016e-2
0.14200000000000002 3.350880039692801e-2
0.14300000000000002 3.4051814425772015e-2
0.14400000000000002 3.4599756496896e-2
0.145 3.515263311249999e-2
0.146 3.5710450603903994e-2
0.147 3.627321513202799e-2
0.148 3.6840932687871995e-2
0.149 3.7413609092996e-2
0.15 3.799125e-2
0.151 3.857386089300399e-2
0.152 3.9161447088127986e-2
0.153 3.975401373397199e-2
0.154 4.0351565812096e-2
0.155 4.095410813749998e-2
0.156 4.156164535910399e-2
0.157 4.2174181960228e-2
0.158 4.2791722259072004e-2
0.159 4.3414270409195994e-2
0.16 4.4041830399999995e-2
0.161 4.467440605720399e-2
0.162 4.5312001043328e-2
0.163 4.5954618858172e-2
0.164 4.660226283929601e-2
0.165 4.725493616250001e-2
0.166 4.7912641842303996e-2
0.167 4.8575382732428014e-2
0.168 4.924316152627201e-2
0.169 4.991598075739602e-2
0.17 5.0593842800000004e-2
0.171 5.1276749869404004e-2
0.17200000000000001 5.196470402252802e-2
0.17300000000000001 5.2657707158371994e-2
0.17400000000000002 5.3355761018496005e-2
0.17500000000000002 5.4058867187500005e-2
0.176 5.476702709350399e-2
0.177 5.548024200862799e-2
0.178 5.6198513049471994e-2
0.179 5.692184117759599e-2
0.18 5.76502272e-2
0.181 5.838367176960401e-2
0.182 5.912217538572798e-2
0.183 5.986573839457199e-2
0.184 6.061436098969601e-2
0.185 6.13680432125e-2
0.186 6.2126784952703996e-2
0.187 6.2890585948828e-2
0.188 6.365944578867201e-2
0.189 6.443336390979597e-2
0.19 6.521233960000003e-2
0.191 6.599637199780398e-2
0.192 6.678546009292802e-2
0.193 6.757960272677198e-2
0.194 6.837879859289603e-2
0.195 6.91830462375e-2
0.196 6.999234405990401e-2
0.197 7.0806690313028e-2
0.198 7.162608310387204e-2
0.199 7.245052039399599e-2
0.2 7.328000000000004e-2
0.201 7.4114519594004e-2
0.202 7.495407670412799e-2
0.203 7.5798668714972e-2
0.20400000000000001 7.664829286809603e-2
0.20500000000000002 7.75029462625e-2
0.20600000000000002 7.836262585510403e-2
0.20700000000000002 7.922732846122799e-2
0.20800000000000002 8.009705075507204e-2
0.209 8.0971789270196e-2
0.21 8.18515404e-2
0.211 8.273630039820402e-2
0.212 8.362606537932799e-2
0.213 8.452083131917199e-2
0.214 8.542059405529599e-2
0.215 8.63253492875e-2
0.216 8.723509257830402e-2
0.217 8.814981935342799e-2
0.218 8.9069524902272e-2
0.219 8.999420437839603e-2
0.22 9.092385280000001e-2
0.221 9.185846505040403e-2
0.222 9.2798035878528e-2
0.223 9.374255989937205e-2
0.224 9.469203159449596e-2
0.225 9.564644531250005e-2
0.226 9.660579526950401e-2
0.227 9.757007554962802e-2
0.228 9.853928010547204e-2
0.229 9.951340275859599e-2
0.23 0.10049243719999996
0.231 0.10147637699060402
0.232 0.10246521556172801
0.233 0.10345894621557201
0.234 0.10445756212569604
0.23500000000000001 0.10546105633750005
0.23600000000000002 0.106469421768704
0.23700000000000002 0.10748265120982803
0.23800000000000002 0.10850073732467204
0.23900000000000002 0.10952367265079604
0.24 0.11055144959999998
0.241 0.111584060458804
0.242 0.112621497388928
0.243 0.11366375242777203
0.244 0.114710817488896
0.245 0.11576268436249999
0.246 0.11681934471590404
0.247 0.11788079009402797
0.248 0.11894701191987196
0.249 0.12001800149499597
0.25 0.12109374999999997
0.251 0.12217424849500402
0.252 0.12325948792012803
0.253 0.12434945909597199
0.254 0.125444152724096
0.255 0.1265435593875
0.256 0.12764766955110404
0.257 0.12875647356222805
0.258 0.129869961651072
0.259 0.13098812393119608
0.26 0.1321109504
0.261 0.133238430939204
0.262 0.1343705553153281
0.263 0.13550731318017203
0.264 0.136648694071296
0.265 0.1377946874125
0.266 0.13894528251430402
0.267 0.14010046857442804
0.268 0.141260234678272
0.269 0.142424569799396
0.27 0.1435934628
0.271 0.14476690243140403
0.272 0.14594487733452807
0.273 0.14712737604037202
0.274 0.14831438697049604
0.275 0.1495058984375
0.276 0.150701898645504
0.277 0.15190237569062806
0.278 0.15310731756147206
0.279 0.1543167121395961
0.28 0.15553054720000006
0.281 0.15674881041160404
0.28200000000000003 0.15797148933772806
0.28300000000000003 0.15919857143657198
0.28400000000000003 0.1604300440616961
0.28500000000000003 0.16166589446250001
0.28600000000000003 0.16290610978470405
0.28700000000000003 0.16415067707082806
0.28800000000000003 0.16539958326067203
0.289 0.166652815191796
0.29 0.16791035959999995
0.291 0.16917220311980405
0.292 0.17043833228492794
0.293 0.17170873352877203
0.294 0.17298339318489594
0.295 0.1742622974875
0.296 0.175545432571904
0.297 0.176832784475028
0.298 0.17812433913587206
0.299 0.17942008239599605
0.3 0.18071999999999996
0.301 0.18202407759600409
0.302 0.18333230073612797
0.303 0.18464465487697207
0.304 0.18596112538009602
0.305 0.1872816975125
0.306 0.18860635644710394
0.307 0.18993508726322803
0.308 0.19126787494707195
0.309 0.192604704392196
0.31 0.1939455604
0.311 0.19529042768020397
0.312 0.19663929085132797
0.313 0.19799213444117209
0.314 0.1993489428872959
0.315 0.20070970053750004
0.316 0.20207439165030397
0.317 0.20344300039542806
0.318 0.20481551085427196
0.319 0.20619190702039605
0.32 0.2075721728
0.321 0.20895629201240412
0.322 0.21034424839052798
0.323 0.21173602558137206
0.324 0.21313160714649604
0.325 0.21453097656250006
0.326 0.21593411722150396
0.327 0.217341012431628
0.328 0.21875164541747202
0.329 0.2201659993205961
0.33 0.22158405720000002
0.331 0.22300580203260406
0.332 0.224431216713728
0.333 0.22586028405757202
0.334 0.22729298679769608
0.335 0.22872930758750012
0.336 0.23016922900070394
0.337 0.23161273353182804
0.338 0.23305980359667194
0.339 0.23451042153279614
0.34 0.2359645696
0.341 0.23742222998080403
0.342 0.238883384780928
0.343 0.24034801602977213
0.34400000000000003 0.241816105680896
0.34500000000000003 0.24328763561250008
0.34600000000000003 0.24476258762790407
0.34700000000000003 0.24624094345602807
0.34800000000000003 0.247722684751872
0.34900000000000003 0.24920779309699614
0.35000000000000003 0.25069624999999995
0.35100000000000003 0.2521880368970042
0.352 0.253683135152128
0.353 0.25518152605797195
0.354 0.25668319083609603
0.355 0.2581881106375
0.356 0.2596962665431039
0.357 0.26120763956422793
0.358 0.26272221064307194
0.359 0.264239960653196
0.36 0.2657608704
0.361 0.26728492062120396
0.362 0.268812091987328
0.363 0.27034236510217197
0.364 0.271875720503296
0.365 0.27341213866249997
0.366 0.27495159998630403
0.367 0.276494084816428
0.368 0.278039573430272
0.369 0.2795880460413961
0.37 0.2811394828
0.371 0.28269386379340405
0.372 0.284251169046528
0.373 0.285811378522372
0.374 0.28737447212249595
0.375 0.2889404296875
0.376 0.290509230997504
0.377 0.29208085577262805
0.378 0.29365528367347205
0.379 0.295232494301596
0.38 0.29681246720000004
0.381 0.298395181853604
0.382 0.29998061768972795
0.383 0.3015687540785721
0.384 0.303159570333696
0.385 0.3047530457125001
0.386 0.3063491594167041
0.387 0.3079478905928279
0.388 0.30954921833267207
0.389 0.311153121673796
0.39 0.3127595796
0.391 0.31436857104180393
0.392 0.31598007487692803
0.393 0.31759406993077205
0.394 0.31921053497689617
0.395 0.3208294487375
0.396 0.32245078988390397
0.397 0.3240745370370279
0.398 0.32570066876787207
0.399 0.32732916359799613
0.4 0.3289600000000002
0.401 0.33059315639800413
0.402 0.33222861116812813
0.403 0.3338663426389721
0.404 0.33550632909209593
0.405 0.3371485487625
0.406 0.3387929798391041
0.40700000000000003 0.3404396004652281
0.40800000000000003 0.342088388739072
0.40900000000000003 0.343739322714196
0.41000000000000003 0.3453923803999999
0.41100000000000003 0.34704753976220415
0.41200000000000003 0.34870477872332806
0.41300000000000003 0.3503640751631721
0.41400000000000003 0.352025406919296
0.41500000000000004 0.3536887517875001
0.41600000000000004 0.355354087522304
0.417 0.3570213918374279
0.418 0.358690642406272
0.419 0.3603618168623959
0.42 0.36203489280000006
0.421 0.3637098477744039
0.422 0.3653866593025281
0.423 0.36706530486337197
0.424 0.36874576189849606
0.425 0.3704280078125
0.426 0.3721120199735042
0.427 0.37379777571362777
0.428 0.375485252329472
0.429 0.377174427082596
0.43 0.3788652772000001
0.431 0.38055777987460393
0.432 0.3822519122657281
0.433 0.38394765149957194
0.434 0.3856449746696961
0.435 0.38734385883749994
0.436 0.38904428103270405
0.437 0.3907462182538279
0.438 0.3924496474686721
0.439 0.39415454561479585
0.44 0.3958608896000001
0.441 0.397568656302804
0.442 0.3992778225729281
0.443 0.400988365231772
0.444 0.4027002610728961
0.445 0.4044134868625
0.446 0.40612801933990406
0.447 0.4078438352180279
0.448 0.409560911183872
0.449 0.41127922389899596
0.45 0.41299875
0.451 0.414719466099004
0.452 0.4164413487841282
0.453 0.418164374619972
0.454 0.419888520148096
0.455 0.4216137618874998
0.456 0.4233400763351042
0.457 0.425067439966228
0.458 0.42679582923507203
0.459 0.428525220575196
0.46 0.43025559040000017
0.461 0.4319869151032039
0.462 0.4337191710593281
0.463 0.43545233462417193
0.464 0.4371863821352961
0.465 0.4389212899125
0.466 0.4406570342583041
0.467 0.44239359145842794
0.468 0.44413093778227214
0.46900000000000003 0.44586904948339595
0.47000000000000003 0.4476079028000002
0.47100000000000003 0.449347473955404
0.47200000000000003 0.4510877391585282
0.47300000000000003 0.4528286746043718
0.47400000000000003 0.45457025647449617
0.47500000000000003 0.45631246093749994
0.47600000000000003 0.4580552641495043
0.47700000000000004 0.459798642254628
0.47800000000000004 0.46154257138547217
0.47900000000000004 0.46328702766359586
0.48 0.46503198720000005
0.481 0.4667774260956039
0.482 0.468523320441728
0.483 0.4702696463205719
0.484 0.472016379805696
0.485 0.4737634969624998
0.486 0.4755109738487039
0.487 0.477258786514828
0.488 0.479006911004672
0.489 0.480755323355796
0.49 0.48250399959999984
0.491 0.4842529157638041
0.492 0.4860020478689279
0.493 0.4877513719327722
0.494 0.489500863968896
0.495 0.4912504999874999
0.496 0.49300025599590397
0.497 0.4947501079990279
0.498 0.49650003199987197
0.499 0.4982500039999961
0.5 0.5
0.501 0.5017499960000041
0.502 0.5034999680001282
0.503 0.5052498920009724
0.504 0.5069997440040959
0.505 0.5087495000124997
0.506 0.510499136031104
0.507 0.5122486280672279
0.508 0.5139979521310719
0.509 0.5157470842361963
0.51 0.5174960003999999
0.511 0.5192446766442042
0.512 0.520993088995328
0.513 0.522741213485172
0.514 0.5244890261512959
0.515 0.5262365030374999
0.516 0.5279836201943038
0.517 0.529730353679428
0.518 0.5314766795582722
0.519 0.5332225739043962
0.52 0.5349680128000002
0.521 0.5367129723364042
0.522 0.5384574286145283
0.523 0.540201357745372
0.524 0.541944735850496
0.525 0.5436875390625002
0.526 0.5454297435255039
0.527 0.5471713253956281
0.528 0.548912260841472
0.529 0.5506525260445961
0.53 0.5523920972000003
0.531 0.5541309505166041
0.532 0.555869062217728
0.533 0.5576064085415721
0.534 0.5593429657416958
0.535 0.5610787100875
0.536 0.5628136178647041
0.537 0.564547665375828
0.538 0.5662808289406721
0.539 0.5680130848967959
0.54 0.5697444095999998
0.541 0.5714747794248041
0.542 0.5732041707649281
0.543 0.5749325600337721
0.544 0.576659923664896
0.545 0.5783862381125
0.546 0.5801114798519041
0.547 0.5818356253800282
0.548 0.5835586512158718
0.549 0.585280533900996
0.55 0.5870012500000001
0.551 0.5887207761010039
0.552 0.5904390888161282
0.553 0.5921561647819721
0.554 0.593871980660096
0.555 0.5955865131374998
0.556 0.5972997389271041
0.557 0.5990116347682279
0.558 0.600722177427072
0.559 0.6024313436971962
0.56 0.6041391104000001
0.561 0.6058454543852041
0.562 0.6075503525313284
0.5630000000000001 0.6092537817461721
0.5640000000000001 0.6109557189672961
0.5650000000000001 0.6126561411625001
0.5660000000000001 0.6143550253303038
0.5670000000000001 0.6160523485004281
0.5680000000000001 0.6177480877342721
0.5690000000000001 0.619442220125396
0.5700000000000001 0.6211347228000001
0.5710000000000001 0.6228255729174043
0.5720000000000001 0.6245147476705281
0.5730000000000001 0.626202224286372
0.5740000000000001 0.6278879800264962
0.5750000000000001 0.6295719921875
0.5760000000000001 0.631254238101504
0.577 0.6329346951366279
0.578 0.6346133406974721
0.579 0.6362901522255959
0.58 0.6379651071999999
0.581 0.6396381831376039
0.582 0.6413093575937279
0.583 0.6429786081625719
0.584 0.6446459124776962
0.585 0.6463112482124999
0.586 0.6479745930807039
0.587 0.6496359248368277
0.588 0.651295221276672
0.589 0.6529524602377962
0.59 0.6546076195999999
0.591 0.6562606772858037
0.592 0.6579116112609279
0.593 0.6595603995347721
0.594 0.6612070201608958
0.595 0.6628514512375
0.596 0.6644936709079039
0.597 0.6661336573610281
0.598 0.6677713888318718
0.599 0.6694068436019962
0.6 0.6710400000000001
0.601 0.6726708364020038
0.602 0.6742993312321278
0.603 0.6759254629629718
0.604 0.6775492101160959
0.605 0.6791705512625001
0.606 0.6807894650231039
0.607 0.6824059300692277
0.608 0.6840199251230723
0.609 0.6856314289581958
0.61 0.6872404204000001
0.611 0.6888468783262038
0.612 0.6904507816673281
0.613 0.6920521094071721
0.614 0.693650840583296
0.615 0.6952469542875
0.616 0.6968404296663038
0.617 0.698431245921428
0.618 0.7000193823102719
0.619 0.7016048181463959
0.62 0.7031875328
0.621 0.7047675056984037
0.622 0.7063447163265283
0.623 0.7079191442273721
0.624 0.7094907690024959
0.625 0.7110595703125002
0.626 0.7126255278775041
0.627 0.7141886214776281
0.628 0.7157488309534723
0.629 0.717306136206596
0.63 0.7188605171999999
0.631 0.7204119539586042
0.632 0.721960426569728
0.633 0.7235059151835722
0.634 0.7250484000136962
0.635 0.7265878613374999
0.636 0.7281242794967041
0.637 0.729657634897828
0.638 0.7311879080126721
0.639 0.7327150793787962
0.64 0.7342391296
0.641 0.7357600393468043
0.642 0.7372777893569282
0.643 0.7387923604357718
0.644 0.7403037334568962
0.645 0.7418118893625001
0.646 0.7433168091639041
0.647 0.744818473942028
0.648 0.7463168648478722
0.649 0.7478119631029961
0.65 0.7493037500000002
0.651 0.7507922069030041
0.652 0.7522773152481282
0.653 0.753759056543972
0.654 0.7552374123720962
0.655 0.7567123643875
0.656 0.7581838943191042
0.657 0.759651983970228
0.658 0.7611166152190721
0.659 0.7625777700191961
0.66 0.7640354304000001
0.661 0.7654895784672041
0.662 0.7669401964033282
0.663 0.7683872664681721
0.664 0.769830770999296
0.665 0.7712706924125001
0.666 0.772707013202304
0.667 0.774139715942428
0.668 0.7755687832862718
0.669 0.7769941979673958
0.67 0.7784159428000001
0.671 0.7798340006794039
0.672 0.7812483545825282
0.673 0.7826589875683722
0.674 0.7840658827784961
0.675 0.7854690234375004
0.676 0.786868392853504
0.677 0.7882639744186283
0.678 0.7896557516094723
0.679 0.7910437079875958
0.68 0.7924278272
0.681 0.7938080929796036
0.682 0.7951844891457281
0.683 0.7965569996045717
0.684 0.7979256083496962
0.685 0.7992902994625006
0.686 0.8006510571127041
0.687 0.8020078655588281
0.6880000000000001 0.8033607091486721
0.6890000000000001 0.8047095723197961
0.6900000000000001 0.8060544396000002
0.6910000000000001 0.8073952956078043
0.6920000000000001 0.8087321250529276
0.6930000000000001 0.8100649127367721
0.6940000000000001 0.8113936435528964
0.6950000000000001 0.8127183024875001
0.6960000000000001 0.814038874619904
0.6970000000000001 0.8153553451230282
0.6980000000000001 0.8166676992638724
0.6990000000000001 0.8179759224039965
0.7000000000000001 0.8192799999999999
0.7010000000000001 0.8205799176040041
0.7020000000000001 0.8218756608641281
0.7030000000000001 0.8231672155249719
0.704 0.8244545674280963
0.705 0.8257377025124999
0.706 0.8270166068151037
0.707 0.8282912664712279
0.708 0.8295616677150717
0.709 0.8308277968801961
0.71 0.8320896404000002
0.711 0.8333471848082042
0.712 0.8346004167393278
0.713 0.8358493229291724
0.714 0.8370938902152961
0.715 0.8383341055375002
0.716 0.8395699559383042
0.717 0.8408014285634283
0.718 0.842028510662272
0.719 0.8432511895883961
0.72 0.8444694527999999
0.721 0.8456832878604041
0.722 0.8468926824385283
0.723 0.8480976243093724
0.724 0.8492981013544959
0.725 0.8504941015625
0.726 0.8516856130295039
0.727 0.852872623959628
0.728 0.854055122665472
0.729 0.8552330975685959
0.73 0.8564065371999998
0.731 0.8575754302006043
0.732 0.8587397653217279
0.733 0.8598995314255721
0.734 0.8610547174856963
0.735 0.8622053125874998
0.736 0.8633513059287039
0.737 0.8644926868198278
0.738 0.865629444684672
0.739 0.866761569060796
0.74 0.8678890496
0.741 0.8690118760688039
0.742 0.8701300383489279
0.743 0.8712435264377719
0.744 0.872352330448896
0.745 0.8734564406124999
0.746 0.8745558472759043
0.747 0.8756505409040277
0.748 0.8767405120798725
0.749 0.877825751504996
0.75 0.87890625
0.751 0.8799819985050041
0.752 0.8810529880801278
0.753 0.8821192099059721
0.754 0.8831806552840958
0.755 0.8842373156374996
0.756 0.8852891825111042
0.757 0.886336247572228
0.758 0.8873785026110718
0.759 0.8884159395411961
0.76 0.8894485504000003
0.761 0.8904763273492043
0.762 0.891499262675328
0.763 0.8925173487901719
0.764 0.8935305782312963
0.765 0.8945389436625002
0.766 0.8955424378743041
0.767 0.8965410537844275
0.768 0.8975347844382721
0.769 0.898523623009396
0.77 0.8995075627999997
0.771 0.9004865972414042
0.772 0.9014607198945279
0.773 0.9024299244503722
0.774 0.9033942047304957
0.775 0.9043535546875001
0.776 0.9053079684055043
0.777 0.906257440100628
0.778 0.907201964121472
0.779 0.9081415349495958
0.78 0.9090761472000003
0.781 0.9100057956216044
0.782 0.910930475097728
0.783 0.9118501806465716
0.784 0.912764907421696
0.785 0.9136746507125003
0.786 0.9145794059447041
0.787 0.915479168680828
0.788 0.9163739346206722
0.789 0.9172636996017963
0.79 0.9181484596000004
0.791 0.9190282107298043
0.792 0.9199029492449279
0.793 0.920772671538772
0.794 0.9216373741448961
0.795 0.9224970537374999
0.796 0.923351707131904
0.797 0.9242013312850282
0.798 0.925045923295872
0.799 0.9258854804059958
0.8 0.9267199999999994
0.801 0.9275494796060042
0.802 0.9283739168961285
0.803 0.9291933096869718
0.804 0.9300076559400964
0.805 0.9308169537625002
0.806 0.9316212014071038
0.807 0.9324203972732285
0.808 0.9332145399070721
0.809 0.9340036280021962
0.81 0.9347876603999997
0.811 0.9355666360902045
0.812 0.9363405542113283
0.8130000000000001 0.9371094140511722
0.8140000000000001 0.9378732150472961
0.8150000000000001 0.9386319567874998
0.8160000000000001 0.9393856390103041
0.8170000000000001 0.9401342616054278
0.8180000000000001 0.9408778246142722
0.8190000000000001 0.9416163282303962
0.8200000000000001 0.9423497727999998
0.8210000000000001 0.943078158822404
0.8220000000000001 0.943801486950528
0.8230000000000001 0.944519757991372
0.8240000000000001 0.9452329729064961
0.8250000000000001 0.9459411328124996
0.8260000000000001 0.9466442389815042
0.8270000000000001 0.9473422928416279
0.8280000000000001 0.9480352959774722
0.8290000000000001 0.9487232501305964
0.8300000000000001 0.9494061571999997
0.8310000000000001 0.9500840192426044
0.8320000000000001 0.9507568384737285
0.833 0.9514246172675717
0.834 0.952087358157696
0.835 0.9527450638375003
0.836 0.9533977371607035
0.837 0.9540453811418274
0.838 0.954687998956672
0.839 0.9553255939427957
0.84 0.9559581696000005
0.841 0.9565857295908038
0.842 0.9572082777409283
0.843 0.9578258180397718
0.844 0.9584383546408957
0.845 0.9590458918624998
0.846 0.9596484341879042
0.847 0.9602459862660281
0.848 0.9608385529118719
0.849 0.961426139106996
0.85 0.96200875
0.851 0.9625863909070039
0.852 0.9631590673121283
0.853 0.9637267848679718
0.854 0.9642895493960958
0.855 0.9648473668875003
0.856 0.9654002435031038
0.857 0.9659481855742282
0.858 0.9664911996030723
0.859 0.9670292922631961
0.86 0.9675624704
0.861 0.9680907410312043
0.862 0.9686141113473279
0.863 0.969132588712172
0.864 0.9696461806632961
0.865 0.9701548949124997
0.866 0.970658739346304
0.867 0.9711577220264284
0.868 0.971651851190272
0.869 0.9721411352513961
0.87 0.9726255827999998
0.871 0.9731052026034038
0.872 0.9735800036065281
0.873 0.9740499949323722
0.874 0.9745151858824963
0.875 0.9749755859375
0.876 0.9754312047575038
0.877 0.9758820521826278
0.878 0.9763281382334722
0.879 0.9767694731115958
0.88 0.9772060672000006
0.881 0.977637931063604
0.882 0.9780650754497282
0.883 0.978487511288572
0.884 0.9789052496936961
0.885 0.9793183019624998
0.886 0.9797266795767038
0.887 0.9801303942028277
0.888 0.9805294576926722
0.889 0.9809238820837957
0.89 0.9813136796
0.891 0.9816988626518046
0.892 0.9820794438369286
0.893 0.9824554359407723
0.894 0.9828268519368966
0.895 0.9831937049875001
0.896 0.9835560084439037
0.897 0.9839137758470273
0.898 0.9842670209278724
0.899 0.9846157576079961
0.9 0.9849599999999997
0.901 0.9852997624080042
0.902 0.9856350593281282
0.903 0.9859659054489719
0.904 0.9862923156520961
0.905 0.9866143050124997
0.906 0.9869318887991042
0.907 0.9872450824752281
0.908 0.9875539016990721
0.909 0.9878583623241961
0.91 0.9881584803999998
0.911 0.9884542721722043
0.912 0.9887457540833283
0.913 0.9890329427731722
0.914 0.989315855079296
0.915 0.9895945080374996
0.916 0.9898689188823043
0.917 0.9901391050474284
0.918 0.990405084166272
0.919 0.9906668740723957
0.92 0.9909244928000002
0.921 0.9911779585844045
0.922 0.9914272898625281
0.923 0.9916725052733719
0.924 0.9919136236584963
0.925 0.9921506640625003
0.926 0.9923836457335036
0.927 0.9926125881236281
0.928 0.9928375108894724
0.929 0.9930584338925961
0.93 0.9932753771999997
0.931 0.9934883610846041
0.932 0.993697406025728
0.933 0.9939025327095719
0.934 0.9941037620296955
0.935 0.9943011150875002
0.936 0.9944946131927037
0.937 0.9946842778638286
0.9380000000000001 0.9948701308286719
0.9390000000000001 0.9950521940247957
0.9400000000000001 0.9952304895999998
0.9410000000000001 0.9954050399128042
0.9420000000000001 0.9955758675329286
0.9430000000000001 0.995742995241772
0.9440000000000001 0.9959064460328954
0.9450000000000001 0.9960662431124996
0.9460000000000001 0.9962224098999042
0.9470000000000001 0.996374970028028
0.9480000000000001 0.9965239473438718
0.9490000000000001 0.9966693659089964
0.9500000000000001 0.9968112500000007
0.9510000000000001 0.9969496241090039
0.9520000000000001 0.9970845129441284
0.9530000000000001 0.9972159414299723
0.9540000000000001 0.9973439347080962
0.9550000000000001 0.9974685181375
0.9560000000000001 0.9975897172951043
0.9570000000000001 0.9977075579762275
0.9580000000000001 0.9978220661950725
0.9590000000000001 0.9979332681851957
0.96 0.9980411904000002
0.961 0.9981458595132038
0.962 0.9982473024193281
0.963 0.9983455462341722
0.964 0.998440618295296
0.965 0.9985325461624995
0.966 0.998621357618304
0.967 0.9987070806684277
0.968 0.998789743542272
0.969 0.998869374693396
0.97 0.9989460028000005
0.971 0.9990196567654036
0.972 0.9990903657185275
0.973 0.9991581590143721
0.974 0.9992230662344957
0.975 0.9992851171875
0.976 0.9993443419095039
0.977 0.9994007706646277
0.978 0.9994544339454724
0.979 0.9995053624735962
0.98 0.9995535872000002
0.981 0.999599139305604
0.982 0.999642050201728
0.983 0.9996823515305722
0.984 0.9997200751656962
0.985 0.9997552532125003
0.986 0.9997879180087036
0.987 0.9998181021248278
0.988 0.9998458383646718
0.989 0.9998711597657964
0.99 0.9998940996000002
0.991 0.9999146913738041
0.992 0.9999329688289281
0.993 0.9999489659427717
0.994 0.9999627169288958
0.995 0.9999742562375004
0.996 0.9999836185559041
0.997 0.9999908388090275
0.998 0.999995952159872
0.999 0.999998994009996
1.0 1.0
