0.0 0.0
1.0e-3 9.985005999999998e-9
2.0e-3 7.976019199999998e-8
3.0e-3 2.6878645800000003e-7
4.0e-3 6.361661440000003e-7
5.0e-3 1.24064375e-6
6.0e-3 2.1406066560000003e-6
7.0e-3 3.3940858420000003e-6
8.0e-3 5.058756607999999e-6
9.000000000000001e-3 7.191939294000003e-6
1.0e-2 9.850600000000002e-6
1.1e-2 1.3091351305999997e-5
1.2e-2 1.6970452992000002e-5
1.3000000000000001e-2 2.1543812758e-5
1.4e-2 2.6866986943999992e-5
1.5e-2 3.299518125e-5
1.6e-2 3.998325145600001e-5
1.7e-2 4.7885704142000004e-5
1.8000000000000002e-2 5.6756697408000026e-5
1.9e-2 6.6650041594e-5
2.0e-2 7.76192e-5
2.1e-2 8.971728960600001e-5
2.2e-2 1.0299708179200002e-4
2.3e-2 1.1751100305799999e-4
2.4e-2 1.3331113574399994e-4
2.5e-2 1.5044921875000003e-4
2.6000000000000002e-2 1.6897664825600003e-4
2.7e-2 1.8894447844199997e-4
2.8e-2 2.1040342220800002e-4
2.9e-2 2.3340385189400003e-4
3.0e-2 2.579958e-4
3.1e-2 2.8422895990600004e-4
3.2e-2 3.1215268659199995e-4
3.3e-2 3.4181599735800015e-4
3.4e-2 3.73267572544e-4
3.5e-2 4.0655575625e-4
3.6000000000000004e-2 4.417285570560002e-4
3.7e-2 4.7883364874199997e-4
3.8e-2 5.179183710080001e-4
3.9e-2 5.59029730194e-4
4.0e-2 6.022144000000001e-4
4.1e-2 6.47518722206e-4
4.2e-2 6.949887073919999e-4
4.3000000000000003e-2 7.446700356579999e-4
4.4e-2 7.966080573440002e-4
4.5e-2 8.5084779375e-4
4.6e-2 9.074339378559998e-4
4.7e-2 9.664108550419996e-4
4.8e-2 1.0278225838079998e-3
4.9e-2 1.091712836494e-3
5.0e-2 1.158125e-3
5.1000000000000004e-2 1.2271021365060002e-3
5.2000000000000005e-2 1.2986869841920003e-3
5.3e-2 1.3729219579579999e-3
5.4e-2 1.4498491501439997e-3
5.5e-2 1.52951033125e-3
5.6e-2 1.6119469506559996e-3
5.7e-2 1.6972001373419998e-3
5.8e-2 1.7853107006079998e-3
5.9000000000000004e-2 1.8763191307939995e-3
6.0e-2 1.970265599999999e-3
6.1e-2 2.0671899628059995e-3
6.2e-2 2.1671317569919996e-3
6.3e-2 2.2701302042580007e-3
6.4e-2 2.376224210944e-3
6.5e-2 2.485452368750001e-3
6.6e-2 2.5978529554560002e-3
6.7e-2 2.7134639356420002e-3
6.8e-2 2.832322961407999e-3
6.9e-2 2.954467373094002e-3
7.0e-2 3.0799342000000013e-3
7.100000000000001e-2 3.208760161106002e-3
7.200000000000001e-2 3.3409816657920008e-3
7.3e-2 3.4766348145579998e-3
7.4e-2 3.615755399744001e-3
7.5e-2 3.75837890625e-3
7.6e-2 3.904540512256e-3
7.7e-2 4.054275089942e-3
7.8e-2 4.207617206208001e-3
7.9e-2 4.364601123393999e-3
8.0e-2 4.525260800000001e-3
8.1e-2 4.689629891406003e-3
8.2e-2 4.857741750592001e-3
8.3e-2 5.029629428858002e-3
8.4e-2 5.205325676544001e-3
8.5e-2 5.384862943750002e-3
8.600000000000001e-2 5.568273381056003e-3
8.700000000000001e-2 5.755588840242002e-3
8.8e-2 5.946840875007999e-3
8.9e-2 6.142060741693997e-3
9.0e-2 6.341279399999999e-3
9.1e-2 6.544527513705999e-3
9.2e-2 6.751835451392001e-3
9.3e-2 6.963233287158001e-3
9.4e-2 7.178750801344001e-3
9.5e-2 7.398417481249998e-3
9.6e-2 7.622262521856002e-3
9.7e-2 7.850314826542e-3
9.8e-2 8.082603007808e-3
9.9e-2 8.319155387994e-3
0.1 8.560000000000005e-3
0.101 8.805164588006002e-3
0.10200000000000001 9.054676608192003e-3
0.10300000000000001 9.308563229458004e-3
0.10400000000000001 9.566851334144004e-3
0.105 9.829567518749999e-3
0.106 1.0096738094656003e-2
0.107 1.0368389088842e-2
0.108 1.0644546244608002e-2
0.109 1.0925235022294e-2
0.11 1.1210480600000001e-2
0.111 1.1500307874306004e-2
0.112 1.1794741460991997e-2
0.113 1.2093805695758e-2
0.114 1.2397524634944004e-2
0.115 1.270592205625e-2
0.116 1.3019021459456001e-2
0.117 1.3336846067142001e-2
0.11800000000000001 1.3659418825408004e-2
0.11900000000000001 1.3986762404593999e-2
0.12 1.4318899199999994e-2
0.121 1.4655851332606001e-2
0.122 1.4997640649792e-2
0.123 1.5344288726058003e-2
0.124 1.5695816863743994e-2
0.125 1.6052246093749997e-2
0.126 1.6413597176256005e-2
0.127 1.6779890601442006e-2
0.128 1.7151146590208e-2
0.129 1.7527385094894005e-2
0.13 1.7908625800000005e-2
0.131 1.8294888122906e-2
0.132 1.8686191214592e-2
0.133 1.9082553960357997e-2
0.134 1.9483994980543998e-2
0.135 1.989053263125e-2
0.136 2.0302185005055998e-2
0.137 2.0718969931742007e-2
0.138 2.1140904979007995e-2
0.139 2.1568007453194003e-2
0.14 2.2000294400000002e-2
0.14100000000000001 2.2437782605206007e-2
0.14200000000000002 2.2880488595392004e-2
0.14300000000000002 2.332842863865801e-2
0.14400000000000002 2.3781618745344e-2
0.145 2.4240074668749993e-2
0.146 2.4703811905855994e-2
0.147 2.5172845698041995e-2
0.148 2.5647191031807997e-2
0.149 2.6126862639494e-2
0.15 2.6611874999999997e-2
0.151 2.710224233950599e-2
0.152 2.759797863219199e-2
0.153 2.809909760095799e-2
0.154 2.8605612718144e-2
0.155 2.9117537206249988e-2
0.156 2.9634884038656e-2
0.157 3.0157665940342002e-2
0.158 3.0685895388608e-2
0.159 3.121958461379399e-2
0.16 3.1758745600000006e-2
0.161 3.2303390085805996e-2
0.162 3.2853529564992004e-2
0.163 3.340917528725801e-2
0.164 3.3970338258944015e-2
0.165 3.453702924375001e-2
0.166 3.5109258763456e-2
0.167 3.5687037098642016e-2
0.168 3.627037428940801e-2
0.169 3.685928013609401e-2
0.17 3.74537642e-2
0.171 3.8053835804106e-2
0.17200000000000001 3.865950403379202e-2
0.17300000000000001 3.927077773755801e-2
0.17400000000000002 3.9887665527744004e-2
0.17500000000000002 4.0510175781250005e-2
0.176 4.1138316640256e-2
0.177 4.1772096012941996e-2
0.178 4.2411521574208e-2
0.179 4.305660076639398e-2
0.18 4.37073408e-2
0.181 4.4363748654406e-2
0.182 4.5025831078591996e-2
0.183 4.5693594591858e-2
0.184 4.6367045484544e-2
0.185 4.7046189818749994e-2
0.186 4.7731033429055984e-2
0.187 4.8421581923241995e-2
0.188 4.9117840683008014e-2
0.189 4.981981486469399e-2
0.19 5.052750940000002e-2
0.191 5.124092899670598e-2
0.192 5.196007813939202e-2
0.193 5.268496109015799e-2
0.194 5.341558188934402e-2
0.195 5.415194435625e-2
0.196 5.489405208985602e-2
0.197 5.5641908469542006e-2
0.198 5.6395516655808026e-2
0.199 5.7154879590993996e-2
0.2 5.7920000000000034e-2
0.201 5.869088039100602e-2
0.202 5.9467523056192e-2
0.203 6.024993007245802e-2
0.20400000000000001 6.103810330214403e-2
0.20500000000000002 6.1832044393749994e-2
0.20600000000000002 6.263175478265604e-2
0.20700000000000002 6.3437235691842e-2
0.20800000000000002 6.424848813260803e-2
0.209 6.5065512905294e-2
0.21 6.58883106e-2
0.211 6.671688159730602e-2
0.212 6.755122606899198e-2
0.213 6.8391343978758e-2
0.214 6.9237235082944e-2
0.215 7.008889893125e-2
0.216 7.094633486745601e-2
0.217 7.180954203014199e-2
0.218 7.267851935340798e-2
0.219 7.355326556759402e-2
0.22 7.443377920000002e-2
0.221 7.532005857560602e-2
0.222 7.6212101817792e-2
0.223 7.710990684905805e-2
0.224 7.801347139174399e-2
0.225 7.892279296875003e-2
0.226 7.983786890425601e-2
0.227 8.075869632444202e-2
0.228 8.1685272158208e-2
0.229 8.2617593137894e-2
0.23 8.355565579999996e-2
0.231 8.449945648590601e-2
0.232 8.544899134259198e-2
0.233 8.640425632335802e-2
0.234 8.736524718854402e-2
0.23500000000000001 8.833195950625003e-2
0.23600000000000002 8.930438865305598e-2
0.23700000000000002 9.028252981474201e-2
0.23800000000000002 9.126637798700805e-2
0.23900000000000002 9.225592797619404e-2
0.24 9.32511744e-2
0.241 9.425211168820599e-2
0.242 9.5258734083392e-2
0.243 9.627103564165801e-2
0.244 9.7289010233344e-2
0.245 9.831265154374999e-2
0.246 9.934195307385604e-2
0.247 0.10037690814104198
0.248 0.10141750987980797
0.249 0.10246375124249398
0.25 0.103515625
0.251 0.104573123742506
0.252 0.10563623988019201
0.253 0.106704965643958
0.254 0.10777929308614402
0.255 0.10885921408125
0.256 0.10994472032665605
0.257 0.11103580334334202
0.258 0.112132454476608
0.259 0.11323466489679403
0.26 0.1143424256
0.261 0.11545572740880601
0.262 0.11657456097299206
0.263 0.11769891677025807
0.264 0.11882878510694402
0.265 0.11996415611875
0.266 0.12110501977145605
0.267 0.12225136586164204
0.268 0.123403184017408
0.269 0.124560463699094
0.27 0.1257231942
0.271 0.12689136464710604
0.272 0.1280649640017921
0.273 0.129243981060558
0.274 0.13042840445574405
0.275 0.13161822265625003
0.276 0.13281342396825602
0.277 0.13401399653594204
0.278 0.13521992834220803
0.279 0.13643120720939406
0.28 0.13764782080000007
0.281 0.13886975661740603
0.28200000000000003 0.14009700200659206
0.28300000000000003 0.141329544154858
0.28400000000000003 0.14256737009254408
0.28500000000000003 0.14381046669375003
0.28600000000000003 0.14505882067705603
0.28700000000000003 0.14631241860624206
0.28800000000000003 0.147571246891008
0.289 0.148835291787694
0.29 0.15010453939999996
0.291 0.15137897567970598
0.292 0.1526585864273919
0.293 0.153943357293158
0.294 0.15523327377734394
0.295 0.15652832123125
0.296 0.15782848485785597
0.297 0.15913374971254202
0.298 0.16044410070380805
0.299 0.16175952259399404
0.3 0.16307999999999997
0.301 0.16440551739400605
0.302 0.16573605910419198
0.303 0.16707160931545803
0.304 0.168412152070144
0.305 0.16975767126875
0.306 0.17110815067065596
0.307 0.17246357389484204
0.308 0.17382392442060798
0.309 0.17518918558829402
0.31 0.1765593406
0.311 0.17793437252030597
0.312 0.17931426427699196
0.313 0.18069899866175804
0.314 0.18208855833094392
0.315 0.18348292580625006
0.316 0.18488208347545596
0.317 0.1862860135931421
0.318 0.18769469828140797
0.319 0.18910811953059406
0.32 0.19052625920000002
0.321 0.1919490990186061
0.322 0.193376620585792
0.323 0.1948088053720581
0.324 0.19624563471974404
0.325 0.19768708984375005
0.326 0.19913315183225594
0.327 0.20058380164744202
0.328 0.20203902012620803
0.329 0.2034987879808941
0.33 0.2049630858
0.331 0.20643189404890608
0.332 0.20790519307059202
0.333 0.209382963086358
0.334 0.21086518419654407
0.335 0.21235183638125013
0.336 0.21384289950105595
0.337 0.21533835329774204
0.338 0.21683817739500796
0.339 0.21834235129919408
0.34 0.21985085440000002
0.341 0.22136366597120602
0.342 0.22288076517139202
0.343 0.22440213104465812
0.34400000000000003 0.22592774252134404
0.34500000000000003 0.22745757841875006
0.34600000000000003 0.22899161744185603
0.34700000000000003 0.23052983818404205
0.34800000000000003 0.232072219127808
0.34900000000000003 0.23361873864549412
0.35000000000000003 0.23516937499999999
0.35100000000000003 0.2367241063455062
0.352 0.23828291072819194
0.353 0.239845766086958
0.354 0.241412650254144
0.355 0.24298354095625002
0.356 0.244558415814656
0.357 0.24613725234634196
0.358 0.24772002796460796
0.359 0.249306719979794
0.36 0.2508973056
0.361 0.25249176193180595
0.362 0.254090065980992
0.363 0.25569219465325793
0.364 0.257298124754944
0.365 0.25890783299375
0.366 0.260521295979456
0.367 0.2621384902246421
0.368 0.263759392145408
0.369 0.265383978062094
0.37 0.26701222420000004
0.371 0.2686441066901061
0.372 0.27027960156979197
0.373 0.2719186847835581
0.374 0.273561332183744
0.375 0.27520751953125
0.376 0.27685722249625594
0.377 0.27851041665894205
0.378 0.2801670775102081
0.379 0.2818271804523941
0.38 0.2834907008
0.381 0.285157613780406
0.382 0.28682789453459195
0.383 0.288501518117858
0.384 0.2901784595005441
0.385 0.29185869356875005
0.386 0.2935421951250561
0.387 0.2952289388892419
0.388 0.2969188994990081
0.389 0.29861205151069403
0.39 0.30030836940000005
0.391 0.302007827562706
0.392 0.303710400315392
0.393 0.30541606189615805
0.394 0.30712478646534414
0.395 0.30883654810625005
0.396 0.310551320825856
0.397 0.3122690785555419
0.398 0.3139897951518081
0.399 0.3157134443969941
0.4 0.3174400000000001
0.401 0.3191694355970061
0.402 0.3209017247521921
0.403 0.32263684095845807
0.404 0.3243747576381439
0.405 0.32611544814375004
0.406 0.3278588857586561
0.40700000000000003 0.32960504369784205
0.40800000000000003 0.331353895108608
0.40900000000000003 0.33310541307129393
0.41000000000000003 0.33485957059999993
0.41100000000000003 0.33661634064330614
0.41200000000000003 0.338375696084992
0.41300000000000003 0.3401376097447581
0.41400000000000003 0.34190205437894405
0.41500000000000004 0.3436690026812501
0.41600000000000004 0.34543842728345603
0.417 0.3472103007561419
0.418 0.348984595609408
0.419 0.3507612842935939
0.42 0.3525403392000001
0.421 0.35432173266160594
0.422 0.3561054369537921
0.423 0.35789142429505794
0.424 0.359679666847744
0.425 0.36147013671875
0.426 0.3632628059602561
0.427 0.3650576465704419
0.428 0.366854630494208
0.429 0.368653729623894
0.43 0.37045491580000006
0.431 0.37225816081190594
0.432 0.374063436398592
0.433 0.3758707142493579
0.434 0.3776799660045441
0.435 0.3794911632562498
0.436 0.381304277549056
0.437 0.3831192803807419
0.438 0.3849361432030081
0.439 0.38675483742219385
0.44 0.3885753344
0.441 0.39039760545420593
0.442 0.39222162185939213
0.443 0.39404735484765796
0.444 0.3958747756093441
0.445 0.39770385529375
0.446 0.3995345650098561
0.447 0.40136687582704184
0.448 0.4032007587758081
0.449 0.4050361848484941
0.45 0.40687312500000006
0.451 0.4087115501485061
0.452 0.4105514311761923
0.453 0.4123927389299581
0.454 0.41423544422214403
0.455 0.41607951783124986
0.456 0.4179249305026563
0.457 0.41977165294934193
0.458 0.421619655852608
0.459 0.423468909862794
0.46 0.4253193856000001
0.461 0.42717105365480595
0.462 0.4290238845889921
0.463 0.43087784893625797
0.464 0.43273291720294405
0.465 0.43458905986875007
0.466 0.43644624738745613
0.467 0.43830445018764197
0.468 0.44016363867340813
0.46900000000000003 0.44202378322509395
0.47000000000000003 0.4438848542000002
0.47100000000000003 0.44574682193310594
0.47200000000000003 0.4476096567377922
0.47300000000000003 0.4494733289065577
0.47400000000000003 0.4513378087117441
0.47500000000000003 0.45320306640624997
0.47600000000000003 0.4550690722242563
0.47700000000000004 0.456935796381942
0.47800000000000004 0.4588032090782082
0.47900000000000004 0.4606712804953938
0.48 0.4625399808
0.481 0.4644092801434059
0.482 0.46627914866259196
0.483 0.4681495564808579
0.484 0.470020473708544
0.485 0.4718918704437498
0.486 0.47376371677305584
0.487 0.475635982772242
0.488 0.47750863850700803
0.489 0.479381654033694
0.49 0.4812549993999999
0.491 0.48312864464570604
0.492 0.4850025598033919
0.493 0.4868767148991581
0.494 0.48875107995334405
0.495 0.4906256249812499
0.496 0.492500319993856
0.497 0.49437513499854197
0.498 0.496250039999808
0.499 0.49812500499999396
0.5 0.5
0.501 0.5018749950000061
0.502 0.5037499600001921
0.503 0.5056248650014583
0.504 0.5074996800061439
0.505 0.5093743750187497
0.506 0.511248920046656
0.507 0.513123285100842
0.508 0.5149974401966079
0.509 0.5168713553542942
0.51 0.5187450005999998
0.511 0.5206183459663061
0.512 0.522491361492992
0.513 0.524364017227758
0.514 0.5262362832269437
0.515 0.52810812955625
0.516 0.529979526291456
0.517 0.531850443519142
0.518 0.5337208513374082
0.519 0.535590719856594
0.52 0.5374600192000002
0.521 0.5393287195046061
0.522 0.5411967909217922
0.523 0.5430642036180581
0.524 0.544930927775744
0.525 0.5467969335937503
0.526 0.5486621912882558
0.527 0.5505266710934423
0.528 0.5523903432622081
0.529 0.5542531780668941
0.53 0.5561151458000002
0.531 0.5579762167749062
0.532 0.5598363613265921
0.533 0.561695549812358
0.534 0.5635537526125438
0.535 0.56541094013125
0.536 0.5672670827970561
0.537 0.5691221510637421
0.538 0.5709761154110081
0.539 0.5728289463451939
0.54 0.5746806143999998
0.541 0.5765310901372062
0.542 0.5783803441473921
0.543 0.5802283470506582
0.544 0.582075069497344
0.545 0.5839204821687501
0.546 0.5857645557778562
0.547 0.5876072610700421
0.548 0.5894485688238078
0.549 0.591288449851494
0.55 0.593126875
0.551 0.5949638151515059
0.552 0.5967992412241923
0.553 0.598633124172958
0.554 0.6004654349901443
0.555 0.6022961447062499
0.556 0.6041252243906561
0.557 0.6059526451523419
0.558 0.607778378140608
0.559 0.6096023945457941
0.56 0.6114246656000001
0.561 0.6132451625778063
0.562 0.6150638567969923
0.5630000000000001 0.6168807196192582
0.5640000000000001 0.6186957224509441
0.5650000000000001 0.6205088367437501
0.5660000000000001 0.6223200339954559
0.5670000000000001 0.6241292857506423
0.5680000000000001 0.625936563601408
0.5690000000000001 0.6277418391880939
0.5700000000000001 0.6295450842000002
0.5710000000000001 0.6313462703761064
0.5720000000000001 0.6331453695057921
0.5730000000000001 0.634942353429558
0.5740000000000001 0.6367371940397442
0.5750000000000001 0.63852986328125
0.5760000000000001 0.6403203331522562
0.577 0.6421085757049421
0.578 0.6438945630462081
0.579 0.645678267338394
0.58 0.6474596608
0.581 0.6492387157064058
0.582 0.6510154043905918
0.583 0.6527896992438578
0.584 0.6545615727165441
0.585 0.6563309973187498
0.586 0.658097945621056
0.587 0.6598623902552417
0.588 0.661624303915008
0.589 0.663383659356694
0.59 0.6651404293999998
0.591 0.6668945869287057
0.592 0.6686461048913919
0.593 0.670394956302158
0.594 0.6721411142413439
0.595 0.6738845518562501
0.596 0.6756252423618558
0.597 0.6773631590415421
0.598 0.6790982752478077
0.599 0.6808305644029943
0.6 0.6825600000000002
0.601 0.6842865556030059
0.602 0.686010204848192
0.603 0.6877309214444579
0.604 0.6894486791741439
0.605 0.6911634518937502
0.606 0.692875213534656
0.607 0.6945839381038418
0.608 0.6962895996846082
0.609 0.697992172437294
0.61 0.6996916306000002
0.611 0.7013879484893059
0.612 0.703081100500992
0.613 0.7047710611107582
0.614 0.7064578048749439
0.615 0.7081413064312498
0.616 0.7098215404994558
0.617 0.711498481882142
0.618 0.7131721054654078
0.619 0.714842386219594
0.62 0.7165092991999998
0.621 0.7181728195476058
0.622 0.7198329224897924
0.623 0.7214895833410583
0.624 0.7231427775037438
0.625 0.7247924804687502
0.626 0.7264386678162561
0.627 0.7280813152164419
0.628 0.7297203984302082
0.629 0.7313558933098941
0.63 0.7329877758
0.631 0.7346160219379063
0.632 0.736240607854592
0.633 0.737861509775358
0.634 0.7394787040205443
0.635 0.7410921670062498
0.636 0.7427018752450559
0.637 0.7443078053467421
0.638 0.7459099340190082
0.639 0.7475082380681943
0.64 0.7491026943999999
0.641 0.7506932800202063
0.642 0.7522799720353921
0.643 0.7538627476536578
0.644 0.7554415841853441
0.645 0.7570164590437503
0.646 0.7585873497458562
0.647 0.7601542339130419
0.648 0.7617170892718079
0.649 0.7632758936544941
0.65 0.7648306250000003
0.651 0.7663812613545062
0.652 0.7679277808721924
0.653 0.769470161815958
0.654 0.771008382558144
0.655 0.7725424215812501
0.656 0.7740722574786562
0.657 0.775597868955342
0.658 0.7771192348286081
0.659 0.778636334028794
0.66 0.7801491456000001
0.661 0.781657648700806
0.662 0.7831618226049922
0.663 0.7846616467022581
0.664 0.786157100498944
0.665 0.7876481636187501
0.666 0.789134815803456
0.667 0.7906170369136422
0.668 0.7920948069294078
0.669 0.7935681059510937
0.67 0.7950369142000002
0.671 0.7965012120191058
0.672 0.7979609798737921
0.673 0.7994161983525581
0.674 0.8008668481677441
0.675 0.8023129101562502
0.676 0.803754365280256
0.677 0.8051911946279423
0.678 0.8066233794142084
0.679 0.8080509009813936
0.68 0.8094737408000001
0.681 0.8108918804694057
0.682 0.8123053017185922
0.683 0.8137139864068578
0.684 0.8151179165245441
0.685 0.8165170741937504
0.686 0.8179114416690562
0.687 0.8193010013382422
0.6880000000000001 0.8206857357230082
0.6890000000000001 0.8220656274796942
0.6900000000000001 0.8234406594000002
0.6910000000000001 0.8248108144117061
0.6920000000000001 0.8261760755793914
0.6930000000000001 0.8275364261051581
0.6940000000000001 0.8288918493293445
0.6950000000000001 0.8302423287312501
0.6960000000000001 0.8315878479298561
0.6970000000000001 0.8329283906845422
0.6980000000000001 0.8342639408958086
0.6990000000000001 0.8355944826059943
0.7000000000000001 0.83692
0.7010000000000001 0.838240477406006
0.7020000000000001 0.8395558992961922
0.7030000000000001 0.840866250287458
0.704 0.8421715151421442
0.705 0.8434716787687496
0.706 0.8447667262226559
0.707 0.846056642706842
0.708 0.847341413572608
0.709 0.8486210243202941
0.71 0.8498954606000002
0.711 0.8511647082123063
0.712 0.8524287531089918
0.713 0.8536875813937584
0.714 0.8549411793229442
0.715 0.8561895333062502
0.716 0.8574326299074561
0.717 0.8586704558451425
0.718 0.859902997993408
0.719 0.8611302433825939
0.72 0.8623521792
0.721 0.8635687927906062
0.722 0.8647800716577925
0.723 0.8659860034640582
0.724 0.8671865760317439
0.725 0.86838177734375
0.726 0.8695715955442559
0.727 0.8707560189394421
0.728 0.8719350359982081
0.729 0.873108635352894
0.73 0.8742768057999998
0.731 0.8754395363009064
0.732 0.8765968159825919
0.733 0.877748634138358
0.734 0.8788949802285445
0.735 0.8800358438812499
0.736 0.881171214893056
0.737 0.8823010832297419
0.738 0.8834254390270079
0.739 0.8845442725911938
0.74 0.8856575743999999
0.741 0.886765335103206
0.742 0.887867545523392
0.743 0.8889641966566578
0.744 0.8900552796733441
0.745 0.8911407859187498
0.746 0.8922207069138562
0.747 0.893295034356042
0.748 0.8943637601198082
0.749 0.8954268762574941
0.75 0.896484375
0.751 0.8975362487575061
0.752 0.8985824901201919
0.753 0.8996230918589582
0.754 0.9006580469261438
0.755 0.9016873484562499
0.756 0.9027109897666563
0.757 0.9037289643583419
0.758 0.9047412659166078
0.759 0.9057478883117942
0.76 0.9067488256000004
0.761 0.9077440720238064
0.762 0.9087336220129918
0.763 0.909717470185258
0.764 0.9106956113469443
0.765 0.9116680404937502
0.766 0.9126347528114561
0.767 0.9135957436766414
0.768 0.914551008657408
0.769 0.9155005435140942
0.77 0.9164443441999996
0.771 0.9173824068621064
0.772 0.918314727841792
0.773 0.9192413036755581
0.774 0.9201621310957437
0.775 0.92107720703125
0.776 0.9219865286082561
0.777 0.9228900931509421
0.778 0.9237878981822081
0.779 0.9246799414243937
0.78 0.9255662208000002
0.781 0.9264467344324063
0.782 0.9273214806465918
0.783 0.9281904579698577
0.784 0.9290536651325442
0.785 0.9299111010687502
0.786 0.9307627649170561
0.787 0.9316086560212421
0.788 0.9324487739310079
0.789 0.9332831184026942
0.79 0.9341116894000001
0.791 0.9349344870947062
0.792 0.9357515118673916
0.793 0.9365627643081581
0.794 0.937368245217344
0.795 0.9381679556062499
0.796 0.9389618966978559
0.797 0.9397500699275422
0.798 0.9405324769438079
0.799 0.9413091196089941
0.8 0.9420799999999994
0.801 0.9428451204090064
0.802 0.9436044833441922
0.803 0.944358091530458
0.804 0.9451059479101444
0.805 0.9458480556437503
0.806 0.9465844181106559
0.807 0.9473150389098424
0.808 0.9480399218606083
0.809 0.948759071003294
0.81 0.9494724905999996
0.811 0.9501801851353066
0.812 0.9508821593169924
0.8130000000000001 0.9515784180767581
0.8140000000000001 0.9522689665709442
0.8150000000000001 0.9529538101812499
0.8160000000000001 0.9536329545154562
0.8170000000000001 0.9543064054081417
0.8180000000000001 0.9549741689214083
0.8190000000000001 0.9556362513455943
0.8200000000000001 0.9562926591999997
0.8210000000000001 0.9569433992336059
0.8220000000000001 0.9575884784257922
0.8230000000000001 0.958227903987058
0.8240000000000001 0.9588616833597441
0.8250000000000001 0.9594898242187496
0.8260000000000001 0.960112334472256
0.8270000000000001 0.9607292222624417
0.8280000000000001 0.961340495966208
0.8290000000000001 0.9619461641958944
0.8300000000000001 0.9625462357999998
0.8310000000000001 0.9631407198639063
0.8320000000000001 0.9637296257105922
0.833 0.9643129629013577
0.834 0.9648907412365438
0.835 0.9654629707562503
0.836 0.9660296617410556
0.837 0.9665908247127416
0.838 0.9671464704350082
0.839 0.9676966099141938
0.84 0.9682412544000004
0.841 0.9687804153862056
0.842 0.9693141046113923
0.843 0.9698423340596576
0.844 0.9703651159613437
0.845 0.9708824627937498
0.846 0.9713943872818562
0.847 0.9719009023990419
0.848 0.9724020213678078
0.849 0.972897757660494
0.85 0.9733881250000002
0.851 0.9738731373605058
0.852 0.9743528089681924
0.853 0.9748271543019578
0.854 0.9752961880941438
0.855 0.9757599253312503
0.856 0.9762183812546559
0.857 0.9766715713613423
0.858 0.9771195114046084
0.859 0.977562217394794
0.86 0.9779997056
0.861 0.9784319925468065
0.862 0.978859095020992
0.863 0.9792810300682581
0.864 0.9796978149949442
0.865 0.9801094673687496
0.866 0.9805160050194559
0.867 0.9809174460396425
0.868 0.9813138087854081
0.869 0.981705111877094
0.87 0.9820913741999998
0.871 0.9824726149051057
0.872 0.9828488534097921
0.873 0.9832201093985582
0.874 0.9835864028237444
0.875 0.98394775390625
0.876 0.9843041831362558
0.877 0.9846557112739419
0.878 0.9850023593502084
0.879 0.9853441486673936
0.88 0.9856811008000003
0.881 0.9860132375954059
0.882 0.9863405811745921
0.883 0.986663153932858
0.884 0.986980978540544
0.885 0.9872940779437497
0.886 0.9876024753650559
0.887 0.9879061943042418
0.888 0.9882052585390082
0.889 0.9884996921256937
0.89 0.9887895193999999
0.891 0.9890747649777065
0.892 0.9893554537553927
0.893 0.9896316109111585
0.894 0.9899032619053444
0.895 0.9901704324812503
0.896 0.9904331486658555
0.897 0.9906914367705413
0.898 0.9909453233918083
0.899 0.991194835411994
0.9 0.9914399999999998
0.901 0.9916808446120061
0.902 0.9919173969921924
0.903 0.9921496851734579
0.904 0.9923777374781443
0.905 0.9926015825187497
0.906 0.9928212491986562
0.907 0.9930367667128421
0.908 0.9932481645486081
0.909 0.9934554724862941
0.91 0.9936587205999998
0.911 0.9938579392583062
0.912 0.9940531591249923
0.913 0.9942444111597581
0.914 0.9944317266189439
0.915 0.9946151370562496
0.916 0.9947946743234563
0.917 0.9949703705711423
0.918 0.9951422582494082
0.919 0.9953103701085937
0.92 0.9954747392000002
0.921 0.9956353988766062
0.922 0.9957923827937921
0.923 0.9959457249100578
0.924 0.9960954594877445
0.925 0.9962416210937501
0.926 0.9963842446002557
0.927 0.9965233651854419
0.928 0.9966590183342083
0.929 0.9967912398388943
0.93 0.9969200657999996
0.931 0.9970455326269063
0.932 0.9971676770385919
0.933 0.9972865360643578
0.934 0.9974021470445436
0.935 0.9975145476312501
0.936 0.9976237757890557
0.937 0.9977298697957425
0.9380000000000001 0.9978328682430079
0.9390000000000001 0.9979328100371939
0.9400000000000001 0.9980297343999996
0.9410000000000001 0.9981236808692061
0.9420000000000001 0.9982146892993927
0.9430000000000001 0.998302799862658
0.9440000000000001 0.9983880530493434
0.9450000000000001 0.9984704896687496
0.9460000000000001 0.9985501508498562
0.9470000000000001 0.998627078042042
0.9480000000000001 0.998701313015808
0.9490000000000001 0.9987728978634944
0.9500000000000001 0.9988418750000007
0.9510000000000001 0.9989082871635059
0.9520000000000001 0.9989721774161925
0.9530000000000001 0.9990335891449582
0.9540000000000001 0.999092566062144
0.9550000000000001 0.9991491522062501
0.9560000000000001 0.9992033919426562
0.9570000000000001 0.9992553299643414
0.9580000000000001 0.9993050112926085
0.9590000000000001 0.9993524812777937
0.96 0.9993977856000001
0.961 0.9994409702698056
0.962 0.9994820816289922
0.963 0.9995211663512581
0.964 0.9995582714429438
0.965 0.9995934442437494
0.966 0.999626732427456
0.967 0.9996581840026417
0.968 0.999687847313408
0.969 0.999715771040094
0.97 0.9997420042000004
0.971 0.9997665961481057
0.972 0.9997895965777917
0.973 0.9998110555215579
0.974 0.9998310233517438
0.975 0.9998495507812499
0.976 0.9998666888642557
0.977 0.9998824889969414
0.978 0.9998970029182085
0.979 0.9999102827103941
0.98 0.9999223808000002
0.981 0.999933349958406
0.982 0.9999432433025921
0.983 0.999952114295858
0.984 0.9999600167485441
0.985 0.9999670048187503
0.986 0.9999731330130557
0.987 0.9999784561872418
0.988 0.9999830295470077
0.989 0.9999869086486944
0.99 0.9999901494000002
0.991 0.999992808060706
0.992 0.9999949412433922
0.993 0.9999966059141577
0.994 0.9999978593933437
0.995 0.9999987593562504
0.996 0.9999993638338561
0.997 0.9999997312135417
0.998 0.999999920239808
0.999 0.999999990014994
1.0 1.0
