0.0 0.0
1.0e-3 6.0049700279920006e-9
2.0e-3 4.807904179097599e-8
3.0e-3 1.6239773039450403e-7
4.0e-3 3.8524939455692814e-7
5.0e-3 7.530316868750002e-7
6.0e-3 1.3022480241285126e-6
7.0e-3 2.069504077583656e-6
8.0e-3 3.091504283254783e-6
9.000000000000001e-3 4.4050483720842475e-6
1.0e-2 6.047027920000002e-6
1.1e-2 8.054422917810633e-6
1.2e-2 1.0464298360897535e-5
1.3000000000000001e-2 1.3313800858663864e-5
1.4e-2 1.664015526369996e-5
1.5e-2 2.0480661320624995e-5
1.6e-2 2.487269033456436e-5
1.7e-2 2.9853681859222622e-5
1.8000000000000002e-2 3.546114040451176e-5
1.9e-2 4.1732632163694086e-5
2.0e-2 4.870578176e-5
2.1e-2 5.641826901267968e-5
2.2e-2 6.490782572244889e-5
2.3e-2 7.421223247628841e-5
2.4e-2 8.43693154715566e-5
2.5e-2 9.5416943359375e-5
2.6000000000000002e-2 1.0739302410724661e-4
2.7e-2 1.2033550188086634e-4
2.8e-2 1.3428235394508388e-4
2.9e-2 1.4927158758397751e-4
3.0e-2 1.6534123704e-4
3.1e-2 1.8252936047215512e-4
3.2e-2 2.0087403693316505e-4
3.3e-2 2.2041336336558822e-4
3.4e-2 2.4118545161684688e-4
3.5e-2 2.63228425473125e-4
3.6000000000000004e-2 2.865804177120953e-4
3.7e-2 3.112795671744349e-4
3.8e-2 3.3736401585409125e-4
3.9e-2 3.648719060072546e-4
4.0e-2 3.9384137728000013e-4
4.1e-2 4.24310563854557e-4
4.2e-2 4.56317591614166e-4
4.3000000000000003e-2 4.899005753264832e-4
4.4e-2 5.250976158454907e-4
4.5e-2 5.619467973318749e-4
4.6e-2 6.0048618449183e-4
4.7e-2 6.407538198342482e-4
4.8e-2 6.827877209462536e-4
4.9e-2 7.26625877787045e-4
5.0e-2 7.723062500000001e-4
5.1000000000000004e-2 8.198667642430052e-4
5.2000000000000005e-2 8.69345311536972e-4
5.3e-2 9.207797446324931e-4
5.4e-2 9.742078753946081e-4
5.5e-2 1.029667472205625e-3
5.6e-2 1.0871962573859716e-3
5.7e-2 1.1468319046330265e-3
5.8e-2 1.2086120364778916e-3
5.9000000000000004e-2 1.2725742217600691e-3
6.0e-2 1.3387559731199994e-3
6.1e-2 1.4071947445094197e-3
6.2e-2 1.4779279287195014e-3
6.3e-2 1.5509928549267396e-3
6.4e-2 1.6264267862565187e-3
6.5e-2 1.7042669173643762e-3
6.6e-2 1.7845503720348391e-3
6.7e-2 1.86731420079789e-3
6.8e-2 1.9525953785629235e-3
6.9e-2 2.0404308022702483e-3
7.0e-2 2.1308572885600004e-3
7.100000000000001e-2 2.2239115714585223e-3
7.200000000000001e-2 2.3196303000820777e-3
7.3e-2 2.4180500363579402e-3
7.4e-2 2.5192072527627446e-3
7.5e-2 2.6231383300781247e-3
7.6e-2 2.729879555163554e-3
7.7e-2 2.8394671187463574e-3
7.8e-2 2.9519371132288733e-3
7.9e-2 3.0673255305126994e-3
8.0e-2 3.1856682598400007e-3
8.1e-2 3.3070010856518306e-3
8.2e-2 3.4313596854634192e-3
8.3e-2 3.5587796277564174e-3
8.4e-2 3.6892963698880042e-3
8.5e-2 3.8229452560168773e-3
8.600000000000001e-2 3.959761515046037e-3
8.700000000000001e-2 4.0997802585823525e-3
8.8e-2 4.243036478912856e-3
8.9e-2 4.389565046997742e-3
9.0e-2 4.53940071048e-3
9.1e-2 4.692578091711663e-3
9.2e-2 4.849131685796645e-3
9.3e-2 5.009095858650087e-3
9.4e-2 5.172504845074216e-3
9.5e-2 5.339392746850624e-3
9.6e-2 5.509793530849003e-3
9.7e-2 5.683741027152189e-3
9.8e-2 5.861268927197594e-3
9.9e-2 6.042410781934904e-3
0.1 6.227200000000003e-3
0.101 6.415669845905145e-3
0.10200000000000001 6.607853438245275e-3
0.10300000000000001 6.8037837479204746e-3
0.10400000000000001 7.003493596374503e-3
0.105 7.207015653849371e-3
0.106 7.414382437655976e-3
0.107 7.625626310460589e-3
0.108 7.840779478587412e-3
0.109 8.059873990336896e-3
0.11 8.282941734320001e-3
0.111 8.51001443780819e-3
0.112 8.741123665099224e-3
0.113 8.976300815898697e-3
0.114 9.215577123717181e-3
0.115 9.458983654283125e-3
0.116 9.706551303971278e-3
0.117 9.958310798246677e-3
0.11800000000000001 1.021429269012422e-2
0.11900000000000001 1.0474527358643638e-2
0.12 1.0739045007359999e-2
0.121 1.1007875662849522e-2
0.122 1.1281049173230827e-2
0.123 1.1558595206701472e-2
0.124 1.1840543250089765e-2
0.125 1.2126922607421872e-2
0.126 1.2417762398504024e-2
0.127 1.2713091557519967e-2
0.128 1.301293883164354e-2
0.129 1.3317332779666265e-2
0.13 1.3626301770640009e-2
0.131 1.393987398253466e-2
0.132 1.4258077400910792e-2
0.133 1.4580939817607117e-2
0.134 1.4908488829442996e-2
0.135 1.5240751836935625e-2
0.136 1.5577756043032126e-2
0.137 1.5919528451856388e-2
0.138 1.62660958674705e-2
0.139 1.6617484892651073e-2
0.14 1.697372192768e-2
0.14100000000000001 1.7334833169149938e-2
0.14200000000000002 1.7700844608784246e-2
0.14300000000000002 1.807178203227158e-2
0.14400000000000002 1.844767101811478e-2
0.145 1.8828536936494365e-2
0.146 1.921440494814633e-2
0.147 1.9605300003254243e-2
0.148 2.000124684035581e-2
0.149 2.0402269985263604e-2
0.15 2.0808393749999998e-2
0.151 2.1219642231746428e-2
0.152 2.1636039311806684e-2
0.153 2.2057608654584327e-2
0.154 2.2484373706574225e-2
0.155 2.2916357695368105e-2
0.156 2.3353583628674134e-2
0.157 2.3796074293350268e-2
0.158 2.4243852254451807e-2
0.159 2.469693985429255e-2
0.16 2.5155359211519995e-2
0.161 2.5619132220204115e-2
0.162 2.608828054894008e-2
0.163 2.6562825639964528e-2
0.164 2.704278870828569e-2
0.165 2.7528190740826894e-2
0.166 2.8019052495583868e-2
0.167 2.8515394500795592e-2
0.168 2.9017237054128404e-2
0.169 2.9524600221873882e-2
0.17 3.003750383816e-2
0.171 3.0555967504175673e-2
0.17200000000000001 3.1080010587408714e-2
0.17300000000000001 3.160965222089688e-2
0.17400000000000002 3.214491130249265e-2
0.17500000000000002 3.2685806494140636e-2
0.176 3.3232356221168644e-2
0.177 3.37845786715917e-2
0.178 3.43424917954291e-2
0.179 3.490611330403465e-2
0.18 3.547546066943999e-2
0.181 3.605055112371065e-2
0.182 3.663140165831528e-2
0.183 3.7218029023507695e-2
0.184 3.781044972772184e-2
0.185 3.840868003697938e-2
0.186 3.90127359743104e-2
0.187 3.9622633319186536e-2
0.188 4.023838760696704e-2
0.189 4.086001412835722e-2
0.19 4.148752792888001e-2
0.191 4.212094380835933e-2
0.192 4.276027632041697e-2
0.193 4.340553977198092e-2
0.194 4.405674822280721e-2
0.195 4.471391548501311e-2
0.196 4.537705512262385e-2
0.197 4.604618045113042e-2
0.198 4.6721304537060936e-2
0.199 4.740244019756313e-2
0.2 4.808960000000004e-2
0.201 4.8782796261556904e-2
0.202 4.948204104886122e-2
0.203 5.018734617761408e-2
0.20400000000000001 5.0898723212233835e-2
0.20500000000000002 5.161618346551187e-2
0.20600000000000002 5.2339737998280504e-2
0.20700000000000002 5.3069397619092074e-2
0.20800000000000002 5.380517288391111e-2
0.209 5.454707409581706e-2
0.21 5.5295111304720014e-2
0.211 5.604929430708722e-2
0.212 5.680963264568203e-2
0.213 5.757613560931423e-2
0.214 5.8348812232602014e-2
0.215 5.9127671295745636e-2
0.216 5.991272132431263e-2
0.217 6.07039705890346e-2
0.218 6.150142710561544e-2
0.219 6.230509863455096e-2
0.22 6.311499268096002e-2
0.221 6.393111649442704e-2
0.222 6.47534770688557e-2
0.223 6.558208114233421e-2
0.224 6.641693519701133e-2
0.225 6.725804545898441e-2
0.226 6.810541789819746e-2
0.227 6.895905822835155e-2
0.228 6.981897190682554e-2
0.229 7.06851641346079e-2
0.23 7.155763985623996e-2
0.231 7.243640375976983e-2
0.232 7.33214602767169e-2
0.233 7.421281358204818e-2
0.234 7.511046759416455e-2
0.23500000000000001 7.601442597489814e-2
0.23600000000000002 7.69246921295208e-2
0.23700000000000002 7.784126920676283e-2
0.23800000000000002 7.876416009884249e-2
0.23900000000000002 7.969336744150629e-2
0.24 8.062889361408e-2
0.241 8.157074073952993e-2
0.242 8.251891068453479e-2
0.243 8.347340505956821e-2
0.244 8.443422521899142e-2
0.245 8.540137226115685e-2
0.246 8.637484702852151e-2
0.247 8.735465010777069e-2
0.248 8.834078182995288e-2
0.249 8.933324227062348e-2
0.25 9.033203124999999e-2
0.251 9.133714833312652e-2
0.252 9.234859283004891e-2
0.253 9.336636379599969e-2
0.254 9.439046003159321e-2
0.255 9.542088008303062e-2
0.256 9.6457622242315e-2
0.257 9.750068454747603e-2
0.258 9.855006478280522e-2
0.259 9.960576047910046e-2
0.26 0.10066776891391999
0.261 0.10173608711184746
0.262 0.10281071184476517
0.263 0.1038916396321379
0.264 0.1049788667413062
0.265 0.10607238918778937
0.266 0.10717220273559756
0.267 0.1082783028975538
0.268 0.10939068493562537
0.269 0.1105093438612649
0.27 0.11163427443575998
0.271 0.11276547117059349
0.272 0.11390292832781188
0.273 0.11504663992040333
0.274 0.11619659971268595
0.275 0.11735280122070314
0.276 0.1185152377126304
0.277 0.11968390220918955
0.278 0.12085878748407287
0.279 0.12203988606437605
0.28 0.12322719023104003
0.281 0.12442069201930216
0.28200000000000003 0.1256203832191557
0.28300000000000003 0.12682625537581851
0.28400000000000003 0.12803829979021114
0.28500000000000003 0.1292565075194419
0.28600000000000003 0.1304808693773034
0.28700000000000003 0.13171137593477525
0.28800000000000003 0.1329480175205367
0.289 0.1341907842214881
0.29 0.13543966588328
0.291 0.13669465211085172
0.292 0.13795573226897764
0.293 0.13922289548282327
0.294 0.14049613063850744
0.295 0.14177542638367566
0.296 0.14306077112807927
0.297 0.14435215304416518
0.298 0.14564956006767177
0.299 0.1469529798982348
0.3 0.14826239999999993
0.301 0.14957780760224532
0.302 0.15089918970000962
0.303 0.15222653305473127
0.304 0.15355982419489242
0.305 0.15489904941667437
0.306 0.1562441947846175
0.307 0.1575952461322921
0.308 0.1589521890629742
0.309 0.1603150089503326
0.31 0.16168369093912
0.311 0.16305821994587485
0.312 0.16443858065962927
0.313 0.16582475754262538
0.314 0.16721673483103813
0.315 0.1686144965357082
0.316 0.17001802644287856
0.317 0.1714273081149431
0.318 0.17284232489119813
0.319 0.1742630598886057
0.32 0.17568949600256
0.321 0.17712161590766518
0.322 0.17855940205851697
0.323 0.18000283669049447
0.324 0.18145190182055626
0.325 0.1829065792480469
0.326 0.18436685055550744
0.327 0.1858326971094957
0.328 0.18730410006141107
0.329 0.18878104034832902
0.33 0.19026349869383996
0.331 0.19175145560889767
0.332 0.1932448913926715
0.333 0.1947437861334088
0.334 0.19624811970930145
0.335 0.19775787178936072
0.336 0.1992730218342981
0.337 0.20079354909741376
0.338 0.20231943262548985
0.339 0.20385065125969296
0.34 0.20538718363647993
0.341 0.2069290081885146
0.342 0.20847610314558584
0.343 0.21002844653553643
0.34400000000000003 0.21158601618519546
0.34500000000000003 0.21314878972131945
0.34600000000000003 0.21471674457153725
0.34700000000000003 0.21628985796530373
0.34800000000000003 0.21786810693485753
0.34900000000000003 0.21945146831618695
0.35000000000000003 0.22103991874999995
0.35100000000000003 0.22263343468270344
0.352 0.22423199236738353
0.353 0.22583556786479858
0.354 0.22744413704437164
0.355 0.22905767558519313
0.356 0.2306761589770284
0.357 0.23229956252133016
0.358 0.23392786133225812
0.359 0.23556103033770365
0.36 0.23719904428032004
0.361 0.23884187771855933
0.362 0.24048950502771455
0.363 0.24214190040096661
0.364 0.24379903785043805
0.365 0.24546089120825185
0.366 0.24712743412759577
0.367 0.24879864008379252
0.368 0.25047448237537384
0.369 0.25215493412516327
0.37 0.2538399682813601
0.371 0.255529557618632
0.372 0.2572236747392113
0.373 0.2589222920739974
0.374 0.2606253818836625
0.375 0.26233291625976557
0.376 0.2640448671258687
0.377 0.26576120623865984
0.378 0.26748190518908016
0.379 0.2692069354034567
0.38 0.27093626814464006
0.381 0.2726698745131462
0.382 0.2744077254483044
0.383 0.27614979172940896
0.384 0.2778960439768756
0.385 0.2796464526534045
0.386 0.2814009880651452
0.387 0.28315962036286824
0.388 0.28492231954314207
0.389 0.2866890554495104
0.39 0.28845979777368
0.391 0.2902345160567086
0.392 0.292013179690199
0.393 0.2937957579174971
0.394 0.29558221983489535
0.395 0.2973725343928382
0.396 0.2991666703971354
0.397 0.30096459651017626
0.398 0.3027662812521502
0.399 0.3045716930022699
0.4 0.30638080000000006
0.401 0.3081935703462905
0.402 0.3100099720048108
0.403 0.3118299728031918
0.404 0.31365354043427046
0.405 0.3154806424573369
0.406 0.31731124629938756
0.40700000000000003 0.3191453192563805
0.40800000000000003 0.3209828284944969
0.40900000000000003 0.32282374105140343
0.41000000000000003 0.32466802383751997
0.41100000000000003 0.32651564363729135
0.41200000000000003 0.32836656711046114
0.41300000000000003 0.33022076079335194
0.41400000000000003 0.33207819110014586
0.41500000000000004 0.3339388243241707
0.41600000000000004 0.33580262663918925
0.417 0.3376695641006918
0.418 0.3395396026471925
0.419 0.3414127081015275
0.42 0.3432888461721601
0.421 0.3451679824544837
0.422 0.34705008243213503
0.423 0.3489351114783021
0.424 0.3508230348570447
0.425 0.3527138177246093
0.426 0.3546074251307544
0.427 0.35650382202007186
0.428 0.3584029732333201
0.429 0.3603048435087493
0.43 0.3622093974834401
0.431 0.364116599694638
0.432 0.3660264145810946
0.433 0.36793880648440863
0.434 0.36985373965037366
0.435 0.37177117823032296
0.436 0.37369108628248404
0.437 0.37561342777332896
0.438 0.3775381665789329
0.439 0.3794652664863305
0.44 0.3813946911948802
0.441 0.3833264043176238
0.442 0.38526036938265745
0.443 0.3871965498344959
0.444 0.389134909035447
0.445 0.39107541026698195
0.446 0.3930180167311137
0.447 0.39496269155177294
0.448 0.3969093977761896
0.449 0.3988580983762736
0.45 0.4008087562500001
0.451 0.4027613342227965
0.452 0.404715795048931
0.453 0.406672101412901
0.454 0.4086302159308293
0.455 0.4105901011518555
0.456 0.4125517195595348
0.457 0.4145150335732329
0.458 0.4164800055495308
0.459 0.41844659778362214
0.46 0.4204147725107202
0.461 0.42238449190745997
0.462 0.42435571809330885
0.463 0.426328413131971
0.464 0.42830253903280147
0.465 0.4302780577522143
0.466 0.432254931195099
0.467 0.43423312121623153
0.468 0.4362125896216942
0.46900000000000003 0.438193298170289
0.47000000000000003 0.44017520857496023
0.47100000000000003 0.44215828250421085
0.47200000000000003 0.44414248158352765
0.47300000000000003 0.44612776739679866
0.47400000000000003 0.4481141014877428
0.47500000000000003 0.45010144536132796
0.47600000000000003 0.4520897604852042
0.47700000000000004 0.45407900829112263
0.47800000000000004 0.4560691501763712
0.47900000000000004 0.45806014750519647
0.48 0.4600519616102399
0.481 0.4620445537939628
0.482 0.46403788533008156
0.483 0.4660319174649986
0.484 0.46802661141923535
0.485 0.4700219283888667
0.486 0.4720178295469552
0.487 0.47401427604498597
0.488 0.4760112290143027
0.489 0.47800864956754385
0.49 0.48000649880007973
0.491 0.48200473779145037
0.492 0.4840033276068007
0.493 0.4860022292983227
0.494 0.48800140390669033
0.495 0.4900008124625005
0.496 0.4920004159877122
0.497 0.4940001754970838
0.498 0.496000051999616
0.499 0.49800000649998794
0.5 0.5
0.501 0.5019999935000121
0.502 0.5039999480003843
0.503 0.5059998245029161
0.504 0.5079995840122877
0.505 0.5099991875374992
0.506 0.5119985960933097
0.507 0.5139977707016775
0.508 0.5159966723931991
0.509 0.5179952622085501
0.51 0.5199935011999199
0.511 0.5219913504324563
0.512 0.5239887709856974
0.513 0.5259857239550141
0.514 0.5279821704530444
0.515 0.529978071611133
0.516 0.5319733885807644
0.517 0.5339680825350014
0.518 0.5359621146699185
0.519 0.5379554462060371
0.52 0.5399480383897604
0.521 0.5419398524948036
0.522 0.5439308498236294
0.523 0.5459209917088774
0.524 0.5479102395147961
0.525 0.5498985546386721
0.526 0.5518858985122574
0.527 0.5538722326032014
0.528 0.5558575184164727
0.529 0.5578417174957891
0.53 0.5598247914250402
0.531 0.5618067018297113
0.532 0.5637874103783062
0.533 0.5657668787837686
0.534 0.5677450688049009
0.535 0.5697219422477856
0.536 0.5716974609671988
0.537 0.5736715868680289
0.538 0.5756442819066915
0.539 0.5776155080925398
0.54 0.57958522748928
0.541 0.581553402216378
0.542 0.5835199944504695
0.543 0.5854849664267672
0.544 0.5874482804404655
0.545 0.5894098988481442
0.546 0.5913697840691712
0.547 0.5933278985870992
0.548 0.595284204951069
0.549 0.5972386657772036
0.55 0.5991912437500003
0.551 0.6011419016237264
0.552 0.6030906022238106
0.553 0.605037308448227
0.554 0.6069819832688863
0.555 0.6089245897330179
0.556 0.6108650909645533
0.557 0.6128034501655039
0.558 0.6147396306173426
0.559 0.6166735956823761
0.56 0.61860530880512
0.561 0.6205347335136695
0.562 0.6224618334210675
0.5630000000000001 0.6243865722266712
0.5640000000000001 0.6263089137175158
0.5650000000000001 0.628228821769677
0.5660000000000001 0.6301462603496262
0.5670000000000001 0.6320611935155915
0.5680000000000001 0.6339735854189057
0.5690000000000001 0.6358834003053618
0.5700000000000001 0.6377906025165602
0.5710000000000001 0.639695156491251
0.5720000000000001 0.64159702676668
0.5730000000000001 0.643496177979928
0.5740000000000001 0.6453925748692462
0.5750000000000001 0.6472861822753906
0.5760000000000001 0.6491769651429553
0.577 0.6510648885216981
0.578 0.6529499175678654
0.579 0.6548320175455157
0.58 0.6567111538278397
0.581 0.6585872918984722
0.582 0.6604603973528074
0.583 0.6623304358993078
0.584 0.6641973733608111
0.585 0.6660611756758291
0.586 0.6679218088998542
0.587 0.6697792392066478
0.588 0.6716334328895389
0.589 0.673484356362709
0.59 0.6753319761624796
0.591 0.6771762589485961
0.592 0.6790171715055029
0.593 0.6808546807436197
0.594 0.6826887537006125
0.595 0.6845193575426632
0.596 0.6863464595657294
0.597 0.6881700271968083
0.598 0.6899900279951893
0.599 0.6918064296537096
0.6 0.6936192000000001
0.601 0.6954283069977301
0.602 0.6972337187478498
0.603 0.6990354034898237
0.604 0.7008333296028644
0.605 0.7026274656071623
0.606 0.7044177801651048
0.607 0.7062042420825028
0.608 0.7079868203098012
0.609 0.7097654839432913
0.61 0.7115402022263203
0.611 0.7133109445504896
0.612 0.715077680456858
0.613 0.716840379637132
0.614 0.7185990119348551
0.615 0.7203535473465954
0.616 0.7221039560231239
0.617 0.723850208270591
0.618 0.7255922745516954
0.619 0.7273301254868537
0.62 0.72906373185536
0.621 0.7307930645965431
0.622 0.7325180948109203
0.623 0.7342387937613405
0.624 0.7359551328741313
0.625 0.7376670837402346
0.626 0.7393746181163375
0.627 0.7410777079260028
0.628 0.742776325260789
0.629 0.7444704423813681
0.63 0.7461600317186398
0.631 0.747845065874837
0.632 0.7495255176246259
0.633 0.7512013599162077
0.634 0.7528725658724045
0.635 0.7545391087917479
0.636 0.756200962149562
0.637 0.7578580995990334
0.638 0.7595104949722854
0.639 0.7611581222814409
0.64 0.7628009557196801
0.641 0.7644389696622965
0.642 0.7660721386677423
0.643 0.7677004374786695
0.644 0.7693238410229718
0.645 0.7709423244148073
0.646 0.7725558629556285
0.647 0.7741644321352013
0.648 0.7757680076326163
0.649 0.777366565317297
0.65 0.7789600812500002
0.651 0.7805485316838134
0.652 0.7821318930651427
0.653 0.7837101420346966
0.654 0.7852832554284627
0.655 0.7868512102786808
0.656 0.7884139838148047
0.657 0.7899715534644636
0.658 0.7915238968544145
0.659 0.7930709918114855
0.66 0.79461281636352
0.661 0.7961493487403073
0.662 0.7976805673745102
0.663 0.7992064509025862
0.664 0.800726978165702
0.665 0.8022421282106394
0.666 0.8037518802906988
0.667 0.8052562138665912
0.668 0.8067551086073281
0.669 0.808248544391102
0.67 0.8097365013061598
0.671 0.8112189596516709
0.672 0.8126958999385892
0.673 0.8141673028905044
0.674 0.8156331494444927
0.675 0.8170934207519538
0.676 0.8185480981794436
0.677 0.8199971633095058
0.678 0.8214405979414832
0.679 0.8228783840923348
0.68 0.8243105039974399
0.681 0.8257369401113943
0.682 0.8271576751088019
0.683 0.8285726918850567
0.684 0.8299819735571213
0.685 0.8313855034642924
0.686 0.8327832651689618
0.687 0.8341752424573748
0.6880000000000001 0.8355614193403708
0.6890000000000001 0.8369417800541253
0.6900000000000001 0.8383163090608804
0.6910000000000001 0.8396849910496677
0.6920000000000001 0.8410478109370254
0.6930000000000001 0.842404753867708
0.6940000000000001 0.8437558052153832
0.6950000000000001 0.8451009505833256
0.6960000000000001 0.8464401758051078
0.6970000000000001 0.8477734669452691
0.6980000000000001 0.849100810299991
0.6990000000000001 0.8504221923977551
0.7000000000000001 0.8517375999999994
0.7010000000000001 0.8530470201017653
0.7020000000000001 0.8543504399323283
0.7030000000000001 0.8556478469558346
0.704 0.8569392288719213
0.705 0.858224573616324
0.706 0.8595038693614921
0.707 0.8607771045171768
0.708 0.8620442677310218
0.709 0.8633053478891487
0.71 0.8645603341167206
0.711 0.8658092157785122
0.712 0.8670519824794634
0.713 0.8682886240652252
0.714 0.8695191306226968
0.715 0.8707434924805584
0.716 0.871961700209789
0.717 0.873173744624182
0.718 0.8743796167808446
0.719 0.8755793079806977
0.72 0.8767728097689601
0.721 0.877960113935624
0.722 0.8791412125159278
0.723 0.8803160977908108
0.724 0.8814847622873694
0.725 0.8826471987792973
0.726 0.883803400287314
0.727 0.884953360079597
0.728 0.8860970716721883
0.729 0.8872345288294061
0.73 0.8883657255642394
0.731 0.8894906561387357
0.732 0.8906093150643745
0.733 0.8917216971024464
0.734 0.8928277972644032
0.735 0.8939276108122104
0.736 0.8950211332586938
0.737 0.896108360367862
0.738 0.8971892881552346
0.739 0.8982639128881528
0.74 0.8993322310860796
0.741 0.9003942395208994
0.742 0.9014499352171942
0.743 0.9024993154525239
0.744 0.9035423777576851
0.745 0.9045791199169688
0.746 0.9056095399684068
0.747 0.9066336362040001
0.748 0.9076514071699516
0.749 0.9086628516668736
0.75 0.90966796875
0.751 0.9106667577293767
0.752 0.9116592181700467
0.753 0.9126453498922291
0.754 0.9136251529714784
0.755 0.914598627738843
0.756 0.9155657747810086
0.757 0.9165265949404316
0.758 0.9174810893154649
0.759 0.9184292592604701
0.76 0.9193711063859203
0.761 0.9203066325584941
0.762 0.9212358399011573
0.763 0.922158730793237
0.764 0.9230753078704794
0.765 0.9239855740251024
0.766 0.9248895324058356
0.767 0.9257871864179515
0.768 0.926678539723283
0.769 0.9275635962402303
0.77 0.9284423601437597
0.771 0.9293148358653923
0.772 0.9301810280931742
0.773 0.9310409417716489
0.774 0.9318945821018023
0.775 0.9327419545410159
0.776 0.9335830648029889
0.777 0.9344179188576657
0.778 0.9352465229311444
0.779 0.9360688835055727
0.78 0.9368850073190399
0.781 0.9376949013654494
0.782 0.9384985728943845
0.783 0.9392960294109652
0.784 0.9400872786756875
0.785 0.9408723287042545
0.786 0.9416511877673981
0.787 0.9424238643906862
0.788 0.9431903673543177
0.789 0.9439507056929131
0.79 0.94470488869528
0.791 0.9454529259041832
0.792 0.9461948271160885
0.793 0.9469306023809082
0.794 0.9476602620017192
0.795 0.9483838165344882
0.796 0.9491012767877658
0.797 0.9498126538223859
0.798 0.950517958951139
0.799 0.9512172037384432
0.8 0.9519103999999994
0.801 0.9525975598024373
0.802 0.9532786954629395
0.803 0.9539538195488696
0.804 0.9546229448773765
0.805 0.955286084514987
0.806 0.955943251777193
0.807 0.9565944602280196
0.808 0.9572397236795831
0.809 0.9578790561916406
0.81 0.9585124720711198
0.811 0.9591399858716434
0.812 0.9597616123930331
0.8130000000000001 0.960377366680814
0.8140000000000001 0.9609872640256896
0.8150000000000001 0.9615913199630204
0.8160000000000001 0.9621895502722781
0.8170000000000001 0.9627819709764919
0.8180000000000001 0.9633685983416848
0.8190000000000001 0.9639494488762895
0.8200000000000001 0.9645245393305598
0.8210000000000001 0.9650938866959653
0.8220000000000001 0.9656575082045712
0.8230000000000001 0.966215421328408
0.8240000000000001 0.9667676437788316
0.8250000000000001 0.9673141935058589
0.8260000000000001 0.9678550886975072
0.8270000000000001 0.9683903477791027
0.8280000000000001 0.968919989412591
0.8290000000000001 0.9694440324958248
0.8300000000000001 0.9699624961618395
0.8310000000000001 0.9704753997781265
0.8320000000000001 0.970982762945872
0.833 0.971484605499204
0.834 0.9719809475044158
0.835 0.9724718092591736
0.836 0.9729572112917138
0.837 0.9734371743600346
0.838 0.9739117194510601
0.839 0.9743808677797955
0.84 0.9748446407884804
0.841 0.9753030601457069
0.842 0.9757561477455486
0.843 0.9762039257066492
0.844 0.9766464163713253
0.845 0.9770836423046317
0.846 0.9775156262934258
0.847 0.9779423913454157
0.848 0.9783639606881928
0.849 0.9787803577682537
0.85 0.9791916062500005
0.851 0.9795977300147364
0.852 0.9799987531596447
0.853 0.9803946999967452
0.854 0.9807855950518535
0.855 0.9811714630635061
0.856 0.9815523289818852
0.857 0.9819282179677288
0.858 0.9822991553912161
0.859 0.9826651668308501
0.86 0.9830262780723199
0.861 0.9833825151073496
0.862 0.9837339041325294
0.863 0.9840804715481435
0.864 0.9844222439569683
0.865 0.9847592481630639
0.866 0.9850915111705568
0.867 0.9854190601823937
0.868 0.9857419225990892
0.869 0.9860601260174654
0.87 0.9863736982293595
0.871 0.9866826672203333
0.872 0.9869870611683565
0.873 0.9872869084424802
0.874 0.9875822376014967
0.875 0.9878730773925781
0.876 0.9881594567499099
0.877 0.9884414047932983
0.878 0.9887189508267694
0.879 0.9889921243371503
0.88 0.9892609549926404
0.881 0.9895254726413562
0.882 0.9897857073098758
0.883 0.9900416892017535
0.884 0.9902934486960288
0.885 0.9905410163457163
0.886 0.9907844228762827
0.887 0.9910236991841009
0.888 0.991258876334901
0.889 0.9914899855621911
0.89 0.9917170582656798
0.891 0.9919401260096635
0.892 0.9921592205214136
0.893 0.9923743736895401
0.894 0.9925856175623448
0.895 0.9927929843461507
0.896 0.9929965064036249
0.897 0.9931962162520785
0.898 0.9933921465617552
0.899 0.993584330154095
0.9 0.9937727999999995
0.901 0.9939575892180654
0.902 0.9941387310728028
0.903 0.9943162589728478
0.904 0.9944902064691512
0.905 0.994660607253149
0.906 0.9948274951549261
0.907 0.9949909041413498
0.908 0.9951508683142033
0.909 0.9953074219082885
0.91 0.9954605992895196
0.911 0.9956104349530024
0.912 0.9957569635210876
0.913 0.9959002197414175
0.914 0.9960402384849537
0.915 0.9961770547439829
0.916 0.9963107036301124
0.917 0.996441220372244
0.918 0.9965686403145366
0.919 0.9966929989143476
0.92 0.9968143317401604
0.921 0.9969326744694876
0.922 0.9970480628867714
0.923 0.9971605328812536
0.924 0.9972701204448371
0.925 0.9973768616699221
0.926 0.9974807927472369
0.927 0.997581949963642
0.928 0.9976803696999181
0.929 0.9977760884285416
0.93 0.99786914271144
0.931 0.9979595691977301
0.932 0.9980474046214369
0.933 0.9981326857992016
0.934 0.9982154496279646
0.935 0.9982957330826354
0.936 0.998373573213743
0.937 0.9984490071450739
0.9380000000000001 0.9985220720712804
0.9390000000000001 0.9985928052554907
0.9400000000000001 0.9986612440268796
0.9410000000000001 0.9987274257782405
0.9420000000000001 0.9987913879635228
0.9430000000000001 0.9988531680953671
0.9440000000000001 0.9989128037426136
0.9450000000000001 0.9989703325277938
0.9460000000000001 0.9990257921246056
0.9470000000000001 0.9990792202553672
0.9480000000000001 0.9991306546884628
0.9490000000000001 0.9991801332357578
0.9500000000000001 0.999227693750001
0.9510000000000001 0.999273374122213
0.9520000000000001 0.9993172122790542
0.9530000000000001 0.9993592461801658
0.9540000000000001 0.9993995138155083
0.9550000000000001 0.9994380532026683
0.9560000000000001 0.9994749023841549
0.9570000000000001 0.9995100994246732
0.9580000000000001 0.9995436824083861
0.9590000000000001 0.9995756894361452
0.96 0.9996061586227202
0.961 0.9996351280939925
0.962 0.9996626359841462
0.963 0.9996887204328256
0.964 0.9997134195822881
0.965 0.9997367715745263
0.966 0.9997588145483832
0.967 0.9997795866366341
0.968 0.9997991259630669
0.969 0.999817470639528
0.97 0.999834658762961
0.971 0.9998507284124156
0.972 0.999865717646054
0.973 0.9998796644981189
0.974 0.9998926069758922
0.975 0.9999045830566407
0.976 0.9999156306845279
0.977 0.9999257877675233
0.978 0.9999350921742782
0.979 0.9999435817309879
0.98 0.9999512942182402
0.981 0.9999582673678364
0.982 0.9999645388595956
0.983 0.9999701463181409
0.984 0.9999751273096656
0.985 0.9999795193386801
0.986 0.9999833598447357
0.987 0.9999866861991408
0.988 0.9999895357016387
0.989 0.9999919455770832
0.99 0.9999939529720803
0.991 0.9999955949516279
0.992 0.9999969084957168
0.993 0.9999979304959218
0.994 0.9999986977519755
0.995 0.9999992469683137
0.996 0.9999996147506055
0.997 0.9999998376022694
0.998 0.9999999519209584
0.999 0.9999999939950299
1.0 1.0
