0.0 0.0
1.0e-3 5.067275299820039e-4
2.0e-3 1.0268204794242558e-3
3.0e-3 1.5601449256289163e-3
4.0e-3 2.1065676615843842e-3
5.0e-3 2.6659561938125005e-3
6.0e-3 3.2381787402186247e-3
7.0e-3 3.823104227944596e-3
8.0e-3 4.420602291224576e-3
9.000000000000001e-3 5.030543269243765e-3
1.0e-2 5.652798204000001e-3
1.1e-2 6.287238838168244e-3
1.2e-2 6.9337376129679365e-3
1.3000000000000001e-2 7.592167666033234e-3
1.4e-2 8.26240282928614e-3
1.5e-2 8.944317626812498e-3
1.6e-2 9.637787272740865e-3
1.7e-2 1.0342687669124277e-2
1.8000000000000002e-2 1.1058895403824898e-2
1.9e-2 1.1786287748401523e-2
2.0e-2 1.2524742656e-2
2.1e-2 1.3274138759246485e-2
2.2e-2 1.4034355368143615e-2
2.3e-2 1.4805272467969555e-2
2.4e-2 1.55867707171799e-2
2.5e-2 1.6378731445312496e-2
2.6000000000000002e-2 1.7181036650895105e-2
2.7e-2 1.799356899935595e-2
2.8e-2 1.8816211820937213e-2
2.9e-2 1.964884910861128e-2
3.0e-2 2.0491365516e-2
3.1e-2 2.1343646355296723e-2
3.2e-2 2.220557759519129e-2
3.3e-2 2.3077045858797877e-2
3.4e-2 2.3957938421585664e-2
3.5e-2 2.4848143209312498e-2
3.6000000000000004e-2 2.574754879596134e-2
3.7e-2 2.6656044401679627e-2
3.8e-2 2.7573519890721532e-2
3.9e-2 2.8499865769393038e-2
4.0e-2 2.9434973184000002e-2
4.1e-2 3.0378733918798962e-2
4.2e-2 3.133104039395097e-2
4.3000000000000003e-2 3.2291785663478186e-2
4.4e-2 3.326086341322342e-2
4.5e-2 3.42381679588125e-2
4.6e-2 3.522359424361958e-2
4.7e-2 3.621703783673531e-2
4.8e-2 3.721839493093784e-2
4.9e-2 3.822756234066679e-2
5.0e-2 3.924443750000001e-2
5.1000000000000004e-2 4.02689184606332e-2
5.2000000000000005e-2 4.1300903889862656e-2
5.3e-2 4.234029306857049e-2
5.4e-2 4.338698588921318e-2
5.5e-2 4.44408828538125e-2
5.6e-2 4.5501885071949806e-2
5.7e-2 4.656989425876299e-2
5.8e-2 4.764481273294618e-2
5.9000000000000004e-2 4.872654341475254e-2
6.0e-2 4.981498982399998e-2
6.1e-2 5.091005607807944e-2
6.2e-2 5.2011646889966304e-2
6.3e-2 5.311966756623487e-2
6.4e-2 5.423402400507492e-2
6.5e-2 5.535462269431253e-2
6.6e-2 5.6481370709432044e-2
6.7e-2 5.761417571160269e-2
6.8e-2 5.875294594570646e-2
6.9e-2 5.9897590238370366e-2
7.0e-2 6.1048017995999994e-2
7.100000000000001e-2 6.220413920281771e-2
7.200000000000001e-2 6.336586441890199e-2
7.3e-2 6.453310477823118e-2
7.4e-2 6.570577198672872e-2
7.5e-2 6.688377832031249e-2
7.6e-2 6.806703662294633e-2
7.7e-2 6.925546030469437e-2
7.8e-2 7.044896333977883e-2
7.9e-2 7.16474602646401e-2
8.0e-2 7.285086617600002e-2
8.1e-2 7.405909672892795e-2
8.2e-2 7.527206813490972e-2
8.3e-2 7.64896971599195e-2
8.4e-2 7.771190112249449e-2
8.5e-2 7.893859789181253e-2
8.600000000000001e-2 8.016970588577257e-2
8.700000000000001e-2 8.140514406907808e-2
8.8e-2 8.264483195132315e-2
8.9e-2 8.388868958508183e-2
9.0e-2 8.5136637564e-2
9.1e-2 8.638859702089018e-2
9.2e-2 8.764448962582941e-2
9.3e-2 8.890423758425982e-2
9.4e-2 9.016776363509225e-2
9.5e-2 9.143499104881249e-2
9.6e-2 9.270584362559081e-2
9.7e-2 9.398024569339375e-2
9.8e-2 9.525812210609945e-2
9.9e-2 9.653939824161561e-2
0.1 9.782400000000004e-2
0.101 9.911185380158444e-2
0.10200000000000001 0.10040288658510106
0.10300000000000001 0.10169702580581214
0.10400000000000001 0.10299419943364203
0.105 0.10429433595131248
0.106 0.10559736435248107
0.107 0.10690321413988142
0.108 0.10821181532346781
0.109 0.1095230984185614
0.11 0.11083699444400004
0.111 0.1121534349202907
0.112 0.11347235186776473
0.113 0.11479367780473644
0.114 0.11611734574566376
0.115 0.11744328919931249
0.116 0.11877144216692329
0.117 0.12010173914038108
0.11800000000000001 0.12143411510038811
0.11900000000000001 0.1227685055146391
0.12 0.12410484633599998
0.121 0.12544307400068885
0.122 0.12678312542646042
0.123 0.12812493801079278
0.124 0.12946844962907747
0.125 0.13081359863281247
0.126 0.1321603238477975
0.127 0.13350856457233273
0.128 0.13485826057542039
0.129 0.1362093520949689
0.13 0.13756177983600007
0.131 0.1389154849688591
0.132 0.1402704091274281
0.133 0.14162649440734104
0.134 0.14298368336420322
0.135 0.14434191901181254
0.136 0.14570114482038368
0.137 0.14706130471477646
0.138 0.1484223430727247
0.139 0.14978420472307064
0.14 0.15114683494399997
0.14100000000000001 0.15251017946128143
0.14200000000000002 0.1538741844465078
0.14300000000000002 0.15523879651534145
0.14400000000000002 0.156603962725761
0.145 0.15796963057631241
0.146 0.15933574800436193
0.147 0.1607022633843521
0.148 0.16206912552606104
0.149 0.16343628367286442
0.15 0.16480368749999996
0.151 0.16617128711283552
0.152 0.1675390330451394
0.153 0.16890687625735368
0.154 0.17027476813487075
0.155 0.17164266048631238
0.156 0.17301050554181224
0.157 0.1743782559512998
0.158 0.17574586478278936
0.159 0.1771132855206701
0.16 0.17848047206399992
0.161 0.1798473787248018
0.162 0.18121396022636316
0.163 0.18258017170153806
0.164 0.18394596869105256
0.165 0.18531130714181254
0.166 0.1866761434052144
0.167 0.1880404342354595
0.168 0.18940413678786974
0.169 0.19076720861720797
0.17 0.192129607676
0.171 0.19349129231286002
0.17200000000000001 0.19485222127081886
0.17300000000000001 0.19621235368565432
0.17400000000000002 0.19757164908422628
0.17500000000000002 0.19893006738281252
0.176 0.20028756888544877
0.177 0.20164411428227108
0.178 0.20299966464786207
0.179 0.20435418143959755
0.18 0.20570762649600002
0.181 0.20705996203509028
0.182 0.2084111506527465
0.183 0.20976115532106265
0.184 0.21110993938671216
0.185 0.2124574665693125
0.186 0.213803700959795
0.187 0.2151486070187748
0.188 0.2164921495749264
0.189 0.21783429382335937
0.19 0.21917500532400014
0.191 0.22051424999997243
0.192 0.22185199413598627
0.193 0.2231882043767229
0.194 0.22452284772522998
0.195 0.22585589154131241
0.196 0.22718730353993333
0.197 0.2285170517896104
0.198 0.22984510471082278
0.199 0.23117143107441313
0.2 0.23249600000000017
0.201 0.2338187809543868
0.202 0.23513974374997784
0.203 0.2364588585431953
0.20400000000000001 0.23777609583289974
0.20500000000000002 0.2390914264588124
0.20600000000000002 0.24040482159994359
0.20700000000000002 0.24171625277301811
0.20800000000000002 0.24302569183091108
0.209 0.244333110961079
0.21 0.24563848268400013
0.211 0.2469417798516132
0.212 0.2482429756457616
0.213 0.24954204357663967
0.214 0.25083895748124135
0.215 0.25213369152181253
0.216 0.2534262201843057
0.217 0.2547165182768379
0.218 0.2560045609281513
0.219 0.2572903235860768
0.22 0.25857378201600006
0.221 0.2598549122993314
0.222 0.2611336908319773
0.223 0.26241009432281615
0.224 0.2636840997921751
0.225 0.26495568457031266
0.226 0.26622482629589994
0.227 0.26749150291450957
0.228 0.2687556926771037
0.229 0.27001737413852644
0.23 0.2712765261559999
0.231 0.2725331278876216
0.232 0.27378715879086485
0.233 0.2750385986210843
0.234 0.276287427430021
0.23500000000000001 0.27753362556431255
0.23600000000000002 0.2787771736640061
0.23700000000000002 0.2800180526610733
0.23800000000000002 0.2812562437779281
0.23900000000000002 0.2824917285259484
0.24 0.283724488704
0.241 0.28495450639696374
0.242 0.28618176397426454
0.243 0.28740624408840465
0.244 0.2886279296734987
0.245 0.2898468039438124
0.246 0.2910628503923045
0.247 0.29227605278916885
0.248 0.2934863951803842
0.249 0.29469386188626195
0.25 0.2958984375
0.251 0.29710010688623806
0.252 0.29829885517961635
0.253 0.29949466778333694
0.254 0.30068753036772844
0.255 0.3018774288688125
0.256 0.3030643494868748
0.257 0.3042482786850366
0.258 0.3054292031878325
0.259 0.30660710997978785
0.26 0.307781986304
0.261 0.3089538196607242
0.262 0.3101225978059601
0.263 0.3112883087500413
0.264 0.31245094075623014
0.265 0.31361048233931244
0.266 0.31476692226419695
0.267 0.3159202495445163
0.268 0.3170704534412329
0.269 0.31821752346124554
0.27 0.3193614493559999
0.271 0.32050222112010246
0.272 0.3216398289899358
0.273 0.32277426344227744
0.274 0.323905515192924
0.275 0.3250335751953125
0.276 0.3261584346391511
0.277 0.32728008494904803
0.278 0.32839851778314527
0.279 0.32951372503175536
0.28 0.330625698816
0.281 0.3317344314864528
0.28200000000000003 0.3328399156217834
0.28300000000000003 0.3339421440274058
0.28400000000000003 0.33504110973412987
0.28500000000000003 0.33613680599681256
0.28600000000000003 0.3372292262930173
0.28700000000000003 0.3383183643216717
0.28800000000000003 0.3394042140017295
0.289 0.34048676947083717
0.29 0.341566025084
0.291 0.34264197541225516
0.292 0.34371461524134284
0.293 0.3447839395703862
0.294 0.34584994361056726
0.295 0.34691262278381263
0.296 0.3479719727214755
0.297 0.34902798926302747
0.298 0.35008066845474584
0.299 0.3511300065484109
0.3 0.3521759999999998
0.301 0.3532186454683894
0.302 0.35425793981405446
0.303 0.35529388009777874
0.304 0.356326463579357
0.305 0.35735568771631254
0.306 0.35838155016260576
0.307 0.3594040487673552
0.308 0.36042318157355413
0.309 0.3614389468167966
0.31 0.36245134292399994
0.311 0.36346036851213553
0.312 0.36446602238695824
0.313 0.36546830354174303
0.314 0.3664672111560187
0.315 0.3674627445943126
0.316 0.368454903404888
0.317 0.36944368731849486
0.318 0.3704290962471144
0.319 0.3714111302827145
0.32 0.3723897896959999
0.321 0.3733650749351739
0.322 0.3743369866246939
0.323 0.3753055255640393
0.324 0.37627069272647257
0.325 0.37723248925781266
0.326 0.3781909164752021
0.327 0.37914597586588655
0.328 0.38009766908598686
0.329 0.3810459979592843
0.33 0.38199096447599984
0.331 0.3829325707915841
0.332 0.3838708192255017
0.333 0.3848057122600276
0.334 0.38573725253903846
0.335 0.3866654428668126
0.336 0.3875902862068284
0.337 0.38851178568057004
0.338 0.389429944566331
0.339 0.39034476629802606
0.34 0.3912562544639998
0.341 0.39216441280584624
0.342 0.3930692452172213
0.343 0.393970755742668
0.34400000000000003 0.39486894857643606
0.34500000000000003 0.3957638280613126
0.34600000000000003 0.39665539868744665
0.34700000000000003 0.3975436650911859
0.34800000000000003 0.3984286320539074
0.34900000000000003 0.39931030450085986
0.35000000000000003 0.40018868749999975
0.35100000000000003 0.40106378626084066
0.352 0.401935606133293
0.353 0.4028041526065202
0.354 0.4036694313077861
0.355 0.4045314480013125
0.356 0.4053902085871372
0.357 0.40624571909997326
0.358 0.4070979857080758
0.359 0.4079470147121053
0.36 0.4087928125440001
0.361 0.40963538576584635
0.362 0.4104747410687567
0.363 0.41131088527174436
0.364 0.4121438253206077
0.365 0.41297356828681236
0.366 0.4138001213663792
0.367 0.41462349187877323
0.368 0.41544368726579617
0.369 0.4162607150904832
0.37 0.4170745830360002
0.371 0.41788529890454507
0.372 0.4186928706162523
0.373 0.41949730620810083
0.374 0.4202986138328215
0.375 0.4210968017578125
0.376 0.4218918783640534
0.377 0.4226838521450248
0.378 0.4234727317056285
0.379 0.42425852576111295
0.38 0.4250412431360001
0.381 0.42582089276301505
0.382 0.4265974836820201
0.383 0.4273710250389492
0.384 0.4281415260847473
0.385 0.4289089961743126
0.386 0.42967344476543984
0.387 0.4304348814177683
0.388 0.4311933157917328
0.389 0.43194875764751467
0.39 0.432701216844
0.391 0.4334507033377372
0.392 0.43419722718189985
0.393 0.43494079852524936
0.394 0.4356814276111052
0.395 0.4364191247763125
0.396 0.4371539004502181
0.397 0.43788576515364397
0.398 0.43861472949786906
0.399 0.4393408041836086
0.4 0.44006400000000007
0.401 0.4407843278235918
0.402 0.44150179861733146
0.403 0.4422164234295617
0.404 0.44292821339301475
0.405 0.44363717972381245
0.406 0.4443433337204684
0.40700000000000003 0.44504668676289183
0.40800000000000003 0.44574725031139734
0.40900000000000003 0.446445035905714
0.41000000000000003 0.44714005516399996
0.41100000000000003 0.44783231978185795
0.41200000000000003 0.4485218415313552
0.41300000000000003 0.449208632260046
0.41400000000000003 0.44989270388999664
0.41500000000000004 0.45057406841681263
0.41600000000000004 0.4512527379086705
0.417 0.45192872450535126
0.418 0.4526020404172779
0.419 0.4532726979245518
0.42 0.4539407093760003
0.421 0.45460608718821593
0.422 0.4552688438446111
0.423 0.45592899189446223
0.424 0.4565865439519704
0.425 0.4572415126953124
0.426 0.4578939108657051
0.427 0.45854375126646274
0.428 0.4591910467620702
0.429 0.45983581027724174
0.43 0.46047805479600024
0.431 0.4611177933607462
0.432 0.4617550390713386
0.433 0.46238980508417044
0.434 0.46302210461125626
0.435 0.46365195091931233
0.436 0.46427935732885095
0.437 0.4649043372132666
0.438 0.4655269039979345
0.439 0.46614707115930315
0.44 0.4667648522240002
0.441 0.46738026076792827
0.442 0.4679933104153784
0.443 0.4686040148381309
0.444 0.4692123877545741
0.445 0.4698184429288124
0.446 0.4704221941697893
0.447 0.4710236553304022
0.448 0.47162284030663076
0.449 0.4722197630366573
0.45 0.47281443750000013
0.451 0.47340687771664264
0.452 0.4739970977461702
0.453 0.4745851116869033
0.454 0.4751709336750438
0.455 0.4757545778838123
0.456 0.4763360585225997
0.457 0.47691538983611015
0.458 0.47749258610351897
0.459 0.4780676616376229
0.46 0.47864063078400026
0.461 0.4792115079201688
0.462 0.47978030745475375
0.463 0.48034704382664745
0.464 0.48091173150418537
0.465 0.48147438498431233
0.466 0.48203501879176186
0.467 0.48259364747822975
0.468 0.4831502856215596
0.46900000000000003 0.4837049478249207
0.47000000000000003 0.4842576487160003
0.47100000000000003 0.48480840294618693
0.47200000000000003 0.48535722518976937
0.47300000000000003 0.48590413014312367
0.47400000000000003 0.48644913252391936
0.47500000000000003 0.4869922470703123
0.47600000000000003 0.48753348854015627
0.47700000000000004 0.48807287171020153
0.47800000000000004 0.48861041137531186
0.47900000000000004 0.4891461223476702
0.48 0.48968001945600004
0.481 0.4902121175447774
0.482 0.4907424314734568
0.483 0.4912709761156922
0.484 0.4917977663585647
0.485 0.49232281710181236
0.486 0.4928461432570621
0.487 0.4933677597470652
0.488 0.493887681504936
0.489 0.4944059234733922
0.49 0.4949225006039997
0.491 0.4954374278564198
0.492 0.4959507201976565
0.493 0.49646239260131264
0.494 0.49697246004684265
0.495 0.49748093751881245
0.496 0.49798784000616036
0.497 0.49849318250146074
0.498 0.49899698000019227
0.499 0.4994992475000059
0.5 0.5
0.501 0.5004992524999939
0.502 0.5009970199998085
0.503 0.5014933174985451
0.504 0.5019881599938723
0.505 0.5024815624813123
0.506 0.5029735399535306
0.507 0.5034641073996285
0.508 0.5039532798044405
0.509 0.504441072147832
0.51 0.504927499404
0.511 0.5054125765407803
0.512 0.505896318518952
0.513 0.5063787402915493
0.514 0.5068598568031739
0.515 0.5073396829893124
0.516 0.5078182337756527
0.517 0.5082955240774084
0.518 0.508771568798641
0.519 0.5092463828315896
0.52 0.5097199810560001
0.521 0.5101923783384587
0.522 0.5106635895317277
0.523 0.5111336294740857
0.524 0.5116025129886679
0.525 0.5120702548828127
0.526 0.5125368699474069
0.527 0.5130023729562401
0.528 0.5134667786653532
0.529 0.5139301018123995
0.53 0.5143923571160002
0.531 0.5148535592751088
0.532 0.5153137229683753
0.533 0.5157728628535141
0.534 0.5162309935666735
0.535 0.5166881297218123
0.536 0.5171442859100734
0.537 0.5175994766991634
0.538 0.5180537166327376
0.539 0.5185070202297808
0.54 0.5189594019839998
0.541 0.519410876363211
0.542 0.519861457808735
0.543 0.5203111607347941
0.544 0.5207599995279113
0.545 0.5212079885463123
0.546 0.5216551421193318
0.547 0.5221014745468193
0.548 0.5225470000985538
0.549 0.5229917330136549
0.55 0.5234356875000001
0.551 0.5238788777336449
0.552 0.5243213178582469
0.553 0.5247630219844864
0.554 0.5252040041895012
0.555 0.5256442785163123
0.556 0.5260838589732619
0.557 0.5265227595334467
0.558 0.5269609941341621
0.559 0.5273985766763406
0.56 0.527835521024
0.561 0.5282718410036916
0.562 0.5287075504039505
0.5630000000000001 0.5291426629747509
0.5640000000000001 0.529577192426963
0.5650000000000001 0.5300111524318124
0.5660000000000001 0.5304445566203441
0.5670000000000001 0.5308774185828867
0.5680000000000001 0.5313097518685226
0.5690000000000001 0.5317415699845582
0.5700000000000001 0.5321728863960002
0.5710000000000001 0.5326037145250299
0.5720000000000001 0.5330340677504858
0.5730000000000001 0.533463959407347
0.5740000000000001 0.5338934027862168
0.5750000000000001 0.5343224111328125
0.5760000000000001 0.5347509976474583
0.577 0.5351791754845785
0.578 0.535606957752195
0.579 0.536034357511428
0.58 0.5364613877759999
0.581 0.5368880615117398
0.582 0.5373143916360936
0.583 0.5377403910176355
0.584 0.5381660724755828
0.585 0.5385914487793123
0.586 0.5390165326478844
0.587 0.5394413367495619
0.588 0.5398658737013393
0.589 0.5402901560684699
0.59 0.5407141963639998
0.591 0.5411380070483018
0.592 0.5415616005286134
0.593 0.5419849891585761
0.594 0.5424081852377803
0.595 0.5428312010113125
0.596 0.5432540486693026
0.597 0.5436767403464778
0.598 0.5440992881217154
0.599 0.5445217040176037
0.6 0.5449440000000001
0.601 0.5453661879775963
0.602 0.545788279801485
0.603 0.5462102872647281
0.604 0.5466322221019299
0.605 0.5470540959888127
0.606 0.5474759205417928
0.607 0.5478977073175652
0.608 0.5483194678126838
0.609 0.5487412134631493
0.61 0.5491629556440002
0.611 0.5495847056689027
0.612 0.5500064747897488
0.613 0.5504282741962527
0.614 0.5508501150155518
0.615 0.5512720083118123
0.616 0.551693965085835
0.617 0.552115996274665
0.618 0.552538112751204
0.619 0.5529603253238271
0.62 0.553382644736
0.621 0.5538050816659007
0.622 0.5542276467260446
0.623 0.554650350462909
0.624 0.5550732033565653
0.625 0.5554962158203126
0.626 0.5559193982003096
0.627 0.5563427607752168
0.628 0.5567663137558365
0.629 0.5571900672847568
0.63 0.5576140314359999
0.631 0.5580382162146714
0.632 0.558462631556612
0.633 0.5588872873280571
0.634 0.5593121933252915
0.635 0.5597373592743123
0.636 0.5601627948304958
0.637 0.5605885095782605
0.638 0.5610145130307407
0.639 0.5614408146294588
0.64 0.5618674237440001
0.641 0.5622943496716936
0.642 0.562721601637292
0.643 0.5631491887926572
0.644 0.5635771202164491
0.645 0.5640054049138128
0.646 0.5644340518160741
0.647 0.564863069780436
0.648 0.5652924675896771
0.649 0.5657222539518526
0.65 0.5661524375000001
0.651 0.5665830267918477
0.652 0.5670140303095236
0.653 0.5674454564592698
0.654 0.5678773135711588
0.655 0.5683096098988125
0.656 0.5687423536191244
0.657 0.5691755528319838
0.658 0.5696092155600055
0.659 0.5700433497482582
0.66 0.5704779632639999
0.661 0.5709130638964138
0.662 0.5713486593563472
0.663 0.5717847572760539
0.664 0.5722213652089406
0.665 0.5726584906293125
0.666 0.5730961409321265
0.667 0.5735343234327435
0.668 0.5739730453666855
0.669 0.5744123138893956
0.67 0.5748521360759999
0.671 0.575292518921072
0.672 0.5757334693384029
0.673 0.5761749941607704
0.674 0.5766171001397145
0.675 0.5770597939453128
0.676 0.5775030821659608
0.677 0.5779469713081552
0.678 0.5783914677962781
0.679 0.5788365779723855
0.68 0.579282308096
0.681 0.579728664343902
0.682 0.5801756528099306
0.683 0.5806232795047784
0.684 0.5810715503558002
0.685 0.5815204712068127
0.686 0.5819700478179068
0.687 0.5824202858652587
0.6880000000000001 0.5828711909409423
0.6890000000000001 0.5833227685527477
0.6900000000000001 0.5837750241240001
0.6910000000000001 0.5842279629933846
0.6920000000000001 0.5846815904147701
0.6930000000000001 0.5851359115570387
0.6940000000000001 0.5855909315039182
0.6950000000000001 0.5860466552538126
0.6960000000000001 0.5865030877196453
0.6970000000000001 0.5869602337286947
0.6980000000000001 0.587418098022439
0.6990000000000001 0.5878766852564015
0.7000000000000001 0.5883359999999999
0.7010000000000001 0.5887960467363987
0.7020000000000001 0.5892568298623619
0.7030000000000001 0.5897183536881111
0.704 0.5901806224371879
0.705 0.5906436402463121
0.706 0.5911074111652551
0.707 0.5915719391567024
0.708 0.5920372280961269
0.709 0.5925032817716672
0.71 0.5929701038840004
0.711 0.5934376980462254
0.712 0.5939060677837453
0.713 0.594375216534156
0.714 0.5948451476471294
0.715 0.5953158643843127
0.716 0.5957873699192178
0.717 0.5962596673371221
0.718 0.5967327596349673
0.719 0.5972066497212646
0.72 0.597681340416
0.721 0.5981568344505434
0.722 0.5986331344675617
0.723 0.5991102430209322
0.724 0.5995881625756628
0.725 0.6000668955078128
0.726 0.6005464441044118
0.727 0.6010268105633938
0.728 0.6015079969935195
0.729 0.6019900054143144
0.73 0.6024728377559997
0.731 0.6029564958594339
0.732 0.603440981476049
0.733 0.6039262962678003
0.734 0.6044124418071093
0.735 0.6048994195768124
0.736 0.6053872309701182
0.737 0.605875877290557
0.738 0.6063653597519439
0.739 0.6068556794783363
0.74 0.6073468375039996
0.741 0.6078388347733756
0.742 0.6083316721410482
0.743 0.6088253503717205
0.744 0.6093198701401867
0.745 0.6098152320313123
0.746 0.6103114365400166
0.747 0.6108084840712527
0.748 0.6113063749400005
0.749 0.6118051093712501
0.75 0.6123046875
0.751 0.6128051093712503
0.752 0.6133063749400001
0.753 0.613808484071253
0.754 0.6143114365400164
0.755 0.6148152320313126
0.756 0.6153198701401866
0.757 0.6158253503717205
0.758 0.6163316721410486
0.759 0.616838834773376
0.76 0.6173468375040002
0.761 0.6178556794783363
0.762 0.6183653597519438
0.763 0.6188758772905572
0.764 0.6193872309701182
0.765 0.6198994195768127
0.766 0.6204124418071089
0.767 0.6209262962677999
0.768 0.621440981476049
0.769 0.6219564958594336
0.77 0.6224728377559998
0.771 0.6229900054143146
0.772 0.6235079969935196
0.773 0.6240268105633938
0.774 0.6245464441044116
0.775 0.6250668955078127
0.776 0.6255881625756634
0.777 0.6261102430209319
0.778 0.6266331344675614
0.779 0.6271568344505432
0.78 0.6276813404159998
0.781 0.6282066497212648
0.782 0.6287327596349671
0.783 0.6292596673371217
0.784 0.6297873699192178
0.785 0.6303158643843126
0.786 0.6308451476471292
0.787 0.6313752165341557
0.788 0.6319060677837454
0.789 0.6324376980462252
0.79 0.632970103884
0.791 0.6335032817716671
0.792 0.6340372280961266
0.793 0.6345719391567025
0.794 0.6351074111652553
0.795 0.6356436402463125
0.796 0.6361806224371875
0.797 0.6367183536881112
0.798 0.637256829862362
0.799 0.6377960467363988
0.8 0.6383359999999999
0.801 0.6388766852564014
0.802 0.639418098022439
0.803 0.6399602337286944
0.804 0.6405030877196456
0.805 0.6410466552538127
0.806 0.6415909315039179
0.807 0.6421359115570394
0.808 0.6426815904147702
0.809 0.6432279629933846
0.81 0.6437750241239999
0.811 0.6443227685527481
0.812 0.6448711909409425
0.8130000000000001 0.645420285865259
0.8140000000000001 0.645970047817907
0.8150000000000001 0.6465204712068123
0.8160000000000001 0.6470715503558002
0.8170000000000001 0.6476232795047786
0.8180000000000001 0.6481756528099306
0.8190000000000001 0.6487286643439024
0.8200000000000001 0.6492823080959998
0.8210000000000001 0.6498365779723857
0.8220000000000001 0.6503914677962783
0.8230000000000001 0.650946971308155
0.8240000000000001 0.651503082165961
0.8250000000000001 0.6520597939453122
0.8260000000000001 0.6526171001397142
0.8270000000000001 0.6531749941607702
0.8280000000000001 0.6537334693384027
0.8290000000000001 0.6542925189210725
0.8300000000000001 0.6548521360759998
0.8310000000000001 0.6554123138893961
0.8320000000000001 0.6559730453666859
0.833 0.6565343234327432
0.834 0.6570961409321261
0.835 0.6576584906293128
0.836 0.6582213652089401
0.837 0.6587847572760537
0.838 0.6593486593563475
0.839 0.6599130638964136
0.84 0.6604779632640003
0.841 0.6610433497482578
0.842 0.6616092155600058
0.843 0.6621755528319835
0.844 0.6627423536191238
0.845 0.6633096098988123
0.846 0.6638773135711589
0.847 0.6644454564592698
0.848 0.6650140303095232
0.849 0.6655830267918476
0.85 0.6661524375000002
0.851 0.6667222539518526
0.852 0.6672924675896774
0.853 0.6678630697804357
0.854 0.6684340518160736
0.855 0.6690054049138129
0.856 0.6695771202164489
0.857 0.6701491887926575
0.858 0.670721601637292
0.859 0.6712943496716934
0.86 0.6718674237440001
0.861 0.6724408146294591
0.862 0.6730145130307406
0.863 0.6735885095782603
0.864 0.6741627948304958
0.865 0.6747373592743123
0.866 0.6753121933252914
0.867 0.6758872873280577
0.868 0.6764626315566122
0.869 0.6770382162146711
0.87 0.6776140314359996
0.871 0.6781900672847564
0.872 0.6787663137558365
0.873 0.6793427607752169
0.874 0.6799193982003099
0.875 0.6804962158203125
0.876 0.6810732033565653
0.877 0.6816503504629087
0.878 0.6822276467260445
0.879 0.6828050816659009
0.88 0.6833826447360002
0.881 0.683960325323827
0.882 0.6845381127512041
0.883 0.6851159962746651
0.884 0.6856939650858352
0.885 0.6862720083118123
0.886 0.6868501150155516
0.887 0.6874282741962523
0.888 0.688006474789749
0.889 0.6885847056689021
0.89 0.6891629556439999
0.891 0.6897412134631499
0.892 0.6903194678126844
0.893 0.690897707317566
0.894 0.6914759205417935
0.895 0.6920540959888125
0.896 0.6926322221019297
0.897 0.6932102872647273
0.898 0.6937882798014854
0.899 0.6943661879775965
0.9 0.6949439999999998
0.901 0.6955217040176039
0.902 0.6960992881217157
0.903 0.6966767403464778
0.904 0.6972540486693029
0.905 0.6978312010113124
0.906 0.6984081852377804
0.907 0.6989849891585759
0.908 0.6995616005286134
0.909 0.7001380070483023
0.91 0.7007141963639996
0.911 0.70129015606847
0.912 0.7018658737013393
0.913 0.7024413367495621
0.914 0.7030165326478843
0.915 0.7035914487793122
0.916 0.7041660724755828
0.917 0.7047403910176356
0.918 0.7053143916360936
0.919 0.7058880615117397
0.92 0.7064613877760004
0.921 0.7070343575114284
0.922 0.7076069577521948
0.923 0.7081791754845782
0.924 0.7087509976474589
0.925 0.7093224111328127
0.926 0.7098934027862164
0.927 0.7104639594073472
0.928 0.7110340677504863
0.929 0.7116037145250297
0.93 0.712172886396
0.931 0.7127415699845586
0.932 0.7133097518685224
0.933 0.7138774185828867
0.934 0.7144445566203437
0.935 0.7150111524318125
0.936 0.7155771924269626
0.937 0.7161426629747513
0.9380000000000001 0.7167075504039504
0.9390000000000001 0.7172718410036912
0.9400000000000001 0.7178355210239997
0.9410000000000001 0.7183985766763407
0.9420000000000001 0.7189609941341627
0.9430000000000001 0.7195227595334474
0.9440000000000001 0.7200838589732613
0.9450000000000001 0.7206442785163121
0.9460000000000001 0.7212040041895013
0.9470000000000001 0.7217630219844864
0.9480000000000001 0.7223213178582466
0.9490000000000001 0.7228788777336456
0.9500000000000001 0.7234356875000008
0.9510000000000001 0.723991733013655
0.9520000000000001 0.7245470000985541
0.9530000000000001 0.7251014745468193
0.9540000000000001 0.7256551421193317
0.9550000000000001 0.7262079885463125
0.9560000000000001 0.7267599995279118
0.9570000000000001 0.7273111607347937
0.9580000000000001 0.7278614578087353
0.9590000000000001 0.7284108763632106
0.96 0.7289594019840003
0.961 0.7295070202297806
0.962 0.7300537166327377
0.963 0.7305994766991637
0.964 0.7311442859100734
0.965 0.7316881297218121
0.966 0.7322309935666738
0.967 0.7327728628535136
0.968 0.7333137229683754
0.969 0.7338535592751086
0.97 0.7343923571160006
0.971 0.7349301018123989
0.972 0.7354667786653529
0.973 0.7360023729562398
0.974 0.7365368699474066
0.975 0.7370702548828124
0.976 0.7376025129886677
0.977 0.7381336294740851
0.978 0.7386635895317282
0.979 0.7391923783384586
0.98 0.7397199810560001
0.981 0.7402463828315897
0.982 0.7407715687986408
0.983 0.7412955240774085
0.984 0.7418182337756529
0.985 0.7423396829893131
0.986 0.7428598568031737
0.987 0.7433787402915492
0.988 0.7438963185189517
0.989 0.7444125765407807
0.99 0.7449274994040002
0.991 0.7454410721478317
0.992 0.7459532798044406
0.993 0.7464641073996282
0.994 0.7469735399535303
0.995 0.7474815624813128
0.996 0.7479881599938725
0.997 0.7484933174985446
0.998 0.7489970199998084
0.999 0.7494992524999942
1.0 0.75
