0.0 0.0
1.0e-3 1.4473500534468011e-8
2.0e-3 1.1557601820390653e-7
3.0e-3 3.893536465805817e-7
4.0e-3 9.212166527883676e-7
5.0e-3 1.7959395990664061e-6
6.0e-3 3.097661488690845e-6
7.0e-3 4.90988593609477e-6
8.0e-3 7.315481361026906e-6
9.000000000000001e-3 1.039668120658996e-5
1.0e-2 1.4235084181e-5
1.1e-2 1.8911654522908615e-5
1.2e-2 2.4506722290129964e-5
1.3000000000000001e-2 3.109998367161526e-5
1.4e-2 3.877050132251774e-5
1.5e-2 4.75967047221914e-5
1.6e-2 5.76563905549671e-5
1.7e-2 6.902672311355055e-5
1.8000000000000002e-2 8.178423472488661e-5
1.9e-2 9.600482619833449e-5
2.0e-2 1.11763767296e-4
2.1e-2 1.2913569722506978e-4
2.2e-2 1.4819462515199436e-4
2.3e-2 1.69013930738366e-4
2.4e-2 1.916663646983395e-4
2.5e-2 2.162240493774414e-4
2.6000000000000002e-2 2.427584793526171e-4
2.7e-2 2.713405220533633e-4
2.8e-2 3.020404184037956e-4
2.9e-2 3.349277834854967e-4
3.0e-2 3.70071607221e-4
3.1e-2 4.075402550777533e-4
3.2e-2 4.4740146879241634e-4
3.3e-2 4.897223671153415e-4
3.4e-2 5.345694465750865e-4
3.5e-2 5.820085822628165e-4
3.6000000000000004e-2 6.321050286364401e-4
3.7e-2 6.849234203443366e-4
3.8e-2 7.405277730685266e-4
3.9e-2 7.989814843871333e-4
4.0e-2 8.603473346560003e-4
4.1e-2 9.246874879093027e-4
4.2e-2 9.92063492779024e-4
4.3000000000000003e-2 1.0625362834331376e-3
4.4e-2 1.1361661805323591e-3
4.5e-2 1.2130128922053162e-3
4.6e-2 1.2931355150420027e-3
4.7e-2 1.376592535105362e-3
4.8e-2 1.4634418289608587e-3
4.9e-2 1.5537406647239086e-3
5.0e-2 1.6475457031250005e-3
5.1000000000000004e-2 1.7449129985923888e-3
5.2000000000000005e-2 1.845898000352213e-3
5.3e-2 1.9505555535458791e-3
5.4e-2 2.058939900364605e-3
5.5e-2 2.1711046812009412e-3
5.6e-2 2.287102935817162e-3
5.7e-2 2.406987104530379e-3
5.8e-2 2.530809029414223e-3
5.9000000000000004e-2 2.658619955516975e-3
6.0e-2 2.790470532095999e-3
6.1e-2 2.9264108138683325e-3
6.2e-2 3.0664902622773026e-3
6.3e-2 3.2107577467750613e-3
6.4e-2 3.3592615461208028e-3
6.5e-2 3.5120493496946935e-3
6.6e-2 3.6691682588271797e-3
6.7e-2 3.830664788143736e-3
6.8e-2 3.996584866924733e-3
6.9e-2 4.1669738404804604e-3
7.0e-2 4.341876471541e-3
7.100000000000001e-2 4.521336941661022e-3
7.200000000000001e-2 4.705398852639113e-3
7.3e-2 4.89410522795178e-3
7.4e-2 5.087498514201739e-3
7.5e-2 5.285620582580567e-3
7.6e-2 5.488512730345451e-3
7.7e-2 5.6962156823099465e-3
7.8e-2 5.908769592348639e-3
7.9e-2 6.126214044915515e-3
8.0e-2 6.348588056576002e-3
8.1e-2 6.575930077552428e-3
8.2e-2 6.8082779932829e-3
8.3e-2 7.045669125993389e-3
8.4e-2 7.288140236282882e-3
8.5e-2 7.5357275247215725e-3
8.600000000000001e-2 7.788466633461811e-3
8.700000000000001e-2 8.046392647861863e-3
8.8e-2 8.309540098122145e-3
8.9e-2 8.577942960934054e-3
9.0e-2 8.851634661141e-3
9.1e-2 9.130648073411731e-3
9.2e-2 9.415015523925728e-3
9.3e-2 9.704768792070514e-3
9.4e-2 9.999939112150875e-3
9.5e-2 1.030055717510969e-2
9.6e-2 1.0606653130260468e-2
9.7e-2 1.09182565870312e-2
9.8e-2 1.1235396616719674e-2
9.9e-2 1.1558101754259979e-2
0.1 1.1886400000000009e-2
0.101 1.2220318821490057e-2
0.10200000000000001 1.2559885155282235e-2
0.10300000000000001 1.2905125408740534e-2
0.10400000000000001 1.3256065461861609e-2
0.105 1.3612730669105936e-2
0.106 1.3975145861239522e-2
0.107 1.4343335347185545e-2
0.108 1.4717322915886503e-2
0.109 1.5097131838176077e-2
0.11 1.5482784868661002e-2
0.111 1.587430424761276e-2
0.112 1.6271711702868775e-2
0.113 1.667502845174337e-2
0.114 1.7084275202947884e-2
0.115 1.749947215852032e-2
0.116 1.7920639015764062e-2
0.117 1.834779496919569e-2
0.11800000000000001 1.878095871250178e-2
0.11900000000000001 1.92201484405045e-2
0.12 1.9665381851135994e-2
0.121 2.0116676147421353e-2
0.122 2.0574048039470022e-2
0.123 2.1037513746475764e-2
0.124 2.150708899872473e-2
0.125 2.1982789039611813e-2
0.126 2.2464628627664938e-2
0.127 2.2952622038577387e-2
0.128 2.3446783067247984e-2
0.129 2.3947125029828886e-2
0.13 2.4453660765781007e-2
0.131 2.496640263993706e-2
0.132 2.5485362544571843e-2
0.133 2.601055190147991e-2
0.134 2.6541981664060292e-2
0.135 2.707966231940844e-2
0.136 2.7623603890414995e-2
0.137 2.817381593787152e-2
0.138 2.8730307562582776e-2
0.139 2.9293087407485943e-2
0.14 2.9862163659775995e-2
0.14100000000000001 3.0437544053037925e-2
0.14200000000000002 3.101923586938479e-2
0.14300000000000002 3.160724594160251e-2
0.14400000000000002 3.220158065530021e-2
0.145 3.280224595106718e-2
0.146 3.3409247326635125e-2
0.147 3.4022589839046644e-2
0.148 3.4642278106829225e-2
0.149 3.526831631217481e-2
0.15 3.5900708203125e-2
0.151 3.653945709576143e-2
0.152 3.718456587640168e-2
0.153 3.783603700380008e-2
0.154 3.849387251135383e-2
0.155 3.9158074009314044e-2
0.156 3.982864268700166e-2
0.157 4.050557931502803e-2
0.158 4.1188884247520416e-2
0.159 4.187855742435193e-2
0.16 4.2574598373375995e-2
0.161 4.3277006212665066e-2
0.162 4.3985779652754e-2
0.163 4.470091699888711e-2
0.164 4.542241615326984e-2
0.165 4.615027461732408e-2
0.166 4.688448949394752e-2
0.167 4.762505748977686e-2
0.168 4.837197491745458e-2
0.169 4.912523769789955e-2
0.17 4.9884841362581006e-2
0.171 5.065078105579596e-2
0.17200000000000001 5.142305153695017e-2
0.17300000000000001 5.220164718284188e-2
0.17400000000000002 5.298656198994943e-2
0.17500000000000002 5.3777789576721205e-2
0.176 5.457532318586897e-2
0.177 5.53791556866641e-2
0.178 5.6189279577236406e-2
0.179 5.700568698687562e-2
0.18 5.782836967833601e-2
0.181 5.865731905014258e-2
0.182 5.949252613890071e-2
0.183 6.033398162160747e-2
0.184 6.118167581796542e-2
0.185 6.203559869269843e-2
0.186 6.289573985786996e-2
0.187 6.376208857520275e-2
0.188 6.463463375840102e-2
0.189 6.551336397547379e-2
0.19 6.639826745106105e-2
0.191 6.728933206875971e-2
0.192 6.81865453734537e-2
0.193 6.90898945736426e-2
0.194 6.999936654377453e-2
0.195 7.09149478265778e-2
0.196 7.183662463539599e-2
0.197 7.276438285652218e-2
0.198 7.369820805153612e-2
0.199 7.463808545964046e-2
0.2 7.558400000000007e-2
0.201 7.653593627407951e-2
0.202 7.749387856798406e-2
0.203 7.845781085479912e-2
0.20400000000000001 7.942771679693147e-2
0.20500000000000002 8.040357974845028e-2
0.20600000000000002 8.138538275742961e-2
0.20700000000000002 8.237310856828924e-2
0.20800000000000002 8.336673962413858e-2
0.209 8.43662580691177e-2
0.21 8.537164575074103e-2
0.211 8.638288422223929e-2
0.212 8.739995474490238e-2
0.213 8.84228382904218e-2
0.214 8.945151554323272e-2
0.215 9.048596690285594e-2
0.216 9.152617248623948e-2
0.217 9.257211213009965e-2
0.218 9.362376539326168e-2
0.219 9.468111155899972e-2
0.22 9.574412963737605e-2
0.221 9.681279836757989e-2
0.222 9.788709622026497e-2
0.223 9.896700139988679e-2
0.224 0.10005249184703786
0.225 0.10114354524078378
0.226 0.10224013900099554
0.227 0.10334225029068358
0.228 0.10444985601832849
0.229 0.10556293284021091
0.23 0.10668145716274095
0.231 0.10780540514478495
0.232 0.10893475269999094
0.233 0.11006947549911371
0.234 0.11120954897233638
0.23500000000000001 0.11235494831159158
0.23600000000000002 0.11350564847288057
0.23700000000000002 0.11466162417859008
0.23800000000000002 0.11582284991980743
0.23900000000000002 0.11698929995863391
0.24 0.11816094833049598
0.241 0.1193377688464542
0.242 0.12051973509550971
0.243 0.12170682044690949
0.244 0.1228989980524478
0.245 0.12409624084876655
0.246 0.12529852155965285
0.247 0.12650581269833316
0.248 0.12771808656976671
0.249 0.12893531527293411
0.25 0.13015747070312497
0.251 0.13138452455422214
0.252 0.13261644832098277
0.253 0.13385321330131716
0.254 0.13509479059856447
0.255 0.1363411511237647
0.256 0.13759226559792911
0.257 0.13884810455430574
0.258 0.1401086383406434
0.259 0.1413738371214515
0.26 0.14264367088025603
0.261 0.1439181094218542
0.262 0.1451971223745635
0.263 0.14648067919246813
0.264 0.1477687491576627
0.265 0.1490613013824909
0.266 0.1503583048117819
0.267 0.1516597282250816
0.268 0.15296554023888168
0.269 0.154275709308844
0.27 0.15559020373202095
0.271 0.15690899164907282
0.272 0.15823204104648
0.273 0.1595593197587518
0.274 0.1608907954706323
0.275 0.1622264357192994
0.276 0.16356620789656245
0.277 0.16491007925105428
0.278 0.16625801689041872
0.279 0.16760998778349484
0.28 0.16896595876249607
0.281 0.170325896525185
0.28200000000000003 0.1716897676370441
0.28300000000000003 0.17305753853344102
0.28400000000000003 0.1744291755217912
0.28500000000000003 0.1758046447837128
0.28600000000000003 0.17718391237718079
0.28700000000000003 0.1785669442386728
0.28800000000000003 0.17995370618531242
0.289 0.1813441639170071
0.29 0.182738283018581
0.291 0.18413602896190323
0.292 0.18553736710801041
0.293 0.18694226270922662
0.294 0.18835068091127408
0.295 0.18976258675538352
0.296 0.19117794518039558
0.297 0.19259672102486028
0.298 0.19401887902912787
0.299 0.1954443838374379
0.3 0.19687319999999991
0.301 0.19830529197507238
0.302 0.19974062413103114
0.303 0.20117916074843895
0.304 0.20262086602210286
0.305 0.20406570406313224
0.306 0.20551363890098603
0.307 0.20696463448551886
0.308 0.2084186546890176
0.309 0.20987566330823612
0.31 0.21133562406642095
0.311 0.21279850061533384
0.312 0.21426425653726644
0.313 0.21573285534705153
0.314 0.2172042604940656
0.315 0.21867843536422915
0.316 0.22015534328199649
0.317 0.2216349475123451
0.318 0.22311721126275294
0.319 0.2246020976851766
0.32 0.2260895698780159
0.321 0.22757959088808005
0.322 0.22907212371254024
0.323 0.23056713130088372
0.324 0.2320645765568544
0.325 0.2335644223403931
0.326 0.23506663146956758
0.327 0.23657116672249964
0.328 0.23807799083928166
0.329 0.23958706652389244
0.33 0.24109835644610098
0.331 0.24261182324336875
0.332 0.2441274295227412
0.333 0.2456451378627372
0.334 0.24716491081522785
0.335 0.24868671090731231
0.336 0.2502105006431844
0.337 0.25173624250599547
0.338 0.25326389895970663
0.339 0.25479343245093977
0.34 0.25632480541081587
0.341 0.2578579802567935
0.342 0.2593929193944934
0.343 0.26092958521952275
0.34400000000000003 0.2624679401192876
0.34500000000000003 0.2640079464748036
0.34600000000000003 0.26554956666249435
0.34700000000000003 0.2670927630559887
0.34800000000000003 0.2686374980279059
0.34900000000000003 0.27018373395163864
0.35000000000000003 0.2717314332031248
0.35100000000000003 0.27328055816261804
0.352 0.2748310712164428
0.353 0.27638293475875364
0.354 0.27793611119327705
0.355 0.2794905629350528
0.356 0.28104625241216663
0.357 0.28260314206747494
0.358 0.2841611943603236
0.359 0.28572037176825993
0.36 0.28728063678873605
0.361 0.2888419519408068
0.362 0.2904042797668209
0.363 0.29196758283410235
0.364 0.29353182373662795
0.365 0.2950969650966952
0.366 0.2966629695665856
0.367 0.2982297998302175
0.368 0.29979741860479453
0.369 0.30136578864244634
0.37 0.3029348727318611
0.371 0.304504633699911
0.372 0.30607503441327166
0.373 0.307646037780034
0.374 0.3092176067513066
0.375 0.3107897043228149
0.376 0.31236229353648914
0.377 0.3139353374820478
0.378 0.315508799298572
0.379 0.3170826421760737
0.38 0.3186568293570561
0.381 0.3202313241380668
0.382 0.321806089871244
0.383 0.3233810899658546
0.384 0.32495628788982456
0.385 0.3265316471712647
0.386 0.32810713139998576
0.387 0.3296827042290072
0.388 0.331258329376061
0.389 0.3328339706250826
0.39 0.3344095918277009
0.391 0.3359851569047171
0.392 0.33756062984757595
0.393 0.33913597471983087
0.394 0.3407111556586026
0.395 0.3422861368760266
0.396 0.343860882660699
0.397 0.3454353573791088
0.398 0.3470095254770676
0.399 0.34858335148112857
0.4 0.3501568000000001
0.401 0.3517298357259518
0.402 0.3533024234362114
0.403 0.35487452799435615
0.404 0.3564461143516966
0.405 0.3580171475486516
0.406 0.35958759271611673
0.40700000000000003 0.36115741507682564
0.40800000000000003 0.3627265799467041
0.40900000000000003 0.3642950527362158
0.41000000000000003 0.365862798951701
0.41100000000000003 0.3674297841967079
0.41200000000000003 0.3689959741733165
0.41300000000000003 0.3705613346834567
0.41400000000000003 0.37212583163021545
0.41500000000000004 0.37368943101913976
0.41600000000000004 0.37525209895953066
0.417 0.3768138016657309
0.418 0.3783745054584045
0.419 0.37993417676580743
0.42 0.3814927821250563
0.421 0.38305028818338055
0.422 0.3846066616993798
0.423 0.3861618695442591
0.424 0.3877158787030712
0.425 0.3892686562759397
0.426 0.39082016947928516
0.427 0.39237038564703225
0.428 0.39391927223182405
0.429 0.39546679680621366
0.43 0.39701292706386115
0.431 0.3985576308207156
0.432 0.40010087601619415
0.433 0.40164263071435047
0.434 0.4031828631050396
0.435 0.40472154150507017
0.436 0.40625863435935816
0.437 0.4077941102420629
0.438 0.4093279378577256
0.439 0.4108600860423915
0.44 0.4123905237647362
0.441 0.41391922012717114
0.442 0.41544614436695576
0.443 0.4169712658572903
0.444 0.4184945541084127
0.445 0.4200159787686777
0.446 0.42153550962563946
0.447 0.42305311660711614
0.448 0.42456876978225927
0.449 0.42608243936260465
0.45 0.42759409570312507
0.451 0.42910370930327163
0.452 0.43061125080801005
0.453 0.432116691008846
0.454 0.43362000084485225
0.455 0.4351211514036783
0.456 0.43662011392256217
0.457 0.4381168597893273
0.458 0.4396113605433818
0.459 0.4411035878767023
0.46 0.44259351363481625
0.461 0.44408110981777466
0.462 0.4455663485811225
0.463 0.44704920223685457
0.464 0.4485296432543745
0.465 0.45000764426143713
0.466 0.45148317804509425
0.467 0.45295621755262366
0.468 0.45442673589246185
0.46900000000000003 0.45589470633511947
0.47000000000000003 0.45736010231410135
0.47100000000000003 0.45882289742680926
0.47200000000000003 0.46028306543544945
0.47300000000000003 0.46174058026792036
0.47400000000000003 0.4631954160187099
0.47500000000000003 0.4646475469497679
0.47600000000000003 0.46609694749139313
0.47700000000000004 0.4675435922430924
0.47800000000000004 0.46898745597445296
0.47900000000000004 0.4704285136259922
0.48 0.4718667403100161
0.481 0.4733021113114556
0.482 0.47473460208871265
0.483 0.4761641882744881
0.484 0.47759084567661025
0.485 0.4790145502788538
0.486 0.4804352782417559
0.487 0.48185300590342206
0.488 0.48326770978033073
0.489 0.48467936656812866
0.49 0.48608795314242076
0.491 0.48749344655955745
0.492 0.4888958240574092
0.493 0.49029506305614434
0.494 0.4916911411589919
0.495 0.4930840361530072
0.496 0.49447372600982525
0.497 0.4958601888864114
0.498 0.49724340312580756
0.499 0.4986233472578689
0.5 0.5
0.501 0.5013733402578812
0.502 0.5027433471261917
0.503 0.5041099998893277
0.504 0.5054732780221132
0.505 0.5068331611905083
0.506 0.5081896292523084
0.507 0.5095426622578412
0.508 0.5108922404506588
0.509 0.5122383442682222
0.51 0.513580954342581
0.511 0.5149200515010525
0.512 0.5162556167668881
0.513 0.517587631359942
0.514 0.5189160766973304
0.515 0.5202409343940877
0.516 0.5215621862638172
0.517 0.5228798143193377
0.518 0.5241938007733246
0.519 0.525504128038946
0.52 0.5268107787304964
0.521 0.5281137356640223
0.522 0.5294129818579466
0.523 0.5307085005336856
0.524 0.5320002751162641
0.525 0.5332882892349246
0.526 0.5345725267237302
0.527 0.5358529716221707
0.528 0.5371296081757523
0.529 0.5384024208365958
0.53 0.5396713942640213
0.531 0.5409365133251334
0.532 0.5421977630954014
0.533 0.5434551288592351
0.534 0.5447085961105553
0.535 0.5459581505533658
0.536 0.5472037781023129
0.537 0.5484454648832486
0.538 0.5496831972337877
0.539 0.5509169617038588
0.54 0.5521467450562557
0.541 0.5533725342671829
0.542 0.5545943165267954
0.543 0.5558120792397411
0.544 0.5570258100256947
0.545 0.5582354967198896
0.546 0.5594411273736468
0.547 0.5606426902548999
0.548 0.5618401738487186
0.549 0.5630335668578289
0.55 0.5642228582031252
0.551 0.5654080370241871
0.552 0.5665890926797905
0.553 0.5677660147484107
0.554 0.5689387930287307
0.555 0.5701074175401412
0.556 0.5712718785232422
0.557 0.5724321664403339
0.558 0.5735882719759179
0.559 0.5747401860371832
0.56 0.5758878997544958
0.561 0.5770314044818894
0.562 0.5781706917975433
0.5630000000000001 0.5793057535042695
0.5640000000000001 0.5804365816299905
0.5650000000000001 0.5815631684282166
0.5660000000000001 0.5826855063785222
0.5670000000000001 0.5838035881870205
0.5680000000000001 0.5849174067868312
0.5690000000000001 0.5860269553385556
0.5700000000000001 0.5871322272307413
0.5710000000000001 0.5882332160803485
0.5720000000000001 0.5893299157332162
0.5730000000000001 0.5904223202645248
0.5740000000000001 0.5915104239792575
0.5750000000000001 0.5925942214126586
0.5760000000000001 0.5936737073306961
0.577 0.5947488767305156
0.578 0.5958197248408973
0.579 0.5968862471227125
0.58 0.5979484392693758
0.581 0.5990062972072988
0.582 0.6000598170963412
0.583 0.6011089953302629
0.584 0.6021538285371735
0.585 0.6031943135799807
0.586 0.604230447556843
0.587 0.6052622278016123
0.588 0.6062896518842867
0.589 0.607312717611454
0.59 0.6083314230267408
0.591 0.6093457664112585
0.592 0.6103557462840499
0.593 0.6113613614025347
0.594 0.6123626107629552
0.595 0.6133594936008254
0.596 0.6143520093913738
0.597 0.6153401578499921
0.598 0.6163239389326803
0.599 0.6173033528364964
0.6 0.6182784000000001
0.601 0.6192490811037036
0.602 0.6202153970705196
0.603 0.6211773490662094
0.604 0.6221349384998335
0.605 0.6230881670242032
0.606 0.6240370365363286
0.607 0.6249815491778772
0.608 0.6259217073356222
0.609 0.6268575136418983
0.61 0.6277889709750611
0.611 0.628716082459939
0.612 0.6296388514682968
0.613 0.6305572816192923
0.614 0.6314713767799396
0.615 0.6323811410655733
0.616 0.6332865788403114
0.617 0.6341876947175243
0.618 0.6350844935603006
0.619 0.6359769804819231
0.62 0.6368651608463359
0.621 0.6377490402686227
0.622 0.6386286246154846
0.623 0.6395039200057157
0.624 0.6403749328106905
0.625 0.6412416696548463
0.626 0.6421041374161677
0.627 0.6429623432266807
0.628 0.6438162944729428
0.629 0.6446659987965387
0.63 0.6455114640945807
0.631 0.6463526985202092
0.632 0.6471897104830943
0.633 0.6480225086499504
0.634 0.6488511019450416
0.635 0.6496754995506988
0.636 0.6504957109078402
0.637 0.6513117457164879
0.638 0.6521236139362984
0.639 0.6529313257870901
0.64 0.6537348917493759
0.641 0.6545343225649035
0.642 0.6553296292371924
0.643 0.6561208230320829
0.644 0.6569079154782876
0.645 0.6576909183679394
0.646 0.6584698437571562
0.647 0.6592447039666026
0.648 0.660015511582058
0.649 0.6607822794549885
0.65 0.6615450207031252
0.651 0.6623037487110481
0.652 0.6630584771307731
0.653 0.6638092198823441
0.654 0.6645559911544329
0.655 0.6652988054049421
0.656 0.6660376773616148
0.657 0.6667726220226472
0.658 0.6675036546573133
0.659 0.6682307908065868
0.66 0.6689540462837762
0.661 0.6696734371751613
0.662 0.6703889798406385
0.663 0.6711006909143707
0.664 0.6718085873054447
0.665 0.6725126861985338
0.666 0.6732130050545664
0.667 0.6739095616114066
0.668 0.6746023738845318
0.669 0.6752914601677275
0.67 0.6759768390337809
0.671 0.6766585293351858
0.672 0.677336550204856
0.673 0.678010921056839
0.674 0.6786816615870468
0.675 0.6793487917739871
0.676 0.680012331879503
0.677 0.6806723024495247
0.678 0.6813287243148226
0.679 0.6819816185917738
0.68 0.6826310066831359
0.681 0.6832769102788233
0.682 0.6839193513567017
0.683 0.6845583521833786
0.684 0.685193935315018
0.685 0.6858261235981457
0.686 0.6864549401704781
0.687 0.6870804084617541
0.6880000000000001 0.687702552194573
0.6890000000000001 0.6883213953852476
0.6900000000000001 0.6889369623446613
0.6910000000000001 0.6895492776791374
0.6920000000000001 0.6901583662913178
0.6930000000000001 0.6907642533810506
0.6940000000000001 0.6913669644462859
0.6950000000000001 0.6919665252839812
0.6960000000000001 0.6925629619910237
0.6970000000000001 0.6931563009651533
0.6980000000000001 0.6937465689058991
0.6990000000000001 0.6943337928155273
0.7000000000000001 0.6949179999999998
0.7010000000000001 0.695499218069943
0.7020000000000001 0.6960774749416234
0.7030000000000001 0.6966527988379383
0.704 0.6972252182894186
0.705 0.6977947621352342
0.706 0.6983614595242249
0.707 0.6989253399159255
0.708 0.6994864330816137
0.709 0.7000447691053708
0.71 0.7006003783851414
0.711 0.7011532916338199
0.712 0.701703539880338
0.713 0.7022511544707717
0.714 0.702796167069452
0.715 0.703338609660097
0.716 0.7038785145469493
0.717 0.7044159143559307
0.718 0.7049508420358035
0.719 0.7054833308593532
0.72 0.7060134144245759
0.721 0.7065411266558831
0.722 0.7070665018053168
0.723 0.7075895744537818
0.724 0.7081103795122871
0.725 0.7086289522232059
0.726 0.7091453281615399
0.727 0.7096595432362106
0.728 0.7101716336913515
0.729 0.7106816361076234
0.73 0.7111895874035408
0.731 0.71169552483681
0.732 0.7121994860056844
0.733 0.7127015088503372
0.734 0.7132016316542414
0.735 0.7136998930455695
0.736 0.714196331998611
0.737 0.7146909878351956
0.738 0.7151839002261416
0.739 0.715675109192713
0.74 0.7161646551080958
0.741 0.7166525786988882
0.742 0.7171389210466055
0.743 0.7176237235892056
0.744 0.7181070281226228
0.745 0.7185888768023255
0.746 0.7190693121448871
0.747 0.7195483770295683
0.748 0.7200261146999289
0.749 0.7205025687654393
0.75 0.720977783203125
0.751 0.7214518023592174
0.752 0.7219246709508241
0.753 0.7223964340676229
0.754 0.7228671371735595
0.755 0.7233368261085801
0.756 0.7238055470903666
0.757 0.7242733467160977
0.758 0.7247402719642271
0.759 0.7252063701962781
0.76 0.7256716891586564
0.761 0.7261362769844827
0.762 0.7266001821954441
0.763 0.7270634537036634
0.764 0.7275261408135866
0.765 0.7279882932238881
0.766 0.7284499610294014
0.767 0.7289111947230615
0.768 0.7293720451978726
0.769 0.7298325637488885
0.77 0.7302928020752207
0.771 0.730752812282063
0.772 0.7312126468827311
0.773 0.7316723588007349
0.774 0.7321320013718541
0.775 0.7325916283462525
0.776 0.733051293890597
0.777 0.7335110525902071
0.778 0.7339709594512244
0.779 0.7344310699027976
0.78 0.7348914397992959
0.781 0.735352125422538
0.782 0.7358131834840447
0.783 0.7362746711273165
0.784 0.7367366459301288
0.785 0.7371991659068474
0.786 0.7376622895107728
0.787 0.7381260756365023
0.788 0.7385905836223144
0.789 0.7390558732525778
0.79 0.7395220047601812
0.791 0.7399890388289881
0.792 0.7404570365963123
0.793 0.7409260596554216
0.794 0.7413961700580544
0.795 0.7418674303169742
0.796 0.7423399034085351
0.797 0.7428136527752793
0.798 0.7432887423285545
0.799 0.7437652364511573
0.8 0.7442431999999994
0.801 0.7447226983088031
0.802 0.7452037971908104
0.803 0.745686562941531
0.804 0.746171062341508
0.805 0.7466573626591044
0.806 0.7471455316533248
0.807 0.7476356375766572
0.808 0.7481277491779359
0.809 0.7486219357052423
0.81 0.7491182669088206
0.811 0.749616813044025
0.812 0.7501176448742873
0.8130000000000001 0.7506208336741242
0.8140000000000001 0.7511264512321547
0.8150000000000001 0.751634569854157
0.8160000000000001 0.7521452623661451
0.8170000000000001 0.7526586021174744
0.8180000000000001 0.7531746629839793
0.8190000000000001 0.7536935193711282
0.8200000000000001 0.7542152462172157
0.8210000000000001 0.7547399189965811
0.8220000000000001 0.7552676137228468
0.8230000000000001 0.7557984069521955
0.8240000000000001 0.7563323757866703
0.8250000000000001 0.756869597877502
0.8260000000000001 0.7574101514284708
0.8270000000000001 0.7579541151992876
0.8280000000000001 0.7585015685090153
0.8290000000000001 0.7590525912395117
0.8300000000000001 0.7596072638389009
0.8310000000000001 0.7601656673250836
0.8320000000000001 0.7607278832892638
0.833 0.7612939938995156
0.834 0.7618640819043787
0.835 0.7624382306364783
0.836 0.7630165240161766
0.837 0.7635990465552676
0.838 0.7641858833606823
0.839 0.7647771201382367
0.84 0.7653728431964164
0.841 0.7659731394501726
0.842 0.7665780964247764
0.843 0.7671878022596762
0.844 0.7678023457124136
0.845 0.76842181616255
0.846 0.7690463036156385
0.847 0.7696758987072206
0.848 0.7703106927068627
0.849 0.7709507775222182
0.85 0.7715962457031252
0.851 0.772247190445738
0.852 0.7729037055966934
0.853 0.773565885657303
0.854 0.7742338257877918
0.855 0.7749076218115565
0.856 0.7755873702194658
0.857 0.7762731681741979
0.858 0.7769651135146016
0.859 0.7776633047601018
0.86 0.7783678411151359
0.861 0.7790788224736246
0.862 0.7797963494234758
0.863 0.7805205232511322
0.864 0.7812514459461436
0.865 0.7819892202057791
0.866 0.7827339494396824
0.867 0.7834857377745467
0.868 0.7842446900588415
0.869 0.7850109118675704
0.87 0.7857845095070607
0.871 0.786565590019797
0.872 0.787354261189287
0.873 0.7881506315449657
0.874 0.7889548103671374
0.875 0.7897669076919556
0.876 0.7905870343164398
0.877 0.7914153018035305
0.878 0.7922518224871798
0.879 0.793096709477484
0.88 0.7939500766658565
0.881 0.7948120387302275
0.882 0.7956827111403023
0.883 0.7965622101628371
0.884 0.7974506528669707
0.885 0.7983481571295863
0.886 0.7992548416407178
0.887 0.8001708259089925
0.888 0.8010962302671155
0.889 0.8020311758773926
0.89 0.802975784737301
0.891 0.8039301796850864
0.892 0.8048944844054143
0.893 0.8058688234350555
0.894 0.8068533221686162
0.895 0.8078481068643049
0.896 0.8088533046497463
0.897 0.8098690435278325
0.898 0.8108954523826214
0.899 0.8119326609852644
0.9 0.8129807999999996
0.901 0.8140400009901662
0.902 0.8151103964242674
0.903 0.8161921196820836
0.904 0.8172853050608228
0.905 0.8183900877813105
0.906 0.8195066039942357
0.907 0.8206349907864227
0.908 0.8217753861871672
0.909 0.8229279291745991
0.91 0.8240927596821004
0.911 0.8252700186047657
0.912 0.8264598478059003
0.913 0.8276623901235746
0.914 0.8288777893772178
0.915 0.830106190374255
0.916 0.8313477389167954
0.917 0.8326025818083586
0.918 0.833870866860658
0.919 0.8351527429004196
0.92 0.8364483597762563
0.921 0.8377578683655775
0.922 0.8390814205815587
0.923 0.8404191693801506
0.924 0.8417712687671373
0.925 0.8431378738052371
0.926 0.8445191406212629
0.927 0.8459152264133198
0.928 0.8473262894580519
0.929 0.8487524891179423
0.93 0.8501939858486606
0.931 0.8516509412064577
0.932 0.8531235178556024
0.933 0.8546118795758874
0.934 0.8561161912701604
0.935 0.8576366189719237
0.936 0.8591733298529698
0.937 0.8607264922310813
0.9380000000000001 0.8622962755777644
0.9390000000000001 0.8638828505260508
0.9400000000000001 0.8654863888783356
0.9410000000000001 0.8671070636142735
0.9420000000000001 0.8687450488987227
0.9430000000000001 0.8704005200897448
0.9440000000000001 0.8720736537466525
0.9450000000000001 0.8737646276381117
0.9460000000000001 0.8754736207502902
0.9470000000000001 0.8772008132950629
0.9480000000000001 0.8789463867182744
0.9490000000000001 0.8807105237080431
0.9500000000000001 0.8824934082031263
0.9510000000000001 0.8842952254013343
0.9520000000000001 0.8861161617680062
0.9530000000000001 0.8879564050445226
0.9540000000000001 0.8898161442568898
0.9550000000000001 0.8916955697243694
0.9560000000000001 0.8935948730681599
0.9570000000000001 0.8955142472201377
0.9580000000000001 0.8974538864316562
0.9590000000000001 0.8994139862823819
0.96 0.9013947436892162
0.961 0.9033963569152371
0.962 0.905419025578729
0.963 0.9074629506622413
0.964 0.9095283345217244
0.965 0.9116153808957083
0.966 0.9137242949145445
0.967 0.9158552831096983
0.968 0.9180085534231069
0.969 0.920184315216586
0.97 0.9223827792813017
0.971 0.9246041578472887
0.972 0.9268486645930454
0.973 0.9291165146551632
0.974 0.9314079246380308
0.975 0.9337231126235962
0.976 0.9360622981811768
0.977 0.9384257023773422
0.978 0.9408135477858454
0.979 0.9432260584976145
0.98 0.9456634601308164
0.981 0.9481259798409619
0.982 0.9506138463310858
0.983 0.9531272898619799
0.984 0.9556665422624885
0.985 0.958231836939864
0.986 0.9608234088901852
0.987 0.9634414947088407
0.988 0.9660863326010593
0.989 0.9687581623925233
0.99 0.9714572255400213
0.991 0.9741837651421865
0.992 0.9769380259502799
0.993 0.9797202543790386
0.994 0.9825306985176006
0.995 0.9853696081404735
0.996 0.9882372347185783
0.997 0.9911338314303588
0.998 0.99405965317295
0.999 0.9970149565734048
1.0 1.0
