0.0 0.0
1.0e-3 2.696395810792802e-11
2.0e-3 4.308453258055761e-10
3.0e-3 2.1782216177239238e-9
4.0e-3 6.8749657327576064e-9
5.0e-3 1.6761852159406254e-8
6.0e-3 3.471013456031691e-8
7.0e-3 6.421709527022397e-8
8.0e-3 1.094015672386039e-7
9.000000000000001e-3 1.7499942894548685e-7
1.0e-2 2.663590728160001e-7
1.1e-2 3.8943684765635564e-7
1.2e-2 5.507924756311383e-7
1.3000000000000001e-2 7.575844442988961e-7
1.4e-2 1.0175653742201961e-6
1.5e-2 1.3390773626494683e-6
1.6e-2 1.731047303819115e-6
1.7e-2 2.202982186321554e-6
1.8000000000000002e-2 2.7649643680920447e-6
1.9e-2 3.427646829492276e-6
2.0e-2 4.202248404992001e-6
2.1e-2 5.100548993943036e-6
2.2e-2 6.1348847509373185e-6
2.3e-2 7.318143256237775e-6
2.4e-2 8.66375866676809e-6
2.5e-2 1.018570684814453e-5
2.6000000000000002e-2 1.189850048823042e-5
2.7e-2 1.3817184192690853e-5
2.8e-2 1.595732956302271e-5
2.9e-2 1.8335030257531974e-5
3.0e-2 2.0966897035727998e-5
3.1e-2 2.3870052786601252e-5
3.2e-2 2.706212754124849e-5
3.3e-2 3.056125347030676e-5
3.4e-2 3.438605986665428e-5
3.5e-2 3.8555668113834594e-5
3.6000000000000004e-2 4.308968664065634e-5
3.7e-2 4.80082058624195e-5
3.8e-2 5.3331793109215585e-5
3.9e-2 5.9081487541746353e-5
4.0e-2 6.527879505510404e-5
4.1e-2 7.194568317095162e-5
4.2e-2 7.910457591854118e-5
4.3000000000000003e-2 8.677834870500335e-5
4.4e-2 9.499032317534015e-5
4.5e-2 1.0376426206254963e-4
4.6e-2 1.1312436402830919e-4
4.7e-2 1.230952584946399e-4
4.8e-2 1.3370200046697382e-4
4.9e-2 1.4497006534904222e-4
5.0e-2 1.5692534375000004e-4
5.1000000000000004e-2 1.6959413628419965e-4
5.2000000000000005e-2 1.83003148364025e-4
5.3e-2 1.9717948498619215e-4
5.4e-2 2.121506455119244e-4
5.5e-2 2.279445184413997e-4
5.6e-2 2.445893761828756e-4
5.7e-2 2.62113869816886e-4
5.8e-2 2.8054702385590377e-4
5.9000000000000004e-2 2.9991823099986386e-4
6.0e-2 3.202572468879358e-4
6.1e-2 3.415941848469299e-4
6.2e-2 3.6395951063672487e-4
6.3e-2 3.873840371930995e-4
6.4e-2 4.118989193683401e-4
6.5e-2 4.375356486700152e-4
6.6e-2 4.643260479982707e-4
6.7e-2 4.923022663820433e-4
6.8e-2 5.21496773714532e-4
6.9e-2 5.519423554883248e-4
7.0e-2 5.836721075305121e-4
7.100000000000001e-2 6.167194307381867e-4
7.200000000000001e-2 6.51118025814646e-4
7.3e-2 6.869018880066956e-4
7.4e-2 7.241053018433727e-4
7.5e-2 7.627628358764647e-4
7.6e-2 8.029093374231646e-4
7.7e-2 8.445799273112018e-4
7.8e-2 8.878099946268081e-4
7.9e-2 9.326351914658456e-4
8.0e-2 9.79091427688448e-4
8.1e-2 1.0272148656775022e-3
8.2e-2 1.077041915101307e-3
8.3e-2 1.1286092276807528e-3
8.4e-2 1.1819536919613276e-3
8.5e-2 1.2371124280903011e-3
8.600000000000001e-2 1.2941227825993922e-3
8.700000000000001e-2 1.35302232319326e-3
8.8e-2 1.4138488335441166e-3
8.9e-2 1.4766403080928036e-3
9.0e-2 1.541434946856624e-3
9.1e-2 1.6082711502442561e-3
9.2e-2 1.6771875138780596e-3
9.3e-2 1.748222823424073e-3
9.4e-2 1.8214160494300154e-3
9.5e-2 1.89680634217159e-3
9.6e-2 1.9744330265074016e-3
9.7e-2 2.054335596742763e-3
9.8e-2 2.1365537115027116e-3
9.9e-2 2.2211271886145253e-3
0.1 2.3080960000000017e-3
0.101 2.3975002665778257e-3
0.10200000000000001 2.4893802531763013e-3
0.10300000000000001 2.5837763634567142e-3
0.10400000000000001 2.680729134847624e-3
0.105 2.7802792334903643e-3
0.106 2.8824674491960377e-3
0.107 2.9873346904142287e-3
0.108 3.094921979213803e-3
0.109 3.2052704462759533e-3
0.11 3.3184213258998564e-3
0.111 3.434415951021139e-3
0.112 3.5532957482434435e-3
0.113 3.675102232883379e-3
0.114 3.799877004029039e-3
0.115 3.927661739612456e-3
0.116 4.0584981914961364e-3
0.117 4.192428180574001e-3
0.11800000000000001 4.329493591886955e-3
0.11900000000000001 4.469736369753322e-3
0.12 4.61319851291443e-3
0.121 4.759922069695547e-3
0.122 4.909949133182413e-3
0.123 5.06332183641366e-3
0.124 5.220082347589271e-3
0.125 5.380272865295409e-3
0.126 5.543935613745737e-3
0.127 5.711112838039563e-3
0.128 5.881846799436993e-3
0.129 6.056179770651305e-3
0.13 6.234154031158771e-3
0.131 6.415811862526188e-3
0.132 6.6011955437563e-3
0.133 6.7903473466513105e-3
0.134 6.983309531194761e-3
0.135 7.180124340951941e-3
0.136 7.380833998489026e-3
0.137 7.585480700811252e-3
0.138 7.794106614820142e-3
0.139 8.006753872790252e-3
0.14 8.223464567865343e-3
0.14100000000000001 8.444280749574474e-3
0.14200000000000002 8.669244419367917e-3
0.14300000000000002 8.898397526173402e-3
0.14400000000000002 9.131781961972577e-3
0.145 9.369439557398152e-3
0.146 9.611412077351682e-3
0.147 9.85774121664235e-3
0.148 1.0108468595646833e-2
0.149 1.0363635755990478e-2
0.15 1.062328415625e-2
0.151 1.0887455167677756e-2
0.152 1.1156190069947959e-2
0.153 1.1429530046924805e-2
0.154 1.1707516182452863e-2
0.155 1.1990189456169795e-2
0.156 1.227759073934164e-2
0.157 1.2569760790720676e-2
0.158 1.2866740252426307e-2
0.159 1.3168569645848846e-2
0.16 1.3475289367576575e-2
0.161 1.378693968534602e-2
0.162 1.4103560734015893e-2
0.163 1.4425192511564535e-2
0.164 1.475187487511128e-2
0.165 1.5083647536961724e-2
0.166 1.5420550060677097e-2
0.167 1.576262185716794e-2
0.168 1.61099021808121e-2
0.169 1.646243012559737e-2
0.17 1.6820244621288755e-2
0.171 1.718338442962056e-2
0.17200000000000001 1.75518881405135e-2
0.17300000000000001 1.7925794168316758e-2
0.17400000000000002 1.8305140748075537e-2
0.17500000000000002 1.868996593182374e-2
0.176 1.9080307584902173e-2
0.177 1.9476203382302562e-2
0.178 1.9877690805037103e-2
0.179 2.028480713653391e-2
0.18 2.069758945905869e-2
0.181 2.1116074650162145e-2
0.182 2.154029937915397e-2
0.183 2.1970300103603024e-2
0.184 2.2406113065863965e-2
0.185 2.28477742896305e-2
0.186 2.3295319576515375e-2
0.187 2.3748784502657026e-2
0.188 2.420820441535335e-2
0.189 2.4673614429722164e-2
0.19 2.514504942538928e-2
0.191 2.562254404320309e-2
0.192 2.610613268197738e-2
0.193 2.6595849495260532e-2
0.194 2.7091728388133247e-2
0.195 2.7593803014032994e-2
0.196 2.810210677160695e-2
0.197 2.8616672801591962e-2
0.198 2.9137533983723183e-2
0.199 2.9664722933669847e-2
0.2 3.0198272000000026e-2
0.201 3.0738213261172452e-2
0.202 3.12845785225577e-2
0.203 3.18373993134868e-2
0.20400000000000001 3.239670688432858e-2
0.20500000000000002 3.2962532203595456e-2
0.20600000000000002 3.353490595507798e-2
0.20700000000000002 3.411385853500723e-2
0.20800000000000002 3.469942004924705e-2
0.209 3.5291620310513826e-2
0.21 3.5890488835626115e-2
0.211 3.649605484278237e-2
0.212 3.710834724886815e-2
0.213 3.772739466679214e-2
0.214 3.8353225402851195e-2
0.215 3.898586745412456e-2
0.216 3.962534850589742e-2
0.217 4.027169592911353e-2
0.218 4.0924936777857246e-2
0.219 4.158509778686489e-2
0.22 4.225220536906549e-2
0.221 4.2926285613151156e-2
0.222 4.360736428117666e-2
0.223 4.4295466806188975e-2
0.224 4.499061828988594e-2
0.225 4.569284350030521e-2
0.226 4.640216686954202e-2
0.227 4.7118612491497715e-2
0.228 4.7842204119657124e-2
0.229 4.857296516489637e-2
0.23 4.931091869332018e-2
0.231 5.0056087424129335e-2
0.232 5.0808493727517515e-2
0.233 5.1568159622599016e-2
0.234 5.233510677536538e-2
0.23500000000000001 5.3109356496672776e-2
0.23600000000000002 5.389092974025903e-2
0.23700000000000002 5.467984710079109e-2
0.23800000000000002 5.5476128811941805e-2
0.23900000000000002 5.627979474449771e-2
0.24 5.709086440449637e-2
0.241 5.790935693139407e-2
0.242 5.8735291096263416e-2
0.243 5.956868530002143e-2
0.244 6.04095575716875e-2
0.245 6.1257925566671874e-2
0.246 6.211380656509405e-2
0.247 6.297721747013149e-2
0.248 6.384817480639868e-2
0.249 6.472669471835615e-2
0.25 6.561279296874997e-2
0.251 6.650648493708142e-2
0.252 6.740778561810667e-2
0.253 6.831670962036722e-2
0.254 6.923327116475005e-2
0.255 7.015748408307808e-2
0.256 7.108936181673153e-2
0.257 7.202891741529818e-2
0.258 7.297616353525543e-2
0.259 7.393111243868139e-2
0.26 7.489377599199643e-2
0.261 7.586416566473554e-2
0.262 7.684229252835e-2
0.263 7.782816725503972e-2
0.264 7.882180011661571e-2
0.265 7.98232009833927e-2
0.266 8.083237932311158e-2
0.267 8.184934419989211e-2
0.268 8.287410427321588e-2
0.269 8.39066677969394e-2
0.27 8.494704261833658e-2
0.271 8.599523617717207e-2
0.272 8.705125550480385e-2
0.273 8.811510722331607e-2
0.274 8.918679754468258e-2
0.275 9.026633226995855e-2
0.276 9.135371678850371e-2
0.277 9.244895607723475e-2
0.278 9.35520546999072e-2
0.279 9.466301680642765e-2
0.28 9.578184613219534e-2
0.281 9.690854599747373e-2
0.28200000000000003 9.804311930679123e-2
0.28300000000000003 9.918556854837192e-2
0.28400000000000003 0.10033589579359647
0.28500000000000003 0.10149410269649042
0.28600000000000003 0.10266019049324512
0.28700000000000003 0.10383416000176522
0.28800000000000003 0.1050160116212471
0.289 0.10620574533178641
0.29 0.10740336069401471
0.291 0.10860885684876533
0.292 0.10982223251676843
0.293 0.11104348599837598
0.294 0.11227261517331381
0.295 0.11350961750046555
0.296 0.11475449001768262
0.297 0.11600722934162574
0.298 0.11726783166763312
0.299 0.118536292769619
0.3 0.11981260799999997
0.301 0.12109677228965099
0.302 0.1223887801478881
0.303 0.12368862566248269
0.304 0.12499630249970069
0.305 0.1263118039043735
0.306 0.12763512269999464
0.307 0.12896625128884662
0.308 0.13030518165215438
0.309 0.13165190535026872
0.31 0.13300641352287554
0.311 0.13436869688923508
0.312 0.1357387457484481
0.313 0.13711654997974992
0.314 0.13850209904283206
0.315 0.13989538197819304
0.316 0.1412963874075137
0.317 0.14270510353406396
0.318 0.14412151814313306
0.319 0.14554561860249132
0.32 0.1469773918628741
0.321 0.14841682445849882
0.322 0.1498639025076034
0.323 0.15131861171301664
0.324 0.15278093736275133
0.325 0.15425086433062749
0.326 0.15572837707692005
0.327 0.15721345964903533
0.328 0.158706095682211
0.329 0.1602062684002465
0.33 0.16171396061625604
0.331 0.163229154733451
0.332 0.1647518327459457
0.333 0.1662819762395919
0.334 0.16781956639283716
0.335 0.16936458397761037
0.336 0.17091700936023255
0.337 0.17247682250235424
0.338 0.17404400296191605
0.339 0.17561852989413834
0.34 0.17720038205253216
0.341 0.17878953778994025
0.342 0.18038597505959791
0.343 0.18198967141622371
0.34400000000000003 0.18360060401713135
0.34500000000000003 0.1852187496233698
0.34600000000000003 0.18684408460088475
0.34700000000000003 0.18847658492170796
0.34800000000000003 0.19011622616516835
0.34900000000000003 0.19176298351912963
0.35000000000000003 0.1934168317812499
0.35100000000000003 0.1950777453602697
0.352 0.19674569827731692
0.353 0.198420664167245
0.354 0.2001026162799857
0.355 0.20179152748193235
0.356 0.20348737025734326
0.357 0.20519011670976994
0.358 0.20689973856350793
0.359 0.20861620716507165
0.36 0.21033949348469147
0.361 0.21206956811783448
0.362 0.21380640128674827
0.363 0.2155499628420264
0.364 0.2173002222641977
0.365 0.21905714866533693
0.366 0.2208207107906995
0.367 0.22259087702037633
0.368 0.22436761537097175
0.369 0.22615089349730497
0.37 0.22794067869413015
0.371 0.22973693789788066
0.372 0.2315396376884345
0.373 0.23334874429090102
0.374 0.23516422357742775
0.375 0.23698604106903076
0.376 0.23881416193744437
0.377 0.24064855100699245
0.378 0.24248917275647972
0.379 0.2443359913211051
0.38 0.24618897049439442
0.381 0.248048073730154
0.382 0.2499132641444442
0.383 0.2517845045175736
0.384 0.2536617572961117
0.385 0.2555449845949242
0.386 0.25743414819922433
0.387 0.2593292095666475
0.388 0.2612301298293426
0.389 0.26313686979608275
0.39 0.2650493899543969
0.391 0.26696765047271936
0.392 0.2688916112025575
0.393 0.27082123168067895
0.394 0.2727564711313173
0.395 0.27469728846839514
0.396 0.2766436422977682
0.397 0.27859549091948355
0.398 0.28055279233005853
0.399 0.28251550422477634
0.4 0.2844835840000001
0.401 0.2864569887555037
0.402 0.28843567529681974
0.403 0.2904196001376053
0.404 0.2924087195020251
0.405 0.29440298932715037
0.406 0.2964023652653744
0.40700000000000003 0.29840680268684594
0.40800000000000003 0.30041625668191857
0.40900000000000003 0.30243068206361573
0.41000000000000003 0.3044500333701121
0.41100000000000003 0.30647426486723106
0.41200000000000003 0.30850333055095686
0.41300000000000003 0.3105371841499661
0.41400000000000003 0.3125757791281694
0.41500000000000004 0.31461906868727174
0.41600000000000004 0.3166670057693477
0.417 0.3187195430594304
0.418 0.32077663298811726
0.419 0.322838227734187
0.42 0.3249042792272365
0.421 0.32697473915032477
0.422 0.32904955894264015
0.423 0.33112868980217147
0.424 0.3332120826884024
0.425 0.33529968832501206
0.426 0.33739145720259545
0.427 0.33948733958138994
0.428 0.34158728549402506
0.429 0.34369124474827273
0.43 0.3457991669298223
0.431 0.34791100140506076
0.432 0.35002669732386793
0.433 0.3521462036224241
0.434 0.3542694690260305
0.435 0.35639644205193827
0.436 0.358527071012196
0.437 0.3606613040165008
0.438 0.3627990889750687
0.439 0.3649403736015085
0.44 0.36708510541571704
0.441 0.3692332317467725
0.442 0.37138469973585186
0.443 0.37353945633914737
0.444 0.3756974483308041
0.445 0.37785862230585754
0.446 0.3800229246831909
0.447 0.38219030170849366
0.448 0.38436069945723894
0.449 0.3865340638376608
0.45 0.3887103405937501
0.451 0.3908894753082529
0.452 0.39307141340568297
0.453 0.3952561001553373
0.454 0.3974434806743288
0.455 0.39963349993061825
0.456 0.40182610274606356
0.457 0.40402123379946747
0.458 0.4062188376296453
0.459 0.40841885863848876
0.46 0.4106212410940459
0.461 0.4128259291336034
0.462 0.41503286676678175
0.463 0.4172419978786291
0.464 0.41945326623273327
0.465 0.42166661547432854
0.466 0.42388198913342157
0.467 0.42609933062791017
0.468 0.428318583266724
0.46900000000000003 0.4305396902529541
0.47000000000000003 0.4327625946870054
0.47100000000000003 0.4349872395697403
0.47200000000000003 0.4372135678056404
0.47300000000000003 0.43944152220596133
0.47400000000000003 0.4416710454919068
0.47500000000000003 0.44390208029779044
0.47600000000000003 0.4461345691742232
0.47700000000000004 0.44836845459128394
0.47800000000000004 0.4506036789417138
0.47900000000000004 0.4528401845440991
0.48 0.45507791364607186
0.481 0.45731680842750105
0.482 0.4595568110037007
0.483 0.4617978634286312
0.484 0.46403990769811065
0.485 0.46628288575302507
0.486 0.4685267394825464
0.487 0.4707714107273476
0.488 0.4730168412828258
0.489 0.4752629729023245
0.49 0.47750974730035967
0.491 0.4797571061558491
0.492 0.48200499111533945
0.493 0.48425334379624085
0.494 0.4865021057900581
0.495 0.4887512186656279
0.496 0.49100062397235267
0.497 0.49325026324343885
0.498 0.49550007799913603
0.499 0.497750009749973
0.5 0.5
0.501 0.502249990250027
0.502 0.5044999220008642
0.503 0.5067497367565611
0.504 0.5089993760276471
0.505 0.5112487813343719
0.506 0.513497894209942
0.507 0.5157466562037594
0.508 0.5179950088846604
0.509 0.5202428938441512
0.51 0.5224902526996401
0.511 0.5247370270976757
0.512 0.5269831587171742
0.513 0.5292285892726522
0.514 0.5314732605174532
0.515 0.5337171142469748
0.516 0.5359600923018891
0.517 0.5382021365713687
0.518 0.5404431889962995
0.519 0.542683191572499
0.52 0.5449220863539287
0.521 0.5471598154559009
0.522 0.5493963210582868
0.523 0.5516315454087162
0.524 0.5538654308257773
0.525 0.5560979197022096
0.526 0.5583289545080935
0.527 0.5605584777940386
0.528 0.56278643219436
0.529 0.5650127604302598
0.53 0.5672374053129954
0.531 0.5694603097470462
0.532 0.5716814167332765
0.533 0.5739006693720899
0.534 0.5761180108665784
0.535 0.5783333845256713
0.536 0.5805467337672673
0.537 0.5827580021213706
0.538 0.5849671332332187
0.539 0.5871740708663962
0.54 0.589378758905954
0.541 0.5915811413615115
0.542 0.5937811623703552
0.543 0.5959787662005327
0.544 0.5981738972539367
0.545 0.6003665000693813
0.546 0.6025565193256717
0.547 0.6047438998446628
0.548 0.606928586594317
0.549 0.609110524691747
0.55 0.6112896594062502
0.551 0.6134659361623391
0.552 0.6156393005427614
0.553 0.6178096982915061
0.554 0.6199770753168096
0.555 0.6221413776941421
0.556 0.6243025516691965
0.557 0.6264605436608524
0.558 0.6286153002641485
0.559 0.6307667682532276
0.56 0.6329148945842832
0.561 0.6350596263984916
0.562 0.6372009110249318
0.5630000000000001 0.6393386959834992
0.5640000000000001 0.641472928987804
0.5650000000000001 0.6436035579480616
0.5660000000000001 0.6457305309739694
0.5670000000000001 0.647853796377576
0.5680000000000001 0.6499733026761324
0.5690000000000001 0.6520889985949392
0.5700000000000001 0.6542008330701781
0.5710000000000001 0.6563087552517276
0.5720000000000001 0.658412714505975
0.5730000000000001 0.6605126604186099
0.5740000000000001 0.6626085427974051
0.5750000000000001 0.664700311674988
0.5760000000000001 0.6667879173115977
0.577 0.6688713101978286
0.578 0.6709504410573602
0.579 0.6730252608496748
0.58 0.6750957207727634
0.581 0.6771617722658125
0.582 0.6792233670118826
0.583 0.6812804569405693
0.584 0.6833329942306529
0.585 0.685380931312728
0.586 0.6874242208718305
0.587 0.6894628158500336
0.588 0.691496669449043
0.589 0.6935257351327693
0.59 0.6955499666298874
0.591 0.6975693179363837
0.592 0.699583743318081
0.593 0.7015931973131541
0.594 0.7035976347346257
0.595 0.7055970106728497
0.596 0.7075912804979748
0.597 0.709580399862395
0.598 0.7115643247031805
0.599 0.7135430112444967
0.6 0.715516416
0.601 0.7174844957752234
0.602 0.7194472076699414
0.603 0.7214045090805165
0.604 0.7233563577022314
0.605 0.7253027115316054
0.606 0.7272435288686827
0.607 0.7291787683193209
0.608 0.7311083887974426
0.609 0.7330323495272804
0.61 0.7349506100456034
0.611 0.7368631302039175
0.612 0.7387698701706574
0.613 0.7406707904333527
0.614 0.7425658518007756
0.615 0.7444550154050759
0.616 0.746338242703888
0.617 0.7482154954824265
0.618 0.7500867358555553
0.619 0.7519519262698455
0.62 0.7538110295056056
0.621 0.7556640086788945
0.622 0.7575108272435209
0.623 0.7593514489930082
0.624 0.7611858380625554
0.625 0.7630139589309695
0.626 0.7648357764225721
0.627 0.7666512557090991
0.628 0.7684603623115658
0.629 0.7702630621021193
0.63 0.7720593213058696
0.631 0.7738491065026954
0.632 0.7756323846290282
0.633 0.777409122979624
0.634 0.7791792892093009
0.635 0.7809428513346628
0.636 0.7826997777358026
0.637 0.7844500371579738
0.638 0.7861935987132517
0.639 0.7879304318821658
0.64 0.7896605065153086
0.641 0.7913837928349288
0.642 0.7931002614364925
0.643 0.7948098832902297
0.644 0.7965126297426569
0.645 0.7982084725180683
0.646 0.7998973837200143
0.647 0.8015793358327545
0.648 0.803254301722683
0.649 0.804922254639731
0.65 0.8065831682187502
0.651 0.8082370164808707
0.652 0.809883773834832
0.653 0.8115234150782923
0.654 0.8131559153991151
0.655 0.8147812503766304
0.656 0.8163993959828691
0.657 0.8180103285837766
0.658 0.8196140249404024
0.659 0.82121046221006
0.66 0.8227996179474677
0.661 0.8243814701058618
0.662 0.8259559970380839
0.663 0.8275231774976457
0.664 0.8290829906397675
0.665 0.83063541602239
0.666 0.8321804336071627
0.667 0.8337180237604083
0.668 0.8352481672540537
0.669 0.8367708452665488
0.67 0.838286039383744
0.671 0.8397937315997531
0.672 0.8412939043177892
0.673 0.8427865403509651
0.674 0.84427162292308
0.675 0.845749135669373
0.676 0.8472190626372491
0.677 0.8486813882869838
0.678 0.8501360974923969
0.679 0.8515831755415009
0.68 0.8530226081371258
0.681 0.8544543813975084
0.682 0.8558784818568669
0.683 0.8572948964659356
0.684 0.8587036125924862
0.685 0.8601046180218077
0.686 0.8614979009571679
0.687 0.8628834500202501
0.6880000000000001 0.8642612542515521
0.6890000000000001 0.8656313031107654
0.6900000000000001 0.8669935864771249
0.6910000000000001 0.8683480946497314
0.6920000000000001 0.8696948183478448
0.6930000000000001 0.8710337487111531
0.6940000000000001 0.8723648773000061
0.6950000000000001 0.873688196095627
0.6960000000000001 0.875003697500299
0.6970000000000001 0.8763113743375175
0.6980000000000001 0.8776112198521127
0.6990000000000001 0.8789032277103498
0.7000000000000001 0.8801873919999997
0.7010000000000001 0.8814637072303809
0.7020000000000001 0.882732168332367
0.7030000000000001 0.8839927706583738
0.704 0.8852455099823181
0.705 0.8864903824995338
0.706 0.8877273848266858
0.707 0.8889565140016245
0.708 0.8901777674832312
0.709 0.8913911431512352
0.71 0.8925966393059858
0.711 0.8937942546682143
0.712 0.8949839883787529
0.713 0.8961658399982356
0.714 0.8973398095067551
0.715 0.8985058973035099
0.716 0.899664104206404
0.717 0.9008144314516286
0.718 0.9019568806932092
0.719 0.9030914540025263
0.72 0.9042181538678046
0.721 0.905336983193573
0.722 0.9064479453000935
0.723 0.9075510439227659
0.724 0.9086462832114962
0.725 0.9097336677300417
0.726 0.9108132024553176
0.727 0.9118848927766844
0.728 0.9129487444951964
0.729 0.9140047638228274
0.73 0.915052957381663
0.731 0.9160933322030612
0.732 0.9171258957267843
0.733 0.9181506558001082
0.734 0.9191676206768891
0.735 0.920176799016607
0.736 0.9211781998833841
0.737 0.9221718327449601
0.738 0.9231577074716502
0.739 0.9241358343352645
0.74 0.925106224008003
0.741 0.9260688875613184
0.742 0.9270238364647442
0.743 0.9279710825847018
0.744 0.9289106381832684
0.745 0.9298425159169216
0.746 0.9307667288352504
0.747 0.9316832903796323
0.748 0.9325922143818939
0.749 0.9334935150629191
0.75 0.93438720703125
0.751 0.9352733052816442
0.752 0.9361518251936012
0.753 0.9370227825298686
0.754 0.9378861934349059
0.755 0.9387420744333282
0.756 0.9395904424283124
0.757 0.9404313146999783
0.758 0.9412647089037361
0.759 0.9420906430686062
0.76 0.9429091355955043
0.761 0.943720205255503
0.762 0.9445238711880577
0.763 0.9453201528992086
0.764 0.9461090702597411
0.765 0.9468906435033275
0.766 0.9476648932246349
0.767 0.9484318403774004
0.768 0.9491915062724828
0.769 0.9499439125758707
0.77 0.9506890813066795
0.771 0.9514270348351038
0.772 0.9521577958803422
0.773 0.9528813875085028
0.774 0.9535978331304577
0.775 0.9543071564996951
0.776 0.9550093817101143
0.777 0.9557045331938111
0.778 0.9563926357188235
0.779 0.9570737143868489
0.78 0.9577477946309345
0.781 0.9584149022131356
0.782 0.9590750632221425
0.783 0.959728304070886
0.784 0.9603746514941026
0.785 0.9610141325458759
0.786 0.9616467745971488
0.787 0.9622726053332085
0.788 0.9628916527511319
0.789 0.9635039451572182
0.79 0.964109511164374
0.791 0.9647083796894863
0.792 0.9653005799507524
0.793 0.9658861414649929
0.794 0.9664650940449219
0.795 0.9670374677964044
0.796 0.9676032931156712
0.797 0.9681626006865133
0.798 0.9687154214774425
0.799 0.9692617867388275
0.8 0.9698017279999993
0.801 0.9703352770663308
0.802 0.9708624660162775
0.803 0.971383327198408
0.804 0.9718978932283936
0.805 0.9724061969859673
0.806 0.9729082716118668
0.807 0.9734041505047399
0.808 0.9738938673180231
0.809 0.9743774559567967
0.81 0.9748549505746102
0.811 0.9753263855702791
0.812 0.9757917955846472
0.8130000000000001 0.9762512154973434
0.8140000000000001 0.9767046804234848
0.8150000000000001 0.9771522257103691
0.8160000000000001 0.9775938869341362
0.8170000000000001 0.9780296998963964
0.8180000000000001 0.9784597006208462
0.8190000000000001 0.9788839253498383
0.8200000000000001 0.9793024105409406
0.8210000000000001 0.9797151928634662
0.8220000000000001 0.9801223091949632
0.8230000000000001 0.9805237966176974
0.8240000000000001 0.9809196924150984
0.8250000000000001 0.981310034068176
0.8260000000000001 0.9816948592519249
0.8270000000000001 0.982074205831683
0.8280000000000001 0.9824481118594863
0.8290000000000001 0.98281661557038
0.8300000000000001 0.9831797553787107
0.8310000000000001 0.9835375698744029
0.8320000000000001 0.9838900978191885
0.833 0.9842373781428314
0.834 0.9845794499393226
0.835 0.984916352463039
0.836 0.985248125124888
0.837 0.9855748074884346
0.838 0.9858964392659844
0.839 0.9862130603146536
0.84 0.986524710632424
0.841 0.9868314303541504
0.842 0.9871332597475746
0.843 0.9874302392092786
0.844 0.987722409260658
0.845 0.9880098105438299
0.846 0.9882924838175472
0.847 0.9885704699530752
0.848 0.9888438099300517
0.849 0.9891125448323221
0.85 0.9893767158437505
0.851 0.9896363642440098
0.852 0.9898915314043539
0.853 0.9901422587833573
0.854 0.9903885879226482
0.855 0.9906305604426026
0.856 0.9908682180380275
0.857 0.9911016024738273
0.858 0.9913307555806325
0.859 0.9915557192504255
0.86 0.9917765354321346
0.861 0.9919932461272107
0.862 0.9922058933851797
0.863 0.9924145192991888
0.864 0.992619166001511
0.865 0.9928198756590476
0.866 0.9930166904688054
0.867 0.9932096526533496
0.868 0.9933988044562432
0.869 0.9935841881374738
0.87 0.9937658459688409
0.871 0.9939438202293484
0.872 0.9941181532005628
0.873 0.9942888871619611
0.874 0.9944560643862549
0.875 0.9946197271347046
0.876 0.9947799176524105
0.877 0.9949366781635859
0.878 0.9950900508668178
0.879 0.9952400779303039
0.88 0.9953868014870862
0.881 0.9955302636302465
0.882 0.9956705064081134
0.883 0.9958075718194261
0.884 0.995941501808504
0.885 0.996072338260387
0.886 0.9962001229959707
0.887 0.9963248977671161
0.888 0.9964467042517567
0.889 0.9965655840489782
0.89 0.9966815786741001
0.891 0.9967947295537248
0.892 0.9969050780207869
0.893 0.9970126653095865
0.894 0.9971175325508047
0.895 0.99721972076651
0.896 0.9973192708651518
0.897 0.9974162236365423
0.898 0.9975106197468241
0.899 0.9976024997334222
0.9 0.9976919039999992
0.901 0.9977788728113861
0.902 0.9978634462884979
0.903 0.9979456644032568
0.904 0.9980255669734928
0.905 0.9981031936578275
0.906 0.9981785839505702
0.907 0.998251777176576
0.908 0.9983228124861218
0.909 0.9983917288497558
0.91 0.998458565053143
0.911 0.9985233596919072
0.912 0.9985861511664563
0.913 0.9986469776768068
0.914 0.9987058772174003
0.915 0.9987628875719093
0.916 0.9988180463080392
0.917 0.9988713907723195
0.918 0.998922958084899
0.919 0.9989727851343219
0.92 0.9990209085723118
0.921 0.9990673648085345
0.922 0.9991121900053737
0.923 0.9991554200726883
0.924 0.9991970906625774
0.925 0.9992372371641236
0.926 0.9992758946981561
0.927 0.9993130981119934
0.928 0.9993488819741855
0.929 0.9993832805692622
0.93 0.9994163278924691
0.931 0.9994480576445123
0.932 0.9994785032262856
0.933 0.9995076977336176
0.934 0.9995356739520014
0.935 0.9995624643513298
0.936 0.9995881010806313
0.937 0.9996126159628078
0.9380000000000001 0.9996360404893636
0.9390000000000001 0.9996584058151528
0.9400000000000001 0.9996797427531116
0.9410000000000001 0.9997000817690006
0.9420000000000001 0.9997194529761452
0.9430000000000001 0.9997378861301836
0.9440000000000001 0.9997554106238161
0.9450000000000001 0.9997720554815578
0.9460000000000001 0.9997878493544881
0.9470000000000001 0.9998028205150141
0.9480000000000001 0.9998169968516362
0.9490000000000001 0.9998304058637164
0.9500000000000001 0.9998430746562514
0.9510000000000001 0.9998550299346511
0.9520000000000001 0.9998662979995336
0.9530000000000001 0.9998769047415057
0.9540000000000001 0.9998868756359717
0.9550000000000001 0.9998962357379377
0.9560000000000001 0.999905009676825
0.9570000000000001 0.9999132216512944
0.9580000000000001 0.9999208954240824
0.9590000000000001 0.9999280543168285
0.96 0.9999347212049454
0.961 0.9999409185124578
0.962 0.9999466682068914
0.963 0.9999519917941375
0.964 0.9999569103133594
0.965 0.9999614443318856
0.966 0.9999656139401336
0.967 0.9999694387465297
0.968 0.9999729378724591
0.969 0.9999761299472132
0.97 0.999979033102965
0.971 0.999981664969742
0.972 0.9999840426704363
0.973 0.9999861828158072
0.974 0.9999881014995112
0.975 0.9999898142931516
0.976 0.9999913362413329
0.977 0.9999926818567431
0.978 0.9999938651152501
0.979 0.9999948994510062
0.98 0.9999957977515959
0.981 0.9999965723531709
0.982 0.999997235035632
0.983 0.9999977970178137
0.984 0.9999982689526965
0.985 0.9999986609226381
0.986 0.9999989824346253
0.987 0.9999992424155552
0.988 0.9999994492075239
0.989 0.999999610563153
0.99 0.9999997336409278
0.991 0.9999998250005709
0.992 0.999999890598433
0.993 0.999999935782904
0.994 0.9999999652898649
0.995 0.9999999832381484
0.996 0.9999999931250345
0.997 0.999999997821778
0.998 0.999999999569155
0.999 0.9999999999730362
1.0 1.0
