0.0 0.0
1.0e-3 7.980019992e-6
2.0e-3 3.1840319744e-5
3.0e-3 7.146161805600001e-5
4.0e-3 1.2672511180800004e-4
5.0e-3 1.9751247500000006e-4
6.0e-3 2.8370585779200006e-4
7.0e-3 3.8518788554399994e-4
8.0e-3 5.018416578559998e-4
9.000000000000001e-3 6.33550747608e-4
1.0e-2 7.801991999999999e-4
1.1e-2 9.416715315920001e-4
1.2e-2 1.117852729344e-3
1.3000000000000001e-2 1.3086282496559997e-3
1.4e-2 1.5138840174079992e-3
1.5e-2 1.7335064249999997e-3
1.6e-2 1.967382331392001e-3
1.7e-2 2.215399061144e-3
1.8000000000000002e-2 2.477444403456001e-3
1.9e-2 2.753406611208e-3
2.0e-2 3.0431743999999993e-3
2.1e-2 3.3466369471920007e-3
2.2e-2 3.6636838909440005e-3
2.3e-2 3.994205329255999e-3
2.4e-2 4.338091819007999e-3
2.5e-2 4.695234375e-3
2.6000000000000002e-2 5.065524468992001e-3
2.7e-2 5.448854028743999e-3
2.8e-2 5.845115437056e-3
2.9e-2 6.254201530808e-3
3.0e-2 6.676005600000001e-3
3.1e-2 7.110421386791999e-3
3.2e-2 7.557343084543998e-3
3.3e-2 8.016665336855999e-3
3.4e-2 8.488283236608e-3
3.5e-2 8.972092324999998e-3
3.6000000000000004e-2 9.467988590591999e-3
3.7e-2 9.975868468343994e-3
3.8e-2 1.0495628838655999e-2
3.9e-2 1.1027167026407998e-2
4.0e-2 1.15703808e-2
4.1e-2 1.2125168370392002e-2
4.2e-2 1.2691428390143996e-2
4.3000000000000003e-2 1.3269059952455996e-2
4.4e-2 1.3857962590208002e-2
4.5e-2 1.4458036274999999e-2
4.6e-2 1.5069181416191993e-2
4.7e-2 1.5691298859943994e-2
4.8e-2 1.6324289888255992e-2
4.9e-2 1.6968056218007996e-2
5.0e-2 1.7622500000000003e-2
5.1000000000000004e-2 1.8287523817991994e-2
5.2000000000000005e-2 1.8963030687744003e-2
5.3e-2 1.9648924056055988e-2
5.4e-2 2.0345107799807992e-2
5.5e-2 2.1051486225e-2
5.6e-2 2.176796406579199e-2
5.7e-2 2.2494446483543994e-2
5.8e-2 2.3230839065855994e-2
5.9000000000000004e-2 2.3977047825607986e-2
6.0e-2 2.473297919999999e-2
6.1e-2 2.5498540049592008e-2
6.2e-2 2.6273637657343977e-2
6.3e-2 2.7058179727656017e-2
6.4e-2 2.785207438540798e-2
6.5e-2 2.8655230175000025e-2
6.6e-2 2.946755605939199e-2
6.7e-2 3.0288961419144007e-2
6.8e-2 3.1119356051455976e-2
6.9e-2 3.195865016920804e-2
7.0e-2 3.280675439999999e-2
7.100000000000001e-2 3.3663579785192015e-2
7.200000000000001e-2 3.4529037778943984e-2
7.3e-2 3.540304024725602e-2
7.4e-2 3.6285499467008014e-2
7.5e-2 3.7176328125e-2
7.6e-2 3.807543931699202e-2
7.7e-2 3.8982746546743996e-2
7.8e-2 3.9898163725056e-2
7.9e-2 4.0821605168808e-2
8.0e-2 4.1752985600000014e-2
8.1e-2 4.2692220144792035e-2
8.2e-2 4.363922433254401e-2
8.3e-2 4.459391409485604e-2
8.4e-2 4.555620576460801e-2
8.5e-2 4.652601607500004e-2
8.600000000000001e-2 4.750326215859201e-2
8.700000000000001e-2 4.848786154634403e-2
8.8e-2 4.947973216665601e-2
8.9e-2 5.0478792344408e-2
9.0e-2 5.1484960800000014e-2
9.1e-2 5.249815664839202e-2
9.2e-2 5.3518299398144016e-2
9.3e-2 5.454530895045601e-2
9.4e-2 5.5579105598208015e-2
9.5e-2 5.6619610025e-2
9.6e-2 5.766674330419202e-2
9.7e-2 5.872042689794402e-2
9.8e-2 5.9780582656256e-2
9.9e-2 6.084713281600801e-2
0.1 6.192000000000004e-2
0.101 6.299910721599201e-2
0.10200000000000001 6.408437785574402e-2
0.10300000000000001 6.517573569405602e-2
0.10400000000000001 6.627310488780805e-2
0.105 6.737640997499997e-2
0.106 6.848557587379203e-2
0.107 6.960052788154401e-2
0.108 7.072119167385603e-2
0.109 7.184749330360804e-2
0.11 7.297935920000002e-2
0.111 7.411671616759204e-2
0.112 7.5259491385344e-2
0.113 7.640761240565602e-2
0.114 7.756100715340802e-2
0.115 7.8719603925e-2
0.116 7.988333138739204e-2
0.117 8.105211857714398e-2
0.11800000000000001 8.222589489945605e-2
0.11900000000000001 8.340459012720801e-2
0.12 8.458813439999999e-2
0.121 8.577645822319202e-2
0.122 8.696949246694399e-2
0.123 8.8167168365256e-2
0.124 8.936941751500795e-2
0.125 9.0576171875e-2
0.126 9.178736376499204e-2
0.127 9.300292586474401e-2
0.128 9.4222791213056e-2
0.129 9.544689320680805e-2
0.13 9.667516560000006e-2
0.131 9.7907542502792e-2
0.132 9.914395838054399e-2
0.133 0.10038434805285597
0.134 0.10162864669260797
0.135 0.102876789825
0.136 0.10412871332659195
0.137 0.10538435342434403
0.138 0.10664364669465598
0.139 0.10790653006240801
0.14 0.10917294079999997
0.14100000000000001 0.11044281652639205
0.14200000000000002 0.11171609520614399
0.14300000000000002 0.11299271514845605
0.14400000000000002 0.11427261500620796
0.145 0.11555573377499996
0.146 0.11684201079219195
0.147 0.11813138573594394
0.148 0.11942379862425599
0.149 0.120719189814008
0.15 0.12201749999999996
0.151 0.12331867021399191
0.152 0.12462264182374395
0.153 0.12592935653205597
0.154 0.12723875637580795
0.155 0.1285507837249999
0.156 0.12986538128179198
0.157 0.131182492079544
0.158 0.132502059481856
0.159 0.13382402718160794
0.16 0.13514833919999994
0.161 0.13647493988559198
0.162 0.137803773913344
0.163 0.13913478628365605
0.164 0.140467922321408
0.165 0.14180312767500003
0.166 0.143140348315392
0.167 0.144479530535144
0.168 0.14582062094745604
0.169 0.14716356648520798
0.17 0.14850831439999998
0.171 0.14985481226119193
0.17200000000000001 0.15120300795494404
0.17300000000000001 0.152552849683256
0.17400000000000002 0.15390428596300793
0.17500000000000002 0.155257265625
0.176 0.15661173781299206
0.177 0.15796765198274398
0.178 0.15932495790105605
0.179 0.16068360564480788
0.18 0.1620435456000001
0.181 0.16340472846079196
0.182 0.164767105228544
0.183 0.1661306272108559
0.184 0.16749524602060806
0.185 0.168860913575
0.186 0.17022758209459202
0.187 0.1715952041023439
0.188 0.17296373242265606
0.189 0.17433312018040786
0.19 0.17570332080000017
0.191 0.17707428800439182
0.192 0.17844597581414415
0.193 0.1798183385464559
0.194 0.18119133081420816
0.195 0.18256490752499988
0.196 0.18393902388019215
0.197 0.18531363537394388
0.198 0.18668869779225614
0.199 0.18806416721200786
0.2 0.1894400000000002
0.201 0.19081615281199196
0.202 0.192192582591744
0.203 0.19356924657005598
0.20400000000000001 0.19494610226380812
0.20500000000000002 0.19632310747499987
0.20600000000000002 0.1977002202897922
0.20700000000000002 0.19907739907754385
0.20800000000000002 0.20045460248985614
0.209 0.201831789459608
0.21 0.2032089192000001
0.211 0.20458595120359216
0.212 0.205962845241344
0.213 0.20733956136165602
0.214 0.20871605988940806
0.215 0.21009230142499996
0.216 0.21146824684339208
0.217 0.21284385729314395
0.218 0.214219094195456
0.219 0.21559391924320812
0.22 0.21696829440000007
0.221 0.21834218189919213
0.222 0.2197155442429441
0.223 0.2210883442012562
0.224 0.22246054481100797
0.225 0.2238321093750002
0.226 0.2252030014609921
0.227 0.22657318490074402
0.228 0.22794262378905608
0.229 0.22931128248280794
0.23 0.2306791255999999
0.231 0.2320461180187921
0.232 0.23341222487654398
0.233 0.23477741156885615
0.234 0.23614164374860816
0.23500000000000001 0.23750488732500005
0.23600000000000002 0.23886710846259196
0.23700000000000002 0.24022827358034413
0.23800000000000002 0.24158834935065618
0.23900000000000002 0.24294730269840806
0.24 0.24430510079999992
0.241 0.245661711082392
0.242 0.24701710122214396
0.243 0.2483712391444561
0.244 0.2497240930222081
0.245 0.2510756312749999
0.246 0.2524258225681921
0.247 0.25377463581194387
0.248 0.25512204016025597
0.249 0.256468005010008
0.25 0.2578125
0.251 0.259155495009992
0.252 0.260496960159744
0.253 0.26183686580805593
0.254 0.26317518255180805
0.255 0.2645118812249999
0.256 0.2658469328977921
0.257 0.267180308875544
0.258 0.2685119806978559
0.259 0.26984192013760816
0.26 0.2711700992
0.261 0.27249649012159205
0.262 0.27382106536934425
0.263 0.27514379763965613
0.264 0.276464659857408
0.265 0.27778362517499994
0.266 0.2791006669713921
0.267 0.2804157588511442
0.268 0.28172887464345603
0.269 0.2830399884012081
0.27 0.28434907439999985
0.271 0.285656107137192
0.272 0.2869610613309442
0.273 0.28826391191925593
0.274 0.2895646340590081
0.275 0.29086320312500014
0.276 0.29215959470899205
0.277 0.2934537846187441
0.278 0.294745748877056
0.279 0.2960354637208081
0.28 0.2973229056000001
0.281 0.29860805117679207
0.28200000000000003 0.29989087732454417
0.28300000000000003 0.3011713611268559
0.28400000000000003 0.3024494798766083
0.28500000000000003 0.303725211075
0.28600000000000003 0.30499853243059194
0.28700000000000003 0.3062694218583441
0.28800000000000003 0.30753785747865603
0.289 0.3088038176164081
0.29 0.3100672808
0.291 0.31132822576039215
0.292 0.3125866314301437
0.293 0.3138424769424561
0.294 0.31509574163020787
0.295 0.31634640502500017
0.296 0.31759444685619187
0.297 0.3188398470499442
0.298 0.320082585728256
0.299 0.3213226432080082
0.3 0.3225599999999999
0.301 0.32379463680799236
0.302 0.3250265345277438
0.303 0.3262556742460562
0.304 0.32748203723980784
0.305 0.3287056049750001
0.306 0.329926359105792
0.307 0.3311442814735442
0.308 0.33235935410585593
0.309 0.33357155921560816
0.31 0.3347808791999999
0.311 0.33598729663959204
0.312 0.33719079429734383
0.313 0.3383913551176562
0.314 0.3395889622254077
0.315 0.34078359892500015
0.316 0.3419752486993918
0.317 0.3431638952091443
0.318 0.3443495222914558
0.319 0.3455321139592083
0.32 0.3467116543999999
0.321 0.34788812797519225
0.322 0.3490615192189438
0.323 0.3502318128372562
0.324 0.35139899370700795
0.325 0.3525630468750002
0.326 0.35372395755699176
0.327 0.35488171113674427
0.328 0.356036293165056
0.329 0.35718768935880824
0.33 0.3583358855999999
0.331 0.35948086793479217
0.332 0.3606226225725439
0.333 0.36176113588485614
0.334 0.362896394404608
0.335 0.3640283848250002
0.336 0.3651570939985918
0.337 0.36628250893634406
0.338 0.3674046168066558
0.339 0.36852340493440844
0.34 0.36963886079999975
0.341 0.370750972038392
0.342 0.37185972643814375
0.343 0.3729651119404564
0.34400000000000003 0.37406711663820785
0.34500000000000003 0.37516572877500026
0.34600000000000003 0.3762609367441919
0.34700000000000003 0.37735272908794426
0.34800000000000003 0.37844109449625585
0.34900000000000003 0.3795260218060083
0.35000000000000003 0.38060749999999965
0.35100000000000003 0.38168551820599245
0.352 0.3827600656957439
0.353 0.38383113188405604
0.354 0.3848987063278081
0.355 0.3859627787250001
0.356 0.38702333891379204
0.357 0.388080376871544
0.358 0.389133882713856
0.359 0.39018384669360795
0.36 0.39123025920000004
0.361 0.39227311075759175
0.362 0.393312392025344
0.363 0.3943480937956558
0.364 0.39538020699340803
0.365 0.39640872267499994
0.366 0.397433632027392
0.367 0.3984549263671442
0.368 0.399472597139456
0.369 0.400486635917208
0.37 0.40149703440000023
0.371 0.4025037844131921
0.372 0.40350687790694395
0.373 0.4045063069552561
0.374 0.405502063755008
0.375 0.4064941406249999
0.376 0.40748253000499185
0.377 0.40846722445474415
0.378 0.4094482166530561
0.379 0.4104254993968081
0.38 0.41139906560000017
0.381 0.4123689082927919
0.382 0.41333502062054384
0.383 0.41429739584285613
0.384 0.415256027332608
0.385 0.4162109085750001
0.386 0.41716203316659206
0.387 0.4181093948143437
0.388 0.41905298733465624
0.389 0.41999280465240807
0.39 0.4209288408
0.391 0.4218610899163918
0.392 0.4227895462461439
0.393 0.42371420413845584
0.394 0.4246350580462084
0.395 0.42555210252500003
0.396 0.42646533223219196
0.397 0.4273747419259438
0.398 0.428280326464256
0.399 0.42918208080400816
0.4 0.43008000000000024
0.401 0.4309740792039923
0.402 0.43186431366374434
0.403 0.4327506987220559
0.404 0.43363322981580793
0.405 0.434511902475
0.406 0.4353867123217922
0.40700000000000003 0.436257655069544
0.40800000000000003 0.4371247265218557
0.40900000000000003 0.43798792257160785
0.41000000000000003 0.43884723919999985
0.41100000000000003 0.43970267247559236
0.41200000000000003 0.4405542185533439
0.41300000000000003 0.44140187367365596
0.41400000000000003 0.44224563416140816
0.41500000000000004 0.44308549642500006
0.41600000000000004 0.44392145695539187
0.417 0.4447535123251437
0.418 0.4455816591874563
0.419 0.44640589427520766
0.42 0.44722621440000043
0.421 0.4480426164511917
0.422 0.4488550973949444
0.423 0.4496636542732559
0.424 0.4504682842030083
0.425 0.45126898437499985
0.426 0.4520657520529924
0.427 0.45285858457274347
0.428 0.4536474793410561
0.429 0.4544324338348079
0.43 0.45521344560000027
0.431 0.45599051225079185
0.432 0.4567636314685441
0.433 0.4575328010008559
0.434 0.45829801866060843
0.435 0.4590592823249998
0.436 0.459816589934592
0.437 0.4605699394923436
0.438 0.4613193290626564
0.439 0.4620647567704075
0.44 0.4628062208000002
0.441 0.46354371939439193
0.442 0.4642772508541445
0.443 0.4650068135364558
0.444 0.46573240585420833
0.445 0.4664540262749998
0.446 0.46717167332019244
0.447 0.4678853455639438
0.448 0.46859504163225607
0.449 0.469300760202008
0.45 0.47000250000000027
0.451 0.4707002598019918
0.452 0.47139403843174454
0.453 0.472083834760056
0.454 0.4727696477038082
0.455 0.4734514762249997
0.456 0.47412931932979246
0.457 0.4748031760675438
0.458 0.47547304552985614
0.459 0.47613892684960785
0.46 0.4768008192000003
0.461 0.4774587217935918
0.462 0.4781126338813442
0.463 0.47876255475165574
0.464 0.4794084837294085
0.465 0.4800504201749997
0.466 0.48068836348339244
0.467 0.4813223130831438
0.468 0.48195226843545647
0.46900000000000003 0.4825782290332079
0.47000000000000003 0.48320019440000045
0.47100000000000003 0.48381816408919154
0.47200000000000003 0.48443213768294424
0.47300000000000003 0.4850421147912555
0.47400000000000003 0.4856480950510083
0.47500000000000003 0.48625007812499976
0.47600000000000003 0.4868480637009926
0.47700000000000004 0.48744205149074393
0.47800000000000004 0.48803204122905625
0.47900000000000004 0.4886180326728075
0.48 0.4892000256000001
0.481 0.4897780198087919
0.482 0.49035201511654386
0.483 0.4909220113588557
0.484 0.4914880083886079
0.485 0.4920500060749997
0.486 0.4926080043025919
0.487 0.4931620029703439
0.488 0.49371200199065596
0.489 0.494258001288408
0.49 0.4948000007999998
0.491 0.49533800047239207
0.492 0.4958720002621439
0.493 0.49640200013445623
0.494 0.4969280000622081
0.495 0.49745000002500006
0.496 0.4979680000081921
0.497 0.4984820000019439
0.498 0.4989920000002562
0.499 0.4994980000000078
0.5 0.5
0.501 0.5004979999999919
0.502 0.5009919999997443
0.503 0.5014819999980564
0.504 0.5019679999918079
0.505 0.5024499999749995
0.506 0.5029279999377921
0.507 0.5034019998655439
0.508 0.5038719997378559
0.509 0.5043379995276082
0.51 0.5047999991999998
0.511 0.5052579987115922
0.512 0.505711998009344
0.513 0.506161997029656
0.514 0.5066079956974079
0.515 0.5070499939249999
0.516 0.5074879916113918
0.517 0.5079219886411441
0.518 0.508351984883456
0.519 0.5087779801912081
0.52 0.5091999744000004
0.521 0.5096179673271922
0.522 0.5100319587709444
0.523 0.5104419485092558
0.524 0.5108479362990079
0.525 0.5112499218750003
0.526 0.5116479049489918
0.527 0.5120418852087442
0.528 0.5124318623170562
0.529 0.5128178359108082
0.53 0.5131998056000004
0.531 0.5135777709667921
0.532 0.513951731564544
0.533 0.5143216869168561
0.534 0.5146876365166076
0.535 0.5150495798249999
0.536 0.515407516270592
0.537 0.5157614452483439
0.538 0.516111366118656
0.539 0.5164572782064079
0.54 0.5167991807999998
0.541 0.5171370731503923
0.542 0.5174709544701442
0.543 0.5178008239324561
0.544 0.5181266806702077
0.545 0.5184485237750001
0.546 0.5187663522961922
0.547 0.5190801652399442
0.548 0.5193899615682557
0.549 0.519695740198008
0.55 0.5199975000000002
0.551 0.5202952397979917
0.552 0.5205889583677441
0.553 0.5208786544360559
0.554 0.521164326679808
0.555 0.5214459737249996
0.556 0.521723594145792
0.557 0.5219971864635438
0.558 0.5222667491458558
0.559 0.5225322806056081
0.56 0.5227937791999999
0.561 0.5230512432295922
0.562 0.5233046709373445
0.5630000000000001 0.5235540605076561
0.5640000000000001 0.5237994100654081
0.5650000000000001 0.524040717675
0.5660000000000001 0.5242779813393917
0.5670000000000001 0.524511198999144
0.5680000000000001 0.5247403685314561
0.5690000000000001 0.5249654877492078
0.5700000000000001 0.5251865544000002
0.5710000000000001 0.5254035661651922
0.5720000000000001 0.5256165206589439
0.5730000000000001 0.525825415427256
0.5740000000000001 0.5260302479470081
0.5750000000000001 0.526231015625
0.5760000000000001 0.5264277157969919
0.577 0.5266203457267443
0.578 0.5268089026050562
0.579 0.526993383548808
0.58 0.5271737855999997
0.581 0.5273501057247919
0.582 0.5275223408125438
0.583 0.5276904876748558
0.584 0.5278545430446083
0.585 0.5280145035749996
0.586 0.528170365838592
0.587 0.5283221263263439
0.588 0.528469781446656
0.589 0.5286133275244081
0.59 0.5287527607999997
0.591 0.5288880774283916
0.592 0.5290192734781438
0.593 0.5291463449304561
0.594 0.529269287678208
0.595 0.5293880975250002
0.596 0.529502770184192
0.597 0.529613301277944
0.598 0.529719686336256
0.599 0.5298219207960082
0.6 0.5299200000000002
0.601 0.5300139191959917
0.602 0.530103673535744
0.603 0.5301892580740561
0.604 0.5302706677678077
0.605 0.5303478974750004
0.606 0.5304209419537919
0.607 0.5304897958615439
0.608 0.5305544537538562
0.609 0.5306149100836077
0.61 0.5306711592000001
0.611 0.5307231953475919
0.612 0.5307710126653439
0.613 0.5308146051856563
0.614 0.530853966833408
0.615 0.5308890914249998
0.616 0.5309199726673918
0.617 0.5309466041571441
0.618 0.5309689793794558
0.619 0.5309870917072079
0.62 0.5310009343999998
0.621 0.5310105006031915
0.622 0.5310157833469444
0.623 0.5310167755452564
0.624 0.5310134699950078
0.625 0.5310058593750001
0.626 0.530993936244992
0.627 0.5309776930447442
0.628 0.5309571220930562
0.629 0.5309322155868079
0.63 0.5309029655999998
0.631 0.5308693640827924
0.632 0.530831402860544
0.633 0.5307890736328561
0.634 0.5307423679726082
0.635 0.5306912773249998
0.636 0.5306357930065921
0.637 0.5305759062043441
0.638 0.530511607974656
0.639 0.5304428892424083
0.64 0.5303697408
0.641 0.5302921533063923
0.642 0.5302101172861443
0.643 0.5301236231284555
0.644 0.5300326610862082
0.645 0.5299372212750004
0.646 0.5298372936721918
0.647 0.5297328681159438
0.648 0.5296239343042559
0.649 0.5295104817940082
0.65 0.5293925000000002
0.651 0.5292699781939921
0.652 0.5291429055037442
0.653 0.529011270912056
0.654 0.5288750632558079
0.655 0.528734271225
0.656 0.5285888833617921
0.657 0.528438888059544
0.658 0.5282842735618561
0.659 0.5281250279616081
0.66 0.5279611391999999
0.661 0.527792595065592
0.662 0.527619383193344
0.663 0.527441491063656
0.664 0.527258906001408
0.665 0.5270716151750002
0.666 0.5268796055953918
0.667 0.5266828641151439
0.668 0.5264813774274555
0.669 0.5262751320652077
0.67 0.5260641143999999
0.671 0.5258483106411916
0.672 0.5256277068349441
0.673 0.525402288863256
0.674 0.525172042443008
0.675 0.5249369531250002
0.676 0.5246970062929921
0.677 0.5244521871627441
0.678 0.5242024807810562
0.679 0.5239478720248076
0.68 0.5236883455999999
0.681 0.5234238860407914
0.682 0.523154477708544
0.683 0.5228801047908558
0.684 0.522600751300608
0.685 0.5223164010750003
0.686 0.5220270377745919
0.687 0.5217326448823439
0.6880000000000001 0.5214332057026559
0.6890000000000001 0.5211287033604081
0.6900000000000001 0.5208191208000001
0.6910000000000001 0.520504440784392
0.6920000000000001 0.5201846458941436
0.6930000000000001 0.5198597185264558
0.6940000000000001 0.5195296408942084
0.6950000000000001 0.5191943950250001
0.6960000000000001 0.5188539627601919
0.6970000000000001 0.5185083257539441
0.6980000000000001 0.5181574654722565
0.6990000000000001 0.5178013631920082
0.7000000000000001 0.5174399999999997
0.7010000000000001 0.5170733567919918
0.7020000000000001 0.516701414271744
0.7030000000000001 0.5163241529500556
0.704 0.5159415531438084
0.705 0.5155535949749998
0.706 0.5151602583697918
0.707 0.5147615230575443
0.708 0.5143573685698559
0.709 0.5139477742396082
0.71 0.5135327192000004
0.711 0.5131121823835925
0.712 0.5126861425213439
0.713 0.5122545781416565
0.714 0.5118174675694083
0.715 0.5113747889250003
0.716 0.5109265201233922
0.717 0.5104726388731444
0.718 0.5100131226754561
0.719 0.5095479488232081
0.72 0.5090770944
0.721 0.5086005362791923
0.722 0.5081182511229444
0.723 0.5076302153812564
0.724 0.5071364052910078
0.725 0.5066367968750002
0.726 0.506131365940992
0.727 0.5056200880807443
0.728 0.5051029386690561
0.729 0.5045798928628078
0.73 0.5040509255999996
0.731 0.5035160115987922
0.732 0.5029751253565441
0.733 0.5024282411488561
0.734 0.5018753330286084
0.735 0.5013163748249997
0.736 0.500751340142592
0.737 0.5001802023603438
0.738 0.4996029346306559
0.739 0.4990195098784081
0.74 0.4984299007999998
0.741 0.49783407986239187
0.742 0.49723201930214367
0.743 0.4966236911244559
0.744 0.49600906710220793
0.745 0.49538811877499983
0.746 0.4947608174481922
0.747 0.49412713419194376
0.748 0.4934870398402563
0.749 0.49284050499000814
0.75 0.4921875
0.751 0.4915279949899923
0.752 0.4908619598397436
0.753 0.490189364188056
0.754 0.48951017743180786
0.755 0.48882436872499996
0.756 0.488131906977792
0.757 0.48743276085554377
0.758 0.486726898777856
0.759 0.48601428891760806
0.76 0.48529489920000024
0.761 0.48456869730159235
0.762 0.48383565064934386
0.763 0.4830957264196559
0.764 0.4823488915374082
0.765 0.4815951126750002
0.766 0.4808343562513919
0.767 0.48006658843114375
0.768 0.47929177512345594
0.769 0.47850988198120803
0.77 0.47772087439999983
0.771 0.47692471751719223
0.772 0.47612137621094375
0.773 0.4753108150992561
0.774 0.47449299853900767
0.775 0.4736678906250002
0.776 0.472835455188992
0.777 0.4719956557987439
0.778 0.47114845575705605
0.779 0.47029381810080784
0.78 0.46943170559999997
0.781 0.4685620807567923
0.782 0.46768490580454397
0.783 0.46680014270685566
0.784 0.465907753156608
0.785 0.4650076985750001
0.786 0.464099940110592
0.787 0.463184438638344
0.788 0.4622611547586558
0.789 0.46133004879640804
0.79 0.4603910808000002
0.791 0.45944421054039214
0.792 0.4584893975101437
0.793 0.4575266009224561
0.794 0.45655577971020783
0.795 0.455576892525
0.796 0.4545898977361919
0.797 0.453594753429944
0.798 0.45259141740825604
0.799 0.45157984718800803
0.8 0.45055999999999957
0.801 0.44953183278799214
0.802 0.4484953022077441
0.803 0.4474503646260559
0.804 0.4463969761198081
0.805 0.44533509247500014
0.806 0.4442646691857919
0.807 0.4431856614535442
0.808 0.44209802418585603
0.809 0.44100171199560795
0.81 0.43989667919999964
0.811 0.43878287981959246
0.812 0.4376602675773442
0.8130000000000001 0.4365287958976562
0.8140000000000001 0.43538841790540783
0.8150000000000001 0.43423908642499975
0.8160000000000001 0.433080753979392
0.8170000000000001 0.43191337278914366
0.8180000000000001 0.4307368947714559
0.8190000000000001 0.4295512715392081
0.8200000000000001 0.4283564543999997
0.8210000000000001 0.427152394355192
0.8220000000000001 0.42593904209894384
0.8230000000000001 0.4247163480172559
0.8240000000000001 0.42348426218700813
0.8250000000000001 0.4222427343749996
0.8260000000000001 0.420991714036992
0.8270000000000001 0.4197311503167437
0.8280000000000001 0.4184609920450558
0.8290000000000001 0.417181187738808
0.8300000000000001 0.4158916855999997
0.8310000000000001 0.4145924335147921
0.8320000000000001 0.41328337905254414
0.833 0.41196446946485576
0.834 0.41063565168460786
0.835 0.4092968723250004
0.836 0.40794807767859176
0.837 0.4065892137163437
0.838 0.40522022608665614
0.839 0.40384106011440785
0.84 0.4024516608000005
0.841 0.4010519728183917
0.842 0.3996419405181444
0.843 0.39822150792045585
0.844 0.39679061871820775
0.845 0.39534921627499986
0.846 0.39389724362419215
0.847 0.39243464346794393
0.848 0.39096135817625577
0.849 0.38947732978600796
0.85 0.38798250000000023
0.851 0.38647681018599195
0.852 0.3849602013757442
0.853 0.3834326142640559
0.854 0.381893989207808
0.855 0.3803442662250004
0.856 0.378783384993792
0.857 0.37721128485154415
0.858 0.37562790479385616
0.859 0.37403318347360803
0.86 0.3724270592
0.861 0.3708094699375924
0.862 0.36918035330534393
0.863 0.36753964657565596
0.864 0.3658872866734081
0.865 0.36422321017499987
0.866 0.3625473533073922
0.867 0.36085965194714426
0.868 0.3591600416194559
0.869 0.35744845749720805
0.87 0.35572483439999986
0.871 0.35398910679319184
0.872 0.3522412087869439
0.873 0.35048107413525614
0.874 0.34870863623500825
0.875 0.346923828125
0.876 0.34512658248499184
0.877 0.34331683163474386
0.878 0.34149450753305605
0.879 0.3396595417768079
0.88 0.33781186560000026
0.881 0.335951409872792
0.882 0.334078105100544
0.883 0.33219188142285594
0.884 0.330292668612608
0.885 0.32838039607499986
0.886 0.32645499284659185
0.887 0.32451638759434376
0.888 0.32256450861465613
0.889 0.3205992838324076
0.89 0.3186206407999999
0.891 0.31662850669639225
0.892 0.31462280832614425
0.893 0.31260347211845635
0.894 0.31057042412620817
0.895 0.308523590025
0.896 0.30646289511219177
0.897 0.30438826430594357
0.898 0.30229962214425615
0.899 0.300196892784008
0.9 0.29807999999999973
0.901 0.29594886718399205
0.902 0.2938034173437441
0.903 0.29164357310205585
0.904 0.28946925669580786
0.905 0.2872803899749998
0.906 0.28507689440179207
0.907 0.2828586910495439
0.908 0.280625700601856
0.909 0.278377843351608
0.91 0.2761150391999998
0.911 0.2738372076555919
0.912 0.271544267833344
0.913 0.26923613845365596
0.914 0.26691273784140795
0.915 0.26457398392499976
0.916 0.26221979423539205
0.917 0.259850085905144
0.918 0.257464775667456
0.919 0.2550637798552077
0.92 0.2526470143999999
0.921 0.25021439483119207
0.922 0.24776583627494397
0.923 0.24530125345325582
0.924 0.24282056068300806
0.925 0.24032367187499998
0.926 0.23781050053299174
0.927 0.2352809597527439
0.928 0.23273496222105597
0.929 0.23017242021480802
0.93 0.2275932455999998
0.931 0.22499734983079203
0.932 0.22238464394854385
0.933 0.21975503858085582
0.934 0.2171084439406077
0.935 0.2144447698249998
0.936 0.21176392561459173
0.937 0.20906582027234405
0.9380000000000001 0.20635036234265589
0.9390000000000001 0.20361745995040778
0.9400000000000001 0.20086702079999977
0.9410000000000001 0.1980989521743919
0.9420000000000001 0.19531316093414403
0.9430000000000001 0.19250955351645588
0.9440000000000001 0.18968803593420766
0.9450000000000001 0.18684851377499967
0.9460000000000001 0.18399089220019188
0.9470000000000001 0.18111507594394383
0.9480000000000001 0.17822096931225578
0.9490000000000001 0.17530847618200796
0.9500000000000001 0.17237750000000004
0.9510000000000001 0.1694279437819918
0.9520000000000001 0.16645971011174399
0.9530000000000001 0.16347270114005585
0.9540000000000001 0.1604668185838078
0.9550000000000001 0.15744196372499983
0.9560000000000001 0.15439803740979183
0.9570000000000001 0.15133494004754366
0.9580000000000001 0.1482525716098559
0.9590000000000001 0.14515083162960765
0.96 0.14202961920000018
0.961 0.13888883297359203
0.962 0.13572837116134415
0.963 0.13254813153165607
0.964 0.1293480114094081
0.965 0.126127907675
0.966 0.12288771676339207
0.967 0.11962733466314407
0.968 0.11634665691545615
0.969 0.11304557861320809
0.97 0.10972399440000019
0.971 0.10638179846919199
0.972 0.10301888456294403
0.973 9.963514597125607e-2
0.974 9.623047553100805e-2
0.975 9.280476562500008e-2
0.976 8.9357908180992e-2
0.977 8.588979467074401e-2
0.978 8.240031610905611e-2
0.979 7.88893630528081e-2
0.98 7.535682560000011e-2
0.981 7.18025933887921e-2
0.982 6.822655559654406e-2
0.983 6.462860093885604e-2
0.984 6.100861766860808e-2
0.985 5.736649357500011e-2
0.986 5.370211598259202e-2
0.987 5.0015371750344026e-2
0.988 4.630614727065601e-2
0.989 4.257432846840806e-2
0.99 3.8819800800000054e-2
0.991 3.504244925239203e-2
0.992 3.1242158342144045e-2
0.993 2.7418812114456008e-2
0.994 2.3572294142208006e-2
0.995 1.970248752500003e-2
0.996 1.580927488819202e-2
0.997 1.1892538381944002e-2
0.998 7.952159680256012e-3
0.999 3.988019980008005e-3
1.0 0.0
