0.0 0.0
1.0e-3 5.987011996e-6
2.0e-3 2.3896191871999998e-5
3.0e-3 5.364997102800001e-5
4.0e-3 9.517106790400004e-5
5.0e-3 1.4838248750000005e-4
6.0e-3 2.132075208960001e-4
7.0e-3 2.895697447719999e-4
8.0e-3 3.7739302092799974e-4
9.000000000000001e-3 4.76601495804e-4
1.0e-2 5.871196e-4
1.1e-2 7.08872047796e-4
1.2e-2 8.417838366720002e-4
1.3000000000000001e-2 9.857802468279998e-4
1.4e-2 1.1407868407039994e-3
1.5e-2 1.3067294624999999e-3
1.6e-2 1.4835342376960004e-3
1.7e-2 1.6711275725719995e-3
1.8000000000000002e-2 1.8694361537280003e-3
1.9e-2 2.0783869476040003e-3
2.0e-2 2.2979071999999993e-3
2.1e-2 2.5279244355959998e-3
2.2e-2 2.7683664574720004e-3
2.3e-2 3.0191613466279995e-3
2.4e-2 3.280237461503999e-3
2.5e-2 3.5515234374999993e-3
2.6000000000000002e-2 3.8329481864960006e-3
2.7e-2 4.1244408963719975e-3
2.8e-2 4.4259310305279995e-3
2.9e-2 4.737348327403999e-3
3.0e-2 5.0586228e-3
3.1e-2 5.389684735395998e-3
3.2e-2 5.730464694271996e-3
3.3e-2 6.080893510428e-3
3.4e-2 6.4409022903040005e-3
3.5e-2 6.8104224124999994e-3
3.6000000000000004e-2 7.189385527295998e-3
3.7e-2 7.577723556171996e-3
3.8e-2 7.975368691327998e-3
3.9e-2 8.382253395203995e-3
4.0e-2 8.7983104e-3
4.1e-2 9.223472707196e-3
4.2e-2 9.657673587071997e-3
4.3000000000000003e-2 1.0100846578227995e-2
4.4e-2 1.0552925487104e-2
4.5e-2 1.1013844387499997e-2
4.6e-2 1.1483537620095994e-2
4.7e-2 1.1961939791971991e-2
4.8e-2 1.244898577612799e-2
4.9e-2 1.2944610711003992e-2
5.0e-2 1.344875e-2
5.1000000000000004e-2 1.396133931099599e-2
5.2000000000000005e-2 1.4482314575872e-2
5.3e-2 1.5011611990027988e-2
5.4e-2 1.554916801190399e-2
5.5e-2 1.6094919362499994e-2
5.6e-2 1.664880302489599e-2
5.7e-2 1.7210756243771993e-2
5.8e-2 1.7780716524927992e-2
5.9000000000000004e-2 1.8358621634803986e-2
6.0e-2 1.8944409599999993e-2
6.1e-2 1.9538018706796008e-2
6.2e-2 2.0139387500671978e-2
6.3e-2 2.0748454785828024e-2
6.4e-2 2.136515962470398e-2
6.5e-2 2.1989441337500026e-2
6.6e-2 2.262123950169598e-2
6.7e-2 2.3260493951572012e-2
6.8e-2 2.390714477772797e-2
6.9e-2 2.456113232660404e-2
7.0e-2 2.5222397199999986e-2
7.100000000000001e-2 2.589088025459602e-2
7.200000000000001e-2 2.6566522601471982e-2
7.3e-2 2.724926560562803e-2
7.4e-2 2.7939050885504024e-2
7.5e-2 2.8635820312500008e-2
7.6e-2 2.9339516010496017e-2
7.7e-2 3.0050080355372003e-2
7.8e-2 3.076745597452802e-2
7.9e-2 3.1491585746404e-2
8.0e-2 3.222241280000001e-2
8.1e-2 3.295988051439604e-2
8.2e-2 3.3703932518272015e-2
8.3e-2 3.445451268942804e-2
8.4e-2 3.5211565154304014e-2
8.5e-2 3.597503428750004e-2
8.600000000000001e-2 3.674486471129602e-2
8.700000000000001e-2 3.752100129517204e-2
8.8e-2 3.830338915532801e-2
8.9e-2 3.9091973654204e-2
9.0e-2 3.9886700400000016e-2
9.1e-2 4.068751524619602e-2
9.2e-2 4.149436429107202e-2
9.3e-2 4.230719387722801e-2
9.4e-2 4.3125950591104016e-2
9.5e-2 4.39505812625e-2
9.6e-2 4.478103296409603e-2
9.7e-2 4.5617253010972025e-2
9.8e-2 4.6459188960127976e-2
9.9e-2 4.7306788610003994e-2
0.1 4.8160000000000036e-2
0.101 4.9018771409996026e-2
0.10200000000000001 4.988305135987202e-2
0.10300000000000001 5.075278860902801e-2
0.10400000000000001 5.162793215590406e-2
0.105 5.2508431237499986e-2
0.106 5.3394235328896034e-2
0.107 5.428529414277202e-2
0.108 5.518155762892802e-2
0.109 5.608297597380404e-2
0.11 5.6989499600000014e-2
0.111 5.790107916579604e-2
0.112 5.881766556467199e-2
0.113 5.9739209924828014e-2
0.114 6.0665663608704026e-2
0.115 6.159697821250002e-2
0.116 6.253310556569602e-2
0.117 6.3473997730572e-2
0.11800000000000001 6.441960700172804e-2
0.11900000000000001 6.536988590560397e-2
0.12 6.632478719999998e-2
0.121 6.728426387359604e-2
0.122 6.8248269145472e-2
0.123 6.921675646462798e-2
0.124 7.018967950950394e-2
0.125 7.11669921875e-2
0.126 7.214864863449602e-2
0.127 7.3134603214372e-2
0.128 7.4124810518528e-2
0.129 7.511922536540402e-2
0.13 7.611780280000004e-2
0.131 7.712049809339601e-2
0.132 7.812726674227197e-2
0.133 7.913806446842798e-2
0.134 8.015284721830396e-2
0.135 8.11715711625e-2
0.136 8.219419269529595e-2
0.137 8.322066843417202e-2
0.138 8.425095521932797e-2
0.139 8.528501011320404e-2
0.14 8.632279039999995e-2
0.14100000000000001 8.736425358519605e-2
0.14200000000000002 8.840935739507197e-2
0.14300000000000002 8.945805977622806e-2
0.14400000000000002 9.051031889510397e-2
0.145 9.156609313749993e-2
0.146 9.262534110809593e-2
0.147 9.368802162997193e-2
0.148 9.475409374412799e-2
0.149 9.582351670900399e-2
0.15 9.689624999999996e-2
0.151 9.797225330899591e-2
0.152 9.905148654387194e-2
0.153 0.10013390982802796
0.154 0.10121948349990394
0.155 0.10230816811249988
0.156 0.103399924432896
0.157 0.104494713441772
0.158 0.10559249633292796
0.159 0.10669323451280392
0.16 0.10779688959999995
0.161 0.10890342342479595
0.162 0.11001279802867199
0.163 0.11112497566382801
0.164 0.11223991879270404
0.165 0.11335759008750004
0.166 0.11447795242969598
0.167 0.11560096890957207
0.168 0.11672660282572804
0.169 0.11785481768460403
0.17 0.11898557720000001
0.171 0.12011884529259591
0.17200000000000001 0.12125458608947207
0.17300000000000001 0.12239276392362795
0.17400000000000002 0.12353334333350394
0.17500000000000002 0.12467628906249997
0.176 0.12582156605849606
0.177 0.12696913947337193
0.178 0.12811897466252803
0.179 0.12927103718440386
0.18 0.1304252928000001
0.181 0.131581707472396
0.182 0.132740247366272
0.183 0.1339008788474279
0.184 0.13506356848230405
0.185 0.13622828303749998
0.186 0.13739498947929604
0.187 0.13856365497317197
0.188 0.13973424688332808
0.189 0.14090673277220386
0.19 0.14208108040000017
0.191 0.14325725772419579
0.192 0.14443523289907217
0.193 0.14561497427522785
0.194 0.14679645039910416
0.195 0.1479796300124999
0.196 0.14916448205209618
0.197 0.15035097564897185
0.198 0.15153908012812817
0.199 0.15272876500800384
0.2 0.15392000000000022
0.201 0.1551127550079959
0.202 0.15630700012787202
0.203 0.15750270564702795
0.20400000000000001 0.15869984204390417
0.20500000000000002 0.15989837998749984
0.20600000000000002 0.16109829033689627
0.20700000000000002 0.16229954414077188
0.20800000000000002 0.16350211263692807
0.209 0.16470596725180403
0.21 0.16591107960000018
0.211 0.16711742148379619
0.212 0.16832496489267199
0.213 0.169533682002828
0.214 0.17074354517670404
0.215 0.17195452696250002
0.216 0.17316660009369605
0.217 0.17437973748857194
0.218 0.17559391224972806
0.219 0.17680909766360414
0.22 0.17802526720000011
0.221 0.17924239451159618
0.222 0.18046045343347208
0.223 0.1816794179826282
0.224 0.182899262357504
0.225 0.18411996093750024
0.226 0.1853414882824961
0.227 0.18656381913237197
0.228 0.18778692840652814
0.229 0.18901079120340397
0.23 0.1902353827999999
0.231 0.19146067865139613
0.232 0.19268665439027197
0.233 0.19391328582642814
0.234 0.19514054894630414
0.23500000000000001 0.19636841991250015
0.23600000000000002 0.1975968750632959
0.23700000000000002 0.19882589091217212
0.23800000000000002 0.20005544414732823
0.23900000000000002 0.20128551163120412
0.24 0.20251607039999991
0.241 0.20374709766319604
0.242 0.2049785708030719
0.243 0.20621046737422807
0.244 0.2074427651031041
0.245 0.20867544188750003
0.246 0.2099084757960962
0.247 0.21114184506797187
0.248 0.21237552811212784
0.249 0.21360950350700392
0.25 0.21484374999999997
0.251 0.216078246506996
0.252 0.21731297211187195
0.253 0.218547906066028
0.254 0.21978302778790407
0.255 0.22101831686249998
0.256 0.2222537530408961
0.257 0.22348931623977203
0.258 0.22472498654092793
0.259 0.22596074419080417
0.26 0.22719656959999995
0.261 0.22843244334279608
0.262 0.22966834615667223
0.263 0.23090425894182814
0.264 0.23214016276070398
0.265 0.23337603883749986
0.266 0.23461186855769606
0.267 0.2358476334675722
0.268 0.23708331527372797
0.269 0.23831889584260407
0.27 0.23955435719999987
0.271 0.2407896815305959
0.272 0.2420248511774723
0.273 0.2432598486416279
0.274 0.24449465658150402
0.275 0.24572925781250007
0.276 0.246963635306496
0.277 0.24819777219137215
0.278 0.24943165175052803
0.279 0.2506652574224041
0.28 0.25189857280000005
0.281 0.2531315816303961
0.28200000000000003 0.2543642678142722
0.28300000000000003 0.25559661540542783
0.28400000000000003 0.25682860861030427
0.28500000000000003 0.2580602317874999
0.28600000000000003 0.2592914694472959
0.28700000000000003 0.2605223062511721
0.28800000000000003 0.261752727011328
0.289 0.2629827166902042
0.29 0.26421226039999995
0.291 0.26544134340219633
0.292 0.26666995110707165
0.293 0.26789806907322816
0.294 0.2691256830071039
0.295 0.27035277876250025
0.296 0.27157934234009584
0.297 0.27280535988697224
0.298 0.274030817696128
0.299 0.2752557022060043
0.3 0.27647999999999984
0.301 0.27770369780599635
0.302 0.2789267824958718
0.303 0.28014924108502837
0.304 0.2813710607319039
0.305 0.2825922287375001
0.306 0.2838127325448958
0.307 0.2850325597387723
0.308 0.2862516980449278
0.309 0.2874701353298042
0.31 0.2886878595999998
0.311 0.289904859001796
0.312 0.2911211218206718
0.313 0.29233663648082825
0.314 0.2935513915447037
0.315 0.2947653757125002
0.316 0.29597857782169584
0.317 0.29719098684657236
0.318 0.2984025918977277
0.319 0.29961338222160433
0.32 0.3008233471999999
0.321 0.3020324763495964
0.322 0.30324075932147176
0.323 0.30444818590062817
0.324 0.3056547460055039
0.325 0.3068604296875002
0.326 0.3080652271304956
0.327 0.30926912865037226
0.328 0.3104721246945279
0.329 0.31167420584140426
0.33 0.3128753627999999
0.331 0.31407558640939626
0.332 0.3152748676382718
0.333 0.31647319758442816
0.334 0.31767056747430406
0.335 0.31886696866250036
0.336 0.32006239263129566
0.337 0.32125683099017216
0.338 0.32245027547532773
0.339 0.3236427179492044
0.34 0.3248341503999997
0.341 0.326024564941196
0.342 0.32721395381107177
0.343 0.3284023093722284
0.34400000000000003 0.3295896241111038
0.34500000000000003 0.33077589063750024
0.34600000000000003 0.33196110168409576
0.34700000000000003 0.33314525010597223
0.34800000000000003 0.33432832888012787
0.34900000000000003 0.3355103311050044
0.35000000000000003 0.3366912499999996
0.35100000000000003 0.3378710789049966
0.352 0.3390498112798718
0.353 0.34022744070402805
0.354 0.34140396087590413
0.355 0.3425793656125002
0.356 0.34375364884889614
0.357 0.3449268046377719
0.358 0.3460988271489279
0.359 0.347269710668804
0.36 0.34843944959999995
0.361 0.34960803846079574
0.362 0.35077547188467195
0.363 0.3519417446198279
0.364 0.353106851528704
0.365 0.3542707875874999
0.366 0.35543354788569614
0.367 0.3565951276255723
0.368 0.3577555221217279
0.369 0.358914726800604
0.37 0.3600727372000002
0.371 0.3612295489685962
0.372 0.362385157865472
0.373 0.36353955975962826
0.374 0.36469275062950407
0.375 0.36584472656249983
0.376 0.3669954837544958
0.377 0.3681450185093721
0.378 0.3692933272385282
0.379 0.37044040646040416
0.38 0.3715862528000001
0.381 0.3727308629883959
0.382 0.3738742338622717
0.383 0.3750163623634281
0.384 0.3761572455383041
0.385 0.3772968805375001
0.386 0.3784352646152962
0.387 0.3795723951291717
0.388 0.38070826953932824
0.389 0.38184288540820416
0.39 0.3829762404
0.391 0.38410833228019586
0.392 0.38523915891507193
0.393 0.3863687182712278
0.394 0.3874970084151044
0.395 0.3886240275125001
0.396 0.389749773828096
0.397 0.3908742457249718
0.398 0.39199744166412814
0.399 0.3931193602040044
0.4 0.39424000000000015
0.401 0.39535935980399634
0.402 0.3964774384638723
0.403 0.397594234923028
0.404 0.3987097482199038
0.405 0.3998239774875
0.406 0.40093692195289626
0.40700000000000003 0.40204858093677215
0.40800000000000003 0.40315895385292766
0.40900000000000003 0.4042680402078037
0.41000000000000003 0.40537583959999984
0.41100000000000003 0.40648235171979646
0.41200000000000003 0.40758757634867193
0.41300000000000003 0.40869151335882814
0.41400000000000003 0.4097941627127042
0.41500000000000004 0.4108955244625001
0.41600000000000004 0.41199559874969593
0.417 0.41309438580457164
0.418 0.4141918859457282
0.419 0.41528809957960355
0.42 0.4163830272000005
0.421 0.41747666938759576
0.422 0.41856902680947233
0.423 0.4196601002186279
0.424 0.4207498904535044
0.425 0.4218383984374998
0.426 0.42292562517849663
0.427 0.4240115717683713
0.428 0.42509623938252816
0.429 0.42617962927940395
0.43 0.42726174280000034
0.431 0.42834258136739595
0.432 0.42942214648627225
0.433 0.4305004397424277
0.434 0.43157746280230436
0.435 0.43265321741249957
0.436 0.43372770539929617
0.437 0.43480092866817144
0.438 0.4358728892033284
0.439 0.4369435890672034
0.44 0.43801303040000034
0.441 0.4390812154191958
0.442 0.4401481464190727
0.443 0.44121382577022783
0.444 0.44227825591910447
0.445 0.44334143938749987
0.446 0.44440337877209657
0.447 0.44546407674397165
0.448 0.44652353604812806
0.449 0.4475817595030042
0.45 0.4486387500000003
0.451 0.44969451050299575
0.452 0.4507490440478728
0.453 0.45180235374202815
0.454 0.45285444276390424
0.455 0.45390531436249965
0.456 0.4549549718568965
0.457 0.45600341863577204
0.458 0.4570506581569281
0.459 0.4580966939468038
0.46 0.45914152960000043
0.461 0.4601851687787955
0.462 0.46122761521267225
0.463 0.46226887269782785
0.464 0.46330894509670445
0.465 0.4643478363374996
0.466 0.46538555041369656
0.467 0.4664220913835717
0.468 0.4674574633697286
0.46900000000000003 0.46849167055860386
0.47000000000000003 0.46952471720000033
0.47100000000000003 0.47055660760659546
0.47200000000000003 0.47158734615347236
0.47300000000000003 0.47261693727762716
0.47400000000000003 0.47364538547750473
0.47500000000000003 0.4746726953124998
0.47600000000000003 0.4756988714024969
0.47700000000000004 0.4767239184273719
0.47800000000000004 0.4777478411265283
0.47900000000000004 0.4787706442984033
0.48 0.47979233279999994
0.481 0.48081291154639577
0.482 0.4818323855102718
0.483 0.48285075972142777
0.484 0.48386803926630395
0.485 0.4848842292874996
0.486 0.4858993349832959
0.487 0.4869133616071719
0.488 0.48792631446732804
0.489 0.4889381989262039
0.49 0.4899490203999997
0.491 0.490958784358196
0.492 0.4919674963230719
0.493 0.4929751618692282
0.494 0.49398178662310394
0.495 0.49498737626250006
0.496 0.495991936516096
0.497 0.49699547316297177
0.498 0.4979979920321281
0.499 0.4989994990020038
0.5 0.5
0.501 0.500999501001996
0.502 0.5019980080318723
0.503 0.5029955271610284
0.504 0.5039920645079037
0.505 0.5049876262374996
0.506 0.5059822185608962
0.507 0.506975847734772
0.508 0.5079685200609277
0.509 0.5089602418858045
0.51 0.5099510196
0.511 0.5109408596377961
0.512 0.5119297684766722
0.513 0.512917752636828
0.514 0.5139048186807038
0.515 0.5148909732124999
0.516 0.5158762228776957
0.517 0.5168605743625722
0.518 0.5178440343937282
0.519 0.5188266097376043
0.52 0.5198083072000005
0.521 0.5207891336255965
0.522 0.5217690958974724
0.523 0.5227482009366281
0.524 0.5237264557015038
0.525 0.5247038671875002
0.526 0.5256804424264957
0.527 0.5266561884863723
0.528 0.5276311124705281
0.529 0.5286052215174043
0.53 0.5295785228000006
0.531 0.5305510235253963
0.532 0.531522730934272
0.533 0.5324936523004281
0.534 0.5334637949303036
0.535 0.5344331661624999
0.536 0.535401773367296
0.537 0.5363696239461718
0.538 0.537336725331328
0.539 0.5383030849852036
0.54 0.5392687103999996
0.541 0.5402336090971963
0.542 0.5411977886270725
0.543 0.5421612565682281
0.544 0.5431240205271035
0.545 0.5440860881374998
0.546 0.5450474670600963
0.547 0.5460081649819721
0.548 0.5469681896161276
0.549 0.547927548701004
0.55 0.5488862500000004
0.551 0.5498443013009956
0.552 0.5508017104158723
0.553 0.551758485180028
0.554 0.5527146334519041
0.555 0.5536701631124996
0.556 0.5546250820648961
0.557 0.5555793982337714
0.558 0.5565331195649278
0.559 0.5574862540248039
0.56 0.5584388095999999
0.561 0.5593907942967962
0.562 0.5603422161406726
0.5630000000000001 0.5612930831758282
0.5640000000000001 0.5622434034647039
0.5650000000000001 0.5631931850875
0.5660000000000001 0.5641424361416955
0.5670000000000001 0.5650911647415724
0.5680000000000001 0.5660393790177284
0.5690000000000001 0.5669870871166038
0.5700000000000001 0.5679342972000003
0.5710000000000001 0.5688810174445963
0.5720000000000001 0.5698272560414719
0.5730000000000001 0.5707730211956277
0.5740000000000001 0.5717183211255044
0.5750000000000001 0.5726631640624998
0.5760000000000001 0.5736075582504959
0.577 0.5745515119453724
0.578 0.5754950334145282
0.579 0.576438130936404
0.58 0.5773808127999999
0.581 0.5783230873043959
0.582 0.5792649627582716
0.583 0.5802064474794281
0.584 0.5811475497943046
0.585 0.5820882780374996
0.586 0.5830286405512957
0.587 0.5839686456851717
0.588 0.5849083017953282
0.589 0.5858476172442041
0.59 0.5867866003999997
0.591 0.5877252596361952
0.592 0.5886636033310716
0.593 0.5896016398672281
0.594 0.590539377631104
0.595 0.5914768250125005
0.596 0.592413990404096
0.597 0.5933508822009722
0.598 0.594287508800128
0.599 0.5952238786000045
0.6 0.59616
0.601 0.5970958813999958
0.602 0.5980315311998718
0.603 0.5989669577990281
0.604 0.5999021695959036
0.605 0.6008371749875006
0.606 0.6017719823688957
0.607 0.6027066001327717
0.608 0.6036410366689282
0.609 0.6045753003638039
0.61 0.6055093996000003
0.611 0.6064433427557959
0.612 0.607377138204672
0.613 0.6083107943148284
0.614 0.6092443194487039
0.615 0.6101777219624998
0.616 0.6111110102056956
0.617 0.6120441925205721
0.618 0.6129772772417275
0.619 0.6139102726956039
0.62 0.6148431871999998
0.621 0.6157760290635953
0.622 0.6167088065854726
0.623 0.6176415280546284
0.624 0.6185742017495036
0.625 0.6195068359375003
0.626 0.6204394388744962
0.627 0.6213720188043721
0.628 0.6223045839585283
0.629 0.6232371425554041
0.63 0.6241697027999996
0.631 0.6251022728833966
0.632 0.626034860982272
0.633 0.626967475258428
0.634 0.6279001238583044
0.635 0.6288328149124995
0.636 0.6297655565352963
0.637 0.6306983568241721
0.638 0.6316312238593279
0.639 0.6325641657032043
0.64 0.6334971904
0.641 0.6344303059751963
0.642 0.6353635204350724
0.643 0.6362968417662273
0.644 0.6372302779351043
0.645 0.6381638368875006
0.646 0.6390975265480959
0.647 0.6400313548199716
0.648 0.640965329584128
0.649 0.6418994586990043
0.65 0.6428337500000002
0.651 0.643768211298996
0.652 0.6447028503838724
0.653 0.6456376750180282
0.654 0.646572692939904
0.655 0.6475079118624998
0.656 0.6484433394728961
0.657 0.649378983431772
0.658 0.6503148513729282
0.659 0.6512509509028042
0.66 0.6521872896
0.661 0.6531238750147962
0.662 0.6540607146686723
0.663 0.6549978160538281
0.664 0.6559351866327042
0.665 0.6568728338375004
0.666 0.6578107650696958
0.667 0.6587489876995718
0.668 0.6596875090657275
0.669 0.6606263364746032
0.67 0.6615654772
0.671 0.6625049384825953
0.672 0.6634447275294723
0.673 0.6643848515136281
0.674 0.6653253175735041
0.675 0.6662661328125004
0.676 0.667207304298496
0.677 0.6681488390633723
0.678 0.6690907441025283
0.679 0.6700330263744034
0.68 0.6709756927999999
0.681 0.6719187502623952
0.682 0.6728622056062722
0.683 0.6738060656374276
0.684 0.6747503371223041
0.685 0.6756950267875008
0.686 0.6766401413192962
0.687 0.677585687363172
0.6880000000000001 0.678531671523328
0.6890000000000001 0.6794781003622041
0.6900000000000001 0.6804249804000003
0.6910000000000001 0.6813723181141962
0.6920000000000001 0.6823201199390714
0.6930000000000001 0.6832683922652277
0.6940000000000001 0.6842171414391051
0.6950000000000001 0.6851663737625001
0.6960000000000001 0.6861160954920957
0.6970000000000001 0.6870663128389723
0.6980000000000001 0.6880170319681291
0.6990000000000001 0.6889682589980043
0.7000000000000001 0.6899199999999996
0.7010000000000001 0.6908722609979957
0.7020000000000001 0.6918250479678723
0.7030000000000001 0.6927783668370275
0.704 0.6937322234839047
0.705 0.6946866237374993
0.706 0.6956415733768955
0.707 0.6965970781307727
0.708 0.6975531436769276
0.709 0.6985097756418045
0.71 0.6994669796000011
0.711 0.7004247610737967
0.712 0.7013831255326719
0.713 0.7023420783928291
0.714 0.7033016250167045
0.715 0.7042617707125006
0.716 0.7052225207336964
0.717 0.7061838802785728
0.718 0.7071458544897281
0.719 0.7081084484536038
0.72 0.7090716671999999
0.721 0.7100355157015965
0.722 0.7109999988734729
0.723 0.7119651215726288
0.724 0.7129308885975035
0.725 0.7138973046875002
0.726 0.714864374522496
0.727 0.7158321027223722
0.728 0.7168004938465283
0.729 0.7177695523934036
0.73 0.7187392827999993
0.731 0.7197096894413966
0.732 0.7206807766302722
0.733 0.721652548616428
0.734 0.7226250095863049
0.735 0.7235981636624996
0.736 0.7245720149032959
0.737 0.7255465673021718
0.738 0.7265218247873281
0.739 0.727497791221204
0.74 0.7284744703999996
0.741 0.7294518660531957
0.742 0.7304299818430714
0.743 0.7314088213642279
0.744 0.7323883881431039
0.745 0.7333686856374996
0.746 0.7343497172360965
0.747 0.7353314862579713
0.748 0.7363139959521289
0.749 0.7372972494970045
0.75 0.73828125
0.751 0.7392660004969966
0.752 0.7402515039518713
0.753 0.741237763256028
0.754 0.7422247812279036
0.755 0.7432125606125
0.756 0.7442011040808962
0.757 0.7451904142297718
0.758 0.7461804935809276
0.759 0.7471713445808043
0.76 0.7481629696000005
0.761 0.7491553709327967
0.762 0.7501485507966716
0.763 0.7511425113318276
0.764 0.7521372546007042
0.765 0.7531327825875008
0.766 0.754129097197696
0.767 0.7551262002575714
0.768 0.7561240935137282
0.769 0.7571227786326039
0.77 0.7581222571999995
0.771 0.7591225307205964
0.772 0.7601236006174716
0.773 0.7611254682316285
0.774 0.7621281348215031
0.775 0.7631316015625004
0.776 0.7641358695464963
0.777 0.7651409397813722
0.778 0.7661468131905282
0.779 0.7671534906124037
0.78 0.7681609727999998
0.781 0.7691692604203966
0.782 0.7701783540542719
0.783 0.771188254195427
0.784 0.7721989612503041
0.785 0.7732104755375004
0.786 0.774222797287296
0.787 0.7752359266411722
0.788 0.7762498636513279
0.789 0.7772646082802046
0.79 0.7782801604000005
0.791 0.7792965197921964
0.792 0.7803136861470713
0.793 0.7813316590632283
0.794 0.7823504380471036
0.795 0.7833700225125
0.796 0.7843904117800956
0.797 0.7854116050769722
0.798 0.7864336015361283
0.799 0.7874564001960042
0.8 0.788479999999999
0.801 0.7895043997959966
0.802 0.7905295983358726
0.803 0.7915555942750278
0.804 0.7925823861719048
0.805 0.7936099724875003
0.806 0.7946383515848962
0.807 0.7956675217287729
0.808 0.7966974810849283
0.809 0.7977282277198042
0.81 0.7987597595999995
0.811 0.7997920745917974
0.812 0.8008251704606725
0.8130000000000001 0.801859044870829
0.8140000000000001 0.8028936953847038
0.8150000000000001 0.8039291194624998
0.8160000000000001 0.804965314461696
0.8170000000000001 0.8060022776365715
0.8180000000000001 0.8070400061377281
0.8190000000000001 0.8080784970116042
0.8200000000000001 0.8091177471999994
0.8210000000000001 0.810157753539596
0.8220000000000001 0.8111985127614719
0.8230000000000001 0.8122400214906278
0.8240000000000001 0.8132822762455049
0.8250000000000001 0.8143252734374994
0.8260000000000001 0.8153690093704965
0.8270000000000001 0.8164134802403715
0.8280000000000001 0.8174586821345278
0.8290000000000001 0.818504611031405
0.8300000000000001 0.8195512627999992
0.8310000000000001 0.8205986331993964
0.8320000000000001 0.8216467178782725
0.833 0.8226955123744272
0.834 0.8237450121143036
0.835 0.8247952124125006
0.836 0.8258461084712951
0.837 0.8268976953801709
0.838 0.8279499681153284
0.839 0.8290029215392032
0.84 0.8300565504000009
0.841 0.8311108493311952
0.842 0.8321658128510728
0.843 0.8332214353622274
0.844 0.8342777111511028
0.845 0.8353346343874996
0.846 0.8363921991240967
0.847 0.8374503992959718
0.848 0.8385092287201275
0.849 0.8395686810950035
0.85 0.8406287500000006
0.851 0.841689428894996
0.852 0.8427507111198731
0.853 0.8438125898940277
0.854 0.8448750583159036
0.855 0.845938109362501
0.856 0.8470017358888963
0.857 0.8480659306277725
0.858 0.8491306861889284
0.859 0.8501959950588042
0.86 0.8512618496
0.861 0.8523282420507969
0.862 0.8533951645246715
0.863 0.8544626090098277
0.864 0.8555305673687043
0.865 0.8565990313374993
0.866 0.8576679925256963
0.867 0.8587374424155731
0.868 0.8598073723617279
0.869 0.8608777735906041
0.87 0.8619486371999995
0.871 0.863019954158595
0.872 0.8640917153054719
0.873 0.8651639113496283
0.874 0.8662365328695049
0.875 0.8673095703125
0.876 0.8683830139944951
0.877 0.8694568540993717
0.878 0.8705310806785282
0.879 0.8716056836504035
0.88 0.8726806528000007
0.881 0.8737559777783956
0.882 0.8748316481022724
0.883 0.8759076531534278
0.884 0.8769839821783043
0.885 0.8780606242874995
0.886 0.8791375684552956
0.887 0.8802148035191713
0.888 0.8812923181793283
0.889 0.8823701009982028
0.89 0.8834481404
0.891 0.8845264246701972
0.892 0.8856049419550736
0.893 0.8866836802612291
0.894 0.8877626274551049
0.895 0.8888417712625006
0.896 0.8899210992680952
0.897 0.8910005989149702
0.898 0.8920802575041289
0.899 0.8931600621940041
0.9 0.8942399999999986
0.901 0.8953200577939965
0.902 0.8964002223038728
0.903 0.8974804801130278
0.904 0.8985608176599044
0.905 0.8996412212374991
0.906 0.900721676992897
0.907 0.9018021709267721
0.908 0.902882688892928
0.909 0.9039632165978041
0.91 0.9050437395999992
0.911 0.9061242433097961
0.912 0.9072047129886728
0.913 0.9082851337488284
0.914 0.9093654905527037
0.915 0.9104457682124993
0.916 0.9115259513896967
0.917 0.9126060245945729
0.918 0.913685972185728
0.919 0.9147657783696028
0.92 0.9158454272000005
0.921 0.9169249025775972
0.922 0.9180041882494725
0.923 0.9190832678086275
0.924 0.9201621246935053
0.925 0.9212407421875004
0.926 0.9223191034184953
0.927 0.9233971913583722
0.928 0.9244749888225283
0.929 0.9255524784694045
0.93 0.9266296427999994
0.931 0.9277064641573972
0.932 0.9287829247262719
0.933 0.9298590065324276
0.934 0.9309346914423032
0.935 0.9320099611624998
0.936 0.9330847972392953
0.937 0.9341591810581736
0.9380000000000001 0.9352330938433282
0.9390000000000001 0.9363065166572039
0.9400000000000001 0.937379430399999
0.9410000000000001 0.9384518158091968
0.9420000000000001 0.9395236534590736
0.9430000000000001 0.9405949237602286
0.9440000000000001 0.9416656069591027
0.9450000000000001 0.9427356831374991
0.9460000000000001 0.9438051322120964
0.9470000000000001 0.9448739339339721
0.9480000000000001 0.9459420678881283
0.9490000000000001 0.9470095134930054
0.9500000000000001 0.9480762500000022
0.9510000000000001 0.949142256492996
0.9520000000000001 0.9502075118878732
0.9530000000000001 0.9512719949320287
0.9540000000000001 0.9523356842039042
0.9550000000000001 0.9533985581125005
0.9560000000000001 0.9544605948968967
0.9570000000000001 0.9555217726257711
0.9580000000000001 0.9565820691969295
0.9590000000000001 0.9576414623368033
0.96 0.9586999296000007
0.961 0.9597574483687951
0.962 0.9608139958526725
0.963 0.9618695490878277
0.964 0.9629240849367041
0.965 0.963977580087499
0.966 0.9650300110536962
0.967 0.9660813541735715
0.968 0.9671315856097286
0.969 0.9681806813486038
0.97 0.9692286172000014
0.971 0.9702753687965952
0.972 0.9713209115934708
0.973 0.9723652208676281
0.974 0.9734082717175035
0.975 0.9744500390624996
0.976 0.9754904976424952
0.977 0.9765296220173708
0.978 0.9775673865665293
0.979 0.9786037654884043
0.98 0.979638732800001
0.981 0.9806722623363963
0.982 0.9817043277502722
0.983 0.982734902511428
0.984 0.9837639599063047
0.985 0.984791473037501
0.986 0.9858174148232948
0.987 0.9868417579971716
0.988 0.9878644751073271
0.989 0.9888855385162052
0.99 0.9899049204000007
0.991 0.9909225927481956
0.992 0.9919385273630726
0.993 0.9929526958592271
0.994 0.993965069663103
0.995 0.9949756200125006
0.996 0.9959843179560967
0.997 0.9969911343529709
0.998 0.9979960398721286
0.999 0.9989990049920046
1.0 1.0
