0.0 0.0
1.0e-3 5.9870119959999995e-6
2.0e-3 2.3896191871999994e-5
3.0e-3 5.364997102800001e-5
4.0e-3 9.517106790400004e-5
5.0e-3 1.483824875e-4
6.0e-3 2.1320752089600006e-4
7.0e-3 2.89569744772e-4
8.0e-3 3.7739302092799985e-4
9.000000000000001e-3 4.7660149580399996e-4
1.0e-2 5.871196e-4
1.1e-2 7.08872047796e-4
1.2e-2 8.417838366720002e-4
1.3000000000000001e-2 9.857802468279998e-4
1.4e-2 1.1407868407039994e-3
1.5e-2 1.3067294624999999e-3
1.6e-2 1.4835342376960001e-3
1.7e-2 1.6711275725719997e-3
1.8000000000000002e-2 1.8694361537280003e-3
1.9e-2 2.0783869476040003e-3
2.0e-2 2.2979071999999997e-3
2.1e-2 2.527924435596e-3
2.2e-2 2.768366457472e-3
2.3e-2 3.019161346627999e-3
2.4e-2 3.2802374615039996e-3
2.5e-2 3.5515234375e-3
2.6000000000000002e-2 3.832948186496001e-3
2.7e-2 4.124440896371998e-3
2.8e-2 4.4259310305279995e-3
2.9e-2 4.737348327403999e-3
3.0e-2 5.0586228e-3
3.1e-2 5.389684735396e-3
3.2e-2 5.730464694271999e-3
3.3e-2 6.080893510428e-3
3.4e-2 6.4409022903040005e-3
3.5e-2 6.810422412499999e-3
3.6000000000000004e-2 7.189385527295998e-3
3.7e-2 7.577723556171995e-3
3.8e-2 7.975368691328e-3
3.9e-2 8.382253395203999e-3
4.0e-2 8.7983104e-3
4.1e-2 9.223472707196e-3
4.2e-2 9.657673587071999e-3
4.3000000000000003e-2 1.0100846578227999e-2
4.4e-2 1.0552925487104002e-2
4.5e-2 1.10138443875e-2
4.6e-2 1.1483537620095996e-2
4.7e-2 1.1961939791971993e-2
4.8e-2 1.2448985776127993e-2
4.9e-2 1.2944610711003996e-2
5.0e-2 1.3448750000000002e-2
5.1000000000000004e-2 1.3961339310995998e-2
5.2000000000000005e-2 1.4482314575872004e-2
5.3e-2 1.5011611990027993e-2
5.4e-2 1.5549168011903994e-2
5.5e-2 1.60949193625e-2
5.6e-2 1.6648803024895995e-2
5.7e-2 1.7210756243772e-2
5.8e-2 1.7780716524927995e-2
5.9000000000000004e-2 1.8358621634803986e-2
6.0e-2 1.8944409599999993e-2
6.1e-2 1.9538018706796008e-2
6.2e-2 2.013938750067198e-2
6.3e-2 2.0748454785828017e-2
6.4e-2 2.1365159624703988e-2
6.5e-2 2.198944133750002e-2
6.6e-2 2.2621239501695988e-2
6.7e-2 2.3260493951572005e-2
6.8e-2 2.390714477772798e-2
6.9e-2 2.4561132326604028e-2
7.0e-2 2.5222397199999996e-2
7.100000000000001e-2 2.5890880254596016e-2
7.200000000000001e-2 2.6566522601471992e-2
7.3e-2 2.724926560562801e-2
7.4e-2 2.793905088550401e-2
7.5e-2 2.86358203125e-2
7.6e-2 2.933951601049601e-2
7.7e-2 3.0050080355372006e-2
7.8e-2 3.076745597452801e-2
7.9e-2 3.149158574640399e-2
8.0e-2 3.222241280000001e-2
8.1e-2 3.295988051439603e-2
8.2e-2 3.370393251827201e-2
8.3e-2 3.445451268942803e-2
8.4e-2 3.521156515430401e-2
8.5e-2 3.597503428750003e-2
8.600000000000001e-2 3.674486471129601e-2
8.700000000000001e-2 3.7521001295172024e-2
8.8e-2 3.830338915532801e-2
8.9e-2 3.9091973654204006e-2
9.0e-2 3.988670040000002e-2
9.1e-2 4.0687515246196015e-2
9.2e-2 4.149436429107202e-2
9.3e-2 4.230719387722802e-2
9.4e-2 4.3125950591104016e-2
9.5e-2 4.3950581262499996e-2
9.6e-2 4.4781032964096024e-2
9.7e-2 4.5617253010972025e-2
9.8e-2 4.6459188960127996e-2
9.9e-2 4.7306788610003994e-2
0.1 4.816000000000003e-2
0.101 4.901877140999602e-2
0.10200000000000001 4.9883051359872005e-2
0.10300000000000001 5.075278860902802e-2
0.10400000000000001 5.1627932155904034e-2
0.105 5.250843123749998e-2
0.106 5.339423532889602e-2
0.107 5.428529414277203e-2
0.108 5.518155762892802e-2
0.109 5.608297597380404e-2
0.11 5.6989499600000014e-2
0.111 5.790107916579603e-2
0.112 5.8817665564671995e-2
0.113 5.973920992482801e-2
0.114 6.0665663608704026e-2
0.115 6.1596978212500014e-2
0.116 6.253310556569604e-2
0.117 6.3473997730572e-2
0.11800000000000001 6.441960700172804e-2
0.11900000000000001 6.536988590560398e-2
0.12 6.632478719999997e-2
0.121 6.728426387359601e-2
0.122 6.8248269145472e-2
0.123 6.9216756464628e-2
0.124 7.018967950950397e-2
0.125 7.11669921875e-2
0.126 7.214864863449602e-2
0.127 7.313460321437201e-2
0.128 7.412481051852798e-2
0.129 7.511922536540405e-2
0.13 7.611780280000002e-2
0.131 7.7120498093396e-2
0.132 7.8127266742272e-2
0.133 7.913806446842798e-2
0.134 8.015284721830399e-2
0.135 8.11715711625e-2
0.136 8.219419269529596e-2
0.137 8.322066843417202e-2
0.138 8.425095521932799e-2
0.139 8.528501011320401e-2
0.14 8.632279039999997e-2
0.14100000000000001 8.736425358519603e-2
0.14200000000000002 8.8409357395072e-2
0.14300000000000002 8.945805977622803e-2
0.14400000000000002 9.051031889510397e-2
0.145 9.156609313749994e-2
0.146 9.262534110809596e-2
0.147 9.368802162997195e-2
0.148 9.475409374412799e-2
0.149 9.582351670900399e-2
0.15 9.689624999999996e-2
0.151 9.797225330899596e-2
0.152 9.905148654387197e-2
0.153 0.10013390982802797
0.154 0.10121948349990398
0.155 0.1023081681124999
0.156 0.103399924432896
0.157 0.10449471344177201
0.158 0.10559249633292798
0.159 0.10669323451280395
0.16 0.10779688959999996
0.161 0.10890342342479598
0.162 0.11001279802867202
0.163 0.11112497566382804
0.164 0.11223991879270402
0.165 0.11335759008750003
0.166 0.11447795242969597
0.167 0.115600968909572
0.168 0.11672660282572801
0.169 0.11785481768460403
0.17 0.1189855772
0.171 0.12011884529259596
0.17200000000000001 0.12125458608947205
0.17300000000000001 0.122392763923628
0.17400000000000002 0.12353334333350395
0.17500000000000002 0.12467628906250001
0.176 0.12582156605849606
0.177 0.12696913947337196
0.178 0.12811897466252806
0.179 0.12927103718440391
0.18 0.13042529280000004
0.181 0.13158170747239598
0.182 0.13274024736627196
0.183 0.1339008788474279
0.184 0.13506356848230405
0.185 0.13622828303749995
0.186 0.137394989479296
0.187 0.13856365497317197
0.188 0.13973424688332806
0.189 0.1409067327722039
0.19 0.14208108040000011
0.191 0.1432572577241959
0.192 0.14443523289907212
0.193 0.14561497427522793
0.194 0.1467964503991041
0.195 0.14797963001249992
0.196 0.14916448205209612
0.197 0.1503509756489719
0.198 0.15153908012812814
0.199 0.15272876500800386
0.2 0.15392000000000017
0.201 0.15511275500799593
0.202 0.156307000127872
0.203 0.15750270564702795
0.20400000000000001 0.15869984204390408
0.20500000000000002 0.1598983799874999
0.20600000000000002 0.16109829033689613
0.20700000000000002 0.16229954414077188
0.20800000000000002 0.16350211263692813
0.209 0.16470596725180398
0.21 0.16591107960000012
0.211 0.16711742148379613
0.212 0.168324964892672
0.213 0.16953368200282798
0.214 0.17074354517670404
0.215 0.1719545269625
0.216 0.17316660009369605
0.217 0.17437973748857197
0.218 0.175593912249728
0.219 0.17680909766360411
0.22 0.1780252672000001
0.221 0.1792423945115961
0.222 0.18046045343347206
0.223 0.18167941798262816
0.224 0.18289926235750398
0.225 0.1841199609375002
0.226 0.18534148828249608
0.227 0.18656381913237202
0.228 0.18778692840652808
0.229 0.18901079120340397
0.23 0.1902353827999999
0.231 0.1914606786513961
0.232 0.19268665439027197
0.233 0.1939132858264281
0.234 0.19514054894630412
0.23500000000000001 0.19636841991250006
0.23600000000000002 0.19759687506329596
0.23700000000000002 0.19882589091217207
0.23800000000000002 0.20005544414732818
0.23900000000000002 0.20128551163120406
0.24 0.20251607039999994
0.241 0.203747097663196
0.242 0.20497857080307194
0.243 0.20621046737422805
0.244 0.20744276510310403
0.245 0.20867544188749998
0.246 0.20990847579609612
0.247 0.2111418450679719
0.248 0.2123755281121279
0.249 0.21360950350700394
0.25 0.21484374999999994
0.251 0.216078246506996
0.252 0.21731297211187198
0.253 0.21854790606602792
0.254 0.219783027787904
0.255 0.22101831686249995
0.256 0.22225375304089617
0.257 0.223489316239772
0.258 0.2247249865409279
0.259 0.22596074419080409
0.26 0.22719656959999998
0.261 0.22843244334279603
0.262 0.22966834615667223
0.263 0.23090425894182806
0.264 0.232140162760704
0.265 0.2333760388374999
0.266 0.23461186855769603
0.267 0.2358476334675721
0.268 0.237083315273728
0.269 0.23831889584260402
0.27 0.23955435719999993
0.271 0.24078968153059596
0.272 0.24202485117747216
0.273 0.24325984864162792
0.274 0.2444946565815041
0.275 0.2457292578125001
0.276 0.24696363530649604
0.277 0.2481977721913721
0.278 0.2494316517505281
0.279 0.25066525742240414
0.28 0.25189857280000005
0.281 0.2531315816303961
0.28200000000000003 0.2543642678142721
0.28300000000000003 0.255596615405428
0.28400000000000003 0.25682860861030427
0.28500000000000003 0.2580602317874999
0.28600000000000003 0.259291469447296
0.28700000000000003 0.26052230625117206
0.28800000000000003 0.26175272701132807
0.289 0.2629827166902041
0.29 0.26421226039999995
0.291 0.2654413434021962
0.292 0.26666995110707176
0.293 0.26789806907322805
0.294 0.26912568300710393
0.295 0.2703527787625002
0.296 0.2715793423400959
0.297 0.2728053598869722
0.298 0.274030817696128
0.299 0.2752557022060042
0.3 0.2764799999999999
0.301 0.27770369780599624
0.302 0.2789267824958719
0.303 0.28014924108502814
0.304 0.28137106073190393
0.305 0.28259222873750006
0.306 0.2838127325448959
0.307 0.2850325597387722
0.308 0.28625169804492784
0.309 0.2874701353298041
0.31 0.28868785959999993
0.311 0.289904859001796
0.312 0.29112112182067185
0.313 0.29233663648082814
0.314 0.2935513915447038
0.315 0.2947653757125001
0.316 0.2959785778216959
0.317 0.2971909868465723
0.318 0.2984025918977278
0.319 0.2996133822216042
0.32 0.30082334719999987
0.321 0.3020324763495963
0.322 0.3032407593214718
0.323 0.30444818590062817
0.324 0.305654746005504
0.325 0.30686042968750016
0.326 0.30806522713049583
0.327 0.30926912865037226
0.328 0.31047212469452795
0.329 0.3116742058414042
0.33 0.3128753627999999
0.331 0.3140755864093962
0.332 0.31527486763827184
0.333 0.3164731975844282
0.334 0.31767056747430394
0.335 0.31886696866250025
0.336 0.32006239263129577
0.337 0.32125683099017205
0.338 0.32245027547532784
0.339 0.3236427179492043
0.34 0.32483415039999974
0.341 0.326024564941196
0.342 0.3272139538110718
0.343 0.3284023093722283
0.34400000000000003 0.32958962411110393
0.34500000000000003 0.3307758906375002
0.34600000000000003 0.33196110168409587
0.34700000000000003 0.3331452501059722
0.34800000000000003 0.334328328880128
0.34900000000000003 0.3355103311050043
0.35000000000000003 0.3366912499999997
0.35100000000000003 0.33787107890499646
0.352 0.3390498112798719
0.353 0.34022744070402805
0.354 0.3414039608759041
0.355 0.3425793656125
0.356 0.3437536488488961
0.357 0.3449268046377719
0.358 0.346098827148928
0.359 0.3472697106688039
0.36 0.3484394496
0.361 0.34960803846079586
0.362 0.35077547188467195
0.363 0.3519417446198278
0.364 0.3531068515287041
0.365 0.3542707875874999
0.366 0.35543354788569603
0.367 0.3565951276255721
0.368 0.357755522121728
0.369 0.35891472680060404
0.37 0.36007273720000005
0.371 0.3612295489685961
0.372 0.36238515786547193
0.373 0.36353955975962804
0.374 0.364692750629504
0.375 0.36584472656249994
0.376 0.3669954837544958
0.377 0.36814501850937215
0.378 0.3692933272385281
0.379 0.37044040646040416
0.38 0.37158625280000007
0.381 0.372730862988396
0.382 0.3738742338622718
0.383 0.3750163623634281
0.384 0.37615724553830404
0.385 0.3772968805375002
0.386 0.3784352646152961
0.387 0.37957239512917185
0.388 0.3807082695393281
0.389 0.38184288540820394
0.39 0.38297624039999995
0.391 0.38410833228019586
0.392 0.38523915891507193
0.393 0.3863687182712279
0.394 0.38749700841510437
0.395 0.3886240275125
0.396 0.38974977382809595
0.397 0.3908742457249718
0.398 0.3919974416641281
0.399 0.3931193602040042
0.4 0.3942400000000001
0.401 0.3953593598039962
0.402 0.39647743846387234
0.403 0.39759423492302787
0.404 0.39870974821990396
0.405 0.3998239774875
0.406 0.4009369219528962
0.40700000000000003 0.4020485809367721
0.40800000000000003 0.40315895385292777
0.40900000000000003 0.4042680402078038
0.41000000000000003 0.40537583959999984
0.41100000000000003 0.4064823517197964
0.41200000000000003 0.40758757634867204
0.41300000000000003 0.4086915133588281
0.41400000000000003 0.4097941627127041
0.41500000000000004 0.41089552446250016
0.41600000000000004 0.411995598749696
0.417 0.4130943858045718
0.418 0.41419188594572826
0.419 0.41528809957960366
0.42 0.41638302720000026
0.421 0.41747666938759576
0.422 0.4185690268094723
0.423 0.4196601002186279
0.424 0.42074989045350425
0.425 0.42183839843749976
0.426 0.4229256251784963
0.427 0.4240115717683715
0.428 0.42509623938252816
0.429 0.42617962927940395
0.43 0.4272617428000003
0.431 0.42834258136739595
0.432 0.42942214648627214
0.433 0.43050043974242774
0.434 0.4315774628023043
0.435 0.4326532174124996
0.436 0.433727705399296
0.437 0.43480092866817166
0.438 0.43587288920332823
0.439 0.43694358906720365
0.44 0.4380130304000003
0.441 0.439081215419196
0.442 0.4401481464190724
0.443 0.44121382577022783
0.444 0.44227825591910436
0.445 0.4433414393874999
0.446 0.4444033787720964
0.447 0.4454640767439717
0.448 0.44652353604812817
0.449 0.4475817595030041
0.45 0.44863875000000003
0.451 0.44969451050299586
0.452 0.4507490440478725
0.453 0.45180235374202804
0.454 0.4528544427639042
0.455 0.4539053143624997
0.456 0.4549549718568963
0.457 0.45600341863577193
0.458 0.4570506581569281
0.459 0.45809669394680397
0.46 0.4591415296000003
0.461 0.46018516877879573
0.462 0.46122761521267214
0.463 0.46226887269782774
0.464 0.4633089450967044
0.465 0.4643478363374998
0.466 0.4653855504136962
0.467 0.46642209138357194
0.468 0.46745746336972854
0.46900000000000003 0.4684916705586039
0.47000000000000003 0.4695247172000003
0.47100000000000003 0.4705566076065955
0.47200000000000003 0.4715873461534723
0.47300000000000003 0.47261693727762744
0.47400000000000003 0.47364538547750434
0.47500000000000003 0.4746726953124997
0.47600000000000003 0.47569887140249656
0.47700000000000004 0.47672391842737205
0.47800000000000004 0.4777478411265283
0.47900000000000004 0.4787706442984033
0.48 0.47979233280000005
0.481 0.48081291154639577
0.482 0.4818323855102718
0.483 0.4828507597214278
0.484 0.48386803926630395
0.485 0.4848842292874997
0.486 0.4858993349832959
0.487 0.48691336160717197
0.488 0.487926314467328
0.489 0.488938198926204
0.49 0.4899490203999997
0.491 0.49095878435819607
0.492 0.49196749632307196
0.493 0.4929751618692283
0.494 0.49398178662310405
0.495 0.4949873762625001
0.496 0.495991936516096
0.497 0.49699547316297193
0.498 0.49799799203212813
0.499 0.49899949900200397
0.5 0.5
0.501 0.5009995010019961
0.502 0.5019980080318722
0.503 0.5029955271610284
0.504 0.5039920645079038
0.505 0.5049876262374996
0.506 0.5059822185608961
0.507 0.506975847734772
0.508 0.5079685200609279
0.509 0.5089602418858045
0.51 0.5099510195999999
0.511 0.510940859637796
0.512 0.5119297684766723
0.513 0.512917752636828
0.514 0.5139048186807038
0.515 0.5148909732125
0.516 0.515876222877696
0.517 0.5168605743625722
0.518 0.5178440343937282
0.519 0.5188266097376042
0.52 0.5198083072000005
0.521 0.5207891336255964
0.522 0.5217690958974726
0.523 0.522748200936628
0.524 0.5237264557015039
0.525 0.5247038671875003
0.526 0.5256804424264957
0.527 0.5266561884863723
0.528 0.5276311124705282
0.529 0.5286052215174043
0.53 0.5295785228000003
0.531 0.5305510235253961
0.532 0.5315227309342719
0.533 0.5324936523004281
0.534 0.5334637949303036
0.535 0.5344331661624998
0.536 0.5354017733672961
0.537 0.5363696239461718
0.538 0.537336725331328
0.539 0.5383030849852039
0.54 0.5392687103999996
0.541 0.5402336090971962
0.542 0.5411977886270722
0.543 0.5421612565682281
0.544 0.5431240205271038
0.545 0.5440860881374999
0.546 0.5450474670600962
0.547 0.546008164981972
0.548 0.5469681896161277
0.549 0.5479275487010041
0.55 0.5488862500000001
0.551 0.5498443013009957
0.552 0.5508017104158721
0.553 0.5517584851800281
0.554 0.5527146334519041
0.555 0.5536701631124996
0.556 0.5546250820648961
0.557 0.5555793982337718
0.558 0.5565331195649277
0.559 0.5574862540248041
0.56 0.5584388096000001
0.561 0.5593907942967962
0.562 0.5603422161406725
0.5630000000000001 0.5612930831758282
0.5640000000000001 0.5622434034647038
0.5650000000000001 0.5631931850875
0.5660000000000001 0.5641424361416957
0.5670000000000001 0.5650911647415722
0.5680000000000001 0.5660393790177283
0.5690000000000001 0.5669870871166041
0.5700000000000001 0.5679342972000002
0.5710000000000001 0.5688810174445963
0.5720000000000001 0.5698272560414721
0.5730000000000001 0.570773021195628
0.5740000000000001 0.571718321125504
0.5750000000000001 0.5726631640624998
0.5760000000000001 0.5736075582504959
0.577 0.5745515119453721
0.578 0.5754950334145281
0.579 0.576438130936404
0.58 0.5773808128
0.581 0.5783230873043959
0.582 0.5792649627582719
0.583 0.580206447479428
0.584 0.5811475497943044
0.585 0.5820882780374996
0.586 0.5830286405512957
0.587 0.5839686456851717
0.588 0.584908301795328
0.589 0.5858476172442041
0.59 0.5867866003999997
0.591 0.5877252596361954
0.592 0.5886636033310717
0.593 0.589601639867228
0.594 0.590539377631104
0.595 0.5914768250125001
0.596 0.592413990404096
0.597 0.5933508822009723
0.598 0.5942875088001279
0.599 0.5952238786000041
0.6 0.59616
0.601 0.5970958813999956
0.602 0.5980315311998718
0.603 0.598966957799028
0.604 0.5999021695959039
0.605 0.6008371749875003
0.606 0.6017719823688958
0.607 0.6027066001327719
0.608 0.6036410366689282
0.609 0.6045753003638039
0.61 0.6055093996000002
0.611 0.6064433427557958
0.612 0.607377138204672
0.613 0.6083107943148283
0.614 0.6092443194487042
0.615 0.6101777219624999
0.616 0.6111110102056956
0.617 0.6120441925205722
0.618 0.6129772772417276
0.619 0.6139102726956039
0.62 0.6148431871999998
0.621 0.6157760290635955
0.622 0.6167088065854726
0.623 0.6176415280546284
0.624 0.6185742017495038
0.625 0.6195068359375002
0.626 0.6204394388744959
0.627 0.621372018804372
0.628 0.6223045839585284
0.629 0.623237142555404
0.63 0.6241697027999996
0.631 0.6251022728833965
0.632 0.626034860982272
0.633 0.6269674752584281
0.634 0.6279001238583042
0.635 0.6288328149124996
0.636 0.6297655565352961
0.637 0.6306983568241721
0.638 0.6316312238593279
0.639 0.6325641657032043
0.64 0.6334971904000001
0.641 0.6344303059751963
0.642 0.6353635204350724
0.643 0.6362968417662276
0.644 0.6372302779351042
0.645 0.6381638368875006
0.646 0.6390975265480962
0.647 0.6400313548199716
0.648 0.640965329584128
0.649 0.6418994586990043
0.65 0.6428337500000003
0.651 0.6437682112989961
0.652 0.6447028503838723
0.653 0.645637675018028
0.654 0.646572692939904
0.655 0.6475079118624998
0.656 0.6484433394728962
0.657 0.6493789834317719
0.658 0.6503148513729282
0.659 0.6512509509028042
0.66 0.6521872896
0.661 0.6531238750147959
0.662 0.6540607146686721
0.663 0.6549978160538279
0.664 0.6559351866327041
0.665 0.6568728338375003
0.666 0.6578107650696956
0.667 0.6587489876995719
0.668 0.6596875090657274
0.669 0.6606263364746038
0.67 0.6615654771999998
0.671 0.6625049384825956
0.672 0.6634447275294723
0.673 0.6643848515136282
0.674 0.6653253175735042
0.675 0.6662661328125004
0.676 0.6672073042984963
0.677 0.6681488390633723
0.678 0.6690907441025283
0.679 0.6700330263744037
0.68 0.6709756927999999
0.681 0.6719187502623954
0.682 0.6728622056062721
0.683 0.6738060656374275
0.684 0.6747503371223039
0.685 0.6756950267875006
0.686 0.676640141319296
0.687 0.6775856873631719
0.6880000000000001 0.6785316715233279
0.6890000000000001 0.6794781003622042
0.6900000000000001 0.6804249804000005
0.6910000000000001 0.6813723181141961
0.6920000000000001 0.6823201199390716
0.6930000000000001 0.6832683922652277
0.6940000000000001 0.6842171414391048
0.6950000000000001 0.6851663737625001
0.6960000000000001 0.686116095492096
0.6970000000000001 0.6870663128389721
0.6980000000000001 0.6880170319681287
0.6990000000000001 0.6889682589980043
0.7000000000000001 0.6899199999999996
0.7010000000000001 0.6908722609979959
0.7020000000000001 0.691825047967872
0.7030000000000001 0.6927783668370276
0.704 0.6937322234839045
0.705 0.6946866237374995
0.706 0.6956415733768957
0.707 0.6965970781307723
0.708 0.6975531436769278
0.709 0.6985097756418046
0.71 0.6994669796000005
0.711 0.7004247610737966
0.712 0.701383125532672
0.713 0.7023420783928286
0.714 0.7033016250167045
0.715 0.7042617707125005
0.716 0.7052225207336963
0.717 0.7061838802785726
0.718 0.7071458544897282
0.719 0.708108448453604
0.72 0.7090716672000001
0.721 0.7100355157015963
0.722 0.7109999988734725
0.723 0.7119651215726285
0.724 0.7129308885975038
0.725 0.7138973046875002
0.726 0.7148643745224958
0.727 0.7158321027223723
0.728 0.7168004938465282
0.729 0.7177695523934037
0.73 0.7187392827999992
0.731 0.7197096894413963
0.732 0.7206807766302723
0.733 0.7216525486164279
0.734 0.7226250095863049
0.735 0.7235981636624996
0.736 0.724572014903296
0.737 0.7255465673021718
0.738 0.7265218247873282
0.739 0.7274977912212041
0.74 0.7284744703999996
0.741 0.7294518660531958
0.742 0.7304299818430715
0.743 0.7314088213642278
0.744 0.7323883881431039
0.745 0.7333686856374998
0.746 0.7343497172360963
0.747 0.7353314862579715
0.748 0.7363139959521287
0.749 0.737297249497004
0.75 0.73828125
0.751 0.7392660004969963
0.752 0.7402515039518719
0.753 0.741237763256028
0.754 0.7422247812279038
0.755 0.7432125606125
0.756 0.744201104080896
0.757 0.7451904142297717
0.758 0.7461804935809276
0.759 0.747171344580804
0.76 0.7481629696000006
0.761 0.7491553709327965
0.762 0.7501485507966718
0.763 0.7511425113318279
0.764 0.752137254600704
0.765 0.7531327825875004
0.766 0.754129097197696
0.767 0.7551262002575718
0.768 0.7561240935137279
0.769 0.7571227786326041
0.77 0.7581222571999994
0.771 0.7591225307205965
0.772 0.7601236006174715
0.773 0.7611254682316282
0.774 0.7621281348215037
0.775 0.7631316015625002
0.776 0.764135869546496
0.777 0.7651409397813721
0.778 0.7661468131905279
0.779 0.7671534906124037
0.78 0.7681609727999998
0.781 0.7691692604203965
0.782 0.7701783540542719
0.783 0.7711882541954275
0.784 0.7721989612503041
0.785 0.7732104755375003
0.786 0.7742227972872959
0.787 0.7752359266411721
0.788 0.776249863651328
0.789 0.7772646082802044
0.79 0.7782801604000001
0.791 0.7792965197921963
0.792 0.7803136861470716
0.793 0.7813316590632283
0.794 0.7823504380471038
0.795 0.7833700225125
0.796 0.7843904117800959
0.797 0.785411605076972
0.798 0.7864336015361281
0.799 0.787456400196004
0.8 0.7884799999999994
0.801 0.7895043997959966
0.802 0.7905295983358724
0.803 0.7915555942750278
0.804 0.7925823861719045
0.805 0.7936099724875006
0.806 0.7946383515848958
0.807 0.7956675217287728
0.808 0.7966974810849281
0.809 0.7977282277198039
0.81 0.7987597595999997
0.811 0.7997920745917969
0.812 0.8008251704606724
0.8130000000000001 0.8018590448708286
0.8140000000000001 0.802893695384704
0.8150000000000001 0.8039291194624998
0.8160000000000001 0.8049653144616961
0.8170000000000001 0.8060022776365716
0.8180000000000001 0.8070400061377281
0.8190000000000001 0.8080784970116042
0.8200000000000001 0.8091177471999995
0.8210000000000001 0.8101577535395963
0.8220000000000001 0.811198512761472
0.8230000000000001 0.8122400214906278
0.8240000000000001 0.8132822762455045
0.8250000000000001 0.8143252734374996
0.8260000000000001 0.8153690093704964
0.8270000000000001 0.8164134802403717
0.8280000000000001 0.8174586821345279
0.8290000000000001 0.8185046110314046
0.8300000000000001 0.8195512627999995
0.8310000000000001 0.8205986331993962
0.8320000000000001 0.8216467178782724
0.833 0.8226955123744274
0.834 0.8237450121143037
0.835 0.8247952124125006
0.836 0.8258461084712951
0.837 0.8268976953801712
0.838 0.8279499681153281
0.839 0.8290029215392035
0.84 0.8300565504000007
0.841 0.8311108493311953
0.842 0.8321658128510726
0.843 0.8332214353622275
0.844 0.8342777111511033
0.845 0.8353346343874994
0.846 0.8363921991240962
0.847 0.8374503992959721
0.848 0.8385092287201277
0.849 0.8395686810950038
0.85 0.8406287500000004
0.851 0.8416894288949957
0.852 0.8427507111198725
0.853 0.8438125898940276
0.854 0.8448750583159036
0.855 0.8459381093625009
0.856 0.8470017358888959
0.857 0.8480659306277724
0.858 0.8491306861889285
0.859 0.850195995058804
0.86 0.8512618495999998
0.861 0.8523282420507966
0.862 0.8533951645246717
0.863 0.8544626090098278
0.864 0.855530567368704
0.865 0.8565990313374997
0.866 0.8576679925256963
0.867 0.8587374424155729
0.868 0.859807372361728
0.869 0.8608777735906041
0.87 0.8619486371999996
0.871 0.8630199541585953
0.872 0.8640917153054719
0.873 0.8651639113496284
0.874 0.8662365328695044
0.875 0.8673095703125
0.876 0.8683830139944955
0.877 0.8694568540993719
0.878 0.8705310806785279
0.879 0.8716056836504038
0.88 0.8726806528000003
0.881 0.8737559777783958
0.882 0.8748316481022724
0.883 0.8759076531534282
0.884 0.876983982178304
0.885 0.8780606242874994
0.886 0.8791375684552957
0.887 0.8802148035191715
0.888 0.8812923181793283
0.889 0.8823701009982031
0.89 0.8834481404
0.891 0.8845264246701965
0.892 0.885604941955073
0.893 0.8866836802612289
0.894 0.8877626274551047
0.895 0.8888417712625001
0.896 0.8899210992680955
0.897 0.891000598914971
0.898 0.8920802575041286
0.899 0.8931600621940039
0.9 0.8942399999999991
0.901 0.8953200577939966
0.902 0.8964002223038723
0.903 0.897480480113028
0.904 0.8985608176599043
0.905 0.8996412212374993
0.906 0.9007216769928965
0.907 0.901802170926772
0.908 0.9028826888929278
0.909 0.903963216597804
0.91 0.9050437395999994
0.911 0.9061242433097958
0.912 0.9072047129886726
0.913 0.9082851337488281
0.914 0.9093654905527038
0.915 0.9104457682124993
0.916 0.9115259513896964
0.917 0.9126060245945724
0.918 0.9136859721857282
0.919 0.9147657783696034
0.92 0.9158454272000002
0.921 0.9169249025775966
0.922 0.9180041882494726
0.923 0.9190832678086276
0.924 0.9201621246935048
0.925 0.9212407421875002
0.926 0.9223191034184955
0.927 0.923397191358372
0.928 0.9244749888225282
0.929 0.9255524784694042
0.93 0.9266296427999994
0.931 0.9277064641573969
0.932 0.928782924726272
0.933 0.9298590065324278
0.934 0.9309346914423033
0.935 0.9320099611624998
0.936 0.9330847972392954
0.937 0.9341591810581732
0.9380000000000001 0.9352330938433281
0.9390000000000001 0.9363065166572039
0.9400000000000001 0.9373794303999995
0.9410000000000001 0.9384518158091965
0.9420000000000001 0.939523653459073
0.9430000000000001 0.9405949237602286
0.9440000000000001 0.9416656069591031
0.9450000000000001 0.9427356831374991
0.9460000000000001 0.9438051322120962
0.9470000000000001 0.9448739339339723
0.9480000000000001 0.9459420678881281
0.9490000000000001 0.9470095134930051
0.9500000000000001 0.9480762500000016
0.9510000000000001 0.9491422564929959
0.9520000000000001 0.9502075118878731
0.9530000000000001 0.9512719949320284
0.9540000000000001 0.9523356842039039
0.9550000000000001 0.9533985581125003
0.9560000000000001 0.9544605948968963
0.9570000000000001 0.9555217726257714
0.9580000000000001 0.9565820691969289
0.9590000000000001 0.9576414623368035
0.96 0.9586999296000004
0.961 0.9597574483687956
0.962 0.9608139958526725
0.963 0.9618695490878278
0.964 0.9629240849367042
0.965 0.9639775800874993
0.966 0.965030011053696
0.967 0.9660813541735718
0.968 0.9671315856097285
0.969 0.9681806813486038
0.97 0.969228617200001
0.971 0.9702753687965953
0.972 0.9713209115934714
0.973 0.972365220867628
0.974 0.973408271717504
0.975 0.9744500390624997
0.976 0.9754904976424955
0.977 0.9765296220173713
0.978 0.9775673865665291
0.979 0.9786037654884043
0.98 0.9796387328000008
0.981 0.9806722623363963
0.982 0.981704327750272
0.983 0.9827349025114279
0.984 0.9837639599063044
0.985 0.9847914730375011
0.986 0.9858174148232953
0.987 0.9868417579971717
0.988 0.9878644751073271
0.989 0.988885538516205
0.99 0.9899049204000004
0.991 0.9909225927481958
0.992 0.9919385273630723
0.993 0.9929526958592274
0.994 0.9939650696631034
0.995 0.9949756200125005
0.996 0.9959843179560964
0.997 0.9969911343529714
0.998 0.9979960398721285
0.999 0.9989990049920046
1.0 1.0
