0.0 0.0
1.0e-3 7.980019992000002e-6
2.0e-3 3.184031974399999e-5
3.0e-3 7.146161805600001e-5
4.0e-3 1.2672511180800004e-4
5.0e-3 1.9751247500000003e-4
6.0e-3 2.8370585779200006e-4
7.0e-3 3.851878855439999e-4
8.0e-3 5.018416578559999e-4
9.000000000000001e-3 6.335507476079999e-4
1.0e-2 7.801991999999999e-4
1.1e-2 9.416715315919997e-4
1.2e-2 1.1178527293440002e-3
1.3000000000000001e-2 1.308628249656e-3
1.4e-2 1.5138840174079996e-3
1.5e-2 1.733506425e-3
1.6e-2 1.9673823313920004e-3
1.7e-2 2.2153990611439994e-3
1.8000000000000002e-2 2.477444403456e-3
1.9e-2 2.7534066112079995e-3
2.0e-2 3.0431744e-3
2.1e-2 3.3466369471920002e-3
2.2e-2 3.663683890944001e-3
2.3e-2 3.994205329256e-3
2.4e-2 4.338091819008e-3
2.5e-2 4.695234374999999e-3
2.6000000000000002e-2 5.065524468992001e-3
2.7e-2 5.448854028743998e-3
2.8e-2 5.845115437056e-3
2.9e-2 6.254201530808e-3
3.0e-2 6.6760056e-3
3.1e-2 7.110421386792001e-3
3.2e-2 7.557343084543999e-3
3.3e-2 8.016665336856e-3
3.4e-2 8.488283236608e-3
3.5e-2 8.972092325e-3
3.6000000000000004e-2 9.467988590592e-3
3.7e-2 9.975868468344e-3
3.8e-2 1.0495628838656e-2
3.9e-2 1.1027167026407996e-2
4.0e-2 1.1570380800000002e-2
4.1e-2 1.2125168370392e-2
4.2e-2 1.2691428390144e-2
4.3000000000000003e-2 1.3269059952455997e-2
4.4e-2 1.3857962590208e-2
4.5e-2 1.4458036275e-2
4.6e-2 1.5069181416191995e-2
4.7e-2 1.5691298859943997e-2
4.8e-2 1.6324289888255995e-2
4.9e-2 1.6968056218007996e-2
5.0e-2 1.76225e-2
5.1000000000000004e-2 1.8287523817991997e-2
5.2000000000000005e-2 1.8963030687744003e-2
5.3e-2 1.964892405605599e-2
5.4e-2 2.0345107799807995e-2
5.5e-2 2.1051486225000002e-2
5.6e-2 2.1767964065791998e-2
5.7e-2 2.2494446483543998e-2
5.8e-2 2.3230839065855997e-2
5.9000000000000004e-2 2.3977047825607993e-2
6.0e-2 2.4732979199999994e-2
6.1e-2 2.5498540049592004e-2
6.2e-2 2.6273637657343987e-2
6.3e-2 2.7058179727656017e-2
6.4e-2 2.7852074385407995e-2
6.5e-2 2.8655230175000015e-2
6.6e-2 2.9467556059391997e-2
6.7e-2 3.0288961419144004e-2
6.8e-2 3.1119356051455986e-2
6.9e-2 3.195865016920802e-2
7.0e-2 3.28067544e-2
7.100000000000001e-2 3.366357978519201e-2
7.200000000000001e-2 3.4529037778944e-2
7.3e-2 3.540304024725601e-2
7.4e-2 3.628549946700801e-2
7.5e-2 3.7176328125000005e-2
7.6e-2 3.8075439316992005e-2
7.7e-2 3.898274654674399e-2
7.8e-2 3.9898163725056016e-2
7.9e-2 4.0821605168808e-2
8.0e-2 4.17529856e-2
8.1e-2 4.269222014479202e-2
8.2e-2 4.363922433254402e-2
8.3e-2 4.459391409485602e-2
8.4e-2 4.5556205764608025e-2
8.5e-2 4.652601607500002e-2
8.600000000000001e-2 4.750326215859202e-2
8.700000000000001e-2 4.848786154634402e-2
8.8e-2 4.9479732166656e-2
8.9e-2 5.047879234440798e-2
9.0e-2 5.148496080000001e-2
9.1e-2 5.249815664839201e-2
9.2e-2 5.351829939814401e-2
9.3e-2 5.4545308950456006e-2
9.4e-2 5.5579105598208015e-2
9.5e-2 5.661961002500001e-2
9.6e-2 5.766674330419202e-2
9.7e-2 5.872042689794401e-2
9.8e-2 5.9780582656255986e-2
9.9e-2 6.0847132816008e-2
0.1 6.192000000000004e-2
0.101 6.299910721599201e-2
0.10200000000000001 6.4084377855744e-2
0.10300000000000001 6.5175735694056e-2
0.10400000000000001 6.627310488780802e-2
0.105 6.737640997499997e-2
0.106 6.848557587379202e-2
0.107 6.9600527881544e-2
0.108 7.072119167385602e-2
0.109 7.184749330360801e-2
0.11 7.29793592e-2
0.111 7.411671616759202e-2
0.112 7.525949138534399e-2
0.113 7.640761240565604e-2
0.114 7.756100715340801e-2
0.115 7.8719603925e-2
0.116 7.988333138739201e-2
0.117 8.105211857714399e-2
0.11800000000000001 8.222589489945602e-2
0.11900000000000001 8.340459012720798e-2
0.12 8.458813439999999e-2
0.121 8.577645822319202e-2
0.122 8.6969492466944e-2
0.123 8.816716836525598e-2
0.124 8.936941751500796e-2
0.125 9.057617187499999e-2
0.126 9.178736376499201e-2
0.127 9.3002925864744e-2
0.128 9.4222791213056e-2
0.129 9.544689320680802e-2
0.13 9.667516560000003e-2
0.131 9.7907542502792e-2
0.132 9.9143958380544e-2
0.133 0.10038434805285598
0.134 0.101628646692608
0.135 0.10287678982500001
0.136 0.10412871332659196
0.137 0.10538435342434403
0.138 0.10664364669465598
0.139 0.10790653006240801
0.14 0.10917294079999998
0.14100000000000001 0.11044281652639207
0.14200000000000002 0.111716095206144
0.14300000000000002 0.11299271514845605
0.14400000000000002 0.114272615006208
0.145 0.11555573377499997
0.146 0.11684201079219199
0.147 0.11813138573594396
0.148 0.119423798624256
0.149 0.12071918981400799
0.15 0.12201749999999999
0.151 0.12331867021399194
0.152 0.12462264182374398
0.153 0.125929356532056
0.154 0.12723875637580798
0.155 0.12855078372499992
0.156 0.12986538128179198
0.157 0.131182492079544
0.158 0.13250205948185598
0.159 0.13382402718160796
0.16 0.1351483392
0.161 0.13647493988559195
0.162 0.137803773913344
0.163 0.139134786283656
0.164 0.140467922321408
0.165 0.14180312767500003
0.166 0.143140348315392
0.167 0.14447953053514406
0.168 0.14582062094745604
0.169 0.147163566485208
0.17 0.1485083144
0.171 0.14985481226119196
0.17200000000000001 0.15120300795494404
0.17300000000000001 0.152552849683256
0.17400000000000002 0.15390428596300798
0.17500000000000002 0.155257265625
0.176 0.15661173781299206
0.177 0.15796765198274393
0.178 0.15932495790105602
0.179 0.16068360564480794
0.18 0.16204354560000006
0.181 0.16340472846079201
0.182 0.16476710522854396
0.183 0.16613062721085592
0.184 0.16749524602060803
0.185 0.16886091357499997
0.186 0.17022758209459202
0.187 0.17159520410234397
0.188 0.17296373242265603
0.189 0.17433312018040795
0.19 0.1757033208000001
0.191 0.1770742880043919
0.192 0.17844597581414406
0.193 0.17981833854645593
0.194 0.18119133081420805
0.195 0.18256490752499996
0.196 0.1839390238801921
0.197 0.185313635373944
0.198 0.1866886977922561
0.199 0.18806416721200792
0.2 0.1894400000000001
0.201 0.19081615281199196
0.202 0.192192582591744
0.203 0.19356924657005603
0.20400000000000001 0.1949461022638081
0.20500000000000002 0.19632310747499998
0.20600000000000002 0.19770022028979214
0.20700000000000002 0.19907739907754396
0.20800000000000002 0.20045460248985605
0.209 0.20183178945960797
0.21 0.20320891920000006
0.211 0.2045859512035921
0.212 0.20596284524134403
0.213 0.207339561361656
0.214 0.208716059889408
0.215 0.210092301425
0.216 0.21146824684339202
0.217 0.21284385729314395
0.218 0.214219094195456
0.219 0.2155939192432081
0.22 0.21696829440000007
0.221 0.21834218189919208
0.222 0.21971554424294404
0.223 0.22108834420125612
0.224 0.222460544811008
0.225 0.22383210937500012
0.226 0.22520300146099204
0.227 0.22657318490074402
0.228 0.22794262378905603
0.229 0.229311282482808
0.23 0.23067912559999992
0.231 0.23204611801879207
0.232 0.23341222487654395
0.233 0.23477741156885606
0.234 0.23614164374860808
0.23500000000000001 0.23750488732500002
0.23600000000000002 0.23886710846259196
0.23700000000000002 0.24022827358034404
0.23800000000000002 0.24158834935065612
0.23900000000000002 0.2429473026984081
0.24 0.24430510079999992
0.241 0.24566171108239196
0.242 0.24701710122214396
0.243 0.24837123914445608
0.244 0.249724093022208
0.245 0.251075631275
0.246 0.25242582256819207
0.247 0.2537746358119439
0.248 0.25512204016025597
0.249 0.25646800501000794
0.25 0.2578125
0.251 0.25915549500999197
0.252 0.260496960159744
0.253 0.261836865808056
0.254 0.263175182551808
0.255 0.26451188122499997
0.256 0.26584693289779204
0.257 0.26718030887554406
0.258 0.268511980697856
0.259 0.2698419201376081
0.26 0.2711700992
0.261 0.272496490121592
0.262 0.2738210653693441
0.263 0.27514379763965613
0.264 0.276464659857408
0.265 0.27778362517499994
0.266 0.2791006669713921
0.267 0.2804157588511441
0.268 0.28172887464345603
0.269 0.2830399884012081
0.27 0.28434907439999996
0.271 0.285656107137192
0.272 0.2869610613309442
0.273 0.28826391191925593
0.274 0.28956463405900806
0.275 0.2908632031250001
0.276 0.292159594708992
0.277 0.29345378461874405
0.278 0.294745748877056
0.279 0.2960354637208081
0.28 0.2973229056
0.281 0.2986080511767921
0.28200000000000003 0.29989087732454406
0.28300000000000003 0.3011713611268559
0.28400000000000003 0.30244947987660814
0.28500000000000003 0.30372521107499995
0.28600000000000003 0.30499853243059194
0.28700000000000003 0.3062694218583441
0.28800000000000003 0.3075378574786559
0.289 0.30880381761640807
0.29 0.31006728079999996
0.291 0.3113282257603921
0.292 0.31258663143014376
0.293 0.31384247694245604
0.294 0.31509574163020787
0.295 0.3163464050250001
0.296 0.31759444685619187
0.297 0.31883984704994406
0.298 0.320082585728256
0.299 0.3213226432080082
0.3 0.32255999999999996
0.301 0.3237946368079922
0.302 0.3250265345277439
0.303 0.3262556742460561
0.304 0.32748203723980795
0.305 0.3287056049750001
0.306 0.32992635910579193
0.307 0.3311442814735441
0.308 0.33235935410585593
0.309 0.3335715592156081
0.31 0.3347808791999999
0.311 0.335987296639592
0.312 0.33719079429734394
0.313 0.3383913551176561
0.314 0.33958896222540785
0.315 0.34078359892500015
0.316 0.34197524869939194
0.317 0.34316389520914414
0.318 0.3443495222914559
0.319 0.34553211395920813
0.32 0.34671165439999996
0.321 0.34788812797519225
0.322 0.34906151921894396
0.323 0.35023181283725613
0.324 0.351398993707008
0.325 0.3525630468750001
0.326 0.3537239575569918
0.327 0.3548817111367441
0.328 0.356036293165056
0.329 0.3571876893588082
0.33 0.35833588559999996
0.331 0.3594808679347922
0.332 0.3606226225725439
0.333 0.3617611358848561
0.334 0.36289639440460797
0.335 0.3640283848250002
0.336 0.36515709399859186
0.337 0.3662825089363441
0.338 0.3674046168066559
0.339 0.36852340493440816
0.34 0.36963886079999986
0.341 0.3707509720383921
0.342 0.3718597264381439
0.343 0.37296511194045623
0.34400000000000003 0.37406711663820785
0.34500000000000003 0.37516572877500015
0.34600000000000003 0.3762609367441919
0.34700000000000003 0.37735272908794415
0.34800000000000003 0.378441094496256
0.34900000000000003 0.3795260218060082
0.35000000000000003 0.38060749999999977
0.35100000000000003 0.3816855182059922
0.352 0.3827600656957439
0.353 0.38383113188405604
0.354 0.38489870632780804
0.355 0.38596277872500007
0.356 0.3870233389137921
0.357 0.38808037687154395
0.358 0.38913388271385596
0.359 0.39018384669360795
0.36 0.3912302592
0.361 0.3922731107575919
0.362 0.39331239202534407
0.363 0.39434809379565583
0.364 0.395380206993408
0.365 0.39640872267499994
0.366 0.39743363202739196
0.367 0.3984549263671442
0.368 0.399472597139456
0.369 0.40048663591720807
0.37 0.4014970344000001
0.371 0.40250378441319207
0.372 0.403506877906944
0.373 0.40450630695525597
0.374 0.405502063755008
0.375 0.406494140625
0.376 0.40748253000499185
0.377 0.4084672244547441
0.378 0.40944821665305614
0.379 0.4104254993968081
0.38 0.4113990656
0.381 0.41236890829279194
0.382 0.41333502062054384
0.383 0.4142973958428561
0.384 0.4152560273326081
0.385 0.4162109085750001
0.386 0.41716203316659206
0.387 0.41810939481434384
0.388 0.41905298733465607
0.389 0.419992804652408
0.39 0.4209288407999999
0.391 0.42186108991639193
0.392 0.42278954624614395
0.393 0.4237142041384559
0.394 0.42463505804620827
0.395 0.4255521025249999
0.396 0.42646533223219196
0.397 0.4273747419259439
0.398 0.428280326464256
0.399 0.42918208080400816
0.4 0.4300800000000002
0.401 0.43097407920399217
0.402 0.4318643136637441
0.403 0.432750698722056
0.404 0.43363322981580804
0.405 0.43451190247499993
0.406 0.4353867123217921
0.40700000000000003 0.436257655069544
0.40800000000000003 0.4371247265218559
0.40900000000000003 0.43798792257160785
0.41000000000000003 0.43884723919999996
0.41100000000000003 0.43970267247559225
0.41200000000000003 0.4405542185533441
0.41300000000000003 0.441401873673656
0.41400000000000003 0.44224563416140805
0.41500000000000004 0.4430854964250001
0.41600000000000004 0.443921456955392
0.417 0.4447535123251438
0.418 0.4455816591874562
0.419 0.44640589427520777
0.42 0.4472262144000002
0.421 0.44804261645119187
0.422 0.4488550973949442
0.423 0.44966365427325594
0.424 0.4504682842030081
0.425 0.45126898437499996
0.426 0.4520657520529922
0.427 0.4528585845727437
0.428 0.4536474793410561
0.429 0.45443243383480797
0.43 0.45521344560000016
0.431 0.4559905122507919
0.432 0.456763631468544
0.433 0.45753280100085597
0.434 0.45829801866060815
0.435 0.45905928232499976
0.436 0.45981658993459196
0.437 0.46056993949234387
0.438 0.46131932906265616
0.439 0.4620647567704077
0.44 0.4628062208000001
0.441 0.463543719394392
0.442 0.46427725085414423
0.443 0.465006813536456
0.444 0.46573240585420816
0.445 0.46645402627499993
0.446 0.4671716733201921
0.447 0.4678853455639438
0.448 0.46859504163225607
0.449 0.46930076020200806
0.45 0.4700025000000001
0.451 0.4707002598019919
0.452 0.4713940384317443
0.453 0.47208383476005605
0.454 0.4727696477038081
0.455 0.4734514762249999
0.456 0.4741293193297922
0.457 0.474803176067544
0.458 0.4754730455298561
0.459 0.476138926849608
0.46 0.47680081920000017
0.461 0.4774587217935918
0.462 0.4781126338813442
0.463 0.4787625547516559
0.464 0.4794084837294082
0.465 0.4800504201749998
0.466 0.48068836348339217
0.467 0.4813223130831438
0.468 0.48195226843545635
0.46900000000000003 0.48257822903320785
0.47000000000000003 0.4832001944000002
0.47100000000000003 0.48381816408919187
0.47200000000000003 0.4844321376829441
0.47300000000000003 0.48504211479125564
0.47400000000000003 0.4856480950510082
0.47500000000000003 0.486250078125
0.47600000000000003 0.4868480637009924
0.47700000000000004 0.48744205149074404
0.47800000000000004 0.48803204122905613
0.47900000000000004 0.4886180326728077
0.48 0.48920002560000003
0.481 0.48977801980879193
0.482 0.49035201511654386
0.483 0.49092201135885594
0.484 0.491488008388608
0.485 0.4920500060749998
0.486 0.492608004302592
0.487 0.49316200297034396
0.488 0.49371200199065596
0.489 0.49425800128840797
0.49 0.49480000079999986
0.491 0.495338000472392
0.492 0.4958720002621439
0.493 0.4964020001344562
0.494 0.496928000062208
0.495 0.49745000002500006
0.496 0.497968000008192
0.497 0.4984820000019439
0.498 0.498992000000256
0.499 0.4994980000000079
0.5 0.5
0.501 0.500497999999992
0.502 0.5009919999997442
0.503 0.501481999998056
0.504 0.5019679999918079
0.505 0.5024499999749996
0.506 0.502927999937792
0.507 0.5034019998655439
0.508 0.503871999737856
0.509 0.5043379995276082
0.51 0.5047999992000001
0.511 0.5052579987115922
0.512 0.5057119980093441
0.513 0.5061619970296559
0.514 0.5066079956974078
0.515 0.5070499939249999
0.516 0.5074879916113917
0.517 0.507921988641144
0.518 0.5083519848834562
0.519 0.508777980191208
0.52 0.5091999744000002
0.521 0.5096179673271921
0.522 0.5100319587709442
0.523 0.5104419485092558
0.524 0.5108479362990079
0.525 0.5112499218750001
0.526 0.5116479049489918
0.527 0.5120418852087442
0.528 0.5124318623170562
0.529 0.5128178359108082
0.53 0.5131998056000003
0.531 0.5135777709667921
0.532 0.513951731564544
0.533 0.5143216869168561
0.534 0.5146876365166079
0.535 0.5150495798249999
0.536 0.5154075162705919
0.537 0.515761445248344
0.538 0.516111366118656
0.539 0.5164572782064077
0.54 0.5167991807999999
0.541 0.517137073150392
0.542 0.5174709544701441
0.543 0.517800823932456
0.544 0.518126680670208
0.545 0.5184485237749998
0.546 0.5187663522961922
0.547 0.519080165239944
0.548 0.5193899615682558
0.549 0.5196957401980081
0.55 0.5199975
0.551 0.5202952397979917
0.552 0.5205889583677442
0.553 0.5208786544360561
0.554 0.521164326679808
0.555 0.5214459737249998
0.556 0.5217235941457921
0.557 0.5219971864635439
0.558 0.5222667491458559
0.559 0.522532280605608
0.56 0.5227937792
0.561 0.5230512432295922
0.562 0.5233046709373441
0.5630000000000001 0.5235540605076561
0.5640000000000001 0.523799410065408
0.5650000000000001 0.524040717675
0.5660000000000001 0.5242779813393919
0.5670000000000001 0.5245111989991441
0.5680000000000001 0.5247403685314561
0.5690000000000001 0.5249654877492078
0.5700000000000001 0.5251865544000001
0.5710000000000001 0.5254035661651921
0.5720000000000001 0.525616520658944
0.5730000000000001 0.5258254154272559
0.5740000000000001 0.526030247947008
0.5750000000000001 0.526231015625
0.5760000000000001 0.526427715796992
0.577 0.5266203457267442
0.578 0.5268089026050562
0.579 0.526993383548808
0.58 0.5271737855999998
0.581 0.5273501057247919
0.582 0.5275223408125439
0.583 0.527690487674856
0.584 0.5278545430446083
0.585 0.5280145035749999
0.586 0.528170365838592
0.587 0.5283221263263438
0.588 0.528469781446656
0.589 0.5286133275244079
0.59 0.5287527607999999
0.591 0.5288880774283917
0.592 0.5290192734781439
0.593 0.5291463449304561
0.594 0.529269287678208
0.595 0.5293880975250002
0.596 0.5295027701841921
0.597 0.529613301277944
0.598 0.529719686336256
0.599 0.5298219207960081
0.6 0.5299200000000001
0.601 0.5300139191959918
0.602 0.530103673535744
0.603 0.5301892580740561
0.604 0.5302706677678078
0.605 0.5303478974750001
0.606 0.530420941953792
0.607 0.5304897958615439
0.608 0.5305544537538561
0.609 0.530614910083608
0.61 0.5306711592000001
0.611 0.530723195347592
0.612 0.5307710126653441
0.613 0.5308146051856562
0.614 0.5308539668334079
0.615 0.5308890914249998
0.616 0.5309199726673919
0.617 0.5309466041571441
0.618 0.5309689793794559
0.619 0.5309870917072079
0.62 0.5310009344
0.621 0.5310105006031918
0.622 0.5310157833469442
0.623 0.5310167755452562
0.624 0.531013469995008
0.625 0.531005859375
0.626 0.5309939362449919
0.627 0.5309776930447441
0.628 0.5309571220930561
0.629 0.530932215586808
0.63 0.5309029655999998
0.631 0.5308693640827922
0.632 0.5308314028605439
0.633 0.530789073632856
0.634 0.5307423679726082
0.635 0.5306912773249999
0.636 0.530635793006592
0.637 0.530575906204344
0.638 0.5305116079746559
0.639 0.5304428892424081
0.64 0.5303697408
0.641 0.530292153306392
0.642 0.5302101172861441
0.643 0.5301236231284558
0.644 0.5300326610862081
0.645 0.5299372212750002
0.646 0.529837293672192
0.647 0.5297328681159438
0.648 0.529623934304256
0.649 0.5295104817940081
0.65 0.5293925000000002
0.651 0.529269978193992
0.652 0.5291429055037441
0.653 0.529011270912056
0.654 0.5288750632558079
0.655 0.5287342712249999
0.656 0.5285888833617921
0.657 0.528438888059544
0.658 0.528284273561856
0.659 0.5281250279616081
0.66 0.5279611391999999
0.661 0.5277925950655921
0.662 0.527619383193344
0.663 0.527441491063656
0.664 0.527258906001408
0.665 0.5270716151750001
0.666 0.5268796055953919
0.667 0.526682864115144
0.668 0.5264813774274558
0.669 0.5262751320652078
0.67 0.5260641144
0.671 0.5258483106411918
0.672 0.525627706834944
0.673 0.525402288863256
0.674 0.525172042443008
0.675 0.5249369531250001
0.676 0.524697006292992
0.677 0.5244521871627441
0.678 0.524202480781056
0.679 0.5239478720248079
0.68 0.5236883455999999
0.681 0.5234238860407918
0.682 0.523154477708544
0.683 0.5228801047908558
0.684 0.522600751300608
0.685 0.5223164010750001
0.686 0.522027037774592
0.687 0.521732644882344
0.6880000000000001 0.5214332057026559
0.6890000000000001 0.5211287033604081
0.6900000000000001 0.5208191208000001
0.6910000000000001 0.5205044407843921
0.6920000000000001 0.5201846458941437
0.6930000000000001 0.5198597185264558
0.6940000000000001 0.5195296408942083
0.6950000000000001 0.519194395025
0.6960000000000001 0.5188539627601919
0.6970000000000001 0.518508325753944
0.6980000000000001 0.5181574654722564
0.6990000000000001 0.517801363192008
0.7000000000000001 0.5174399999999998
0.7010000000000001 0.5170733567919918
0.7020000000000001 0.5167014142717439
0.7030000000000001 0.5163241529500558
0.704 0.5159415531438082
0.705 0.5155535949749999
0.706 0.5151602583697918
0.707 0.5147615230575441
0.708 0.514357368569856
0.709 0.5139477742396082
0.71 0.5135327192000002
0.711 0.5131121823835922
0.712 0.512686142521344
0.713 0.5122545781416563
0.714 0.5118174675694082
0.715 0.5113747889250002
0.716 0.5109265201233921
0.717 0.5104726388731443
0.718 0.510013122675456
0.719 0.5095479488232081
0.72 0.5090770944
0.721 0.5086005362791921
0.722 0.5081182511229443
0.723 0.5076302153812563
0.724 0.5071364052910079
0.725 0.5066367968750003
0.726 0.5061313659409921
0.727 0.5056200880807441
0.728 0.505102938669056
0.729 0.5045798928628079
0.73 0.5040509255999999
0.731 0.5035160115987922
0.732 0.502975125356544
0.733 0.5024282411488561
0.734 0.5018753330286083
0.735 0.5013163748249999
0.736 0.5007513401425918
0.737 0.500180202360344
0.738 0.49960293463065597
0.739 0.49901950987840804
0.74 0.4984299007999998
0.741 0.49783407986239187
0.742 0.49723201930214384
0.743 0.496623691124456
0.744 0.49600906710220793
0.745 0.4953881187749999
0.746 0.4947608174481921
0.747 0.4941271341919439
0.748 0.49348703984025616
0.749 0.4928405049900079
0.75 0.4921875
0.751 0.49152799498999206
0.752 0.49086195983974384
0.753 0.4901893641880561
0.754 0.4895101774318079
0.755 0.48882436872499996
0.756 0.48813190697779213
0.757 0.48743276085554377
0.758 0.4867268987778559
0.759 0.486014288917608
0.76 0.48529489920000013
0.761 0.4845686973015921
0.762 0.4838356506493439
0.763 0.48309572641965587
0.764 0.48234889153740806
0.765 0.48159511267500016
0.766 0.4808343562513921
0.767 0.4800665884311438
0.768 0.47929177512345594
0.769 0.478509881981208
0.77 0.47772087439999983
0.771 0.4769247175171921
0.772 0.47612137621094386
0.773 0.47531081509925605
0.774 0.4744929985390078
0.775 0.473667890625
0.776 0.47283545518899206
0.777 0.47199565579874386
0.778 0.47114845575705594
0.779 0.47029381810080784
0.78 0.46943170559999997
0.781 0.4685620807567921
0.782 0.4676849058045439
0.783 0.4668001427068557
0.784 0.46590775315660804
0.785 0.4650076985750001
0.786 0.464099940110592
0.787 0.463184438638344
0.788 0.4622611547586559
0.789 0.4613300487964081
0.79 0.4603910808000001
0.791 0.45944421054039214
0.792 0.4584893975101437
0.793 0.45752660092245606
0.794 0.45655577971020783
0.795 0.45557689252499994
0.796 0.4545898977361919
0.797 0.45359475342994393
0.798 0.45259141740825604
0.799 0.4515798471880081
0.8 0.45055999999999985
0.801 0.449531832787992
0.802 0.4484953022077441
0.803 0.44745036462605586
0.804 0.446396976119808
0.805 0.445335092475
0.806 0.444264669185792
0.807 0.44318566145354427
0.808 0.44209802418585603
0.809 0.4410017119956079
0.81 0.4398966791999997
0.811 0.4387828798195922
0.812 0.43766026757734405
0.8130000000000001 0.4365287958976561
0.8140000000000001 0.43538841790540794
0.8150000000000001 0.4342390864249999
0.8160000000000001 0.43308075397939194
0.8170000000000001 0.4319133727891438
0.8180000000000001 0.43073689477145577
0.8190000000000001 0.429551271539208
0.8200000000000001 0.4283564543999998
0.8210000000000001 0.4271523943551919
0.8220000000000001 0.42593904209894395
0.8230000000000001 0.42471634801725583
0.8240000000000001 0.423484262187008
0.8250000000000001 0.42224273437499976
0.8260000000000001 0.420991714036992
0.8270000000000001 0.4197311503167438
0.8280000000000001 0.4184609920450559
0.8290000000000001 0.4171811877388081
0.8300000000000001 0.4158916855999999
0.8310000000000001 0.4145924335147919
0.8320000000000001 0.41328337905254403
0.833 0.4119644694648558
0.834 0.41063565168460797
0.835 0.4092968723250002
0.836 0.40794807767859187
0.837 0.4065892137163438
0.838 0.4052202260866561
0.839 0.4038410601144079
0.84 0.4024516608000003
0.841 0.4010519728183919
0.842 0.39964194051814417
0.843 0.3982215079204559
0.844 0.39679061871820787
0.845 0.39534921627499997
0.846 0.39389724362419215
0.847 0.39243464346794404
0.848 0.3909613581762559
0.849 0.389477329786008
0.85 0.3879825000000001
0.851 0.38647681018599206
0.852 0.3849602013757442
0.853 0.3834326142640559
0.854 0.381893989207808
0.855 0.3803442662250002
0.856 0.37878338499379194
0.857 0.3772112848515441
0.858 0.3756279047938561
0.859 0.37403318347360803
0.86 0.3724270592
0.861 0.3708094699375922
0.862 0.36918035330534393
0.863 0.367539646575656
0.864 0.365887286673408
0.865 0.3642232101749999
0.866 0.362547353307392
0.867 0.3608596519471442
0.868 0.35916004161945586
0.869 0.357448457497208
0.87 0.3557248343999999
0.871 0.35398910679319184
0.872 0.352241208786944
0.873 0.35048107413525603
0.874 0.3487086362350081
0.875 0.346923828125
0.876 0.3451265824849919
0.877 0.3433168316347439
0.878 0.34149450753305605
0.879 0.33965954177680796
0.88 0.33781186560000015
0.881 0.33595140987279193
0.882 0.3340781051005441
0.883 0.33219188142285605
0.884 0.33029266861260803
0.885 0.32838039607499986
0.886 0.32645499284659196
0.887 0.32451638759434387
0.888 0.322564508614656
0.889 0.3205992838324078
0.89 0.3186206408
0.891 0.31662850669639214
0.892 0.3146228083261442
0.893 0.3126034721184561
0.894 0.3105704241262081
0.895 0.308523590025
0.896 0.3064628951121918
0.897 0.30438826430594373
0.898 0.30229962214425604
0.899 0.300196892784008
0.9 0.2980799999999999
0.901 0.2959488671839921
0.902 0.293803417343744
0.903 0.291643573102056
0.904 0.289469256695808
0.905 0.28728038997499983
0.906 0.285076894401792
0.907 0.2828586910495439
0.908 0.28062570060185593
0.909 0.2783778433516079
0.91 0.27611503919999986
0.911 0.27383720765559194
0.912 0.271544267833344
0.913 0.26923613845365596
0.914 0.2669127378414079
0.915 0.2645739839249999
0.916 0.262219794235392
0.917 0.2598500859051439
0.918 0.257464775667456
0.919 0.25506377985520784
0.92 0.2526470143999999
0.921 0.250214394831192
0.922 0.24776583627494397
0.923 0.24530125345325585
0.924 0.242820560683008
0.925 0.24032367187499992
0.926 0.2378105005329918
0.927 0.2352809597527439
0.928 0.2327349622210559
0.929 0.2301724202148079
0.93 0.2275932455999998
0.931 0.22499734983079195
0.932 0.22238464394854388
0.933 0.2197550385808558
0.934 0.21710844394060774
0.935 0.21444476982499985
0.936 0.2117639256145918
0.937 0.20906582027234397
0.9380000000000001 0.20635036234265583
0.9390000000000001 0.20361745995040784
0.9400000000000001 0.20086702079999977
0.9410000000000001 0.19809895217439188
0.9420000000000001 0.19531316093414397
0.9430000000000001 0.19250955351645585
0.9440000000000001 0.18968803593420772
0.9450000000000001 0.18684851377499975
0.9460000000000001 0.18399089220019185
0.9470000000000001 0.1811150759439438
0.9480000000000001 0.17822096931225584
0.9490000000000001 0.17530847618200793
0.9500000000000001 0.17237749999999993
0.9510000000000001 0.16942794378199183
0.9520000000000001 0.1664597101117439
0.9530000000000001 0.16347270114005583
0.9540000000000001 0.16046681858380785
0.9550000000000001 0.15744196372499986
0.9560000000000001 0.15439803740979183
0.9570000000000001 0.1513349400475437
0.9580000000000001 0.1482525716098558
0.9590000000000001 0.1451508316296077
0.96 0.14202961920000015
0.961 0.13888883297359206
0.962 0.13572837116134412
0.963 0.1325481315316561
0.964 0.12934801140940808
0.965 0.12612790767500007
0.966 0.12288771676339211
0.967 0.11962733466314408
0.968 0.11634665691545612
0.969 0.11304557861320808
0.97 0.10972399440000015
0.971 0.10638179846919202
0.972 0.10301888456294403
0.973 9.963514597125608e-2
0.974 9.623047553100805e-2
0.975 9.280476562500008e-2
0.976 8.935790818099205e-2
0.977 8.588979467074405e-2
0.978 8.240031610905611e-2
0.979 7.888936305280808e-2
0.98 7.53568256000001e-2
0.981 7.180259338879207e-2
0.982 6.822655559654406e-2
0.983 6.462860093885606e-2
0.984 6.1008617668608066e-2
0.985 5.736649357500007e-2
0.986 5.370211598259202e-2
0.987 5.001537175034403e-2
0.988 4.6306147270656024e-2
0.989 4.257432846840806e-2
0.99 3.8819800800000054e-2
0.991 3.504244925239203e-2
0.992 3.1242158342144034e-2
0.993 2.7418812114456015e-2
0.994 2.3572294142208013e-2
0.995 1.9702487525000024e-2
0.996 1.5809274888192018e-2
0.997 1.1892538381944007e-2
0.998 7.95215968025601e-3
0.999 3.988019980008004e-3
1.0 0.0
